#
# A fatal error has been detected by the Java Runtime Environment:
#
#  EXCEPTION_ACCESS_VIOLATION (0xc0000005) at pc=0x000001c429fdfec4, pid=2340, tid=4604
#
# JRE version: Java(TM) SE Runtime Environment (18.0.2+9) (build 18.0.2+9-61)
# Java VM: Java HotSpot(TM) 64-Bit Server VM (18.0.2+9-61, mixed mode, sharing, tiered, compressed oops, compressed class ptrs, g1 gc, windows-amd64)
# Problematic frame:
# C  0x000001c429fdfec4
#
# No core dump will be written. Minidumps are not enabled by default on client versions of Windows
#
# If you would like to submit a bug report, please visit:
#   https://bugreport.java.com/bugreport/crash.jsp
# The crash happened outside the Java Virtual Machine in native code.
# See problematic frame for where to report the bug.
#

---------------  S U M M A R Y ------------

Command Line: -Dfile.encoding=UTF-8 -XX:+ShowCodeDetailsInExceptionMessages rpgrts.main.Main

Host: Intel(R) Core(TM) i7-10700K CPU @ 3.80GHz, 16 cores, 15G,  Windows 10 , 64 bit Build 19041 (10.0.19041.2364)
Time: Sun Feb  5 17:24:21 2023 FLE Standard Time elapsed time: 1.234212 seconds (0d 0h 0m 1s)

---------------  T H R E A D  ---------------

Current thread (0x000001c406672d70):  JavaThread "main" [_thread_in_native, id=4604, stack(0x0000001d52800000,0x0000001d52900000)]

Stack: [0x0000001d52800000,0x0000001d52900000],  sp=0x0000001d528fef10,  free space=1019k
Native frames: (J=compiled Java code, j=interpreted, Vv=VM code, C=native code)
C  0x000001c429fdfec4

Java frames: (J=compiled Java code, j=interpreted, Vv=VM code)
j  org.lwjgl.opengl.GL11C.nglDrawElements(IIIJ)V+0
j  org.lwjgl.opengl.GL11C.glDrawElements(IIIJ)V+4
j  org.lwjgl.opengl.GL11.glDrawElements(IIIJ)V+4
j  rpgrts.world.Chunk.render(Lrpgrts/GameInfo;)V+11
j  rpgrts.world.World.render(Lrpgrts/Camera;Lrpgrts/GameInfo;)V+27
j  rpgrts.Game.render()V+37
j  rpgrts.main.Main.<init>()V+260
j  rpgrts.main.Main.main([Ljava/lang/String;)V+3
v  ~StubRoutines::call_stub

siginfo: EXCEPTION_ACCESS_VIOLATION (0xc0000005), reading address 0x0000000000000020


Register to memory mapping:

RIP=0x000001c429fdfec4 points into unknown readable memory: 8b 3e 8b 6e
RAX=0x000001c42fcda4e0 points into unknown readable memory: 0x000000003f800000 | 00 00 80 3f 00 00 00 00
RBX=0x000001c431b30000 points into unknown readable memory: 0x000001c42ef3dd60 | 60 dd f3 2e c4 01 00 00
RCX=0x0000000000000002 is an unknown value
RDX=0x000001c42f40a5c4 points into unknown readable memory: 00 00 00 00
RSP=0x0000001d528fef10 is pointing into the stack for thread: 0x000001c406672d70
RBP=0x0 is NULL
RSI=0x0000000000000020 is an unknown value
RDI=0x0000000000000020 is an unknown value
R8 =0x000001c42f40a5c0 points into unknown readable memory: 0x0000000000000002 | 02 00 00 00 00 00 00 00
R9 =0x0000000000000006 is an unknown value
R10=0x000001c431baf048 points into unknown readable memory: 0x0000000000000000 | 00 00 00 00 00 00 00 00
R11=0x000001c42f40a5d8 points into unknown readable memory: 0x006b006900650000 | 00 00 65 00 69 00 6b 00
R12=0x0000000000000090 is an unknown value
R13=0x000001c42fcda4e0 points into unknown readable memory: 0x000000003f800000 | 00 00 80 3f 00 00 00 00
R14=0x0 is NULL
R15=0x0000000000000006 is an unknown value


Registers:
RAX=0x000001c42fcda4e0, RBX=0x000001c431b30000, RCX=0x0000000000000002, RDX=0x000001c42f40a5c4
RSP=0x0000001d528fef10, RBP=0x0000000000000000, RSI=0x0000000000000020, RDI=0x0000000000000020
R8 =0x000001c42f40a5c0, R9 =0x0000000000000006, R10=0x000001c431baf048, R11=0x000001c42f40a5d8
R12=0x0000000000000090, R13=0x000001c42fcda4e0, R14=0x0000000000000000, R15=0x0000000000000006
RIP=0x000001c429fdfec4, EFLAGS=0x0000000000010202

Top of Stack: (sp=0x0000001d528fef10)
0x0000001d528fef10:   0000000000000000 000001c42f123ce0
0x0000001d528fef20:   000001c431b30000 0000000000000006
0x0000001d528fef30:   0000000000000000 00007ffff8a6b265
0x0000001d528fef40:   0000000000000090 0000000000000000
0x0000001d528fef50:   000001c431b30000 0000000000000090
0x0000001d528fef60:   000001c406672d70 0000000300000002
0x0000001d528fef70:   000001c400000012 000001c400000000
0x0000001d528fef80:   00003e9900000000 000001c42fcda4e0
0x0000001d528fef90:   0000000000000000 0000000000000000
0x0000001d528fefa0:   000001c42f40a5c0 000001c434adb3b8
0x0000001d528fefb0:   0000000000000006 000001c429fdfe40
0x0000001d528fefc0:   0000000000000000 0000000800c258a0
0x0000001d528fefd0:   0000000800c258a0 00007ff814ccea0e
0x0000001d528fefe0:   000001c406673640 00007ff814ebf30a
0x0000001d528feff0:   000001c406673640 000001c406673620
0x0000001d528ff000:   000001c406672d70 000001c406673708 

Instructions: (pc=0x000001c429fdfec4)
0x000001c429fdfdc4:   00 00 00 00 00 00 00 00 00 00 00 00 00 00 00 00
0x000001c429fdfdd4:   00 00 00 00 00 00 00 00 00 00 00 00 00 00 00 00
0x000001c429fdfde4:   00 00 00 00 00 00 00 00 00 00 00 00 00 00 00 00
0x000001c429fdfdf4:   00 00 00 00 00 00 00 00 00 00 00 00 00 00 00 00
0x000001c429fdfe04:   00 00 00 00 00 00 00 00 00 00 00 00 00 00 00 00
0x000001c429fdfe14:   00 00 00 00 00 00 00 00 00 00 00 00 00 00 00 00
0x000001c429fdfe24:   00 00 00 00 00 00 00 00 00 00 00 00 00 00 00 00
0x000001c429fdfe34:   00 00 00 00 00 ff ff ff 00 fe 00 00 48 83 ec 28
0x000001c429fdfe44:   48 89 6c 24 20 48 89 5c 24 18 48 89 74 24 10 48
0x000001c429fdfe54:   89 7c 24 08 48 8b d9 48 8b c2 49 8b e9 49 8b d0
0x000001c429fdfe64:   48 8d 2c aa 4c 8b dd 8b 0a 49 ba 48 f0 ba 31 c4
0x000001c429fdfe74:   01 00 00 41 03 0a 48 83 c2 04 48 be 28 8e b8 31
0x000001c429fdfe84:   c4 01 00 00 48 8b 36 48 8b b6 08 03 00 00 48 8b
0x000001c429fdfe94:   f9 48 c1 e7 04 48 03 f7 8b 3e 8b 6e 04 89 38 89
0x000001c429fdfea4:   68 04 48 be 28 8e b8 31 c4 01 00 00 48 8b 36 48
0x000001c429fdfeb4:   8b b6 38 03 00 00 48 8b f9 48 c1 e7 04 48 03 f7
0x000001c429fdfec4:   8b 3e 8b 6e 04 89 78 08 89 68 0c 8b 7e 08 8b 6e
0x000001c429fdfed4:   0c 89 78 10 89 68 14 48 83 c0 18 49 3b d3 75 87
0x000001c429fdfee4:   48 8b 7c 24 08 48 8b 74 24 10 48 8b 5c 24 18 48
0x000001c429fdfef4:   8b 6c 24 20 48 83 c4 28 c3 00 00 00 00 00 00 00
0x000001c429fdff04:   00 00 00 00 00 00 00 00 00 00 00 00 00 00 00 00
0x000001c429fdff14:   00 00 00 00 00 00 00 00 00 00 00 00 00 00 00 00
0x000001c429fdff24:   00 00 00 00 00 00 00 00 00 00 00 00 00 00 00 00
0x000001c429fdff34:   00 00 00 00 80 ff ff ff 00 01 00 00 55 48 8b ec
0x000001c429fdff44:   53 56 57 4c 8b da 4c 8b d1 49 8b f2 49 8b fb 41
0x000001c429fdff54:   8b e8 85 ed 0f 84 30 00 00 00 b9 04 00 00 00 0f
0x000001c429fdff64:   8f 05 00 00 00 48 f7 d9 f7 dd 8b 1e 48 03 f1 48
0x000001c429fdff74:   83 c7 04 8b c3 81 e3 ff ff ff 00 81 e0 00 00 00
0x000001c429fdff84:   ff 0b d8 ff cd 89 5f fc 75 e0 5f 5e 5b 5d c3 00
0x000001c429fdff94:   00 00 00 00 00 00 00 00 00 00 00 00 00 00 00 00
0x000001c429fdffa4:   00 00 00 00 00 00 00 00 00 00 00 00 00 00 00 00
0x000001c429fdffb4:   00 00 00 00 c0 ff ff ff 80 00 00 00 48 b8 e0 96 


Stack slot to memory mapping:
stack at sp + 0 slots: 0x0 is NULL
stack at sp + 1 slots: 0x000001c42f123ce0 points into unknown readable memory: 0x0000000000003000 | 00 30 00 00 00 00 00 00
stack at sp + 2 slots: 0x000001c431b30000 points into unknown readable memory: 0x000001c42ef3dd60 | 60 dd f3 2e c4 01 00 00
stack at sp + 3 slots: 0x0000000000000006 is an unknown value
stack at sp + 4 slots: 0x0 is NULL
stack at sp + 5 slots: 0x00007ffff8a6b265 nvoglv64.dll
stack at sp + 6 slots: 0x0000000000000090 is an unknown value
stack at sp + 7 slots: 0x0 is NULL


---------------  P R O C E S S  ---------------

Threads class SMR info:
_java_thread_list=0x000001c42f51a3b0, length=15, elements={
0x000001c406672d70, 0x000001c429eca0e0, 0x000001c429ecae80, 0x000001c429ee4c70,
0x000001c429ee6620, 0x000001c429ee8960, 0x000001c429eea640, 0x000001c429efa560,
0x000001c429efee80, 0x000001c429f11460, 0x000001c42e1bf810, 0x000001c42e1c5d30,
0x000001c429ee7fc0, 0x000001c429ee9300, 0x000001c429ee7150
}

Java Threads: ( => current thread )
=>0x000001c406672d70 JavaThread "main" [_thread_in_native, id=4604, stack(0x0000001d52800000,0x0000001d52900000)]
  0x000001c429eca0e0 JavaThread "Reference Handler" daemon [_thread_blocked, id=8580, stack(0x0000001d52f00000,0x0000001d53000000)]
  0x000001c429ecae80 JavaThread "Finalizer" daemon [_thread_blocked, id=2256, stack(0x0000001d53000000,0x0000001d53100000)]
  0x000001c429ee4c70 JavaThread "Signal Dispatcher" daemon [_thread_blocked, id=9360, stack(0x0000001d53100000,0x0000001d53200000)]
  0x000001c429ee6620 JavaThread "Attach Listener" daemon [_thread_blocked, id=14328, stack(0x0000001d53200000,0x0000001d53300000)]
  0x000001c429ee8960 JavaThread "Service Thread" daemon [_thread_blocked, id=19300, stack(0x0000001d53300000,0x0000001d53400000)]
  0x000001c429eea640 JavaThread "Monitor Deflation Thread" daemon [_thread_blocked, id=19392, stack(0x0000001d53400000,0x0000001d53500000)]
  0x000001c429efa560 JavaThread "C2 CompilerThread0" daemon [_thread_blocked, id=16016, stack(0x0000001d53500000,0x0000001d53600000)]
  0x000001c429efee80 JavaThread "C1 CompilerThread0" daemon [_thread_blocked, id=16432, stack(0x0000001d53600000,0x0000001d53700000)]
  0x000001c429f11460 JavaThread "Sweeper thread" daemon [_thread_blocked, id=15508, stack(0x0000001d53700000,0x0000001d53800000)]
  0x000001c42e1bf810 JavaThread "C1 CompilerThread1" daemon [_thread_blocked, id=18804, stack(0x0000001d53800000,0x0000001d53900000)]
  0x000001c42e1c5d30 JavaThread "C1 CompilerThread2" daemon [_thread_blocked, id=11188, stack(0x0000001d53900000,0x0000001d53a00000)]
  0x000001c429ee7fc0 JavaThread "Notification Thread" daemon [_thread_blocked, id=15896, stack(0x0000001d53a00000,0x0000001d53b00000)]
  0x000001c429ee9300 JavaThread "Common-Cleaner" daemon [_thread_blocked, id=9656, stack(0x0000001d53c00000,0x0000001d53d00000)]
  0x000001c429ee7150 JavaThread "Java2D Disposer" daemon [_thread_blocked, id=10312, stack(0x0000001d54200000,0x0000001d54300000)]

Other Threads:
  0x000001c429ec50d0 VMThread "VM Thread" [stack: 0x0000001d52e00000,0x0000001d52f00000] [id=10168]
  0x000001c42e1e5ee0 WatcherThread "VM Periodic Task Thread" [stack: 0x0000001d53b00000,0x0000001d53c00000] [id=6448]
  0x000001c4066e46f0 WorkerThread "GC Thread#0" [stack: 0x0000001d52900000,0x0000001d52a00000] [id=15348]
  0x000001c4066f5ad0 ConcurrentGCThread "G1 Main Marker" [stack: 0x0000001d52a00000,0x0000001d52b00000] [id=19768]
  0x000001c4066f74d0 WorkerThread "G1 Conc#0" [stack: 0x0000001d52b00000,0x0000001d52c00000] [id=20432]
  0x000001c429d7f560 ConcurrentGCThread "G1 Refine#0" [stack: 0x0000001d52c00000,0x0000001d52d00000] [id=8792]
  0x000001c429d7fd80 ConcurrentGCThread "G1 Service" [stack: 0x0000001d52d00000,0x0000001d52e00000] [id=11004]

Threads with active compile tasks:

VM state: not at safepoint (normal execution)

VM Mutex/Monitor currently owned by a thread: None

Heap address: 0x0000000702e00000, size: 4050 MB, Compressed Oops mode: Zero based, Oop shift amount: 3

CDS archive(s) mapped at: [0x0000000800000000-0x0000000800ba0000-0x0000000800ba0000), size 12189696, SharedBaseAddress: 0x0000000800000000, ArchiveRelocationMode: 0.
Compressed class space mapped at: 0x0000000800c00000-0x0000000840c00000, reserved size: 1073741824
Narrow klass base: 0x0000000800000000, Narrow klass shift: 0, Narrow klass range: 0x100000000

GC Precious Log:
 CardTable entry size: 512
 Card Set container configuration: InlinePtr #cards 4 size 8 Array Of Cards #cards 16 size 48 Howl #buckets 8 coarsen threshold 3686 Howl Bitmap #cards 512 size 80 coarsen threshold 460 Card regions per heap region 1 cards per card region 4096
 CPUs: 16 total, 16 available
 Memory: 16194M
 Large Page Support: Disabled
 NUMA Support: Disabled
 Compressed Oops: Enabled (Zero based)
 Heap Region Size: 2M
 Heap Min Capacity: 8M
 Heap Initial Capacity: 254M
 Heap Max Capacity: 4050M
 Pre-touch: Disabled
 Parallel Workers: 13
 Concurrent Workers: 3
 Concurrent Refinement Workers: 13
 Periodic GC: Disabled

Heap:
 garbage-first heap   total 260096K, used 16384K [0x0000000702e00000, 0x0000000800000000)
  region size 2048K, 9 young (18432K), 0 survivors (0K)
 Metaspace       used 5109K, committed 5312K, reserved 1114112K
  class space    used 332K, committed 448K, reserved 1048576K

Heap Regions: E=young(eden), S=young(survivor), O=old, HS=humongous(starts), HC=humongous(continues), CS=collection set, F=free, OA=open archive, CA=closed archive, TAMS=top-at-mark-start (previous, next)
|   0|0x0000000702e00000, 0x0000000702e00000, 0x0000000703000000|  0%| F|  |TAMS 0x0000000702e00000, 0x0000000702e00000| Untracked 
|   1|0x0000000703000000, 0x0000000703000000, 0x0000000703200000|  0%| F|  |TAMS 0x0000000703000000, 0x0000000703000000| Untracked 
|   2|0x0000000703200000, 0x0000000703200000, 0x0000000703400000|  0%| F|  |TAMS 0x0000000703200000, 0x0000000703200000| Untracked 
|   3|0x0000000703400000, 0x0000000703400000, 0x0000000703600000|  0%| F|  |TAMS 0x0000000703400000, 0x0000000703400000| Untracked 
|   4|0x0000000703600000, 0x0000000703600000, 0x0000000703800000|  0%| F|  |TAMS 0x0000000703600000, 0x0000000703600000| Untracked 
|   5|0x0000000703800000, 0x0000000703800000, 0x0000000703a00000|  0%| F|  |TAMS 0x0000000703800000, 0x0000000703800000| Untracked 
|   6|0x0000000703a00000, 0x0000000703a00000, 0x0000000703c00000|  0%| F|  |TAMS 0x0000000703a00000, 0x0000000703a00000| Untracked 
|   7|0x0000000703c00000, 0x0000000703c00000, 0x0000000703e00000|  0%| F|  |TAMS 0x0000000703c00000, 0x0000000703c00000| Untracked 
|   8|0x0000000703e00000, 0x0000000703e00000, 0x0000000704000000|  0%| F|  |TAMS 0x0000000703e00000, 0x0000000703e00000| Untracked 
|   9|0x0000000704000000, 0x0000000704000000, 0x0000000704200000|  0%| F|  |TAMS 0x0000000704000000, 0x0000000704000000| Untracked 
|  10|0x0000000704200000, 0x0000000704200000, 0x0000000704400000|  0%| F|  |TAMS 0x0000000704200000, 0x0000000704200000| Untracked 
|  11|0x0000000704400000, 0x0000000704400000, 0x0000000704600000|  0%| F|  |TAMS 0x0000000704400000, 0x0000000704400000| Untracked 
|  12|0x0000000704600000, 0x0000000704600000, 0x0000000704800000|  0%| F|  |TAMS 0x0000000704600000, 0x0000000704600000| Untracked 
|  13|0x0000000704800000, 0x0000000704800000, 0x0000000704a00000|  0%| F|  |TAMS 0x0000000704800000, 0x0000000704800000| Untracked 
|  14|0x0000000704a00000, 0x0000000704a00000, 0x0000000704c00000|  0%| F|  |TAMS 0x0000000704a00000, 0x0000000704a00000| Untracked 
|  15|0x0000000704c00000, 0x0000000704c00000, 0x0000000704e00000|  0%| F|  |TAMS 0x0000000704c00000, 0x0000000704c00000| Untracked 
|  16|0x0000000704e00000, 0x0000000704e00000, 0x0000000705000000|  0%| F|  |TAMS 0x0000000704e00000, 0x0000000704e00000| Untracked 
|  17|0x0000000705000000, 0x0000000705000000, 0x0000000705200000|  0%| F|  |TAMS 0x0000000705000000, 0x0000000705000000| Untracked 
|  18|0x0000000705200000, 0x0000000705200000, 0x0000000705400000|  0%| F|  |TAMS 0x0000000705200000, 0x0000000705200000| Untracked 
|  19|0x0000000705400000, 0x0000000705400000, 0x0000000705600000|  0%| F|  |TAMS 0x0000000705400000, 0x0000000705400000| Untracked 
|  20|0x0000000705600000, 0x0000000705600000, 0x0000000705800000|  0%| F|  |TAMS 0x0000000705600000, 0x0000000705600000| Untracked 
|  21|0x0000000705800000, 0x0000000705800000, 0x0000000705a00000|  0%| F|  |TAMS 0x0000000705800000, 0x0000000705800000| Untracked 
|  22|0x0000000705a00000, 0x0000000705a00000, 0x0000000705c00000|  0%| F|  |TAMS 0x0000000705a00000, 0x0000000705a00000| Untracked 
|  23|0x0000000705c00000, 0x0000000705c00000, 0x0000000705e00000|  0%| F|  |TAMS 0x0000000705c00000, 0x0000000705c00000| Untracked 
|  24|0x0000000705e00000, 0x0000000705e00000, 0x0000000706000000|  0%| F|  |TAMS 0x0000000705e00000, 0x0000000705e00000| Untracked 
|  25|0x0000000706000000, 0x0000000706000000, 0x0000000706200000|  0%| F|  |TAMS 0x0000000706000000, 0x0000000706000000| Untracked 
|  26|0x0000000706200000, 0x0000000706200000, 0x0000000706400000|  0%| F|  |TAMS 0x0000000706200000, 0x0000000706200000| Untracked 
|  27|0x0000000706400000, 0x0000000706400000, 0x0000000706600000|  0%| F|  |TAMS 0x0000000706400000, 0x0000000706400000| Untracked 
|  28|0x0000000706600000, 0x0000000706600000, 0x0000000706800000|  0%| F|  |TAMS 0x0000000706600000, 0x0000000706600000| Untracked 
|  29|0x0000000706800000, 0x0000000706800000, 0x0000000706a00000|  0%| F|  |TAMS 0x0000000706800000, 0x0000000706800000| Untracked 
|  30|0x0000000706a00000, 0x0000000706a00000, 0x0000000706c00000|  0%| F|  |TAMS 0x0000000706a00000, 0x0000000706a00000| Untracked 
|  31|0x0000000706c00000, 0x0000000706c00000, 0x0000000706e00000|  0%| F|  |TAMS 0x0000000706c00000, 0x0000000706c00000| Untracked 
|  32|0x0000000706e00000, 0x0000000706e00000, 0x0000000707000000|  0%| F|  |TAMS 0x0000000706e00000, 0x0000000706e00000| Untracked 
|  33|0x0000000707000000, 0x0000000707000000, 0x0000000707200000|  0%| F|  |TAMS 0x0000000707000000, 0x0000000707000000| Untracked 
|  34|0x0000000707200000, 0x0000000707200000, 0x0000000707400000|  0%| F|  |TAMS 0x0000000707200000, 0x0000000707200000| Untracked 
|  35|0x0000000707400000, 0x0000000707400000, 0x0000000707600000|  0%| F|  |TAMS 0x0000000707400000, 0x0000000707400000| Untracked 
|  36|0x0000000707600000, 0x0000000707600000, 0x0000000707800000|  0%| F|  |TAMS 0x0000000707600000, 0x0000000707600000| Untracked 
|  37|0x0000000707800000, 0x0000000707800000, 0x0000000707a00000|  0%| F|  |TAMS 0x0000000707800000, 0x0000000707800000| Untracked 
|  38|0x0000000707a00000, 0x0000000707a00000, 0x0000000707c00000|  0%| F|  |TAMS 0x0000000707a00000, 0x0000000707a00000| Untracked 
|  39|0x0000000707c00000, 0x0000000707c00000, 0x0000000707e00000|  0%| F|  |TAMS 0x0000000707c00000, 0x0000000707c00000| Untracked 
|  40|0x0000000707e00000, 0x0000000707e00000, 0x0000000708000000|  0%| F|  |TAMS 0x0000000707e00000, 0x0000000707e00000| Untracked 
|  41|0x0000000708000000, 0x0000000708000000, 0x0000000708200000|  0%| F|  |TAMS 0x0000000708000000, 0x0000000708000000| Untracked 
|  42|0x0000000708200000, 0x0000000708200000, 0x0000000708400000|  0%| F|  |TAMS 0x0000000708200000, 0x0000000708200000| Untracked 
|  43|0x0000000708400000, 0x0000000708400000, 0x0000000708600000|  0%| F|  |TAMS 0x0000000708400000, 0x0000000708400000| Untracked 
|  44|0x0000000708600000, 0x0000000708600000, 0x0000000708800000|  0%| F|  |TAMS 0x0000000708600000, 0x0000000708600000| Untracked 
|  45|0x0000000708800000, 0x0000000708800000, 0x0000000708a00000|  0%| F|  |TAMS 0x0000000708800000, 0x0000000708800000| Untracked 
|  46|0x0000000708a00000, 0x0000000708a00000, 0x0000000708c00000|  0%| F|  |TAMS 0x0000000708a00000, 0x0000000708a00000| Untracked 
|  47|0x0000000708c00000, 0x0000000708c00000, 0x0000000708e00000|  0%| F|  |TAMS 0x0000000708c00000, 0x0000000708c00000| Untracked 
|  48|0x0000000708e00000, 0x0000000708e00000, 0x0000000709000000|  0%| F|  |TAMS 0x0000000708e00000, 0x0000000708e00000| Untracked 
|  49|0x0000000709000000, 0x0000000709000000, 0x0000000709200000|  0%| F|  |TAMS 0x0000000709000000, 0x0000000709000000| Untracked 
|  50|0x0000000709200000, 0x0000000709200000, 0x0000000709400000|  0%| F|  |TAMS 0x0000000709200000, 0x0000000709200000| Untracked 
|  51|0x0000000709400000, 0x0000000709400000, 0x0000000709600000|  0%| F|  |TAMS 0x0000000709400000, 0x0000000709400000| Untracked 
|  52|0x0000000709600000, 0x0000000709600000, 0x0000000709800000|  0%| F|  |TAMS 0x0000000709600000, 0x0000000709600000| Untracked 
|  53|0x0000000709800000, 0x0000000709800000, 0x0000000709a00000|  0%| F|  |TAMS 0x0000000709800000, 0x0000000709800000| Untracked 
|  54|0x0000000709a00000, 0x0000000709a00000, 0x0000000709c00000|  0%| F|  |TAMS 0x0000000709a00000, 0x0000000709a00000| Untracked 
|  55|0x0000000709c00000, 0x0000000709c00000, 0x0000000709e00000|  0%| F|  |TAMS 0x0000000709c00000, 0x0000000709c00000| Untracked 
|  56|0x0000000709e00000, 0x0000000709e00000, 0x000000070a000000|  0%| F|  |TAMS 0x0000000709e00000, 0x0000000709e00000| Untracked 
|  57|0x000000070a000000, 0x000000070a000000, 0x000000070a200000|  0%| F|  |TAMS 0x000000070a000000, 0x000000070a000000| Untracked 
|  58|0x000000070a200000, 0x000000070a200000, 0x000000070a400000|  0%| F|  |TAMS 0x000000070a200000, 0x000000070a200000| Untracked 
|  59|0x000000070a400000, 0x000000070a400000, 0x000000070a600000|  0%| F|  |TAMS 0x000000070a400000, 0x000000070a400000| Untracked 
|  60|0x000000070a600000, 0x000000070a600000, 0x000000070a800000|  0%| F|  |TAMS 0x000000070a600000, 0x000000070a600000| Untracked 
|  61|0x000000070a800000, 0x000000070a800000, 0x000000070aa00000|  0%| F|  |TAMS 0x000000070a800000, 0x000000070a800000| Untracked 
|  62|0x000000070aa00000, 0x000000070aa00000, 0x000000070ac00000|  0%| F|  |TAMS 0x000000070aa00000, 0x000000070aa00000| Untracked 
|  63|0x000000070ac00000, 0x000000070ac00000, 0x000000070ae00000|  0%| F|  |TAMS 0x000000070ac00000, 0x000000070ac00000| Untracked 
|  64|0x000000070ae00000, 0x000000070ae00000, 0x000000070b000000|  0%| F|  |TAMS 0x000000070ae00000, 0x000000070ae00000| Untracked 
|  65|0x000000070b000000, 0x000000070b000000, 0x000000070b200000|  0%| F|  |TAMS 0x000000070b000000, 0x000000070b000000| Untracked 
|  66|0x000000070b200000, 0x000000070b200000, 0x000000070b400000|  0%| F|  |TAMS 0x000000070b200000, 0x000000070b200000| Untracked 
|  67|0x000000070b400000, 0x000000070b400000, 0x000000070b600000|  0%| F|  |TAMS 0x000000070b400000, 0x000000070b400000| Untracked 
|  68|0x000000070b600000, 0x000000070b600000, 0x000000070b800000|  0%| F|  |TAMS 0x000000070b600000, 0x000000070b600000| Untracked 
|  69|0x000000070b800000, 0x000000070b800000, 0x000000070ba00000|  0%| F|  |TAMS 0x000000070b800000, 0x000000070b800000| Untracked 
|  70|0x000000070ba00000, 0x000000070ba00000, 0x000000070bc00000|  0%| F|  |TAMS 0x000000070ba00000, 0x000000070ba00000| Untracked 
|  71|0x000000070bc00000, 0x000000070bc00000, 0x000000070be00000|  0%| F|  |TAMS 0x000000070bc00000, 0x000000070bc00000| Untracked 
|  72|0x000000070be00000, 0x000000070be00000, 0x000000070c000000|  0%| F|  |TAMS 0x000000070be00000, 0x000000070be00000| Untracked 
|  73|0x000000070c000000, 0x000000070c000000, 0x000000070c200000|  0%| F|  |TAMS 0x000000070c000000, 0x000000070c000000| Untracked 
|  74|0x000000070c200000, 0x000000070c200000, 0x000000070c400000|  0%| F|  |TAMS 0x000000070c200000, 0x000000070c200000| Untracked 
|  75|0x000000070c400000, 0x000000070c400000, 0x000000070c600000|  0%| F|  |TAMS 0x000000070c400000, 0x000000070c400000| Untracked 
|  76|0x000000070c600000, 0x000000070c600000, 0x000000070c800000|  0%| F|  |TAMS 0x000000070c600000, 0x000000070c600000| Untracked 
|  77|0x000000070c800000, 0x000000070c800000, 0x000000070ca00000|  0%| F|  |TAMS 0x000000070c800000, 0x000000070c800000| Untracked 
|  78|0x000000070ca00000, 0x000000070ca00000, 0x000000070cc00000|  0%| F|  |TAMS 0x000000070ca00000, 0x000000070ca00000| Untracked 
|  79|0x000000070cc00000, 0x000000070cc00000, 0x000000070ce00000|  0%| F|  |TAMS 0x000000070cc00000, 0x000000070cc00000| Untracked 
|  80|0x000000070ce00000, 0x000000070ce00000, 0x000000070d000000|  0%| F|  |TAMS 0x000000070ce00000, 0x000000070ce00000| Untracked 
|  81|0x000000070d000000, 0x000000070d000000, 0x000000070d200000|  0%| F|  |TAMS 0x000000070d000000, 0x000000070d000000| Untracked 
|  82|0x000000070d200000, 0x000000070d200000, 0x000000070d400000|  0%| F|  |TAMS 0x000000070d200000, 0x000000070d200000| Untracked 
|  83|0x000000070d400000, 0x000000070d400000, 0x000000070d600000|  0%| F|  |TAMS 0x000000070d400000, 0x000000070d400000| Untracked 
|  84|0x000000070d600000, 0x000000070d600000, 0x000000070d800000|  0%| F|  |TAMS 0x000000070d600000, 0x000000070d600000| Untracked 
|  85|0x000000070d800000, 0x000000070d800000, 0x000000070da00000|  0%| F|  |TAMS 0x000000070d800000, 0x000000070d800000| Untracked 
|  86|0x000000070da00000, 0x000000070da00000, 0x000000070dc00000|  0%| F|  |TAMS 0x000000070da00000, 0x000000070da00000| Untracked 
|  87|0x000000070dc00000, 0x000000070dc00000, 0x000000070de00000|  0%| F|  |TAMS 0x000000070dc00000, 0x000000070dc00000| Untracked 
|  88|0x000000070de00000, 0x000000070de00000, 0x000000070e000000|  0%| F|  |TAMS 0x000000070de00000, 0x000000070de00000| Untracked 
|  89|0x000000070e000000, 0x000000070e000000, 0x000000070e200000|  0%| F|  |TAMS 0x000000070e000000, 0x000000070e000000| Untracked 
|  90|0x000000070e200000, 0x000000070e200000, 0x000000070e400000|  0%| F|  |TAMS 0x000000070e200000, 0x000000070e200000| Untracked 
|  91|0x000000070e400000, 0x000000070e400000, 0x000000070e600000|  0%| F|  |TAMS 0x000000070e400000, 0x000000070e400000| Untracked 
|  92|0x000000070e600000, 0x000000070e600000, 0x000000070e800000|  0%| F|  |TAMS 0x000000070e600000, 0x000000070e600000| Untracked 
|  93|0x000000070e800000, 0x000000070e800000, 0x000000070ea00000|  0%| F|  |TAMS 0x000000070e800000, 0x000000070e800000| Untracked 
|  94|0x000000070ea00000, 0x000000070ea00000, 0x000000070ec00000|  0%| F|  |TAMS 0x000000070ea00000, 0x000000070ea00000| Untracked 
|  95|0x000000070ec00000, 0x000000070ec00000, 0x000000070ee00000|  0%| F|  |TAMS 0x000000070ec00000, 0x000000070ec00000| Untracked 
|  96|0x000000070ee00000, 0x000000070ee00000, 0x000000070f000000|  0%| F|  |TAMS 0x000000070ee00000, 0x000000070ee00000| Untracked 
|  97|0x000000070f000000, 0x000000070f000000, 0x000000070f200000|  0%| F|  |TAMS 0x000000070f000000, 0x000000070f000000| Untracked 
|  98|0x000000070f200000, 0x000000070f200000, 0x000000070f400000|  0%| F|  |TAMS 0x000000070f200000, 0x000000070f200000| Untracked 
|  99|0x000000070f400000, 0x000000070f400000, 0x000000070f600000|  0%| F|  |TAMS 0x000000070f400000, 0x000000070f400000| Untracked 
| 100|0x000000070f600000, 0x000000070f600000, 0x000000070f800000|  0%| F|  |TAMS 0x000000070f600000, 0x000000070f600000| Untracked 
| 101|0x000000070f800000, 0x000000070f800000, 0x000000070fa00000|  0%| F|  |TAMS 0x000000070f800000, 0x000000070f800000| Untracked 
| 102|0x000000070fa00000, 0x000000070fa00000, 0x000000070fc00000|  0%| F|  |TAMS 0x000000070fa00000, 0x000000070fa00000| Untracked 
| 103|0x000000070fc00000, 0x000000070fc00000, 0x000000070fe00000|  0%| F|  |TAMS 0x000000070fc00000, 0x000000070fc00000| Untracked 
| 104|0x000000070fe00000, 0x000000070fe00000, 0x0000000710000000|  0%| F|  |TAMS 0x000000070fe00000, 0x000000070fe00000| Untracked 
| 105|0x0000000710000000, 0x0000000710000000, 0x0000000710200000|  0%| F|  |TAMS 0x0000000710000000, 0x0000000710000000| Untracked 
| 106|0x0000000710200000, 0x0000000710200000, 0x0000000710400000|  0%| F|  |TAMS 0x0000000710200000, 0x0000000710200000| Untracked 
| 107|0x0000000710400000, 0x0000000710400000, 0x0000000710600000|  0%| F|  |TAMS 0x0000000710400000, 0x0000000710400000| Untracked 
| 108|0x0000000710600000, 0x0000000710600000, 0x0000000710800000|  0%| F|  |TAMS 0x0000000710600000, 0x0000000710600000| Untracked 
| 109|0x0000000710800000, 0x0000000710800000, 0x0000000710a00000|  0%| F|  |TAMS 0x0000000710800000, 0x0000000710800000| Untracked 
| 110|0x0000000710a00000, 0x0000000710a00000, 0x0000000710c00000|  0%| F|  |TAMS 0x0000000710a00000, 0x0000000710a00000| Untracked 
| 111|0x0000000710c00000, 0x0000000710c00000, 0x0000000710e00000|  0%| F|  |TAMS 0x0000000710c00000, 0x0000000710c00000| Untracked 
| 112|0x0000000710e00000, 0x0000000710e00000, 0x0000000711000000|  0%| F|  |TAMS 0x0000000710e00000, 0x0000000710e00000| Untracked 
| 113|0x0000000711000000, 0x0000000711000000, 0x0000000711200000|  0%| F|  |TAMS 0x0000000711000000, 0x0000000711000000| Untracked 
| 114|0x0000000711200000, 0x0000000711200000, 0x0000000711400000|  0%| F|  |TAMS 0x0000000711200000, 0x0000000711200000| Untracked 
| 115|0x0000000711400000, 0x0000000711400000, 0x0000000711600000|  0%| F|  |TAMS 0x0000000711400000, 0x0000000711400000| Untracked 
| 116|0x0000000711600000, 0x0000000711600000, 0x0000000711800000|  0%| F|  |TAMS 0x0000000711600000, 0x0000000711600000| Untracked 
| 117|0x0000000711800000, 0x0000000711800000, 0x0000000711a00000|  0%| F|  |TAMS 0x0000000711800000, 0x0000000711800000| Untracked 
| 118|0x0000000711a00000, 0x0000000711ae1d90, 0x0000000711c00000| 44%| E|  |TAMS 0x0000000711a00000, 0x0000000711a00000| Complete 
| 119|0x0000000711c00000, 0x0000000711e00000, 0x0000000711e00000|100%| E|CS|TAMS 0x0000000711c00000, 0x0000000711c00000| Complete 
| 120|0x0000000711e00000, 0x0000000712000000, 0x0000000712000000|100%| E|CS|TAMS 0x0000000711e00000, 0x0000000711e00000| Complete 
| 121|0x0000000712000000, 0x0000000712200000, 0x0000000712200000|100%| E|CS|TAMS 0x0000000712000000, 0x0000000712000000| Complete 
| 122|0x0000000712200000, 0x0000000712400000, 0x0000000712400000|100%| E|CS|TAMS 0x0000000712200000, 0x0000000712200000| Complete 
| 123|0x0000000712400000, 0x0000000712600000, 0x0000000712600000|100%| E|CS|TAMS 0x0000000712400000, 0x0000000712400000| Complete 
| 124|0x0000000712600000, 0x0000000712800000, 0x0000000712800000|100%| E|CS|TAMS 0x0000000712600000, 0x0000000712600000| Complete 
| 125|0x0000000712800000, 0x0000000712a00000, 0x0000000712a00000|100%| E|CS|TAMS 0x0000000712800000, 0x0000000712800000| Complete 
| 126|0x0000000712a00000, 0x0000000712c00000, 0x0000000712c00000|100%| E|CS|TAMS 0x0000000712a00000, 0x0000000712a00000| Complete 

Card table byte_map: [0x000001c41e020000,0x000001c41e810000] _byte_map_base: 0x000001c41a809000

Marking Bits (Prev, Next): (CMBitMap*) 0x000001c4066e4cf0, (CMBitMap*) 0x000001c4066e4d30
 Prev Bits: [0x000001c41f000000, 0x000001c422f48000)
 Next Bits: [0x000001c422f50000, 0x000001c426e98000)

Polling page: 0x000001c4043e0000

Metaspace:

Usage:
  Non-class:      4.66 MB used.
      Class:    332.59 KB used.
       Both:      4.99 MB used.

Virtual space:
  Non-class space:       64.00 MB reserved,       4.75 MB (  7%) committed,  1 nodes.
      Class space:        1.00 GB reserved,     448.00 KB ( <1%) committed,  1 nodes.
             Both:        1.06 GB reserved,       5.19 MB ( <1%) committed. 

Chunk freelists:
   Non-Class:  1.78 MB
       Class:  3.60 MB
        Both:  5.38 MB

MaxMetaspaceSize: unlimited
CompressedClassSpaceSize: 1.00 GB
Initial GC threshold: 21.00 MB
Current GC threshold: 21.00 MB
CDS: on
MetaspaceReclaimPolicy: balanced
 - commit_granule_bytes: 65536.
 - commit_granule_words: 8192.
 - virtual_space_node_default_size: 8388608.
 - enlarge_chunks_in_place: 1.
 - new_chunks_are_fully_committed: 0.
 - uncommit_free_chunks: 1.
 - use_allocation_guard: 0.


Internal statistics:

num_allocs_failed_limit: 0.
num_arena_births: 118.
num_arena_deaths: 0.
num_vsnodes_births: 2.
num_vsnodes_deaths: 0.
num_space_committed: 81.
num_space_uncommitted: 0.
num_chunks_returned_to_freelist: 0.
num_chunks_taken_from_freelist: 225.
num_chunk_merges: 0.
num_chunk_splits: 144.
num_chunks_enlarged: 94.
num_inconsistent_stats: 0.

CodeHeap 'non-profiled nmethods': size=119168Kb used=263Kb max_used=263Kb free=118904Kb
 bounds [0x000001c415b50000, 0x000001c415dc0000, 0x000001c41cfb0000]
CodeHeap 'profiled nmethods': size=119104Kb used=1276Kb max_used=1276Kb free=117827Kb
 bounds [0x000001c40e700000, 0x000001c40e970000, 0x000001c415b50000]
CodeHeap 'non-nmethods': size=7488Kb used=2742Kb max_used=2763Kb free=4745Kb
 bounds [0x000001c40dfb0000, 0x000001c40e270000, 0x000001c40e700000]
 total_blobs=1891 nmethods=850 adapters=952
 compilation: enabled
              stopped_count=0, restarted_count=0
 full_count=0

Compilation events (20 events):
Event: 0.948 Thread 0x000001c429efee80  839       3       org.lwjgl.opengl.GL20C::glUniform4fv (29 bytes)
Event: 0.949 Thread 0x000001c42e1c5d30 nmethod 838 0x000001c40e83ba10 code [0x000001c40e83bba0, 0x000001c40e83bca8]
Event: 0.949 Thread 0x000001c429efee80 nmethod 839 0x000001c40e83bd90 code [0x000001c40e83bf80, 0x000001c40e83c3f8]
Event: 1.015 Thread 0x000001c42e1c5d30  841       3       org.lwjgl.opengl.GL20::glUseProgram (5 bytes)
Event: 1.015 Thread 0x000001c42e1c5d30 nmethod 841 0x000001c40e83c690 code [0x000001c40e83c820, 0x000001c40e83c928]
Event: 1.217 Thread 0x000001c429efa560  843       4       java.lang.StringLatin1::newString (24 bytes)
Event: 1.219 Thread 0x000001c429efa560 nmethod 843 0x000001c415b90b90 code [0x000001c415b90d20, 0x000001c415b91198]
Event: 1.219 Thread 0x000001c429efa560  844       4       java.lang.AbstractStringBuilder::append (45 bytes)
Event: 1.219 Thread 0x000001c42e1bf810  845       3       rpgrts.world.World::createChunk (25 bytes)
Event: 1.219 Thread 0x000001c429efee80  846       3       rpgrts.world.Chunk::<init> (25 bytes)
Event: 1.219 Thread 0x000001c42e1c5d30  847       3       rpgrts.world.World::replaceChunk (10 bytes)
Event: 1.219 Thread 0x000001c429efee80 nmethod 846 0x000001c40e83ca10 code [0x000001c40e83cbc0, 0x000001c40e83cdb8]
Event: 1.219 Thread 0x000001c42e1c5d30 nmethod 847 0x000001c40e83ce90 code [0x000001c40e83d040, 0x000001c40e83d338]
Event: 1.219 Thread 0x000001c429efee80  848       3       rpgrts.world.Chunk::setTile (10 bytes)
Event: 1.219 Thread 0x000001c42e1bf810 nmethod 845 0x000001c40e83d490 code [0x000001c40e83d660, 0x000001c40e83db98]
Event: 1.219 Thread 0x000001c429efee80 nmethod 848 0x000001c40e83de10 code [0x000001c40e83dfa0, 0x000001c40e83e118]
Event: 1.221 Thread 0x000001c429efee80  849       3       java.lang.String::indexOf (18 bytes)
Event: 1.221 Thread 0x000001c42e1c5d30  850       3       java.lang.String::indexOf (113 bytes)
Event: 1.221 Thread 0x000001c429efee80 nmethod 849 0x000001c40e83e290 code [0x000001c40e83e460, 0x000001c40e83e728]
Event: 1.221 Thread 0x000001c42e1c5d30 nmethod 850 0x000001c40e83e890 code [0x000001c40e83eac0, 0x000001c40e83f0e8]

GC Heap History (0 events):
No events

Deoptimization events (20 events):
Event: 0.347 Thread 0x000001c406672d70 DEOPT PACKING pc=0x000001c40e810043 sp=0x0000001d528ff030
Event: 0.347 Thread 0x000001c406672d70 DEOPT UNPACKING pc=0x000001c40e002b43 sp=0x0000001d528fe4c0 mode 0
Event: 0.347 Thread 0x000001c406672d70 DEOPT PACKING pc=0x000001c40e80f35b sp=0x0000001d528feff0
Event: 0.347 Thread 0x000001c406672d70 DEOPT UNPACKING pc=0x000001c40e002b43 sp=0x0000001d528fe4b0 mode 0
Event: 0.347 Thread 0x000001c406672d70 DEOPT PACKING pc=0x000001c40e810043 sp=0x0000001d528ff030
Event: 0.347 Thread 0x000001c406672d70 DEOPT UNPACKING pc=0x000001c40e002b43 sp=0x0000001d528fe4c0 mode 0
Event: 0.347 Thread 0x000001c406672d70 DEOPT PACKING pc=0x000001c40e810043 sp=0x0000001d528ff030
Event: 0.347 Thread 0x000001c406672d70 DEOPT UNPACKING pc=0x000001c40e002b43 sp=0x0000001d528fe4c0 mode 0
Event: 0.347 Thread 0x000001c406672d70 DEOPT PACKING pc=0x000001c40e810043 sp=0x0000001d528ff030
Event: 0.347 Thread 0x000001c406672d70 DEOPT UNPACKING pc=0x000001c40e002b43 sp=0x0000001d528fe4c0 mode 0
Event: 0.347 Thread 0x000001c406672d70 DEOPT PACKING pc=0x000001c40e810043 sp=0x0000001d528ff030
Event: 0.347 Thread 0x000001c406672d70 DEOPT UNPACKING pc=0x000001c40e002b43 sp=0x0000001d528fe4c0 mode 0
Event: 0.347 Thread 0x000001c406672d70 DEOPT PACKING pc=0x000001c40e810043 sp=0x0000001d528ff030
Event: 0.347 Thread 0x000001c406672d70 DEOPT UNPACKING pc=0x000001c40e002b43 sp=0x0000001d528fe4c0 mode 0
Event: 0.348 Thread 0x000001c406672d70 DEOPT PACKING pc=0x000001c40e810043 sp=0x0000001d528ff030
Event: 0.348 Thread 0x000001c406672d70 DEOPT UNPACKING pc=0x000001c40e002b43 sp=0x0000001d528fe4c0 mode 0
Event: 0.348 Thread 0x000001c406672d70 DEOPT PACKING pc=0x000001c40e810043 sp=0x0000001d528ff030
Event: 0.348 Thread 0x000001c406672d70 DEOPT UNPACKING pc=0x000001c40e002b43 sp=0x0000001d528fe4c0 mode 0
Event: 0.353 Thread 0x000001c406672d70 DEOPT PACKING pc=0x000001c40e80d670 sp=0x0000001d528fee00
Event: 0.353 Thread 0x000001c406672d70 DEOPT UNPACKING pc=0x000001c40e002b43 sp=0x0000001d528fe2d8 mode 0

Classes loaded (20 events):
Event: 0.315 Loading class java/awt/Image done
Event: 0.315 Loading class java/awt/image/BufferedImage done
Event: 0.315 Loading class java/awt/ImageCapabilities
Event: 0.315 Loading class java/awt/ImageCapabilities done
Event: 0.315 Loading class java/awt/Image$1
Event: 0.315 Loading class sun/awt/image/SurfaceManager$ImageAccessor
Event: 0.315 Loading class sun/awt/image/SurfaceManager$ImageAccessor done
Event: 0.315 Loading class java/awt/Image$1 done
Event: 0.315 Loading class sun/awt/image/SurfaceManager
Event: 0.315 Loading class sun/awt/image/SurfaceManager done
Event: 0.315 Loading class java/awt/image/BufferedImage$1
Event: 0.315 Loading class java/awt/image/BufferedImage$1 done
Event: 0.315 Loading class sun/awt/image/IntegerComponentRaster
Event: 0.315 Loading class sun/awt/image/IntegerComponentRaster done
Event: 0.315 Loading class java/awt/image/IndexColorModel
Event: 0.315 Loading class java/awt/image/IndexColorModel done
Event: 0.315 Loading class sun/awt/image/ShortComponentRaster
Event: 0.315 Loading class sun/awt/image/ShortComponentRaster done
Event: 0.315 Loading class com/sun/imageio/plugins/common/ReaderUtil
Event: 0.315 Loading class com/sun/imageio/plugins/common/ReaderUtil done

Classes unloaded (0 events):
No events

Classes redefined (0 events):
No events

Internal exceptions (20 events):
Event: 0.094 Thread 0x000001c406672d70 Exception <a 'sun/nio/fs/WindowsException'{0x00000007129eb3a0}> (0x00000007129eb3a0) 
thrown [s\open\src\hotspot\share\prims\jni.cpp, line 516]
Event: 0.094 Thread 0x000001c406672d70 Exception <a 'sun/nio/fs/WindowsException'{0x00000007129eb920}> (0x00000007129eb920) 
thrown [s\open\src\hotspot\share\prims\jni.cpp, line 516]
Event: 0.105 Thread 0x000001c406672d70 Exception <a 'sun/nio/fs/WindowsException'{0x000000071264da20}> (0x000000071264da20) 
thrown [s\open\src\hotspot\share\prims\jni.cpp, line 516]
Event: 0.105 Thread 0x000001c406672d70 Exception <a 'sun/nio/fs/WindowsException'{0x000000071264ddb0}> (0x000000071264ddb0) 
thrown [s\open\src\hotspot\share\prims\jni.cpp, line 516]
Event: 0.108 Thread 0x000001c406672d70 Exception <a 'java/lang/NoSuchMethodError'{0x000000071267f8b8}: 'java.lang.Object java.lang.invoke.DirectMethodHandle$Holder.invokeStaticInit(java.lang.Object)'> (0x000000071267f8b8) 
thrown [s\open\src\hotspot\share\interpreter\linkResolver.cpp, line 759]
Event: 0.111 Thread 0x000001c406672d70 Exception <a 'java/lang/NoSuchMethodError'{0x00000007126a0368}: 'int java.lang.invoke.DirectMethodHandle$Holder.invokeStaticInit(java.lang.Object, java.lang.Object, int, long)'> (0x00000007126a0368) 
thrown [s\open\src\hotspot\share\interpreter\linkResolver.cpp, line 759]
Event: 0.111 Thread 0x000001c406672d70 Exception <a 'java/lang/NoSuchMethodError'{0x00000007126a5c30}: 'java.lang.Object java.lang.invoke.DirectMethodHandle$Holder.newInvokeSpecial(java.lang.Object, java.lang.Object, int)'> (0x00000007126a5c30) 
thrown [s\open\src\hotspot\share\interpreter\linkResolver.cpp, line 759]
Event: 0.113 Thread 0x000001c406672d70 Exception <a 'java/lang/NoSuchMethodError'{0x00000007126b4578}: 'int java.lang.invoke.DirectMethodHandle$Holder.invokeStaticInit(java.lang.Object, java.lang.Object, long, long)'> (0x00000007126b4578) 
thrown [s\open\src\hotspot\share\interpreter\linkResolver.cpp, line 759]
Event: 0.113 Thread 0x000001c406672d70 Exception <a 'java/lang/NoSuchMethodError'{0x00000007126ba688}: 'java.lang.Object java.lang.invoke.DirectMethodHandle$Holder.newInvokeSpecial(java.lang.Object, java.lang.Object, long)'> (0x00000007126ba688) 
thrown [s\open\src\hotspot\share\interpreter\linkResolver.cpp, line 759]
Event: 0.113 Thread 0x000001c406672d70 Exception <a 'java/lang/NoSuchMethodError'{0x00000007126be988}: 'java.lang.Object java.lang.invoke.Invokers$Holder.linkToTargetMethod(java.lang.Object, long, java.lang.Object)'> (0x00000007126be988) 
thrown [s\open\src\hotspot\share\interpreter\linkResolver.cpp, line 759]
Event: 0.114 Thread 0x000001c406672d70 Exception <a 'java/lang/NoSuchMethodError'{0x00000007126c5f30}: 'int java.lang.invoke.DirectMethodHandle$Holder.invokeStaticInit(java.lang.Object, java.lang.Object, java.lang.Object, long)'> (0x00000007126c5f30) 
thrown [s\open\src\hotspot\share\interpreter\linkResolver.cpp, line 759]
Event: 0.252 Thread 0x000001c406672d70 Exception <a 'java/lang/NoSuchMethodError'{0x000000071278e1f8}: 'void java.lang.System.load(java.lang.String, java.lang.Class)'> (0x000000071278e1f8) 
thrown [s\open\src\hotspot\share\interpreter\linkResolver.cpp, line 759]
Event: 0.252 Thread 0x000001c406672d70 Exception <a 'java/lang/NoSuchMethodError'{0x0000000712791088}: 'void java.lang.System.loadLibrary(java.lang.String, java.lang.Class)'> (0x0000000712791088) 
thrown [s\open\src\hotspot\share\interpreter\linkResolver.cpp, line 759]
Event: 0.255 Thread 0x000001c406672d70 Exception <a 'sun/nio/fs/WindowsException'{0x00000007127a0fe0}> (0x00000007127a0fe0) 
thrown [s\open\src\hotspot\share\prims\jni.cpp, line 516]
Event: 0.255 Thread 0x000001c406672d70 Exception <a 'sun/nio/fs/WindowsException'{0x00000007127a13b8}> (0x00000007127a13b8) 
thrown [s\open\src\hotspot\share\prims\jni.cpp, line 516]
Event: 0.257 Thread 0x000001c406672d70 Exception <a 'sun/nio/fs/WindowsException'{0x00000007127a6ae8}> (0x00000007127a6ae8) 
thrown [s\open\src\hotspot\share\prims\jni.cpp, line 516]
Event: 0.257 Thread 0x000001c406672d70 Exception <a 'sun/nio/fs/WindowsException'{0x00000007127a6df8}> (0x00000007127a6df8) 
thrown [s\open\src\hotspot\share\prims\jni.cpp, line 516]
Event: 0.290 Thread 0x000001c406672d70 Exception <a 'java/lang/ClassNotFoundException'{0x00000007124b9d18}: sun/awt/resources/spi/awtProvider> (0x00000007124b9d18) 
thrown [s\open\src\hotspot\share\classfile\systemDictionary.cpp, line 255]
Event: 0.300 Thread 0x000001c406672d70 Exception <a 'java/io/FileNotFoundException'{0x0000000712508e40}> (0x0000000712508e40) 
thrown [s\open\src\hotspot\share\prims\jni.cpp, line 516]
Event: 0.303 Thread 0x000001c406672d70 Exception <a 'java/io/FileNotFoundException'{0x0000000712535e50}> (0x0000000712535e50) 
thrown [s\open\src\hotspot\share\prims\jni.cpp, line 516]

VM Operations (4 events):
Event: 0.041 Executing VM operation: HandshakeAllThreads
Event: 0.041 Executing VM operation: HandshakeAllThreads done
Event: 0.287 Executing VM operation: HandshakeAllThreads
Event: 0.287 Executing VM operation: HandshakeAllThreads done

Events (20 events):
Event: 0.019 Thread 0x000001c429efee80 Thread added: 0x000001c429efee80
Event: 0.019 Thread 0x000001c429f11460 Thread added: 0x000001c429f11460
Event: 0.031 Thread 0x000001c42e1bf810 Thread added: 0x000001c42e1bf810
Event: 0.031 Thread 0x000001c42e1c5d30 Thread added: 0x000001c42e1c5d30
Event: 0.032 Thread 0x000001c429ee7fc0 Thread added: 0x000001c429ee7fc0
Event: 0.034 Thread 0x000001c429ee9300 Thread added: 0x000001c429ee9300
Event: 0.038 Loaded shared library C:\Program Files\Java\jdk-18.0.2\bin\net.dll
Event: 0.039 Loaded shared library C:\Program Files\Java\jdk-18.0.2\bin\nio.dll
Event: 0.041 Loaded shared library C:\Program Files\Java\jdk-18.0.2\bin\zip.dll
Event: 0.056 Loaded shared library C:\Program Files\Java\jdk-18.0.2\bin\jimage.dll
Event: 0.095 Loaded shared library C:\Users\heikk\AppData\Local\Temp\lwjgl_heikk\3.3.2-snapshot+7\x64\lwjgl.dll
Event: 0.256 Loaded shared library C:\Users\heikk\AppData\Local\Temp\lwjgl_heikk\3.3.2-snapshot+7\x64\lwjgl_opengl.dll
Event: 0.295 Loaded shared library C:\Program Files\Java\jdk-18.0.2\bin\awt.dll
Event: 0.310 Thread 0x000001c429ee7150 Thread added: 0x000001c429ee7150
Event: 0.327 Thread 0x000001c42f517010 Thread added: 0x000001c42f517010
Event: 0.327 Thread 0x000001c42f517920 Thread added: 0x000001c42f517920
Event: 0.327 Thread 0x000001c42f519e30 Thread added: 0x000001c42f519e30
Event: 0.665 Thread 0x000001c42f519e30 Thread exited: 0x000001c42f519e30
Event: 0.748 Thread 0x000001c42f517920 Thread exited: 0x000001c42f517920
Event: 0.748 Thread 0x000001c42f517010 Thread exited: 0x000001c42f517010


Dynamic libraries:
0x00007ff7e3fc0000 - 0x00007ff7e3fd0000 	C:\Program Files\Java\jdk-18.0.2\bin\javaw.exe
0x00007ff886550000 - 0x00007ff886748000 	C:\Windows\SYSTEM32\ntdll.dll
0x00007ff885c80000 - 0x00007ff885d3f000 	C:\Windows\System32\KERNEL32.DLL
0x00007ff883c40000 - 0x00007ff883f12000 	C:\Windows\System32\KERNELBASE.dll
0x00007ff884490000 - 0x00007ff884590000 	C:\Windows\System32\ucrtbase.dll
0x00007ff864700000 - 0x00007ff864718000 	C:\Program Files\Java\jdk-18.0.2\bin\jli.dll
0x00007ff864720000 - 0x00007ff86473a000 	C:\Program Files\Java\jdk-18.0.2\bin\VCRUNTIME140.dll
0x00007ff885b30000 - 0x00007ff885bde000 	C:\Windows\System32\ADVAPI32.dll
0x00007ff884810000 - 0x00007ff8848ae000 	C:\Windows\System32\msvcrt.dll
0x00007ff885be0000 - 0x00007ff885c7c000 	C:\Windows\System32\sechost.dll
0x00007ff884c70000 - 0x00007ff884d95000 	C:\Windows\System32\RPCRT4.dll
0x00007ff884ac0000 - 0x00007ff884c61000 	C:\Windows\System32\USER32.dll
0x00007ff873a30000 - 0x00007ff873cca000 	C:\Windows\WinSxS\amd64_microsoft.windows.common-controls_6595b64144ccf1df_6.0.19041.1110_none_60b5254171f9507e\COMCTL32.dll
0x00007ff884460000 - 0x00007ff884482000 	C:\Windows\System32\win32u.dll
0x00007ff8849e0000 - 0x00007ff884a0b000 	C:\Windows\System32\GDI32.dll
0x00007ff8841c0000 - 0x00007ff8842cf000 	C:\Windows\System32\gdi32full.dll
0x00007ff884120000 - 0x00007ff8841bd000 	C:\Windows\System32\msvcp_win.dll
0x00007ff87dbc0000 - 0x00007ff87dbca000 	C:\Windows\SYSTEM32\VERSION.dll
0x00007ff8858e0000 - 0x00007ff885912000 	C:\Windows\System32\IMM32.DLL
0x00007ff868b30000 - 0x00007ff868b3c000 	C:\Program Files\Java\jdk-18.0.2\bin\vcruntime140_1.dll
0x00007ff8630f0000 - 0x00007ff86317d000 	C:\Program Files\Java\jdk-18.0.2\bin\msvcp140.dll
0x00007ff814750000 - 0x00007ff815361000 	C:\Program Files\Java\jdk-18.0.2\bin\server\jvm.dll
0x00007ff885100000 - 0x00007ff885108000 	C:\Windows\System32\PSAPI.DLL
0x00007ff86b600000 - 0x00007ff86b609000 	C:\Windows\SYSTEM32\WSOCK32.dll
0x00007ff87afa0000 - 0x00007ff87afc7000 	C:\Windows\SYSTEM32\WINMM.dll
0x00007ff885090000 - 0x00007ff8850fb000 	C:\Windows\System32\WS2_32.dll
0x00007ff8824b0000 - 0x00007ff8824c2000 	C:\Windows\SYSTEM32\kernel.appcore.dll
0x00007ff867020000 - 0x00007ff86702a000 	C:\Program Files\Java\jdk-18.0.2\bin\jimage.dll
0x00007ff8822a0000 - 0x00007ff882484000 	C:\Windows\SYSTEM32\DBGHELP.DLL
0x00007ff86cf80000 - 0x00007ff86cfb5000 	C:\Windows\SYSTEM32\dbgcore.DLL
0x00007ff8842d0000 - 0x00007ff884352000 	C:\Windows\System32\bcryptPrimitives.dll
0x00007ff85efc0000 - 0x00007ff85efe5000 	C:\Program Files\Java\jdk-18.0.2\bin\java.dll
0x00007ff85c180000 - 0x00007ff85c256000 	C:\Program Files\Java\jdk-18.0.2\bin\jsvml.dll
0x00007ff885dc0000 - 0x00007ff886504000 	C:\Windows\System32\SHELL32.dll
0x00007ff881a30000 - 0x00007ff8821c2000 	C:\Windows\SYSTEM32\windows.storage.dll
0x00007ff885580000 - 0x00007ff8858d5000 	C:\Windows\System32\combase.dll
0x00007ff8836a0000 - 0x00007ff8836d0000 	C:\Windows\SYSTEM32\Wldp.dll
0x00007ff885a00000 - 0x00007ff885aad000 	C:\Windows\System32\SHCORE.dll
0x00007ff8847b0000 - 0x00007ff884805000 	C:\Windows\System32\shlwapi.dll
0x00007ff883b80000 - 0x00007ff883b9f000 	C:\Windows\SYSTEM32\profapi.dll
0x00007ff8630d0000 - 0x00007ff8630e3000 	C:\Program Files\Java\jdk-18.0.2\bin\net.dll
0x00007ff87d3b0000 - 0x00007ff87d4bc000 	C:\Windows\SYSTEM32\WINHTTP.dll
0x00007ff883400000 - 0x00007ff88346a000 	C:\Windows\system32\mswsock.dll
0x00007ff85f0b0000 - 0x00007ff85f0c6000 	C:\Program Files\Java\jdk-18.0.2\bin\nio.dll
0x00007ff85efa0000 - 0x00007ff85efb8000 	C:\Program Files\Java\jdk-18.0.2\bin\zip.dll
0x00007ff85c770000 - 0x00007ff85c7e8000 	C:\Users\heikk\AppData\Local\Temp\lwjgl_heikk\3.3.2-snapshot+7\x64\lwjgl.dll
0x00007ff851de0000 - 0x00007ff851e41000 	C:\Users\heikk\AppData\Local\Temp\lwjgl_heikk\3.3.2-snapshot+7\x64\glfw.dll
0x00007ff85c070000 - 0x00007ff85c0b5000 	C:\Windows\SYSTEM32\dinput8.dll
0x00007ff85d8d0000 - 0x00007ff85d8e1000 	C:\Windows\SYSTEM32\xinput1_4.dll
0x00007ff884410000 - 0x00007ff88445e000 	C:\Windows\System32\cfgmgr32.dll
0x00007ff883a10000 - 0x00007ff883a3c000 	C:\Windows\SYSTEM32\DEVOBJ.dll
0x00007ff881410000 - 0x00007ff88143f000 	C:\Windows\SYSTEM32\dwmapi.dll
0x00007ff86aaf0000 - 0x00007ff86ac42000 	C:\Windows\SYSTEM32\inputhost.dll
0x00007ff884590000 - 0x00007ff88465d000 	C:\Windows\System32\OLEAUT32.dll
0x00007ff880d70000 - 0x00007ff880e62000 	C:\Windows\SYSTEM32\CoreMessaging.dll
0x00007ff87f6b0000 - 0x00007ff87f804000 	C:\Windows\SYSTEM32\wintypes.dll
0x00007ff87edc0000 - 0x00007ff87eeb6000 	C:\Windows\SYSTEM32\PROPSYS.dll
0x00007ff880a10000 - 0x00007ff880d6e000 	C:\Windows\SYSTEM32\CoreUIComponents.dll
0x00007ff882df0000 - 0x00007ff882e23000 	C:\Windows\SYSTEM32\ntmarta.dll
0x00007ff8810f0000 - 0x00007ff88118e000 	C:\Windows\system32\uxtheme.dll
0x00007ff8848c0000 - 0x00007ff8849d5000 	C:\Windows\System32\MSCTF.dll
0x00007ff840970000 - 0x00007ff840a95000 	C:\Windows\SYSTEM32\opengl32.dll
0x00007ff85def0000 - 0x00007ff85df1c000 	C:\Windows\SYSTEM32\GLU32.dll
0x00007ff884a10000 - 0x00007ff884abf000 	C:\Windows\System32\clbcatq.dll
0x00007ffff7ac0000 - 0x00007ffffac7a000 	C:\Windows\System32\DriverStore\FileRepository\nvle.inf_amd64_75fddface1fba2c4\nvoglv64.dll
0x00007ff885110000 - 0x00007ff885578000 	C:\Windows\System32\SETUPAPI.dll
0x00007ff883f90000 - 0x00007ff883fb7000 	C:\Windows\System32\bcrypt.dll
0x00007ff884da0000 - 0x00007ff884eca000 	C:\Windows\System32\ole32.dll
0x00007ff87f200000 - 0x00007ff87f214000 	C:\Windows\SYSTEM32\WTSAPI32.dll
0x00007ff883610000 - 0x00007ff88361c000 	C:\Windows\SYSTEM32\CRYPTBASE.DLL
0x00007ff883830000 - 0x00007ff883842000 	C:\Windows\SYSTEM32\msasn1.dll
0x00007ff87da00000 - 0x00007ff87da31000 	C:\Windows\SYSTEM32\cryptnet.dll
0x00007ff883fc0000 - 0x00007ff884116000 	C:\Windows\System32\CRYPT32.dll
0x00007ff87d8b0000 - 0x00007ff87d9f8000 	C:\Windows\SYSTEM32\drvstore.dll
0x00007ff883f20000 - 0x00007ff883f89000 	C:\Windows\System32\WINTRUST.dll
0x00007ff87d350000 - 0x00007ff87d38b000 	C:\Windows\SYSTEM32\dxcore.dll
0x00007ff828fa0000 - 0x00007ff829267000 	C:\Windows\system32\nvspcap64.dll
0x00007ff883210000 - 0x00007ff88325b000 	C:\Windows\SYSTEM32\powrprof.dll
0x00007ff883080000 - 0x00007ff883092000 	C:\Windows\SYSTEM32\UMPDC.dll
0x00007ff882980000 - 0x00007ff8829e4000 	C:\Windows\SYSTEM32\WINSTA.dll
0x00007ff869580000 - 0x00007ff869679000 	C:\Windows\SYSTEM32\textinputframework.dll
0x00007ff873920000 - 0x00007ff873986000 	C:\Windows\system32\Oleacc.dll
0x00007ff85bd90000 - 0x00007ff85bded000 	C:\Users\heikk\AppData\Local\Temp\lwjgl_heikk\3.3.2-snapshot+7\x64\lwjgl_opengl.dll
0x00007ff818310000 - 0x00007ff81849f000 	C:\Program Files\Java\jdk-18.0.2\bin\awt.dll
0x00007ff880fa0000 - 0x00007ff881031000 	C:\Windows\SYSTEM32\apphelp.dll

dbghelp: loaded successfully - version: 4.0.5 - missing functions: none
symbol engine: initialized successfully - sym options: 0x614 - pdb path: .;C:\Program Files\Java\jdk-18.0.2\bin;C:\Windows\SYSTEM32;C:\Windows\WinSxS\amd64_microsoft.windows.common-controls_6595b64144ccf1df_6.0.19041.1110_none_60b5254171f9507e;C:\Program Files\Java\jdk-18.0.2\bin\server;C:\Users\heikk\AppData\Local\Temp\lwjgl_heikk\3.3.2-snapshot+7\x64;C:\Windows\System32\DriverStore\FileRepository\nvle.inf_amd64_75fddface1fba2c4

VM Arguments:
jvm_args: -Dfile.encoding=UTF-8 -XX:+ShowCodeDetailsInExceptionMessages 
java_command: rpgrts.main.Main
java_class_path (initial): C:\Users\heikk\Desktop\racismproject\rpgrts\bin;C:\Users\heikk\Desktop\racismproject\lwjgl\lib\lwjgl\lwjgl.jar;C:\Users\heikk\Desktop\racismproject\lwjgl\lib\lwjgl\lwjgl-javadoc.jar;C:\Users\heikk\Desktop\racismproject\lwjgl\lib\lwjgl-glfw\lwjgl-glfw.jar;C:\Users\heikk\Desktop\racismproject\lwjgl\lib\lwjgl-glfw\lwjgl-glfw-javadoc.jar;C:\Users\heikk\Desktop\racismproject\lwjgl\lib\lwjgl-glfw\lwjgl-glfw-natives-windows-x86.jar;C:\Users\heikk\Desktop\racismproject\lwjgl\lib\lwjgl\lwjgl-natives-windows.jar;C:\Users\heikk\Desktop\racismproject\lwjgl\lib\lwjgl-glfw\lwjgl-glfw-natives-windows.jar;C:\Users\heikk\Desktop\racismproject\lwjgl\lib\lwjgl-glfw\lwjgl-glfw-natives-windows-arm64.jar;C:\Users\heikk\Desktop\racismproject\lwjgl\lib\lwjgl-opengl\lwjgl-opengl.jar;C:\Users\heikk\Desktop\racismproject\lwjgl\lib\lwjgl-opengl\lwjgl-opengl-javadoc.jar;C:\Users\heikk\Desktop\racismproject\lwjgl\lib\lwjgl-opengl\lwjgl-opengl-natives-linux.jar;C:\Users\heikk\Desktop\racismproject\lwjgl\lib\lwjgl-opengl\lwjgl-opengl-natives-linux-arm32.jar;C:\Users\heikk\Desktop\racismproject\lwjgl\lib\lwjgl-opengl\lwjgl-opengl-natives-linux-arm64.jar;C:\Users\heikk\Desktop\racismproject\lwjgl\lib\lwjgl-opengl\lwjgl-opengl-natives-macos.jar;C:\Users\heikk\Desktop\racismproject\lwjgl\lib\lwjgl-opengl\lwjgl-opengl-natives-macos-arm64.jar;C:\Users\heikk\Desktop\racismproject\lwjgl\lib\lwjgl-opengl\lwjgl-opengl-natives-windows.jar;C:\Users\heikk\Desktop\racismproject\lwjgl\lib\lwjgl-opengl\lwjgl-opengl-natives-windows-arm64.jar;C:\Users\heikk\Desktop\racismproject\lwjgl\lib\lwjgl-opengl\lwjgl-opengl-natives-windows-x86.jar
Launcher Type: SUN_STANDARD

[Global flags]
     intx CICompilerCount                          = 12                                        {product} {ergonomic}
     uint ConcGCThreads                            = 3                                         {product} {ergonomic}
     uint G1ConcRefinementThreads                  = 13                                        {product} {ergonomic}
   size_t G1HeapRegionSize                         = 2097152                                   {product} {ergonomic}
    uintx GCDrainStackTargetSize                   = 64                                        {product} {ergonomic}
   size_t InitialHeapSize                          = 266338304                                 {product} {ergonomic}
   size_t MarkStackSize                            = 4194304                                   {product} {ergonomic}
   size_t MaxHeapSize                              = 4246732800                                {product} {ergonomic}
   size_t MaxNewSize                               = 2548039680                                {product} {ergonomic}
   size_t MinHeapDeltaBytes                        = 2097152                                   {product} {ergonomic}
   size_t MinHeapSize                              = 8388608                                   {product} {ergonomic}
    uintx NonNMethodCodeHeapSize                   = 7602480                                {pd product} {ergonomic}
    uintx NonProfiledCodeHeapSize                  = 122027880                              {pd product} {ergonomic}
    uintx ProfiledCodeHeapSize                     = 122027880                              {pd product} {ergonomic}
    uintx ReservedCodeCacheSize                    = 251658240                              {pd product} {ergonomic}
     bool SegmentedCodeCache                       = true                                      {product} {ergonomic}
     bool ShowCodeDetailsInExceptionMessages       = true                                   {manageable} {command line}
   size_t SoftMaxHeapSize                          = 4246732800                             {manageable} {ergonomic}
     bool UseCompressedClassPointers               = true                           {product lp64_product} {ergonomic}
     bool UseCompressedOops                        = true                           {product lp64_product} {ergonomic}
     bool UseG1GC                                  = true                                      {product} {ergonomic}
     bool UseLargePagesIndividualAllocation        = false                                  {pd product} {ergonomic}

Logging:
Log output configuration:
 #0: stdout all=warning uptime,level,tags foldmultilines=false
 #1: stderr all=off uptime,level,tags foldmultilines=false

Environment Variables:
JAVA_HOME=C:\Program Files\Java\jdk-18.0.2
PATH=C:\VulkanSDK\1.3.231.1\Bin;C:\Program Files\Oculus\Support\oculus-runtime;C:\Program Files\Common Files\Oracle\Java\javapath;C:\Program Files (x86)\Common Files\Oracle\Java\javapath;C:\Windows\system32;C:\Windows;C:\Windows\System32\Wbem;C:\Windows\System32\WindowsPowerShell\v1.0\;C:\Windows\System32\OpenSSH\;C:\Program Files (x86)\NVIDIA Corporation\PhysX\Common;C:\Program Files\NVIDIA Corporation\NVIDIA NvDLISR;C:\Program Files\dotnet\;C:\Program Files\CMake\bin;C:\MinGW\bin;C:\Program Files (x86)\Microsoft Visual Studio\2019\BuildTools\VC\Tools\MSVC\14.29.30133\bin;C:\Program Files (x86)\GnuWin32\bin;C:\Program Files\Java\jdk-17.0.1\bin;C:\Program Files\Git\cmd;C:\Program Files (x86)\Windows Kits\10\Windows Performance Toolkit\;C:\Users\heikk\AppData\Local\Microsoft\WindowsApps;C:\Users\heikk\.dotnet\tools;C:\Users\heikk\Desktop\waf-master;
USERNAME=heikk
OS=Windows_NT
PROCESSOR_IDENTIFIER=Intel64 Family 6 Model 165 Stepping 5, GenuineIntel



---------------  S Y S T E M  ---------------

OS:
 Windows 10 , 64 bit Build 19041 (10.0.19041.2364)
OS uptime: 0 days 6:12 hours

CPU: total 16 (initial active 16) (8 cores per cpu, 2 threads per core) family 6 model 165 stepping 5 microcode 0xe2, cx8, cmov, fxsr, ht, mmx, 3dnowpref, sse, sse2, sse3, ssse3, sse4.1, sse4.2, popcnt, lzcnt, tsc, tscinvbit, avx, avx2, aes, erms, clmul, bmi1, bmi2, adx, fma, vzeroupper, clflush, clflushopt

Memory: 4k page, system-wide physical 16194M (10522M free)
TotalPageFile size 21570M (AvailPageFile size 11598M)
current process WorkingSet (physical memory assigned to process): 96M, peak: 96M
current process commit charge ("private bytes"): 423M, peak: 423M

vm_info: Java HotSpot(TM) 64-Bit Server VM (18.0.2+9-61) for windows-amd64 JRE (18.0.2+9-61), built on Jun  7 2022 13:09:01 by "mach5one" with MS VC++ 16.8 / 16.9 (VS2019)

END.
