#
# A fatal error has been detected by the Java Runtime Environment:
#
#  EXCEPTION_ACCESS_VIOLATION (0xc0000005) at pc=0x000001b7effdfec4, pid=11512, tid=19324
#
# JRE version: Java(TM) SE Runtime Environment (18.0.2+9) (build 18.0.2+9-61)
# Java VM: Java HotSpot(TM) 64-Bit Server VM (18.0.2+9-61, mixed mode, sharing, tiered, compressed oops, compressed class ptrs, g1 gc, windows-amd64)
# Problematic frame:
# C  0x000001b7effdfec4
#
# No core dump will be written. Minidumps are not enabled by default on client versions of Windows
#
# If you would like to submit a bug report, please visit:
#   https://bugreport.java.com/bugreport/crash.jsp
# The crash happened outside the Java Virtual Machine in native code.
# See problematic frame for where to report the bug.
#

---------------  S U M M A R Y ------------

Command Line: -Dfile.encoding=UTF-8 -XX:+ShowCodeDetailsInExceptionMessages rpgrts.main.Main

Host: Intel(R) Core(TM) i7-10700K CPU @ 3.80GHz, 16 cores, 15G,  Windows 10 , 64 bit Build 19041 (10.0.19041.2364)
Time: Sun Feb  5 17:48:40 2023 FLE Standard Time elapsed time: 1.361139 seconds (0d 0h 0m 1s)

---------------  T H R E A D  ---------------

Current thread (0x000001b7cc6424c0):  JavaThread "main" [_thread_in_native, id=19324, stack(0x000000382ff00000,0x0000003830000000)]

Stack: [0x000000382ff00000,0x0000003830000000],  sp=0x000000382fffee40,  free space=1019k
Native frames: (J=compiled Java code, j=interpreted, Vv=VM code, C=native code)
C  0x000001b7effdfec4

Java frames: (J=compiled Java code, j=interpreted, Vv=VM code)
J 854  org.lwjgl.opengl.GL11C.nglDrawElements(IIIJ)V (0 bytes) @ 0x000001b7dbb622f6 [0x000001b7dbb622a0+0x0000000000000056]
J 853 c1 org.lwjgl.opengl.GL11C.glDrawElements(IIIJ)V (8 bytes) @ 0x000001b7d4810d6c [0x000001b7d4810d20+0x000000000000004c]
J 852 c1 org.lwjgl.opengl.GL11.glDrawElements(IIIJ)V (8 bytes) @ 0x000001b7d48109ec [0x000001b7d48109a0+0x000000000000004c]
j  rpgrts.world.Chunk.render(Lrpgrts/GameInfo;)V+132
j  rpgrts.world.World.render(Lrpgrts/Camera;Lrpgrts/GameInfo;)V+27
j  rpgrts.Game.render()V+37
j  rpgrts.main.Main.<init>()V+260
j  rpgrts.main.Main.main([Ljava/lang/String;)V+3
v  ~StubRoutines::call_stub

siginfo: EXCEPTION_ACCESS_VIOLATION (0xc0000005), reading address 0x0000000000000020


Register to memory mapping:

RIP=0x000001b7effdfec4 points into unknown readable memory: 8b 3e 8b 6e
RAX=0x000001b7f5d3a980 points into unknown readable memory: 0x000000003f800000 | 00 00 80 3f 00 00 00 00
RBX=0x000001b7f7b90000 points into unknown readable memory: 0x000001b7f464e2a0 | a0 e2 64 f4 b7 01 00 00
RCX=0x0000000000000002 is an unknown value
RDX=0x000001b7f4b13b04 points into unknown readable memory: 00 00 00 00
RSP=0x000000382fffee40 is pointing into the stack for thread: 0x000001b7cc6424c0
RBP=0x0 is NULL
RSI=0x0000000000000020 is an unknown value
RDI=0x0000000000000020 is an unknown value
R8 =0x000001b7f4b13b00 points into unknown readable memory: 0x0000000000000002 | 02 00 00 00 00 00 00 00
R9 =0x0000000000000006 is an unknown value
R10=0x000001b7f7c0f048 points into unknown readable memory: 0x0000000000000000 | 00 00 00 00 00 00 00 00
R11=0x000001b7f4b13b18 points into unknown readable memory: 0x0000000000000000 | 00 00 00 00 00 00 00 00
R12=0x0000000000000090 is an unknown value
R13=0x000001b7f5d3a980 points into unknown readable memory: 0x000000003f800000 | 00 00 80 3f 00 00 00 00
R14=0x0 is NULL
R15=0x0000000000000006 is an unknown value


Registers:
RAX=0x000001b7f5d3a980, RBX=0x000001b7f7b90000, RCX=0x0000000000000002, RDX=0x000001b7f4b13b04
RSP=0x000000382fffee40, RBP=0x0000000000000000, RSI=0x0000000000000020, RDI=0x0000000000000020
R8 =0x000001b7f4b13b00, R9 =0x0000000000000006, R10=0x000001b7f7c0f048, R11=0x000001b7f4b13b18
R12=0x0000000000000090, R13=0x000001b7f5d3a980, R14=0x0000000000000000, R15=0x0000000000000006
RIP=0x000001b7effdfec4, EFLAGS=0x0000000000010202

Top of Stack: (sp=0x000000382fffee40)
0x000000382fffee40:   0000000800000006 000001b7f4843820
0x000000382fffee50:   000001b7f7b90000 0000000000000006
0x000000382fffee60:   0000000000000000 00007fffd765b265
0x000000382fffee70:   0000000000000090 0000000000000000
0x000000382fffee80:   000001b7f7b90000 0000000000000090
0x000000382fffee90:   000000382fffef20 00007fffd766e33e
0x000000382fffeea0:   0000000000000000 0000000000000000
0x000000382fffeeb0:   000001b700000000 000001b7f5d3a980
0x000000382fffeec0:   00007fff00000000 0000000000000000
0x000000382fffeed0:   000001b7f4b13b00 000001b7f4bf0328
0x000000382fffeee0:   0000000000000006 000001b7effdfe40
0x000000382fffeef0:   0000000000000000 0000000000000000
0x000000382fffef00:   00007fffd766f670 000001b7f7bdc5f8
0x000000382fffef10:   000000382fffef50 000000382ffff090
0x000000382fffef20:   000001b700000006 000000382ffff090
0x000000382fffef30:   00000000e283cdd0 0000000000000000 

Instructions: (pc=0x000001b7effdfec4)
0x000001b7effdfdc4:   00 00 00 00 00 00 00 00 00 00 00 00 00 00 00 00
0x000001b7effdfdd4:   00 00 00 00 00 00 00 00 00 00 00 00 00 00 00 00
0x000001b7effdfde4:   00 00 00 00 00 00 00 00 00 00 00 00 00 00 00 00
0x000001b7effdfdf4:   00 00 00 00 00 00 00 00 00 00 00 00 00 00 00 00
0x000001b7effdfe04:   00 00 00 00 00 00 00 00 00 00 00 00 00 00 00 00
0x000001b7effdfe14:   00 00 00 00 00 00 00 00 00 00 00 00 00 00 00 00
0x000001b7effdfe24:   00 00 00 00 00 00 00 00 00 00 00 00 00 00 00 00
0x000001b7effdfe34:   00 00 00 00 00 ff ff ff 00 fe 00 00 48 83 ec 28
0x000001b7effdfe44:   48 89 6c 24 20 48 89 5c 24 18 48 89 74 24 10 48
0x000001b7effdfe54:   89 7c 24 08 48 8b d9 48 8b c2 49 8b e9 49 8b d0
0x000001b7effdfe64:   48 8d 2c aa 4c 8b dd 8b 0a 49 ba 48 f0 c0 f7 b7
0x000001b7effdfe74:   01 00 00 41 03 0a 48 83 c2 04 48 be 28 8e be f7
0x000001b7effdfe84:   b7 01 00 00 48 8b 36 48 8b b6 08 03 00 00 48 8b
0x000001b7effdfe94:   f9 48 c1 e7 04 48 03 f7 8b 3e 8b 6e 04 89 38 89
0x000001b7effdfea4:   68 04 48 be 28 8e be f7 b7 01 00 00 48 8b 36 48
0x000001b7effdfeb4:   8b b6 38 03 00 00 48 8b f9 48 c1 e7 04 48 03 f7
0x000001b7effdfec4:   8b 3e 8b 6e 04 89 78 08 89 68 0c 8b 7e 08 8b 6e
0x000001b7effdfed4:   0c 89 78 10 89 68 14 48 83 c0 18 49 3b d3 75 87
0x000001b7effdfee4:   48 8b 7c 24 08 48 8b 74 24 10 48 8b 5c 24 18 48
0x000001b7effdfef4:   8b 6c 24 20 48 83 c4 28 c3 00 00 00 00 00 00 00
0x000001b7effdff04:   00 00 00 00 00 00 00 00 00 00 00 00 00 00 00 00
0x000001b7effdff14:   00 00 00 00 00 00 00 00 00 00 00 00 00 00 00 00
0x000001b7effdff24:   00 00 00 00 00 00 00 00 00 00 00 00 00 00 00 00
0x000001b7effdff34:   00 00 00 00 80 ff ff ff 00 01 00 00 55 48 8b ec
0x000001b7effdff44:   53 56 57 4c 8b da 4c 8b d1 49 8b f2 49 8b fb 41
0x000001b7effdff54:   8b e8 85 ed 0f 84 30 00 00 00 b9 04 00 00 00 0f
0x000001b7effdff64:   8f 05 00 00 00 48 f7 d9 f7 dd 8b 1e 48 03 f1 48
0x000001b7effdff74:   83 c7 04 8b c3 81 e3 ff ff ff 00 81 e0 00 00 00
0x000001b7effdff84:   ff 0b d8 ff cd 89 5f fc 75 e0 5f 5e 5b 5d c3 00
0x000001b7effdff94:   00 00 00 00 00 00 00 00 00 00 00 00 00 00 00 00
0x000001b7effdffa4:   00 00 00 00 00 00 00 00 00 00 00 00 00 00 00 00
0x000001b7effdffb4:   00 00 00 00 c0 ff ff ff 80 00 00 00 48 b8 e0 96 


Stack slot to memory mapping:
stack at sp + 0 slots: 0x0000000800000006 is pointing into metadata
stack at sp + 1 slots: 0x000001b7f4843820 points into unknown readable memory: 0x0000000000003000 | 00 30 00 00 00 00 00 00
stack at sp + 2 slots: 0x000001b7f7b90000 points into unknown readable memory: 0x000001b7f464e2a0 | a0 e2 64 f4 b7 01 00 00
stack at sp + 3 slots: 0x0000000000000006 is an unknown value
stack at sp + 4 slots: 0x0 is NULL
stack at sp + 5 slots: 0x00007fffd765b265 nvoglv64.dll
stack at sp + 6 slots: 0x0000000000000090 is an unknown value
stack at sp + 7 slots: 0x0 is NULL


Compiled method (n/a)    1386  854     n 0       org.lwjgl.opengl.GL11C::nglDrawElements (native)
 total in heap  [0x000001b7dbb62110,0x000001b7dbb624d8] = 968
 relocation     [0x000001b7dbb62268,0x000001b7dbb62298] = 48
 main code      [0x000001b7dbb622a0,0x000001b7dbb624d0] = 560
 oops           [0x000001b7dbb624d0,0x000001b7dbb624d8] = 8

[Constant Pool (empty)]

[MachCode]
[Entry Point]
  # {method} {0x000001b7f05bc448} 'nglDrawElements' '(IIIJ)V' in 'org/lwjgl/opengl/GL11C'
  # parm0:    rdx       = int
  # parm1:    r8        = int
  # parm2:    r9        = int
  # parm3:    rdi:rdi   = long
  #           [sp+0x80]  (sp of caller)
  0x000001b7dbb622a0: 448b 5208 | 49bb 0000 | 0000 0800 | 0000 4d03 | d349 3bc2 | 0f84 0600 

  0x000001b7dbb622b8: ;   {runtime_call ic_miss_stub}
  0x000001b7dbb622b8: 0000 e9c1 | a746 f890 
[Verified Entry Point]
  0x000001b7dbb622c0: 8984 2400 | 90ff ff55 | 488b ec48 | 83ec 7048 | 897c 2428 | 4c89 4c24 | 204d 8bc8 

  0x000001b7dbb622dc: ;   {oop(a 'java/lang/Class'{0x00000007120a56c0} = 'org/lwjgl/opengl/GL11C')}
  0x000001b7dbb622dc: 4c8b c249 | bec0 560a | 1207 0000 | 004c 8974 | 2460 4c8d | 7424 6049 | 8bd6 c5f8 

  0x000001b7dbb622f8: ;   {internal_word}
  0x000001b7dbb622f8: 7749 baf6 | 22b6 dbb7 | 0100 004d | 8997 7802 | 0000 4989 | a770 0200 

  0x000001b7dbb62310: ;   {external_word}
  0x000001b7dbb62310: 0049 ba9d | 3c28 15f8 | 7f00 0041 | 803a 000f | 8452 0000 | 0052 4150 

  0x000001b7dbb62328: ;   {metadata({method} {0x000001b7f05bc448} 'nglDrawElements' '(IIIJ)V' in 'org/lwjgl/opengl/GL11C')}
  0x000001b7dbb62328: 4151 48ba | 40c4 5bf0 | b701 0000 | 498b cf48 | 83ec 20f7 | c40f 0000 | 000f 841a | 0000 0048 
  0x000001b7dbb62348: ;   {runtime_call}
  0x000001b7dbb62348: 83ec 0849 | ba90 d4e4 | 14f8 7f00 | 0041 ffd2 | 4883 c408 | e90d 0000 

  0x000001b7dbb62360: ;   {runtime_call}
  0x000001b7dbb62360: 0049 ba90 | d4e4 14f8 | 7f00 0041 | ffd2 4883 | c420 4159 | 4158 5a49 | 8d8f 9002 | 0000 41c7 
  0x000001b7dbb62380: 8730 0300 | 0004 0000 

  0x000001b7dbb62388: ;   {runtime_call}
  0x000001b7dbb62388: 0049 bad0 | c551 5cf8 | 7f00 0041 | ffd2 c5f8 | 7741 c787 | 3003 0000 | 0500 0000 | f083 4424 
  0x000001b7dbb623a8: c000 493b | af38 0300 | 000f 8711 | 0000 0041 | 81bf 2003 | 0000 0000 | 0000 0f84 | 2400 0000 
  0x000001b7dbb623c8: c5f8 7749 | 8bcf 4c8b | e448 83ec | 2048 83e4 

  0x000001b7dbb623d8: ;   {runtime_call}
  0x000001b7dbb623d8: f049 ba50 | 16ef 14f8 | 7f00 0041 | ffd2 498b | e44d 33e4 | 41c7 8730 | 0300 0008 | 0000 0041 
  0x000001b7dbb623f8: 81bf a003 | 0000 0200 | 0000 0f84 | 9b00 0000 

  0x000001b7dbb62408: ;   {external_word}
  0x000001b7dbb62408: 49ba 9d3c | 2815 f87f | 0000 4180 | 3a00 0f84 | 4800 0000 

  0x000001b7dbb6241c: ;   {metadata({method} {0x000001b7f05bc448} 'nglDrawElements' '(IIIJ)V' in 'org/lwjgl/opengl/GL11C')}
  0x000001b7dbb6241c: 48ba 40c4 | 5bf0 b701 | 0000 498b | cf48 83ec | 20f7 c40f | 0000 000f | 841a 0000 | 0048 83ec 
  0x000001b7dbb6243c: ;   {runtime_call}
  0x000001b7dbb6243c: 0849 ba90 | d4e4 14f8 | 7f00 0041 | ffd2 4883 | c408 e90d 

  0x000001b7dbb62450: ;   {runtime_call}
  0x000001b7dbb62450: 0000 0049 | ba90 d4e4 | 14f8 7f00 | 0041 ffd2 | 4883 c420 | 49c7 8770 | 0200 0000 | 0000 0049 
  0x000001b7dbb62470: c787 7802 | 0000 0000 | 0000 c5f8 | 7749 8b8f | 0003 0000 | c781 0001 | 0000 0000 | 0000 c949 
  0x000001b7dbb62490: 817f 0800 | 0000 000f | 8501 0000 

  0x000001b7dbb6249c: ;   {runtime_call StubRoutines (1)}
  0x000001b7dbb6249c: 00c3 e95d | ea41 f8c5 | f877 4c8b | e448 83ec | 2048 83e4 

  0x000001b7dbb624b0: ;   {runtime_call}
  0x000001b7dbb624b0: f049 ba50 | 04e5 14f8 | 7f00 0041 | ffd2 498b | e44d 33e4 | e93f ffff | fff4 f4f4 | f4f4 f4f4 
[/MachCode]


Compiled method (c1)    1390  853       3       org.lwjgl.opengl.GL11C::glDrawElements (8 bytes)
 total in heap  [0x000001b7d4810b90,0x000001b7d4810ea8] = 792
 relocation     [0x000001b7d4810ce8,0x000001b7d4810d20] = 56
 main code      [0x000001b7d4810d20,0x000001b7d4810de0] = 192
 stub code      [0x000001b7d4810de0,0x000001b7d4810e28] = 72
 oops           [0x000001b7d4810e28,0x000001b7d4810e30] = 8
 metadata       [0x000001b7d4810e30,0x000001b7d4810e38] = 8
 scopes data    [0x000001b7d4810e38,0x000001b7d4810e60] = 40
 scopes pcs     [0x000001b7d4810e60,0x000001b7d4810ea0] = 64
 dependencies   [0x000001b7d4810ea0,0x000001b7d4810ea8] = 8

[Constant Pool (empty)]

[MachCode]
[Verified Entry Point]
  # {method} {0x000001b7f05bc528} 'glDrawElements' '(IIIJ)V' in 'org/lwjgl/opengl/GL11C'
  # parm0:    rdx       = int
  # parm1:    r8        = int
  # parm2:    r9        = int
  # parm3:    rdi:rdi   = long
  #           [sp+0x50]  (sp of caller)
  0x000001b7d4810d20: 8984 2400 | 90ff ff55 | 4883 ec40 

  0x000001b7d4810d2c: ;   {metadata(method data for {method} {0x000001b7f05bc528} 'glDrawElements' '(IIIJ)V' in 'org/lwjgl/opengl/GL11C')}
  0x000001b7d4810d2c: 48be e032 | 63f0 b701 | 0000 8b9e | cc00 0000 | 83c3 0289 | 9ecc 0000 | 0081 e3fe | 0700 0083 
  0x000001b7d4810d4c: fb00 0f84 | 2b00 0000 

  0x000001b7d4810d54: ;   {metadata(method data for {method} {0x000001b7f05bc528} 'glDrawElements' '(IIIJ)V' in 'org/lwjgl/opengl/GL11C')}
  0x000001b7d4810d54: 48be e032 | 63f0 b701 | 0000 4883 | 8610 0100 

  0x000001b7d4810d64: ;   {static_call}
  0x000001b7d4810d64: 0001 90e8 

  0x000001b7d4810d68: ; ImmutableOopMap {}
                      ;*invokestatic nglDrawElements {reexecute=0 rethrow=0 return_oop=0}
                      ; - org.lwjgl.opengl.GL11C::glDrawElements@4 (line 543)
  0x000001b7d4810d68: 5415 3507 | 4883 c440 

  0x000001b7d4810d70: ;   {poll_return}
  0x000001b7d4810d70: 5d49 3ba7 | 3803 0000 | 0f87 1f00 

  0x000001b7d4810d7c: ;   {metadata({method} {0x000001b7f05bc528} 'glDrawElements' '(IIIJ)V' in 'org/lwjgl/opengl/GL11C')}
  0x000001b7d4810d7c: 0000 c349 | ba20 c55b | f0b7 0100 | 004c 8954 | 2408 48c7 | 0424 ffff 

  0x000001b7d4810d94: ;   {runtime_call counter_overflow Runtime1 stub}
  0x000001b7d4810d94: ffff e865 

  0x000001b7d4810d98: ; ImmutableOopMap {}
                      ;*synchronization entry
                      ; - org.lwjgl.opengl.GL11C::glDrawElements@-1 (line 543)
  0x000001b7d4810d98: be86 ffeb 

  0x000001b7d4810d9c: ;   {internal_word}
  0x000001b7d4810d9c: b749 ba71 | 0d81 d4b7 | 0100 004d | 8997 5003 

  0x000001b7d4810dac: ;   {runtime_call SafepointBlob}
  0x000001b7d4810dac: 0000 e94d | 267c ff90 | 9049 8b87 | c803 0000 | 49c7 87c8 | 0300 0000 | 0000 0049 | c787 d003 
  0x000001b7d4810dcc: 0000 0000 | 0000 4883 

  0x000001b7d4810dd4: ;   {runtime_call unwind_exception Runtime1 stub}
  0x000001b7d4810dd4: c440 5de9 | 2452 86ff | f4f4 f4f4 
[Stub Code]
  0x000001b7d4810de0: ;   {no_reloc}
  0x000001b7d4810de0: 0f1f 4400 

  0x000001b7d4810de4: ;   {static_stub}
  0x000001b7d4810de4: 0048 bb00 | 0000 0000 

  0x000001b7d4810dec: ;   {runtime_call}
  0x000001b7d4810dec: 0000 00e9 | fbff ffff 
[Exception Handler]
  0x000001b7d4810df4: ;   {runtime_call handle_exception_from_callee Runtime1 stub}
  0x000001b7d4810df4: e807 8b86 

  0x000001b7d4810df8: ;   {external_word}
  0x000001b7d4810df8: ff48 b928 | 3f04 15f8 | 7f00 0048 

  0x000001b7d4810e04: ;   {runtime_call}
  0x000001b7d4810e04: 83e4 f049 | ba80 e1d1 | 14f8 7f00 | 0041 ffd2 

  0x000001b7d4810e14: ;   {section_word}
  0x000001b7d4810e14: f449 ba15 | 0e81 d4b7 | 0100 0041 

  0x000001b7d4810e20: ;   {runtime_call DeoptimizationBlob}
  0x000001b7d4810e20: 52e9 7a18 | 7cff f4f4 
[/MachCode]


Compiled method (c1)    1392  852       3       org.lwjgl.opengl.GL11::glDrawElements (8 bytes)
 total in heap  [0x000001b7d4810810,0x000001b7d4810b28] = 792
 relocation     [0x000001b7d4810968,0x000001b7d48109a0] = 56
 main code      [0x000001b7d48109a0,0x000001b7d4810a60] = 192
 stub code      [0x000001b7d4810a60,0x000001b7d4810aa8] = 72
 oops           [0x000001b7d4810aa8,0x000001b7d4810ab0] = 8
 metadata       [0x000001b7d4810ab0,0x000001b7d4810ab8] = 8
 scopes data    [0x000001b7d4810ab8,0x000001b7d4810ae0] = 40
 scopes pcs     [0x000001b7d4810ae0,0x000001b7d4810b20] = 64
 dependencies   [0x000001b7d4810b20,0x000001b7d4810b28] = 8

[Constant Pool (empty)]

[MachCode]
[Verified Entry Point]
  # {method} {0x000001b7f0588080} 'glDrawElements' '(IIIJ)V' in 'org/lwjgl/opengl/GL11'
  # parm0:    rdx       = int
  # parm1:    r8        = int
  # parm2:    r9        = int
  # parm3:    rdi:rdi   = long
  #           [sp+0x50]  (sp of caller)
  0x000001b7d48109a0: 8984 2400 | 90ff ff55 | 4883 ec40 

  0x000001b7d48109ac: ;   {metadata(method data for {method} {0x000001b7f0588080} 'glDrawElements' '(IIIJ)V' in 'org/lwjgl/opengl/GL11')}
  0x000001b7d48109ac: 48be 6031 | 63f0 b701 | 0000 8b9e | cc00 0000 | 83c3 0289 | 9ecc 0000 | 0081 e3fe | 0700 0083 
  0x000001b7d48109cc: fb00 0f84 | 2b00 0000 

  0x000001b7d48109d4: ;   {metadata(method data for {method} {0x000001b7f0588080} 'glDrawElements' '(IIIJ)V' in 'org/lwjgl/opengl/GL11')}
  0x000001b7d48109d4: 48be 6031 | 63f0 b701 | 0000 4883 | 8610 0100 

  0x000001b7d48109e4: ;   {static_call}
  0x000001b7d48109e4: 0001 90e8 

  0x000001b7d48109e8: ; ImmutableOopMap {}
                      ;*invokestatic glDrawElements {reexecute=0 rethrow=0 return_oop=0}
                      ; - org.lwjgl.opengl.GL11::glDrawElements@4 (line 1870)
  0x000001b7d48109e8: 3403 0000 | 4883 c440 

  0x000001b7d48109f0: ;   {poll_return}
  0x000001b7d48109f0: 5d49 3ba7 | 3803 0000 | 0f87 1f00 

  0x000001b7d48109fc: ;   {metadata({method} {0x000001b7f0588080} 'glDrawElements' '(IIIJ)V' in 'org/lwjgl/opengl/GL11')}
  0x000001b7d48109fc: 0000 c349 | ba78 8058 | f0b7 0100 | 004c 8954 | 2408 48c7 | 0424 ffff 

  0x000001b7d4810a14: ;   {runtime_call counter_overflow Runtime1 stub}
  0x000001b7d4810a14: ffff e8e5 

  0x000001b7d4810a18: ; ImmutableOopMap {}
                      ;*synchronization entry
                      ; - org.lwjgl.opengl.GL11::glDrawElements@-1 (line 1870)
  0x000001b7d4810a18: c186 ffeb 

  0x000001b7d4810a1c: ;   {internal_word}
  0x000001b7d4810a1c: b749 baf1 | 0981 d4b7 | 0100 004d | 8997 5003 

  0x000001b7d4810a2c: ;   {runtime_call SafepointBlob}
  0x000001b7d4810a2c: 0000 e9cd | 297c ff90 | 9049 8b87 | c803 0000 | 49c7 87c8 | 0300 0000 | 0000 0049 | c787 d003 
  0x000001b7d4810a4c: 0000 0000 | 0000 4883 

  0x000001b7d4810a54: ;   {runtime_call unwind_exception Runtime1 stub}
  0x000001b7d4810a54: c440 5de9 | a455 86ff | f4f4 f4f4 
[Stub Code]
  0x000001b7d4810a60: ;   {no_reloc}
  0x000001b7d4810a60: 0f1f 4400 

  0x000001b7d4810a64: ;   {static_stub}
  0x000001b7d4810a64: 0048 bb00 | 0000 0000 

  0x000001b7d4810a6c: ;   {runtime_call}
  0x000001b7d4810a6c: 0000 00e9 | fbff ffff 
[Exception Handler]
  0x000001b7d4810a74: ;   {runtime_call handle_exception_from_callee Runtime1 stub}
  0x000001b7d4810a74: e887 8e86 

  0x000001b7d4810a78: ;   {external_word}
  0x000001b7d4810a78: ff48 b928 | 3f04 15f8 | 7f00 0048 

  0x000001b7d4810a84: ;   {runtime_call}
  0x000001b7d4810a84: 83e4 f049 | ba80 e1d1 | 14f8 7f00 | 0041 ffd2 

  0x000001b7d4810a94: ;   {section_word}
  0x000001b7d4810a94: f449 ba95 | 0a81 d4b7 | 0100 0041 

  0x000001b7d4810aa0: ;   {runtime_call DeoptimizationBlob}
  0x000001b7d4810aa0: 52e9 fa1b | 7cff f4f4 
[/MachCode]


---------------  P R O C E S S  ---------------

Threads class SMR info:
_java_thread_list=0x000001b7efe8cad0, length=15, elements={
0x000001b7cc6424c0, 0x000001b7efe85760, 0x000001b7efe86500, 0x000001b7efea2300,
0x000001b7efea2ca0, 0x000001b7efea4650, 0x000001b7efeb30d0, 0x000001b7efebe360,
0x000001b7efebe860, 0x000001b7efec8d60, 0x000001b7f41c0b70, 0x000001b7f41c98b0,
0x000001b7f41f8470, 0x000001b7f41f8940, 0x000001b7f41fafc0
}

Java Threads: ( => current thread )
=>0x000001b7cc6424c0 JavaThread "main" [_thread_in_native, id=19324, stack(0x000000382ff00000,0x0000003830000000)]
  0x000001b7efe85760 JavaThread "Reference Handler" daemon [_thread_blocked, id=12724, stack(0x0000003830600000,0x0000003830700000)]
  0x000001b7efe86500 JavaThread "Finalizer" daemon [_thread_blocked, id=8920, stack(0x0000003830700000,0x0000003830800000)]
  0x000001b7efea2300 JavaThread "Signal Dispatcher" daemon [_thread_blocked, id=19676, stack(0x0000003830800000,0x0000003830900000)]
  0x000001b7efea2ca0 JavaThread "Attach Listener" daemon [_thread_blocked, id=8004, stack(0x0000003830900000,0x0000003830a00000)]
  0x000001b7efea4650 JavaThread "Service Thread" daemon [_thread_blocked, id=5360, stack(0x0000003830a00000,0x0000003830b00000)]
  0x000001b7efeb30d0 JavaThread "Monitor Deflation Thread" daemon [_thread_blocked, id=2532, stack(0x0000003830b00000,0x0000003830c00000)]
  0x000001b7efebe360 JavaThread "C2 CompilerThread0" daemon [_thread_blocked, id=9804, stack(0x0000003830c00000,0x0000003830d00000)]
  0x000001b7efebe860 JavaThread "C1 CompilerThread0" daemon [_thread_blocked, id=11208, stack(0x0000003830d00000,0x0000003830e00000)]
  0x000001b7efec8d60 JavaThread "Sweeper thread" daemon [_thread_blocked, id=14808, stack(0x0000003830e00000,0x0000003830f00000)]
  0x000001b7f41c0b70 JavaThread "C1 CompilerThread1" daemon [_thread_blocked, id=16168, stack(0x0000003830f00000,0x0000003831000000)]
  0x000001b7f41c98b0 JavaThread "C1 CompilerThread2" daemon [_thread_blocked, id=19048, stack(0x0000003831000000,0x0000003831100000)]
  0x000001b7f41f8470 JavaThread "Notification Thread" daemon [_thread_blocked, id=6024, stack(0x0000003831100000,0x0000003831200000)]
  0x000001b7f41f8940 JavaThread "Common-Cleaner" daemon [_thread_blocked, id=7372, stack(0x0000003831300000,0x0000003831400000)]
  0x000001b7f41fafc0 JavaThread "Java2D Disposer" daemon [_thread_blocked, id=8904, stack(0x0000003831a00000,0x0000003831b00000)]

Other Threads:
  0x000001b7efe80750 VMThread "VM Thread" [stack: 0x0000003830500000,0x0000003830600000] [id=15780]
  0x000001b7f41fc6c0 WatcherThread "VM Periodic Task Thread" [stack: 0x0000003831200000,0x0000003831300000] [id=10836]
  0x000001b7cc6b41c0 WorkerThread "GC Thread#0" [stack: 0x0000003830000000,0x0000003830100000] [id=4864]
  0x000001b7cc6c55a0 ConcurrentGCThread "G1 Main Marker" [stack: 0x0000003830100000,0x0000003830200000] [id=1400]
  0x000001b7cc6c6fa0 WorkerThread "G1 Conc#0" [stack: 0x0000003830200000,0x0000003830300000] [id=2860]
  0x000001b7cc70eb20 ConcurrentGCThread "G1 Refine#0" [stack: 0x0000003830300000,0x0000003830400000] [id=20228]
  0x000001b7efd406c0 ConcurrentGCThread "G1 Service" [stack: 0x0000003830400000,0x0000003830500000] [id=3316]

Threads with active compile tasks:

VM state: not at safepoint (normal execution)

VM Mutex/Monitor currently owned by a thread: None

Heap address: 0x0000000702e00000, size: 4050 MB, Compressed Oops mode: Zero based, Oop shift amount: 3

CDS archive(s) mapped at: [0x0000000800000000-0x0000000800ba0000-0x0000000800ba0000), size 12189696, SharedBaseAddress: 0x0000000800000000, ArchiveRelocationMode: 0.
Compressed class space mapped at: 0x0000000800c00000-0x0000000840c00000, reserved size: 1073741824
Narrow klass base: 0x0000000800000000, Narrow klass shift: 0, Narrow klass range: 0x100000000

GC Precious Log:
 CardTable entry size: 512
 Card Set container configuration: InlinePtr #cards 4 size 8 Array Of Cards #cards 16 size 48 Howl #buckets 8 coarsen threshold 3686 Howl Bitmap #cards 512 size 80 coarsen threshold 460 Card regions per heap region 1 cards per card region 4096
 CPUs: 16 total, 16 available
 Memory: 16194M
 Large Page Support: Disabled
 NUMA Support: Disabled
 Compressed Oops: Enabled (Zero based)
 Heap Region Size: 2M
 Heap Min Capacity: 8M
 Heap Initial Capacity: 254M
 Heap Max Capacity: 4050M
 Pre-touch: Disabled
 Parallel Workers: 13
 Concurrent Workers: 3
 Concurrent Refinement Workers: 13
 Periodic GC: Disabled

Heap:
 garbage-first heap   total 260096K, used 14336K [0x0000000702e00000, 0x0000000800000000)
  region size 2048K, 8 young (16384K), 0 survivors (0K)
 Metaspace       used 5111K, committed 5312K, reserved 1114112K
  class space    used 332K, committed 448K, reserved 1048576K

Heap Regions: E=young(eden), S=young(survivor), O=old, HS=humongous(starts), HC=humongous(continues), CS=collection set, F=free, OA=open archive, CA=closed archive, TAMS=top-at-mark-start (previous, next)
|   0|0x0000000702e00000, 0x0000000702e00000, 0x0000000703000000|  0%| F|  |TAMS 0x0000000702e00000, 0x0000000702e00000| Untracked 
|   1|0x0000000703000000, 0x0000000703000000, 0x0000000703200000|  0%| F|  |TAMS 0x0000000703000000, 0x0000000703000000| Untracked 
|   2|0x0000000703200000, 0x0000000703200000, 0x0000000703400000|  0%| F|  |TAMS 0x0000000703200000, 0x0000000703200000| Untracked 
|   3|0x0000000703400000, 0x0000000703400000, 0x0000000703600000|  0%| F|  |TAMS 0x0000000703400000, 0x0000000703400000| Untracked 
|   4|0x0000000703600000, 0x0000000703600000, 0x0000000703800000|  0%| F|  |TAMS 0x0000000703600000, 0x0000000703600000| Untracked 
|   5|0x0000000703800000, 0x0000000703800000, 0x0000000703a00000|  0%| F|  |TAMS 0x0000000703800000, 0x0000000703800000| Untracked 
|   6|0x0000000703a00000, 0x0000000703a00000, 0x0000000703c00000|  0%| F|  |TAMS 0x0000000703a00000, 0x0000000703a00000| Untracked 
|   7|0x0000000703c00000, 0x0000000703c00000, 0x0000000703e00000|  0%| F|  |TAMS 0x0000000703c00000, 0x0000000703c00000| Untracked 
|   8|0x0000000703e00000, 0x0000000703e00000, 0x0000000704000000|  0%| F|  |TAMS 0x0000000703e00000, 0x0000000703e00000| Untracked 
|   9|0x0000000704000000, 0x0000000704000000, 0x0000000704200000|  0%| F|  |TAMS 0x0000000704000000, 0x0000000704000000| Untracked 
|  10|0x0000000704200000, 0x0000000704200000, 0x0000000704400000|  0%| F|  |TAMS 0x0000000704200000, 0x0000000704200000| Untracked 
|  11|0x0000000704400000, 0x0000000704400000, 0x0000000704600000|  0%| F|  |TAMS 0x0000000704400000, 0x0000000704400000| Untracked 
|  12|0x0000000704600000, 0x0000000704600000, 0x0000000704800000|  0%| F|  |TAMS 0x0000000704600000, 0x0000000704600000| Untracked 
|  13|0x0000000704800000, 0x0000000704800000, 0x0000000704a00000|  0%| F|  |TAMS 0x0000000704800000, 0x0000000704800000| Untracked 
|  14|0x0000000704a00000, 0x0000000704a00000, 0x0000000704c00000|  0%| F|  |TAMS 0x0000000704a00000, 0x0000000704a00000| Untracked 
|  15|0x0000000704c00000, 0x0000000704c00000, 0x0000000704e00000|  0%| F|  |TAMS 0x0000000704c00000, 0x0000000704c00000| Untracked 
|  16|0x0000000704e00000, 0x0000000704e00000, 0x0000000705000000|  0%| F|  |TAMS 0x0000000704e00000, 0x0000000704e00000| Untracked 
|  17|0x0000000705000000, 0x0000000705000000, 0x0000000705200000|  0%| F|  |TAMS 0x0000000705000000, 0x0000000705000000| Untracked 
|  18|0x0000000705200000, 0x0000000705200000, 0x0000000705400000|  0%| F|  |TAMS 0x0000000705200000, 0x0000000705200000| Untracked 
|  19|0x0000000705400000, 0x0000000705400000, 0x0000000705600000|  0%| F|  |TAMS 0x0000000705400000, 0x0000000705400000| Untracked 
|  20|0x0000000705600000, 0x0000000705600000, 0x0000000705800000|  0%| F|  |TAMS 0x0000000705600000, 0x0000000705600000| Untracked 
|  21|0x0000000705800000, 0x0000000705800000, 0x0000000705a00000|  0%| F|  |TAMS 0x0000000705800000, 0x0000000705800000| Untracked 
|  22|0x0000000705a00000, 0x0000000705a00000, 0x0000000705c00000|  0%| F|  |TAMS 0x0000000705a00000, 0x0000000705a00000| Untracked 
|  23|0x0000000705c00000, 0x0000000705c00000, 0x0000000705e00000|  0%| F|  |TAMS 0x0000000705c00000, 0x0000000705c00000| Untracked 
|  24|0x0000000705e00000, 0x0000000705e00000, 0x0000000706000000|  0%| F|  |TAMS 0x0000000705e00000, 0x0000000705e00000| Untracked 
|  25|0x0000000706000000, 0x0000000706000000, 0x0000000706200000|  0%| F|  |TAMS 0x0000000706000000, 0x0000000706000000| Untracked 
|  26|0x0000000706200000, 0x0000000706200000, 0x0000000706400000|  0%| F|  |TAMS 0x0000000706200000, 0x0000000706200000| Untracked 
|  27|0x0000000706400000, 0x0000000706400000, 0x0000000706600000|  0%| F|  |TAMS 0x0000000706400000, 0x0000000706400000| Untracked 
|  28|0x0000000706600000, 0x0000000706600000, 0x0000000706800000|  0%| F|  |TAMS 0x0000000706600000, 0x0000000706600000| Untracked 
|  29|0x0000000706800000, 0x0000000706800000, 0x0000000706a00000|  0%| F|  |TAMS 0x0000000706800000, 0x0000000706800000| Untracked 
|  30|0x0000000706a00000, 0x0000000706a00000, 0x0000000706c00000|  0%| F|  |TAMS 0x0000000706a00000, 0x0000000706a00000| Untracked 
|  31|0x0000000706c00000, 0x0000000706c00000, 0x0000000706e00000|  0%| F|  |TAMS 0x0000000706c00000, 0x0000000706c00000| Untracked 
|  32|0x0000000706e00000, 0x0000000706e00000, 0x0000000707000000|  0%| F|  |TAMS 0x0000000706e00000, 0x0000000706e00000| Untracked 
|  33|0x0000000707000000, 0x0000000707000000, 0x0000000707200000|  0%| F|  |TAMS 0x0000000707000000, 0x0000000707000000| Untracked 
|  34|0x0000000707200000, 0x0000000707200000, 0x0000000707400000|  0%| F|  |TAMS 0x0000000707200000, 0x0000000707200000| Untracked 
|  35|0x0000000707400000, 0x0000000707400000, 0x0000000707600000|  0%| F|  |TAMS 0x0000000707400000, 0x0000000707400000| Untracked 
|  36|0x0000000707600000, 0x0000000707600000, 0x0000000707800000|  0%| F|  |TAMS 0x0000000707600000, 0x0000000707600000| Untracked 
|  37|0x0000000707800000, 0x0000000707800000, 0x0000000707a00000|  0%| F|  |TAMS 0x0000000707800000, 0x0000000707800000| Untracked 
|  38|0x0000000707a00000, 0x0000000707a00000, 0x0000000707c00000|  0%| F|  |TAMS 0x0000000707a00000, 0x0000000707a00000| Untracked 
|  39|0x0000000707c00000, 0x0000000707c00000, 0x0000000707e00000|  0%| F|  |TAMS 0x0000000707c00000, 0x0000000707c00000| Untracked 
|  40|0x0000000707e00000, 0x0000000707e00000, 0x0000000708000000|  0%| F|  |TAMS 0x0000000707e00000, 0x0000000707e00000| Untracked 
|  41|0x0000000708000000, 0x0000000708000000, 0x0000000708200000|  0%| F|  |TAMS 0x0000000708000000, 0x0000000708000000| Untracked 
|  42|0x0000000708200000, 0x0000000708200000, 0x0000000708400000|  0%| F|  |TAMS 0x0000000708200000, 0x0000000708200000| Untracked 
|  43|0x0000000708400000, 0x0000000708400000, 0x0000000708600000|  0%| F|  |TAMS 0x0000000708400000, 0x0000000708400000| Untracked 
|  44|0x0000000708600000, 0x0000000708600000, 0x0000000708800000|  0%| F|  |TAMS 0x0000000708600000, 0x0000000708600000| Untracked 
|  45|0x0000000708800000, 0x0000000708800000, 0x0000000708a00000|  0%| F|  |TAMS 0x0000000708800000, 0x0000000708800000| Untracked 
|  46|0x0000000708a00000, 0x0000000708a00000, 0x0000000708c00000|  0%| F|  |TAMS 0x0000000708a00000, 0x0000000708a00000| Untracked 
|  47|0x0000000708c00000, 0x0000000708c00000, 0x0000000708e00000|  0%| F|  |TAMS 0x0000000708c00000, 0x0000000708c00000| Untracked 
|  48|0x0000000708e00000, 0x0000000708e00000, 0x0000000709000000|  0%| F|  |TAMS 0x0000000708e00000, 0x0000000708e00000| Untracked 
|  49|0x0000000709000000, 0x0000000709000000, 0x0000000709200000|  0%| F|  |TAMS 0x0000000709000000, 0x0000000709000000| Untracked 
|  50|0x0000000709200000, 0x0000000709200000, 0x0000000709400000|  0%| F|  |TAMS 0x0000000709200000, 0x0000000709200000| Untracked 
|  51|0x0000000709400000, 0x0000000709400000, 0x0000000709600000|  0%| F|  |TAMS 0x0000000709400000, 0x0000000709400000| Untracked 
|  52|0x0000000709600000, 0x0000000709600000, 0x0000000709800000|  0%| F|  |TAMS 0x0000000709600000, 0x0000000709600000| Untracked 
|  53|0x0000000709800000, 0x0000000709800000, 0x0000000709a00000|  0%| F|  |TAMS 0x0000000709800000, 0x0000000709800000| Untracked 
|  54|0x0000000709a00000, 0x0000000709a00000, 0x0000000709c00000|  0%| F|  |TAMS 0x0000000709a00000, 0x0000000709a00000| Untracked 
|  55|0x0000000709c00000, 0x0000000709c00000, 0x0000000709e00000|  0%| F|  |TAMS 0x0000000709c00000, 0x0000000709c00000| Untracked 
|  56|0x0000000709e00000, 0x0000000709e00000, 0x000000070a000000|  0%| F|  |TAMS 0x0000000709e00000, 0x0000000709e00000| Untracked 
|  57|0x000000070a000000, 0x000000070a000000, 0x000000070a200000|  0%| F|  |TAMS 0x000000070a000000, 0x000000070a000000| Untracked 
|  58|0x000000070a200000, 0x000000070a200000, 0x000000070a400000|  0%| F|  |TAMS 0x000000070a200000, 0x000000070a200000| Untracked 
|  59|0x000000070a400000, 0x000000070a400000, 0x000000070a600000|  0%| F|  |TAMS 0x000000070a400000, 0x000000070a400000| Untracked 
|  60|0x000000070a600000, 0x000000070a600000, 0x000000070a800000|  0%| F|  |TAMS 0x000000070a600000, 0x000000070a600000| Untracked 
|  61|0x000000070a800000, 0x000000070a800000, 0x000000070aa00000|  0%| F|  |TAMS 0x000000070a800000, 0x000000070a800000| Untracked 
|  62|0x000000070aa00000, 0x000000070aa00000, 0x000000070ac00000|  0%| F|  |TAMS 0x000000070aa00000, 0x000000070aa00000| Untracked 
|  63|0x000000070ac00000, 0x000000070ac00000, 0x000000070ae00000|  0%| F|  |TAMS 0x000000070ac00000, 0x000000070ac00000| Untracked 
|  64|0x000000070ae00000, 0x000000070ae00000, 0x000000070b000000|  0%| F|  |TAMS 0x000000070ae00000, 0x000000070ae00000| Untracked 
|  65|0x000000070b000000, 0x000000070b000000, 0x000000070b200000|  0%| F|  |TAMS 0x000000070b000000, 0x000000070b000000| Untracked 
|  66|0x000000070b200000, 0x000000070b200000, 0x000000070b400000|  0%| F|  |TAMS 0x000000070b200000, 0x000000070b200000| Untracked 
|  67|0x000000070b400000, 0x000000070b400000, 0x000000070b600000|  0%| F|  |TAMS 0x000000070b400000, 0x000000070b400000| Untracked 
|  68|0x000000070b600000, 0x000000070b600000, 0x000000070b800000|  0%| F|  |TAMS 0x000000070b600000, 0x000000070b600000| Untracked 
|  69|0x000000070b800000, 0x000000070b800000, 0x000000070ba00000|  0%| F|  |TAMS 0x000000070b800000, 0x000000070b800000| Untracked 
|  70|0x000000070ba00000, 0x000000070ba00000, 0x000000070bc00000|  0%| F|  |TAMS 0x000000070ba00000, 0x000000070ba00000| Untracked 
|  71|0x000000070bc00000, 0x000000070bc00000, 0x000000070be00000|  0%| F|  |TAMS 0x000000070bc00000, 0x000000070bc00000| Untracked 
|  72|0x000000070be00000, 0x000000070be00000, 0x000000070c000000|  0%| F|  |TAMS 0x000000070be00000, 0x000000070be00000| Untracked 
|  73|0x000000070c000000, 0x000000070c000000, 0x000000070c200000|  0%| F|  |TAMS 0x000000070c000000, 0x000000070c000000| Untracked 
|  74|0x000000070c200000, 0x000000070c200000, 0x000000070c400000|  0%| F|  |TAMS 0x000000070c200000, 0x000000070c200000| Untracked 
|  75|0x000000070c400000, 0x000000070c400000, 0x000000070c600000|  0%| F|  |TAMS 0x000000070c400000, 0x000000070c400000| Untracked 
|  76|0x000000070c600000, 0x000000070c600000, 0x000000070c800000|  0%| F|  |TAMS 0x000000070c600000, 0x000000070c600000| Untracked 
|  77|0x000000070c800000, 0x000000070c800000, 0x000000070ca00000|  0%| F|  |TAMS 0x000000070c800000, 0x000000070c800000| Untracked 
|  78|0x000000070ca00000, 0x000000070ca00000, 0x000000070cc00000|  0%| F|  |TAMS 0x000000070ca00000, 0x000000070ca00000| Untracked 
|  79|0x000000070cc00000, 0x000000070cc00000, 0x000000070ce00000|  0%| F|  |TAMS 0x000000070cc00000, 0x000000070cc00000| Untracked 
|  80|0x000000070ce00000, 0x000000070ce00000, 0x000000070d000000|  0%| F|  |TAMS 0x000000070ce00000, 0x000000070ce00000| Untracked 
|  81|0x000000070d000000, 0x000000070d000000, 0x000000070d200000|  0%| F|  |TAMS 0x000000070d000000, 0x000000070d000000| Untracked 
|  82|0x000000070d200000, 0x000000070d200000, 0x000000070d400000|  0%| F|  |TAMS 0x000000070d200000, 0x000000070d200000| Untracked 
|  83|0x000000070d400000, 0x000000070d400000, 0x000000070d600000|  0%| F|  |TAMS 0x000000070d400000, 0x000000070d400000| Untracked 
|  84|0x000000070d600000, 0x000000070d600000, 0x000000070d800000|  0%| F|  |TAMS 0x000000070d600000, 0x000000070d600000| Untracked 
|  85|0x000000070d800000, 0x000000070d800000, 0x000000070da00000|  0%| F|  |TAMS 0x000000070d800000, 0x000000070d800000| Untracked 
|  86|0x000000070da00000, 0x000000070da00000, 0x000000070dc00000|  0%| F|  |TAMS 0x000000070da00000, 0x000000070da00000| Untracked 
|  87|0x000000070dc00000, 0x000000070dc00000, 0x000000070de00000|  0%| F|  |TAMS 0x000000070dc00000, 0x000000070dc00000| Untracked 
|  88|0x000000070de00000, 0x000000070de00000, 0x000000070e000000|  0%| F|  |TAMS 0x000000070de00000, 0x000000070de00000| Untracked 
|  89|0x000000070e000000, 0x000000070e000000, 0x000000070e200000|  0%| F|  |TAMS 0x000000070e000000, 0x000000070e000000| Untracked 
|  90|0x000000070e200000, 0x000000070e200000, 0x000000070e400000|  0%| F|  |TAMS 0x000000070e200000, 0x000000070e200000| Untracked 
|  91|0x000000070e400000, 0x000000070e400000, 0x000000070e600000|  0%| F|  |TAMS 0x000000070e400000, 0x000000070e400000| Untracked 
|  92|0x000000070e600000, 0x000000070e600000, 0x000000070e800000|  0%| F|  |TAMS 0x000000070e600000, 0x000000070e600000| Untracked 
|  93|0x000000070e800000, 0x000000070e800000, 0x000000070ea00000|  0%| F|  |TAMS 0x000000070e800000, 0x000000070e800000| Untracked 
|  94|0x000000070ea00000, 0x000000070ea00000, 0x000000070ec00000|  0%| F|  |TAMS 0x000000070ea00000, 0x000000070ea00000| Untracked 
|  95|0x000000070ec00000, 0x000000070ec00000, 0x000000070ee00000|  0%| F|  |TAMS 0x000000070ec00000, 0x000000070ec00000| Untracked 
|  96|0x000000070ee00000, 0x000000070ee00000, 0x000000070f000000|  0%| F|  |TAMS 0x000000070ee00000, 0x000000070ee00000| Untracked 
|  97|0x000000070f000000, 0x000000070f000000, 0x000000070f200000|  0%| F|  |TAMS 0x000000070f000000, 0x000000070f000000| Untracked 
|  98|0x000000070f200000, 0x000000070f200000, 0x000000070f400000|  0%| F|  |TAMS 0x000000070f200000, 0x000000070f200000| Untracked 
|  99|0x000000070f400000, 0x000000070f400000, 0x000000070f600000|  0%| F|  |TAMS 0x000000070f400000, 0x000000070f400000| Untracked 
| 100|0x000000070f600000, 0x000000070f600000, 0x000000070f800000|  0%| F|  |TAMS 0x000000070f600000, 0x000000070f600000| Untracked 
| 101|0x000000070f800000, 0x000000070f800000, 0x000000070fa00000|  0%| F|  |TAMS 0x000000070f800000, 0x000000070f800000| Untracked 
| 102|0x000000070fa00000, 0x000000070fa00000, 0x000000070fc00000|  0%| F|  |TAMS 0x000000070fa00000, 0x000000070fa00000| Untracked 
| 103|0x000000070fc00000, 0x000000070fc00000, 0x000000070fe00000|  0%| F|  |TAMS 0x000000070fc00000, 0x000000070fc00000| Untracked 
| 104|0x000000070fe00000, 0x000000070fe00000, 0x0000000710000000|  0%| F|  |TAMS 0x000000070fe00000, 0x000000070fe00000| Untracked 
| 105|0x0000000710000000, 0x0000000710000000, 0x0000000710200000|  0%| F|  |TAMS 0x0000000710000000, 0x0000000710000000| Untracked 
| 106|0x0000000710200000, 0x0000000710200000, 0x0000000710400000|  0%| F|  |TAMS 0x0000000710200000, 0x0000000710200000| Untracked 
| 107|0x0000000710400000, 0x0000000710400000, 0x0000000710600000|  0%| F|  |TAMS 0x0000000710400000, 0x0000000710400000| Untracked 
| 108|0x0000000710600000, 0x0000000710600000, 0x0000000710800000|  0%| F|  |TAMS 0x0000000710600000, 0x0000000710600000| Untracked 
| 109|0x0000000710800000, 0x0000000710800000, 0x0000000710a00000|  0%| F|  |TAMS 0x0000000710800000, 0x0000000710800000| Untracked 
| 110|0x0000000710a00000, 0x0000000710a00000, 0x0000000710c00000|  0%| F|  |TAMS 0x0000000710a00000, 0x0000000710a00000| Untracked 
| 111|0x0000000710c00000, 0x0000000710c00000, 0x0000000710e00000|  0%| F|  |TAMS 0x0000000710c00000, 0x0000000710c00000| Untracked 
| 112|0x0000000710e00000, 0x0000000710e00000, 0x0000000711000000|  0%| F|  |TAMS 0x0000000710e00000, 0x0000000710e00000| Untracked 
| 113|0x0000000711000000, 0x0000000711000000, 0x0000000711200000|  0%| F|  |TAMS 0x0000000711000000, 0x0000000711000000| Untracked 
| 114|0x0000000711200000, 0x0000000711200000, 0x0000000711400000|  0%| F|  |TAMS 0x0000000711200000, 0x0000000711200000| Untracked 
| 115|0x0000000711400000, 0x0000000711400000, 0x0000000711600000|  0%| F|  |TAMS 0x0000000711400000, 0x0000000711400000| Untracked 
| 116|0x0000000711600000, 0x0000000711600000, 0x0000000711800000|  0%| F|  |TAMS 0x0000000711600000, 0x0000000711600000| Untracked 
| 117|0x0000000711800000, 0x0000000711800000, 0x0000000711a00000|  0%| F|  |TAMS 0x0000000711800000, 0x0000000711800000| Untracked 
| 118|0x0000000711a00000, 0x0000000711a00000, 0x0000000711c00000|  0%| F|  |TAMS 0x0000000711a00000, 0x0000000711a00000| Untracked 
| 119|0x0000000711c00000, 0x0000000711e00000, 0x0000000711e00000|100%| E|  |TAMS 0x0000000711c00000, 0x0000000711c00000| Complete 
| 120|0x0000000711e00000, 0x0000000712000000, 0x0000000712000000|100%| E|CS|TAMS 0x0000000711e00000, 0x0000000711e00000| Complete 
| 121|0x0000000712000000, 0x0000000712200000, 0x0000000712200000|100%| E|CS|TAMS 0x0000000712000000, 0x0000000712000000| Complete 
| 122|0x0000000712200000, 0x0000000712400000, 0x0000000712400000|100%| E|CS|TAMS 0x0000000712200000, 0x0000000712200000| Complete 
| 123|0x0000000712400000, 0x0000000712600000, 0x0000000712600000|100%| E|CS|TAMS 0x0000000712400000, 0x0000000712400000| Complete 
| 124|0x0000000712600000, 0x0000000712800000, 0x0000000712800000|100%| E|CS|TAMS 0x0000000712600000, 0x0000000712600000| Complete 
| 125|0x0000000712800000, 0x0000000712a00000, 0x0000000712a00000|100%| E|CS|TAMS 0x0000000712800000, 0x0000000712800000| Complete 
| 126|0x0000000712a00000, 0x0000000712c00000, 0x0000000712c00000|100%| E|CS|TAMS 0x0000000712a00000, 0x0000000712a00000| Complete 

Card table byte_map: [0x000001b7e3ff0000,0x000001b7e47e0000] _byte_map_base: 0x000001b7e07d9000

Marking Bits (Prev, Next): (CMBitMap*) 0x000001b7cc6b47c0, (CMBitMap*) 0x000001b7cc6b4800
 Prev Bits: [0x000001b7e4fd0000, 0x000001b7e8f18000)
 Next Bits: [0x000001b7e8f20000, 0x000001b7ece68000)

Polling page: 0x000001b7ca640000

Metaspace:

Usage:
  Non-class:      4.67 MB used.
      Class:    332.59 KB used.
       Both:      4.99 MB used.

Virtual space:
  Non-class space:       64.00 MB reserved,       4.75 MB (  7%) committed,  1 nodes.
      Class space:        1.00 GB reserved,     448.00 KB ( <1%) committed,  1 nodes.
             Both:        1.06 GB reserved,       5.19 MB ( <1%) committed. 

Chunk freelists:
   Non-Class:  1.77 MB
       Class:  3.60 MB
        Both:  5.37 MB

MaxMetaspaceSize: unlimited
CompressedClassSpaceSize: 1.00 GB
Initial GC threshold: 21.00 MB
Current GC threshold: 21.00 MB
CDS: on
MetaspaceReclaimPolicy: balanced
 - commit_granule_bytes: 65536.
 - commit_granule_words: 8192.
 - virtual_space_node_default_size: 8388608.
 - enlarge_chunks_in_place: 1.
 - new_chunks_are_fully_committed: 0.
 - uncommit_free_chunks: 1.
 - use_allocation_guard: 0.


Internal statistics:

num_allocs_failed_limit: 0.
num_arena_births: 118.
num_arena_deaths: 0.
num_vsnodes_births: 2.
num_vsnodes_deaths: 0.
num_space_committed: 81.
num_space_uncommitted: 0.
num_chunks_returned_to_freelist: 0.
num_chunks_taken_from_freelist: 226.
num_chunk_merges: 0.
num_chunk_splits: 145.
num_chunks_enlarged: 94.
num_inconsistent_stats: 0.

CodeHeap 'non-profiled nmethods': size=119168Kb used=270Kb max_used=270Kb free=118897Kb
 bounds [0x000001b7dbb20000, 0x000001b7dbd90000, 0x000001b7e2f80000]
CodeHeap 'profiled nmethods': size=119104Kb used=1293Kb max_used=1293Kb free=117810Kb
 bounds [0x000001b7d46d0000, 0x000001b7d4940000, 0x000001b7dbb20000]
CodeHeap 'non-nmethods': size=7488Kb used=2742Kb max_used=2763Kb free=4745Kb
 bounds [0x000001b7d3f80000, 0x000001b7d4240000, 0x000001b7d46d0000]
 total_blobs=1903 nmethods=862 adapters=952
 compilation: enabled
              stopped_count=0, restarted_count=0
 full_count=0

Compilation events (20 events):
Event: 1.241 Thread 0x000001b7f41c98b0 nmethod 850 0x000001b7d4810490 code [0x000001b7d4810620, 0x000001b7d4810728]
Event: 1.258 Thread 0x000001b7efebe860  852       3       org.lwjgl.opengl.GL11::glDrawElements (8 bytes)
Event: 1.258 Thread 0x000001b7f41c0b70  853       3       org.lwjgl.opengl.GL11C::glDrawElements (8 bytes)
Event: 1.258 Thread 0x000001b7efebe860 nmethod 852 0x000001b7d4810810 code [0x000001b7d48109a0, 0x000001b7d4810aa8]
Event: 1.258 Thread 0x000001b7f41c0b70 nmethod 853 0x000001b7d4810b90 code [0x000001b7d4810d20, 0x000001b7d4810e28]
Event: 1.344 Thread 0x000001b7efebe360  855       4       java.lang.StringLatin1::newString (24 bytes)
Event: 1.346 Thread 0x000001b7efebe360 nmethod 855 0x000001b7dbb62510 code [0x000001b7dbb626a0, 0x000001b7dbb62b18]
Event: 1.346 Thread 0x000001b7efebe360  856       4       java.lang.AbstractStringBuilder::append (45 bytes)
Event: 1.346 Thread 0x000001b7f41c0b70  857       3       rpgrts.world.World::createChunk (25 bytes)
Event: 1.346 Thread 0x000001b7efebe860  858       3       rpgrts.world.Chunk::<init> (25 bytes)
Event: 1.346 Thread 0x000001b7f41c98b0  859       3       rpgrts.world.World::replaceChunk (10 bytes)
Event: 1.346 Thread 0x000001b7efebe860 nmethod 858 0x000001b7d4810f10 code [0x000001b7d48110c0, 0x000001b7d48112b8]
Event: 1.346 Thread 0x000001b7efebe860  860       3       rpgrts.world.Chunk::setTile (10 bytes)
Event: 1.346 Thread 0x000001b7f41c98b0 nmethod 859 0x000001b7d4811390 code [0x000001b7d4811540, 0x000001b7d4811838]
Event: 1.346 Thread 0x000001b7f41c0b70 nmethod 857 0x000001b7d4811990 code [0x000001b7d4811b60, 0x000001b7d4812098]
Event: 1.346 Thread 0x000001b7efebe860 nmethod 860 0x000001b7d4812310 code [0x000001b7d48124a0, 0x000001b7d4812618]
Event: 1.347 Thread 0x000001b7efebe860  861       3       java.lang.String::indexOf (18 bytes)
Event: 1.347 Thread 0x000001b7f41c0b70  862       3       java.lang.String::indexOf (113 bytes)
Event: 1.347 Thread 0x000001b7efebe860 nmethod 861 0x000001b7d4812790 code [0x000001b7d4812960, 0x000001b7d4812c28]
Event: 1.347 Thread 0x000001b7f41c0b70 nmethod 862 0x000001b7d4812d90 code [0x000001b7d4812fc0, 0x000001b7d48135e8]

GC Heap History (0 events):
No events

Deoptimization events (20 events):
Event: 0.334 Thread 0x000001b7cc6424c0 DEOPT PACKING pc=0x000001b7d47dfdc3 sp=0x000000382fffef90
Event: 0.334 Thread 0x000001b7cc6424c0 DEOPT UNPACKING pc=0x000001b7d3fd2b43 sp=0x000000382fffe420 mode 0
Event: 0.337 Thread 0x000001b7cc6424c0 DEOPT PACKING pc=0x000001b7d47dfdc3 sp=0x000000382fffeee0
Event: 0.337 Thread 0x000001b7cc6424c0 DEOPT UNPACKING pc=0x000001b7d3fd2b43 sp=0x000000382fffe370 mode 0
Event: 0.337 Thread 0x000001b7cc6424c0 DEOPT PACKING pc=0x000001b7d47dfdc3 sp=0x000000382fffeee0
Event: 0.337 Thread 0x000001b7cc6424c0 DEOPT UNPACKING pc=0x000001b7d3fd2b43 sp=0x000000382fffe370 mode 0
Event: 0.337 Thread 0x000001b7cc6424c0 DEOPT PACKING pc=0x000001b7d47dfdc3 sp=0x000000382fffeee0
Event: 0.337 Thread 0x000001b7cc6424c0 DEOPT UNPACKING pc=0x000001b7d3fd2b43 sp=0x000000382fffe370 mode 0
Event: 0.337 Thread 0x000001b7cc6424c0 DEOPT PACKING pc=0x000001b7d47dfdc3 sp=0x000000382fffeee0
Event: 0.337 Thread 0x000001b7cc6424c0 DEOPT UNPACKING pc=0x000001b7d3fd2b43 sp=0x000000382fffe370 mode 0
Event: 0.338 Thread 0x000001b7cc6424c0 DEOPT PACKING pc=0x000001b7d47dfdc3 sp=0x000000382fffeee0
Event: 0.338 Thread 0x000001b7cc6424c0 DEOPT UNPACKING pc=0x000001b7d3fd2b43 sp=0x000000382fffe370 mode 0
Event: 0.338 Thread 0x000001b7cc6424c0 DEOPT PACKING pc=0x000001b7d47dfdc3 sp=0x000000382fffeee0
Event: 0.338 Thread 0x000001b7cc6424c0 DEOPT UNPACKING pc=0x000001b7d3fd2b43 sp=0x000000382fffe370 mode 0
Event: 0.338 Thread 0x000001b7cc6424c0 DEOPT PACKING pc=0x000001b7d47dfdc3 sp=0x000000382fffeee0
Event: 0.338 Thread 0x000001b7cc6424c0 DEOPT UNPACKING pc=0x000001b7d3fd2b43 sp=0x000000382fffe370 mode 0
Event: 0.338 Thread 0x000001b7cc6424c0 DEOPT PACKING pc=0x000001b7d47dfdc3 sp=0x000000382fffeee0
Event: 0.338 Thread 0x000001b7cc6424c0 DEOPT UNPACKING pc=0x000001b7d3fd2b43 sp=0x000000382fffe370 mode 0
Event: 0.343 Thread 0x000001b7cc6424c0 DEOPT PACKING pc=0x000001b7d47dd3f0 sp=0x000000382fffecb0
Event: 0.343 Thread 0x000001b7cc6424c0 DEOPT UNPACKING pc=0x000001b7d3fd2b43 sp=0x000000382fffe188 mode 0

Classes loaded (20 events):
Event: 0.305 Loading class java/awt/Image done
Event: 0.305 Loading class java/awt/image/BufferedImage done
Event: 0.305 Loading class java/awt/ImageCapabilities
Event: 0.305 Loading class java/awt/ImageCapabilities done
Event: 0.305 Loading class java/awt/Image$1
Event: 0.305 Loading class sun/awt/image/SurfaceManager$ImageAccessor
Event: 0.305 Loading class sun/awt/image/SurfaceManager$ImageAccessor done
Event: 0.305 Loading class java/awt/Image$1 done
Event: 0.305 Loading class sun/awt/image/SurfaceManager
Event: 0.305 Loading class sun/awt/image/SurfaceManager done
Event: 0.305 Loading class java/awt/image/BufferedImage$1
Event: 0.305 Loading class java/awt/image/BufferedImage$1 done
Event: 0.305 Loading class sun/awt/image/IntegerComponentRaster
Event: 0.305 Loading class sun/awt/image/IntegerComponentRaster done
Event: 0.305 Loading class java/awt/image/IndexColorModel
Event: 0.305 Loading class java/awt/image/IndexColorModel done
Event: 0.305 Loading class sun/awt/image/ShortComponentRaster
Event: 0.305 Loading class sun/awt/image/ShortComponentRaster done
Event: 0.305 Loading class com/sun/imageio/plugins/common/ReaderUtil
Event: 0.305 Loading class com/sun/imageio/plugins/common/ReaderUtil done

Classes unloaded (0 events):
No events

Classes redefined (0 events):
No events

Internal exceptions (20 events):
Event: 0.093 Thread 0x000001b7cc6424c0 Exception <a 'sun/nio/fs/WindowsException'{0x000000071268d2e0}> (0x000000071268d2e0) 
thrown [s\open\src\hotspot\share\prims\jni.cpp, line 516]
Event: 0.093 Thread 0x000001b7cc6424c0 Exception <a 'sun/nio/fs/WindowsException'{0x000000071268d860}> (0x000000071268d860) 
thrown [s\open\src\hotspot\share\prims\jni.cpp, line 516]
Event: 0.103 Thread 0x000001b7cc6424c0 Exception <a 'sun/nio/fs/WindowsException'{0x00000007126ef110}> (0x00000007126ef110) 
thrown [s\open\src\hotspot\share\prims\jni.cpp, line 516]
Event: 0.103 Thread 0x000001b7cc6424c0 Exception <a 'sun/nio/fs/WindowsException'{0x00000007126ef4a0}> (0x00000007126ef4a0) 
thrown [s\open\src\hotspot\share\prims\jni.cpp, line 516]
Event: 0.106 Thread 0x000001b7cc6424c0 Exception <a 'java/lang/NoSuchMethodError'{0x0000000712720fa8}: 'java.lang.Object java.lang.invoke.DirectMethodHandle$Holder.invokeStaticInit(java.lang.Object)'> (0x0000000712720fa8) 
thrown [s\open\src\hotspot\share\interpreter\linkResolver.cpp, line 759]
Event: 0.109 Thread 0x000001b7cc6424c0 Exception <a 'java/lang/NoSuchMethodError'{0x0000000712741780}: 'int java.lang.invoke.DirectMethodHandle$Holder.invokeStaticInit(java.lang.Object, java.lang.Object, int, long)'> (0x0000000712741780) 
thrown [s\open\src\hotspot\share\interpreter\linkResolver.cpp, line 759]
Event: 0.109 Thread 0x000001b7cc6424c0 Exception <a 'java/lang/NoSuchMethodError'{0x0000000712747048}: 'java.lang.Object java.lang.invoke.DirectMethodHandle$Holder.newInvokeSpecial(java.lang.Object, java.lang.Object, int)'> (0x0000000712747048) 
thrown [s\open\src\hotspot\share\interpreter\linkResolver.cpp, line 759]
Event: 0.110 Thread 0x000001b7cc6424c0 Exception <a 'java/lang/NoSuchMethodError'{0x0000000712755be8}: 'int java.lang.invoke.DirectMethodHandle$Holder.invokeStaticInit(java.lang.Object, java.lang.Object, long, long)'> (0x0000000712755be8) 
thrown [s\open\src\hotspot\share\interpreter\linkResolver.cpp, line 759]
Event: 0.111 Thread 0x000001b7cc6424c0 Exception <a 'java/lang/NoSuchMethodError'{0x000000071275bcf8}: 'java.lang.Object java.lang.invoke.DirectMethodHandle$Holder.newInvokeSpecial(java.lang.Object, java.lang.Object, long)'> (0x000000071275bcf8) 
thrown [s\open\src\hotspot\share\interpreter\linkResolver.cpp, line 759]
Event: 0.111 Thread 0x000001b7cc6424c0 Exception <a 'java/lang/NoSuchMethodError'{0x000000071275fff8}: 'java.lang.Object java.lang.invoke.Invokers$Holder.linkToTargetMethod(java.lang.Object, long, java.lang.Object)'> (0x000000071275fff8) 
thrown [s\open\src\hotspot\share\interpreter\linkResolver.cpp, line 759]
Event: 0.111 Thread 0x000001b7cc6424c0 Exception <a 'java/lang/NoSuchMethodError'{0x00000007127675a0}: 'int java.lang.invoke.DirectMethodHandle$Holder.invokeStaticInit(java.lang.Object, java.lang.Object, java.lang.Object, long)'> (0x00000007127675a0) 
thrown [s\open\src\hotspot\share\interpreter\linkResolver.cpp, line 759]
Event: 0.243 Thread 0x000001b7cc6424c0 Exception <a 'java/lang/NoSuchMethodError'{0x0000000712431488}: 'void java.lang.System.load(java.lang.String, java.lang.Class)'> (0x0000000712431488) 
thrown [s\open\src\hotspot\share\interpreter\linkResolver.cpp, line 759]
Event: 0.244 Thread 0x000001b7cc6424c0 Exception <a 'java/lang/NoSuchMethodError'{0x0000000712434318}: 'void java.lang.System.loadLibrary(java.lang.String, java.lang.Class)'> (0x0000000712434318) 
thrown [s\open\src\hotspot\share\interpreter\linkResolver.cpp, line 759]
Event: 0.246 Thread 0x000001b7cc6424c0 Exception <a 'sun/nio/fs/WindowsException'{0x0000000712444270}> (0x0000000712444270) 
thrown [s\open\src\hotspot\share\prims\jni.cpp, line 516]
Event: 0.246 Thread 0x000001b7cc6424c0 Exception <a 'sun/nio/fs/WindowsException'{0x0000000712444648}> (0x0000000712444648) 
thrown [s\open\src\hotspot\share\prims\jni.cpp, line 516]
Event: 0.248 Thread 0x000001b7cc6424c0 Exception <a 'sun/nio/fs/WindowsException'{0x0000000712449d78}> (0x0000000712449d78) 
thrown [s\open\src\hotspot\share\prims\jni.cpp, line 516]
Event: 0.248 Thread 0x000001b7cc6424c0 Exception <a 'sun/nio/fs/WindowsException'{0x000000071244a088}> (0x000000071244a088) 
thrown [s\open\src\hotspot\share\prims\jni.cpp, line 516]
Event: 0.281 Thread 0x000001b7cc6424c0 Exception <a 'java/lang/ClassNotFoundException'{0x000000071255bb28}: sun/awt/resources/spi/awtProvider> (0x000000071255bb28) 
thrown [s\open\src\hotspot\share\classfile\systemDictionary.cpp, line 255]
Event: 0.290 Thread 0x000001b7cc6424c0 Exception <a 'java/io/FileNotFoundException'{0x00000007125aac80}> (0x00000007125aac80) 
thrown [s\open\src\hotspot\share\prims\jni.cpp, line 516]
Event: 0.293 Thread 0x000001b7cc6424c0 Exception <a 'java/io/FileNotFoundException'{0x00000007125d7cd0}> (0x00000007125d7cd0) 
thrown [s\open\src\hotspot\share\prims\jni.cpp, line 516]

VM Operations (6 events):
Event: 0.042 Executing VM operation: HandshakeAllThreads
Event: 0.042 Executing VM operation: HandshakeAllThreads done
Event: 0.278 Executing VM operation: HandshakeAllThreads
Event: 0.278 Executing VM operation: HandshakeAllThreads done
Event: 1.281 Executing VM operation: Cleanup
Event: 1.282 Executing VM operation: Cleanup done

Events (20 events):
Event: 0.018 Thread 0x000001b7efebe860 Thread added: 0x000001b7efebe860
Event: 0.018 Thread 0x000001b7efec8d60 Thread added: 0x000001b7efec8d60
Event: 0.031 Thread 0x000001b7f41c0b70 Thread added: 0x000001b7f41c0b70
Event: 0.032 Thread 0x000001b7f41c98b0 Thread added: 0x000001b7f41c98b0
Event: 0.033 Thread 0x000001b7f41f8470 Thread added: 0x000001b7f41f8470
Event: 0.034 Thread 0x000001b7f41f8940 Thread added: 0x000001b7f41f8940
Event: 0.038 Loaded shared library C:\Program Files\Java\jdk-18.0.2\bin\net.dll
Event: 0.039 Loaded shared library C:\Program Files\Java\jdk-18.0.2\bin\nio.dll
Event: 0.041 Loaded shared library C:\Program Files\Java\jdk-18.0.2\bin\zip.dll
Event: 0.056 Loaded shared library C:\Program Files\Java\jdk-18.0.2\bin\jimage.dll
Event: 0.094 Loaded shared library C:\Users\heikk\AppData\Local\Temp\lwjgl_heikk\3.3.2-snapshot+7\x64\lwjgl.dll
Event: 0.247 Loaded shared library C:\Users\heikk\AppData\Local\Temp\lwjgl_heikk\3.3.2-snapshot+7\x64\lwjgl_opengl.dll
Event: 0.251 Thread 0x000001b7f4b2f020 Thread added: 0x000001b7f4b2f020
Event: 0.286 Loaded shared library C:\Program Files\Java\jdk-18.0.2\bin\awt.dll
Event: 0.300 Thread 0x000001b7f41fafc0 Thread added: 0x000001b7f41fafc0
Event: 0.317 Thread 0x000001b7f4be9c50 Thread added: 0x000001b7f4be9c50
Event: 0.317 Thread 0x000001b7f4bec160 Thread added: 0x000001b7f4bec160
Event: 0.640 Thread 0x000001b7f4bec160 Thread exited: 0x000001b7f4bec160
Event: 0.640 Thread 0x000001b7f4be9c50 Thread exited: 0x000001b7f4be9c50
Event: 0.640 Thread 0x000001b7f4b2f020 Thread exited: 0x000001b7f4b2f020


Dynamic libraries:
0x00007ff7e3fc0000 - 0x00007ff7e3fd0000 	C:\Program Files\Java\jdk-18.0.2\bin\javaw.exe
0x00007ff886550000 - 0x00007ff886748000 	C:\Windows\SYSTEM32\ntdll.dll
0x00007ff885c80000 - 0x00007ff885d3f000 	C:\Windows\System32\KERNEL32.DLL
0x00007ff883c40000 - 0x00007ff883f12000 	C:\Windows\System32\KERNELBASE.dll
0x00007ff884490000 - 0x00007ff884590000 	C:\Windows\System32\ucrtbase.dll
0x00007ff864700000 - 0x00007ff864718000 	C:\Program Files\Java\jdk-18.0.2\bin\jli.dll
0x00007ff864720000 - 0x00007ff86473a000 	C:\Program Files\Java\jdk-18.0.2\bin\VCRUNTIME140.dll
0x00007ff885b30000 - 0x00007ff885bde000 	C:\Windows\System32\ADVAPI32.dll
0x00007ff884810000 - 0x00007ff8848ae000 	C:\Windows\System32\msvcrt.dll
0x00007ff885be0000 - 0x00007ff885c7c000 	C:\Windows\System32\sechost.dll
0x00007ff884c70000 - 0x00007ff884d95000 	C:\Windows\System32\RPCRT4.dll
0x00007ff884ac0000 - 0x00007ff884c61000 	C:\Windows\System32\USER32.dll
0x00007ff884460000 - 0x00007ff884482000 	C:\Windows\System32\win32u.dll
0x00007ff873a30000 - 0x00007ff873cca000 	C:\Windows\WinSxS\amd64_microsoft.windows.common-controls_6595b64144ccf1df_6.0.19041.1110_none_60b5254171f9507e\COMCTL32.dll
0x00007ff8849e0000 - 0x00007ff884a0b000 	C:\Windows\System32\GDI32.dll
0x00007ff8841c0000 - 0x00007ff8842cf000 	C:\Windows\System32\gdi32full.dll
0x00007ff884120000 - 0x00007ff8841bd000 	C:\Windows\System32\msvcp_win.dll
0x00007ff87dbc0000 - 0x00007ff87dbca000 	C:\Windows\SYSTEM32\VERSION.dll
0x00007ff8858e0000 - 0x00007ff885912000 	C:\Windows\System32\IMM32.DLL
0x00007ff868b30000 - 0x00007ff868b3c000 	C:\Program Files\Java\jdk-18.0.2\bin\vcruntime140_1.dll
0x00007ff8630f0000 - 0x00007ff86317d000 	C:\Program Files\Java\jdk-18.0.2\bin\msvcp140.dll
0x00007ff814750000 - 0x00007ff815361000 	C:\Program Files\Java\jdk-18.0.2\bin\server\jvm.dll
0x00007ff885100000 - 0x00007ff885108000 	C:\Windows\System32\PSAPI.DLL
0x00007ff87afa0000 - 0x00007ff87afc7000 	C:\Windows\SYSTEM32\WINMM.dll
0x00007ff86b600000 - 0x00007ff86b609000 	C:\Windows\SYSTEM32\WSOCK32.dll
0x00007ff885090000 - 0x00007ff8850fb000 	C:\Windows\System32\WS2_32.dll
0x00007ff8824b0000 - 0x00007ff8824c2000 	C:\Windows\SYSTEM32\kernel.appcore.dll
0x00007ff867020000 - 0x00007ff86702a000 	C:\Program Files\Java\jdk-18.0.2\bin\jimage.dll
0x00007ff8822a0000 - 0x00007ff882484000 	C:\Windows\SYSTEM32\DBGHELP.DLL
0x00007ff86cf80000 - 0x00007ff86cfb5000 	C:\Windows\SYSTEM32\dbgcore.DLL
0x00007ff8842d0000 - 0x00007ff884352000 	C:\Windows\System32\bcryptPrimitives.dll
0x00007ff85efc0000 - 0x00007ff85efe5000 	C:\Program Files\Java\jdk-18.0.2\bin\java.dll
0x00007ff85c180000 - 0x00007ff85c256000 	C:\Program Files\Java\jdk-18.0.2\bin\jsvml.dll
0x00007ff885dc0000 - 0x00007ff886504000 	C:\Windows\System32\SHELL32.dll
0x00007ff881a30000 - 0x00007ff8821c2000 	C:\Windows\SYSTEM32\windows.storage.dll
0x00007ff885580000 - 0x00007ff8858d5000 	C:\Windows\System32\combase.dll
0x00007ff8836a0000 - 0x00007ff8836d0000 	C:\Windows\SYSTEM32\Wldp.dll
0x00007ff885a00000 - 0x00007ff885aad000 	C:\Windows\System32\SHCORE.dll
0x00007ff8847b0000 - 0x00007ff884805000 	C:\Windows\System32\shlwapi.dll
0x00007ff883b80000 - 0x00007ff883b9f000 	C:\Windows\SYSTEM32\profapi.dll
0x00007ff8630d0000 - 0x00007ff8630e3000 	C:\Program Files\Java\jdk-18.0.2\bin\net.dll
0x00007ff87d3b0000 - 0x00007ff87d4bc000 	C:\Windows\SYSTEM32\WINHTTP.dll
0x00007ff883400000 - 0x00007ff88346a000 	C:\Windows\system32\mswsock.dll
0x00007ff85f0b0000 - 0x00007ff85f0c6000 	C:\Program Files\Java\jdk-18.0.2\bin\nio.dll
0x00007ff85efa0000 - 0x00007ff85efb8000 	C:\Program Files\Java\jdk-18.0.2\bin\zip.dll
0x00007ff85c610000 - 0x00007ff85c688000 	C:\Users\heikk\AppData\Local\Temp\lwjgl_heikk\3.3.2-snapshot+7\x64\lwjgl.dll
0x00007ff85c5a0000 - 0x00007ff85c601000 	C:\Users\heikk\AppData\Local\Temp\lwjgl_heikk\3.3.2-snapshot+7\x64\glfw.dll
0x00007ff85de50000 - 0x00007ff85de95000 	C:\Windows\SYSTEM32\dinput8.dll
0x00007ff85d8d0000 - 0x00007ff85d8e1000 	C:\Windows\SYSTEM32\xinput1_4.dll
0x00007ff884410000 - 0x00007ff88445e000 	C:\Windows\System32\cfgmgr32.dll
0x00007ff883a10000 - 0x00007ff883a3c000 	C:\Windows\SYSTEM32\DEVOBJ.dll
0x00007ff881410000 - 0x00007ff88143f000 	C:\Windows\SYSTEM32\dwmapi.dll
0x00007ff86aaf0000 - 0x00007ff86ac42000 	C:\Windows\SYSTEM32\inputhost.dll
0x00007ff884590000 - 0x00007ff88465d000 	C:\Windows\System32\OLEAUT32.dll
0x00007ff87edc0000 - 0x00007ff87eeb6000 	C:\Windows\SYSTEM32\PROPSYS.dll
0x00007ff880d70000 - 0x00007ff880e62000 	C:\Windows\SYSTEM32\CoreMessaging.dll
0x00007ff87f6b0000 - 0x00007ff87f804000 	C:\Windows\SYSTEM32\wintypes.dll
0x00007ff880a10000 - 0x00007ff880d6e000 	C:\Windows\SYSTEM32\CoreUIComponents.dll
0x00007ff882df0000 - 0x00007ff882e23000 	C:\Windows\SYSTEM32\ntmarta.dll
0x00007ff8810f0000 - 0x00007ff88118e000 	C:\Windows\system32\uxtheme.dll
0x00007ff8848c0000 - 0x00007ff8849d5000 	C:\Windows\System32\MSCTF.dll
0x00007ff818370000 - 0x00007ff818495000 	C:\Windows\SYSTEM32\opengl32.dll
0x00007ff85c570000 - 0x00007ff85c59c000 	C:\Windows\SYSTEM32\GLU32.dll
0x00007ff884a10000 - 0x00007ff884abf000 	C:\Windows\System32\clbcatq.dll
0x00007fffd66b0000 - 0x00007fffd986a000 	C:\Windows\System32\DriverStore\FileRepository\nvle.inf_amd64_75fddface1fba2c4\nvoglv64.dll
0x00007ff885110000 - 0x00007ff885578000 	C:\Windows\System32\SETUPAPI.dll
0x00007ff883f90000 - 0x00007ff883fb7000 	C:\Windows\System32\bcrypt.dll
0x00007ff884da0000 - 0x00007ff884eca000 	C:\Windows\System32\ole32.dll
0x00007ff87f200000 - 0x00007ff87f214000 	C:\Windows\SYSTEM32\WTSAPI32.dll
0x00007ff883610000 - 0x00007ff88361c000 	C:\Windows\SYSTEM32\CRYPTBASE.DLL
0x00007ff883830000 - 0x00007ff883842000 	C:\Windows\SYSTEM32\msasn1.dll
0x00007ff87da00000 - 0x00007ff87da31000 	C:\Windows\SYSTEM32\cryptnet.dll
0x00007ff883fc0000 - 0x00007ff884116000 	C:\Windows\System32\CRYPT32.dll
0x00007ff87d8b0000 - 0x00007ff87d9f8000 	C:\Windows\SYSTEM32\drvstore.dll
0x00007ff883f20000 - 0x00007ff883f89000 	C:\Windows\System32\WINTRUST.dll
0x00007ff87d350000 - 0x00007ff87d38b000 	C:\Windows\SYSTEM32\dxcore.dll
0x00007ff828fa0000 - 0x00007ff829267000 	C:\Windows\system32\nvspcap64.dll
0x00007ff883210000 - 0x00007ff88325b000 	C:\Windows\SYSTEM32\powrprof.dll
0x00007ff883080000 - 0x00007ff883092000 	C:\Windows\SYSTEM32\UMPDC.dll
0x00007ff882980000 - 0x00007ff8829e4000 	C:\Windows\SYSTEM32\WINSTA.dll
0x00007ff869580000 - 0x00007ff869679000 	C:\Windows\SYSTEM32\textinputframework.dll
0x00007ff873920000 - 0x00007ff873986000 	C:\Windows\system32\Oleacc.dll
0x00007ff85c510000 - 0x00007ff85c56d000 	C:\Users\heikk\AppData\Local\Temp\lwjgl_heikk\3.3.2-snapshot+7\x64\lwjgl_opengl.dll
0x00007ff815ae0000 - 0x00007ff815c6f000 	C:\Program Files\Java\jdk-18.0.2\bin\awt.dll
0x00007ff880fa0000 - 0x00007ff881031000 	C:\Windows\SYSTEM32\apphelp.dll

dbghelp: loaded successfully - version: 4.0.5 - missing functions: none
symbol engine: initialized successfully - sym options: 0x614 - pdb path: .;C:\Program Files\Java\jdk-18.0.2\bin;C:\Windows\SYSTEM32;C:\Windows\WinSxS\amd64_microsoft.windows.common-controls_6595b64144ccf1df_6.0.19041.1110_none_60b5254171f9507e;C:\Program Files\Java\jdk-18.0.2\bin\server;C:\Users\heikk\AppData\Local\Temp\lwjgl_heikk\3.3.2-snapshot+7\x64;C:\Windows\System32\DriverStore\FileRepository\nvle.inf_amd64_75fddface1fba2c4

VM Arguments:
jvm_args: -Dfile.encoding=UTF-8 -XX:+ShowCodeDetailsInExceptionMessages 
java_command: rpgrts.main.Main
java_class_path (initial): C:\Users\heikk\Desktop\racismproject\rpgrts\bin;C:\Users\heikk\Desktop\racismproject\lwjgl\lib\lwjgl\lwjgl.jar;C:\Users\heikk\Desktop\racismproject\lwjgl\lib\lwjgl\lwjgl-javadoc.jar;C:\Users\heikk\Desktop\racismproject\lwjgl\lib\lwjgl-glfw\lwjgl-glfw.jar;C:\Users\heikk\Desktop\racismproject\lwjgl\lib\lwjgl-glfw\lwjgl-glfw-javadoc.jar;C:\Users\heikk\Desktop\racismproject\lwjgl\lib\lwjgl-glfw\lwjgl-glfw-natives-windows-x86.jar;C:\Users\heikk\Desktop\racismproject\lwjgl\lib\lwjgl\lwjgl-natives-windows.jar;C:\Users\heikk\Desktop\racismproject\lwjgl\lib\lwjgl-glfw\lwjgl-glfw-natives-windows.jar;C:\Users\heikk\Desktop\racismproject\lwjgl\lib\lwjgl-glfw\lwjgl-glfw-natives-windows-arm64.jar;C:\Users\heikk\Desktop\racismproject\lwjgl\lib\lwjgl-opengl\lwjgl-opengl.jar;C:\Users\heikk\Desktop\racismproject\lwjgl\lib\lwjgl-opengl\lwjgl-opengl-javadoc.jar;C:\Users\heikk\Desktop\racismproject\lwjgl\lib\lwjgl-opengl\lwjgl-opengl-natives-linux.jar;C:\Users\heikk\Desktop\racismproject\lwjgl\lib\lwjgl-opengl\lwjgl-opengl-natives-linux-arm32.jar;C:\Users\heikk\Desktop\racismproject\lwjgl\lib\lwjgl-opengl\lwjgl-opengl-natives-linux-arm64.jar;C:\Users\heikk\Desktop\racismproject\lwjgl\lib\lwjgl-opengl\lwjgl-opengl-natives-macos.jar;C:\Users\heikk\Desktop\racismproject\lwjgl\lib\lwjgl-opengl\lwjgl-opengl-natives-macos-arm64.jar;C:\Users\heikk\Desktop\racismproject\lwjgl\lib\lwjgl-opengl\lwjgl-opengl-natives-windows.jar;C:\Users\heikk\Desktop\racismproject\lwjgl\lib\lwjgl-opengl\lwjgl-opengl-natives-windows-arm64.jar;C:\Users\heikk\Desktop\racismproject\lwjgl\lib\lwjgl-opengl\lwjgl-opengl-natives-windows-x86.jar
Launcher Type: SUN_STANDARD

[Global flags]
     intx CICompilerCount                          = 12                                        {product} {ergonomic}
     uint ConcGCThreads                            = 3                                         {product} {ergonomic}
     uint G1ConcRefinementThreads                  = 13                                        {product} {ergonomic}
   size_t G1HeapRegionSize                         = 2097152                                   {product} {ergonomic}
    uintx GCDrainStackTargetSize                   = 64                                        {product} {ergonomic}
   size_t InitialHeapSize                          = 266338304                                 {product} {ergonomic}
   size_t MarkStackSize                            = 4194304                                   {product} {ergonomic}
   size_t MaxHeapSize                              = 4246732800                                {product} {ergonomic}
   size_t MaxNewSize                               = 2548039680                                {product} {ergonomic}
   size_t MinHeapDeltaBytes                        = 2097152                                   {product} {ergonomic}
   size_t MinHeapSize                              = 8388608                                   {product} {ergonomic}
    uintx NonNMethodCodeHeapSize                   = 7602480                                {pd product} {ergonomic}
    uintx NonProfiledCodeHeapSize                  = 122027880                              {pd product} {ergonomic}
    uintx ProfiledCodeHeapSize                     = 122027880                              {pd product} {ergonomic}
    uintx ReservedCodeCacheSize                    = 251658240                              {pd product} {ergonomic}
     bool SegmentedCodeCache                       = true                                      {product} {ergonomic}
     bool ShowCodeDetailsInExceptionMessages       = true                                   {manageable} {command line}
   size_t SoftMaxHeapSize                          = 4246732800                             {manageable} {ergonomic}
     bool UseCompressedClassPointers               = true                           {product lp64_product} {ergonomic}
     bool UseCompressedOops                        = true                           {product lp64_product} {ergonomic}
     bool UseG1GC                                  = true                                      {product} {ergonomic}
     bool UseLargePagesIndividualAllocation        = false                                  {pd product} {ergonomic}

Logging:
Log output configuration:
 #0: stdout all=warning uptime,level,tags foldmultilines=false
 #1: stderr all=off uptime,level,tags foldmultilines=false

Environment Variables:
JAVA_HOME=C:\Program Files\Java\jdk-18.0.2
PATH=C:\VulkanSDK\1.3.231.1\Bin;C:\Program Files\Oculus\Support\oculus-runtime;C:\Program Files\Common Files\Oracle\Java\javapath;C:\Program Files (x86)\Common Files\Oracle\Java\javapath;C:\Windows\system32;C:\Windows;C:\Windows\System32\Wbem;C:\Windows\System32\WindowsPowerShell\v1.0\;C:\Windows\System32\OpenSSH\;C:\Program Files (x86)\NVIDIA Corporation\PhysX\Common;C:\Program Files\NVIDIA Corporation\NVIDIA NvDLISR;C:\Program Files\dotnet\;C:\Program Files\CMake\bin;C:\MinGW\bin;C:\Program Files (x86)\Microsoft Visual Studio\2019\BuildTools\VC\Tools\MSVC\14.29.30133\bin;C:\Program Files (x86)\GnuWin32\bin;C:\Program Files\Java\jdk-17.0.1\bin;C:\Program Files\Git\cmd;C:\Program Files (x86)\Windows Kits\10\Windows Performance Toolkit\;C:\Users\heikk\AppData\Local\Microsoft\WindowsApps;C:\Users\heikk\.dotnet\tools;C:\Users\heikk\Desktop\waf-master;
USERNAME=heikk
OS=Windows_NT
PROCESSOR_IDENTIFIER=Intel64 Family 6 Model 165 Stepping 5, GenuineIntel



---------------  S Y S T E M  ---------------

OS:
 Windows 10 , 64 bit Build 19041 (10.0.19041.2364)
OS uptime: 0 days 6:37 hours

CPU: total 16 (initial active 16) (8 cores per cpu, 2 threads per core) family 6 model 165 stepping 5 microcode 0xe2, cx8, cmov, fxsr, ht, mmx, 3dnowpref, sse, sse2, sse3, ssse3, sse4.1, sse4.2, popcnt, lzcnt, tsc, tscinvbit, avx, avx2, aes, erms, clmul, bmi1, bmi2, adx, fma, vzeroupper, clflush, clflushopt

Memory: 4k page, system-wide physical 16194M (10322M free)
TotalPageFile size 21570M (AvailPageFile size 12221M)
current process WorkingSet (physical memory assigned to process): 95M, peak: 95M
current process commit charge ("private bytes"): 423M, peak: 423M

vm_info: Java HotSpot(TM) 64-Bit Server VM (18.0.2+9-61) for windows-amd64 JRE (18.0.2+9-61), built on Jun  7 2022 13:09:01 by "mach5one" with MS VC++ 16.8 / 16.9 (VS2019)

END.
