#
# A fatal error has been detected by the Java Runtime Environment:
#
#  EXCEPTION_ACCESS_VIOLATION (0xc0000005) at pc=0x0000019f9f7ffec4, pid=10876, tid=17964
#
# JRE version: Java(TM) SE Runtime Environment (18.0.2+9) (build 18.0.2+9-61)
# Java VM: Java HotSpot(TM) 64-Bit Server VM (18.0.2+9-61, mixed mode, sharing, tiered, compressed oops, compressed class ptrs, g1 gc, windows-amd64)
# Problematic frame:
# C  0x0000019f9f7ffec4
#
# No core dump will be written. Minidumps are not enabled by default on client versions of Windows
#
# If you would like to submit a bug report, please visit:
#   https://bugreport.java.com/bugreport/crash.jsp
# The crash happened outside the Java Virtual Machine in native code.
# See problematic frame for where to report the bug.
#

---------------  S U M M A R Y ------------

Command Line: -Dfile.encoding=UTF-8 -XX:+ShowCodeDetailsInExceptionMessages rpgrts.main.Main

Host: Intel(R) Core(TM) i7-10700K CPU @ 3.80GHz, 16 cores, 15G,  Windows 10 , 64 bit Build 19041 (10.0.19041.2364)
Time: Sun Feb  5 16:12:08 2023 FLE Standard Time elapsed time: 2.539656 seconds (0d 0h 0m 2s)

---------------  T H R E A D  ---------------

Current thread (0x0000019feed836c0):  JavaThread "main" [_thread_in_native, id=17964, stack(0x00000086f1800000,0x00000086f1900000)]

Stack: [0x00000086f1800000,0x00000086f1900000],  sp=0x00000086f18fe970,  free space=1018k
Native frames: (J=compiled Java code, j=interpreted, Vv=VM code, C=native code)
C  0x0000019f9f7ffec4

Java frames: (J=compiled Java code, j=interpreted, Vv=VM code)
J 855  org.lwjgl.opengl.GL11C.nglDrawElements(IIIJ)V (0 bytes) @ 0x0000019f87be2276 [0x0000019f87be2220+0x0000000000000056]
J 854 c1 org.lwjgl.opengl.GL11C.glDrawElements(IIIJ)V (8 bytes) @ 0x0000019f8088d36c [0x0000019f8088d320+0x000000000000004c]
J 853 c1 org.lwjgl.opengl.GL11.glDrawElements(IIIJ)V (8 bytes) @ 0x0000019f8088d6ec [0x0000019f8088d6a0+0x000000000000004c]
j  rpgrts.world.Chunk.render(Lrpgrts/GameInfo;)V+21
j  rpgrts.world.World.render(Lrpgrts/Camera;Lrpgrts/GameInfo;)V+27
j  rpgrts.Game.render()V+37
j  rpgrts.main.Main.<init>()V+260
j  rpgrts.main.Main.main([Ljava/lang/String;)V+3
v  ~StubRoutines::call_stub

siginfo: EXCEPTION_ACCESS_VIOLATION (0xc0000005), reading address 0x0000000000000020


Register to memory mapping:

RIP=0x0000019f9f7ffec4 points into unknown readable memory: 8b 3e 8b 6e
RAX=0x0000019f9ad8a4e0 points into unknown readable memory: 0x000000003f800000 | 00 00 80 3f 00 00 00 00
RBX=0x0000019f9cbe0000 points into unknown readable memory: 0x0000019f99647130 | 30 71 64 99 9f 01 00 00
RCX=0x0000000000000002 is an unknown value
RDX=0x0000019f99b15944 points into unknown readable memory: 00 00 00 00
RSP=0x00000086f18fe970 is pointing into the stack for thread: 0x0000019feed836c0
RBP=0x0 is NULL
RSI=0x0000000000000020 is an unknown value
RDI=0x0000000000000020 is an unknown value
R8 =0x0000019f99b15940 points into unknown readable memory: 0x0000000000000002 | 02 00 00 00 00 00 00 00
R9 =0x0000000000000006 is an unknown value
R10=0x0000019f9cc5f048 points into unknown readable memory: 0x0000000000000000 | 00 00 00 00 00 00 00 00
R11=0x0000019f99b15958 points into unknown readable memory: 0x0000000000000000 | 00 00 00 00 00 00 00 00
R12=0x0000000000000090 is an unknown value
R13=0x0000019f9ad8a4e0 points into unknown readable memory: 0x000000003f800000 | 00 00 80 3f 00 00 00 00
R14=0x0 is NULL
R15=0x0000000000000006 is an unknown value


Registers:
RAX=0x0000019f9ad8a4e0, RBX=0x0000019f9cbe0000, RCX=0x0000000000000002, RDX=0x0000019f99b15944
RSP=0x00000086f18fe970, RBP=0x0000000000000000, RSI=0x0000000000000020, RDI=0x0000000000000020
R8 =0x0000019f99b15940, R9 =0x0000000000000006, R10=0x0000019f9cc5f048, R11=0x0000019f99b15958
R12=0x0000000000000090, R13=0x0000019f9ad8a4e0, R14=0x0000000000000000, R15=0x0000000000000006
RIP=0x0000019f9f7ffec4, EFLAGS=0x0000000000010202

Top of Stack: (sp=0x00000086f18fe970)
0x00000086f18fe970:   0000000800c258a0 0000019f9982b1f0
0x00000086f18fe980:   0000019f9cbe0000 0000000000000006
0x00000086f18fe990:   0000000000000000 00007ffff3dcb265
0x00000086f18fe9a0:   0000000000000090 0000000000000000
0x00000086f18fe9b0:   0000019f9cbe0000 0000000000000090
0x00000086f18fe9c0:   0000019feed83f90 0000019feed83f70
0x00000086f18fe9d0:   0000019feed836c0 0000019feed84058
0x00000086f18fe9e0:   0000000000000000 0000019f9ad8a4e0
0x00000086f18fe9f0:   0000000000000000 0000000000000000
0x00000086f18fea00:   0000019f99b15940 0000019f99c580a8
0x00000086f18fea10:   0000000000000006 0000019f9f7ffe40
0x00000086f18fea20:   0000000000000000 00000086f18fed50
0x00000086f18fea30:   0000019f95636a65 0000000000000000
0x00000086f18fea40:   0000019feed836c0 0000000000000000
0x00000086f18fea50:   0000000000000001 00007ff814ccdb6d
0x00000086f18fea60:   0000019feeb96a30 0000019feed836c0 

Instructions: (pc=0x0000019f9f7ffec4)
0x0000019f9f7ffdc4:   00 00 00 00 00 00 00 00 00 00 00 00 00 00 00 00
0x0000019f9f7ffdd4:   00 00 00 00 00 00 00 00 00 00 00 00 00 00 00 00
0x0000019f9f7ffde4:   00 00 00 00 00 00 00 00 00 00 00 00 00 00 00 00
0x0000019f9f7ffdf4:   00 00 00 00 00 00 00 00 00 00 00 00 00 00 00 00
0x0000019f9f7ffe04:   00 00 00 00 00 00 00 00 00 00 00 00 00 00 00 00
0x0000019f9f7ffe14:   00 00 00 00 00 00 00 00 00 00 00 00 00 00 00 00
0x0000019f9f7ffe24:   00 00 00 00 00 00 00 00 00 00 00 00 00 00 00 00
0x0000019f9f7ffe34:   00 00 00 00 00 ff ff ff 00 fe 00 00 48 83 ec 28
0x0000019f9f7ffe44:   48 89 6c 24 20 48 89 5c 24 18 48 89 74 24 10 48
0x0000019f9f7ffe54:   89 7c 24 08 48 8b d9 48 8b c2 49 8b e9 49 8b d0
0x0000019f9f7ffe64:   48 8d 2c aa 4c 8b dd 8b 0a 49 ba 48 f0 c5 9c 9f
0x0000019f9f7ffe74:   01 00 00 41 03 0a 48 83 c2 04 48 be 28 8e c3 9c
0x0000019f9f7ffe84:   9f 01 00 00 48 8b 36 48 8b b6 08 03 00 00 48 8b
0x0000019f9f7ffe94:   f9 48 c1 e7 04 48 03 f7 8b 3e 8b 6e 04 89 38 89
0x0000019f9f7ffea4:   68 04 48 be 28 8e c3 9c 9f 01 00 00 48 8b 36 48
0x0000019f9f7ffeb4:   8b b6 38 03 00 00 48 8b f9 48 c1 e7 04 48 03 f7
0x0000019f9f7ffec4:   8b 3e 8b 6e 04 89 78 08 89 68 0c 8b 7e 08 8b 6e
0x0000019f9f7ffed4:   0c 89 78 10 89 68 14 48 83 c0 18 49 3b d3 75 87
0x0000019f9f7ffee4:   48 8b 7c 24 08 48 8b 74 24 10 48 8b 5c 24 18 48
0x0000019f9f7ffef4:   8b 6c 24 20 48 83 c4 28 c3 00 00 00 00 00 00 00
0x0000019f9f7fff04:   00 00 00 00 00 00 00 00 00 00 00 00 00 00 00 00
0x0000019f9f7fff14:   00 00 00 00 00 00 00 00 00 00 00 00 00 00 00 00
0x0000019f9f7fff24:   00 00 00 00 00 00 00 00 00 00 00 00 00 00 00 00
0x0000019f9f7fff34:   00 00 00 00 80 ff ff ff 00 01 00 00 55 48 8b ec
0x0000019f9f7fff44:   53 56 57 4c 8b da 4c 8b d1 49 8b f2 49 8b fb 41
0x0000019f9f7fff54:   8b e8 85 ed 0f 84 30 00 00 00 b9 04 00 00 00 0f
0x0000019f9f7fff64:   8f 05 00 00 00 48 f7 d9 f7 dd 8b 1e 48 03 f1 48
0x0000019f9f7fff74:   83 c7 04 8b c3 81 e3 ff ff ff 00 81 e0 00 00 00
0x0000019f9f7fff84:   ff 0b d8 ff cd 89 5f fc 75 e0 5f 5e 5b 5d c3 00
0x0000019f9f7fff94:   00 00 00 00 00 00 00 00 00 00 00 00 00 00 00 00
0x0000019f9f7fffa4:   00 00 00 00 00 00 00 00 00 00 00 00 00 00 00 00
0x0000019f9f7fffb4:   00 00 00 00 c0 ff ff ff 80 00 00 00 48 b8 e0 96 


Stack slot to memory mapping:
stack at sp + 0 slots: 0x0000000800c258a0 is a pointer to class: 
rpgrts.world.Tile {0x0000000800c258a8}
 - instance size:     3
 - klass size:        63
 - access:            public synchronized 
 - state:             fully_initialized
 - name:              'rpgrts/world/Tile'
 - super:             'java/lang/Object'
 - sub:               
 - arrays:            'rpgrts/world/Tile'[]
 - methods:           Array<T>(0x0000019f95637910)
 - method ordering:   Array<T>(0x0000000800a7f670)
 - default_methods:   Array<T>(0x0000000000000000)
 - local interfaces:  Array<T>(0x00000008005bd0d8)
 - trans. interfaces: Array<T>(0x00000008005bd0d8)
 - constants:         constant pool [28] {0x0000019f956377a8} for 'rpgrts/world/Tile' cache=0x0000019f956379f8
 - class loader data:  loader data: 0x0000019fff5f4a90 for instance a 'jdk/internal/loader/ClassLoaders$AppClassLoader'{0x0000000712afa8a8}
 - source file:       'Tile.java'
 - class annotations:       Array<T>(0x0000000000000000)
 - class type annotations:  Array<T>(0x0000000000000000)
 - field annotations:       Array<T>(0x0000000000000000)
 - field type annotations:  Array<T>(0x0000000000000000)
 - inner classes:     Array<T>(0x00000008005bd068)
 - nest members:     Array<T>(0x00000008005bd068)
 - permitted subclasses:     Array<T>(0x00000008005bd068)
 - java mirror:       a 'java/lang/Class'{0x0000000711dc14d8} = 'rpgrts/world/Tile'
 - vtable length      5  (start addr: 0x0000000800c25a58)
 - itable length      2 (start addr: 0x0000000800c25a80)
 - ---- static fields (0 words):
 - ---- non-static fields (3 words):
 - 'VBO' 'I' @12 
 - 'VAO' 'I' @16 
 - 'texture' 'Lrpgrts/Texture;' @20 
 - non-static oop maps: 20-20 
stack at sp + 1 slots: 0x0000019f9982b1f0 points into unknown readable memory: 0x0000000000003000 | 00 30 00 00 00 00 00 00
stack at sp + 2 slots: 0x0000019f9cbe0000 points into unknown readable memory: 0x0000019f99647130 | 30 71 64 99 9f 01 00 00
stack at sp + 3 slots: 0x0000000000000006 is an unknown value
stack at sp + 4 slots: 0x0 is NULL
stack at sp + 5 slots: 0x00007ffff3dcb265 nvoglv64.dll
stack at sp + 6 slots: 0x0000000000000090 is an unknown value
stack at sp + 7 slots: 0x0 is NULL


Compiled method (n/a)    2571  855     n 0       org.lwjgl.opengl.GL11C::nglDrawElements (native)
 total in heap  [0x0000019f87be2090,0x0000019f87be2458] = 968
 relocation     [0x0000019f87be21e8,0x0000019f87be2218] = 48
 main code      [0x0000019f87be2220,0x0000019f87be2450] = 560
 oops           [0x0000019f87be2450,0x0000019f87be2458] = 8

[Constant Pool (empty)]

[MachCode]
[Entry Point]
  # {method} {0x0000019f955bc448} 'nglDrawElements' '(IIIJ)V' in 'org/lwjgl/opengl/GL11C'
  # parm0:    rdx       = int
  # parm1:    r8        = int
  # parm2:    r9        = int
  # parm3:    rdi:rdi   = long
  #           [sp+0x80]  (sp of caller)
  0x0000019f87be2220: 448b 5208 | 49bb 0000 | 0000 0800 | 0000 4d03 | d349 3bc2 | 0f84 0600 

  0x0000019f87be2238: ;   {runtime_call ic_miss_stub}
  0x0000019f87be2238: 0000 e941 | a846 f890 
[Verified Entry Point]
  0x0000019f87be2240: 8984 2400 | 90ff ff55 | 488b ec48 | 83ec 7048 | 897c 2428 | 4c89 4c24 | 204d 8bc8 

  0x0000019f87be225c: ;   {oop(a 'java/lang/Class'{0x00000007120720e0} = 'org/lwjgl/opengl/GL11C')}
  0x0000019f87be225c: 4c8b c249 | bee0 2007 | 1207 0000 | 004c 8974 | 2460 4c8d | 7424 6049 | 8bd6 c5f8 

  0x0000019f87be2278: ;   {internal_word}
  0x0000019f87be2278: 7749 ba76 | 22be 879f | 0100 004d | 8997 7802 | 0000 4989 | a770 0200 

  0x0000019f87be2290: ;   {external_word}
  0x0000019f87be2290: 0049 ba9d | 3c28 15f8 | 7f00 0041 | 803a 000f | 8452 0000 | 0052 4150 

  0x0000019f87be22a8: ;   {metadata({method} {0x0000019f955bc448} 'nglDrawElements' '(IIIJ)V' in 'org/lwjgl/opengl/GL11C')}
  0x0000019f87be22a8: 4151 48ba | 40c4 5b95 | 9f01 0000 | 498b cf48 | 83ec 20f7 | c40f 0000 | 000f 841a | 0000 0048 
  0x0000019f87be22c8: ;   {runtime_call}
  0x0000019f87be22c8: 83ec 0849 | ba90 d4e4 | 14f8 7f00 | 0041 ffd2 | 4883 c408 | e90d 0000 

  0x0000019f87be22e0: ;   {runtime_call}
  0x0000019f87be22e0: 0049 ba90 | d4e4 14f8 | 7f00 0041 | ffd2 4883 | c420 4159 | 4158 5a49 | 8d8f 9002 | 0000 41c7 
  0x0000019f87be2300: 8730 0300 | 0004 0000 

  0x0000019f87be2308: ;   {runtime_call}
  0x0000019f87be2308: 0049 bad0 | c51d 5ef8 | 7f00 0041 | ffd2 c5f8 | 7741 c787 | 3003 0000 | 0500 0000 | f083 4424 
  0x0000019f87be2328: c000 493b | af38 0300 | 000f 8711 | 0000 0041 | 81bf 2003 | 0000 0000 | 0000 0f84 | 2400 0000 
  0x0000019f87be2348: c5f8 7749 | 8bcf 4c8b | e448 83ec | 2048 83e4 

  0x0000019f87be2358: ;   {runtime_call}
  0x0000019f87be2358: f049 ba50 | 16ef 14f8 | 7f00 0041 | ffd2 498b | e44d 33e4 | 41c7 8730 | 0300 0008 | 0000 0041 
  0x0000019f87be2378: 81bf a003 | 0000 0200 | 0000 0f84 | 9b00 0000 

  0x0000019f87be2388: ;   {external_word}
  0x0000019f87be2388: 49ba 9d3c | 2815 f87f | 0000 4180 | 3a00 0f84 | 4800 0000 

  0x0000019f87be239c: ;   {metadata({method} {0x0000019f955bc448} 'nglDrawElements' '(IIIJ)V' in 'org/lwjgl/opengl/GL11C')}
  0x0000019f87be239c: 48ba 40c4 | 5b95 9f01 | 0000 498b | cf48 83ec | 20f7 c40f | 0000 000f | 841a 0000 | 0048 83ec 
  0x0000019f87be23bc: ;   {runtime_call}
  0x0000019f87be23bc: 0849 ba90 | d4e4 14f8 | 7f00 0041 | ffd2 4883 | c408 e90d 

  0x0000019f87be23d0: ;   {runtime_call}
  0x0000019f87be23d0: 0000 0049 | ba90 d4e4 | 14f8 7f00 | 0041 ffd2 | 4883 c420 | 49c7 8770 | 0200 0000 | 0000 0049 
  0x0000019f87be23f0: c787 7802 | 0000 0000 | 0000 c5f8 | 7749 8b8f | 0003 0000 | c781 0001 | 0000 0000 | 0000 c949 
  0x0000019f87be2410: 817f 0800 | 0000 000f | 8501 0000 

  0x0000019f87be241c: ;   {runtime_call StubRoutines (1)}
  0x0000019f87be241c: 00c3 e9dd | ea41 f8c5 | f877 4c8b | e448 83ec | 2048 83e4 

  0x0000019f87be2430: ;   {runtime_call}
  0x0000019f87be2430: f049 ba50 | 04e5 14f8 | 7f00 0041 | ffd2 498b | e44d 33e4 | e93f ffff | fff4 f4f4 | f4f4 f4f4 
[/MachCode]


Compiled method (c1)    2576  854       3       org.lwjgl.opengl.GL11C::glDrawElements (8 bytes)
 total in heap  [0x0000019f8088d190,0x0000019f8088d4a8] = 792
 relocation     [0x0000019f8088d2e8,0x0000019f8088d320] = 56
 main code      [0x0000019f8088d320,0x0000019f8088d3e0] = 192
 stub code      [0x0000019f8088d3e0,0x0000019f8088d428] = 72
 oops           [0x0000019f8088d428,0x0000019f8088d430] = 8
 metadata       [0x0000019f8088d430,0x0000019f8088d438] = 8
 scopes data    [0x0000019f8088d438,0x0000019f8088d460] = 40
 scopes pcs     [0x0000019f8088d460,0x0000019f8088d4a0] = 64
 dependencies   [0x0000019f8088d4a0,0x0000019f8088d4a8] = 8

[Constant Pool (empty)]

[MachCode]
[Verified Entry Point]
  # {method} {0x0000019f955bc528} 'glDrawElements' '(IIIJ)V' in 'org/lwjgl/opengl/GL11C'
  # parm0:    rdx       = int
  # parm1:    r8        = int
  # parm2:    r9        = int
  # parm3:    rdi:rdi   = long
  #           [sp+0x50]  (sp of caller)
  0x0000019f8088d320: 8984 2400 | 90ff ff55 | 4883 ec40 

  0x0000019f8088d32c: ;   {metadata(method data for {method} {0x0000019f955bc528} 'glDrawElements' '(IIIJ)V' in 'org/lwjgl/opengl/GL11C')}
  0x0000019f8088d32c: 48be e032 | 6395 9f01 | 0000 8b9e | cc00 0000 | 83c3 0289 | 9ecc 0000 | 0081 e3fe | 0700 0083 
  0x0000019f8088d34c: fb00 0f84 | 2b00 0000 

  0x0000019f8088d354: ;   {metadata(method data for {method} {0x0000019f955bc528} 'glDrawElements' '(IIIJ)V' in 'org/lwjgl/opengl/GL11C')}
  0x0000019f8088d354: 48be e032 | 6395 9f01 | 0000 4883 | 8610 0100 

  0x0000019f8088d364: ;   {static_call}
  0x0000019f8088d364: 0001 90e8 

  0x0000019f8088d368: ; ImmutableOopMap {}
                      ;*invokestatic nglDrawElements {reexecute=0 rethrow=0 return_oop=0}
                      ; - org.lwjgl.opengl.GL11C::glDrawElements@4 (line 543)
  0x0000019f8088d368: d44e 3507 | 4883 c440 

  0x0000019f8088d370: ;   {poll_return}
  0x0000019f8088d370: 5d49 3ba7 | 3803 0000 | 0f87 1f00 

  0x0000019f8088d37c: ;   {metadata({method} {0x0000019f955bc528} 'glDrawElements' '(IIIJ)V' in 'org/lwjgl/opengl/GL11C')}
  0x0000019f8088d37c: 0000 c349 | ba20 c55b | 959f 0100 | 004c 8954 | 2408 48c7 | 0424 ffff 

  0x0000019f8088d394: ;   {runtime_call counter_overflow Runtime1 stub}
  0x0000019f8088d394: ffff e865 

  0x0000019f8088d398: ; ImmutableOopMap {}
                      ;*synchronization entry
                      ; - org.lwjgl.opengl.GL11C::glDrawElements@-1 (line 543)
  0x0000019f8088d398: 0187 ffeb 

  0x0000019f8088d39c: ;   {internal_word}
  0x0000019f8088d39c: b749 ba71 | d388 809f | 0100 004d | 8997 5003 

  0x0000019f8088d3ac: ;   {runtime_call SafepointBlob}
  0x0000019f8088d3ac: 0000 e94d | 607c ff90 | 9049 8b87 | c803 0000 | 49c7 87c8 | 0300 0000 | 0000 0049 | c787 d003 
  0x0000019f8088d3cc: 0000 0000 | 0000 4883 

  0x0000019f8088d3d4: ;   {runtime_call unwind_exception Runtime1 stub}
  0x0000019f8088d3d4: c440 5de9 | a4be 7dff | f4f4 f4f4 
[Stub Code]
  0x0000019f8088d3e0: ;   {no_reloc}
  0x0000019f8088d3e0: 0f1f 4400 

  0x0000019f8088d3e4: ;   {static_stub}
  0x0000019f8088d3e4: 0048 bb00 | 0000 0000 

  0x0000019f8088d3ec: ;   {runtime_call}
  0x0000019f8088d3ec: 0000 00e9 | fbff ffff 
[Exception Handler]
  0x0000019f8088d3f4: ;   {runtime_call handle_exception_from_callee Runtime1 stub}
  0x0000019f8088d3f4: e807 c586 

  0x0000019f8088d3f8: ;   {external_word}
  0x0000019f8088d3f8: ff48 b928 | 3f04 15f8 | 7f00 0048 

  0x0000019f8088d404: ;   {runtime_call}
  0x0000019f8088d404: 83e4 f049 | ba80 e1d1 | 14f8 7f00 | 0041 ffd2 

  0x0000019f8088d414: ;   {section_word}
  0x0000019f8088d414: f449 ba15 | d488 809f | 0100 0041 

  0x0000019f8088d420: ;   {runtime_call DeoptimizationBlob}
  0x0000019f8088d420: 52e9 7a52 | 7cff f4f4 
[/MachCode]


Compiled method (c1)    2577  853       3       org.lwjgl.opengl.GL11::glDrawElements (8 bytes)
 total in heap  [0x0000019f8088d510,0x0000019f8088d828] = 792
 relocation     [0x0000019f8088d668,0x0000019f8088d6a0] = 56
 main code      [0x0000019f8088d6a0,0x0000019f8088d760] = 192
 stub code      [0x0000019f8088d760,0x0000019f8088d7a8] = 72
 oops           [0x0000019f8088d7a8,0x0000019f8088d7b0] = 8
 metadata       [0x0000019f8088d7b0,0x0000019f8088d7b8] = 8
 scopes data    [0x0000019f8088d7b8,0x0000019f8088d7e0] = 40
 scopes pcs     [0x0000019f8088d7e0,0x0000019f8088d820] = 64
 dependencies   [0x0000019f8088d820,0x0000019f8088d828] = 8

[Constant Pool (empty)]

[MachCode]
[Verified Entry Point]
  # {method} {0x0000019f955881f8} 'glDrawElements' '(IIIJ)V' in 'org/lwjgl/opengl/GL11'
  # parm0:    rdx       = int
  # parm1:    r8        = int
  # parm2:    r9        = int
  # parm3:    rdi:rdi   = long
  #           [sp+0x50]  (sp of caller)
  0x0000019f8088d6a0: 8984 2400 | 90ff ff55 | 4883 ec40 

  0x0000019f8088d6ac: ;   {metadata(method data for {method} {0x0000019f955881f8} 'glDrawElements' '(IIIJ)V' in 'org/lwjgl/opengl/GL11')}
  0x0000019f8088d6ac: 48be 6031 | 6395 9f01 | 0000 8b9e | cc00 0000 | 83c3 0289 | 9ecc 0000 | 0081 e3fe | 0700 0083 
  0x0000019f8088d6cc: fb00 0f84 | 2b00 0000 

  0x0000019f8088d6d4: ;   {metadata(method data for {method} {0x0000019f955881f8} 'glDrawElements' '(IIIJ)V' in 'org/lwjgl/opengl/GL11')}
  0x0000019f8088d6d4: 48be 6031 | 6395 9f01 | 0000 4883 | 8610 0100 

  0x0000019f8088d6e4: ;   {static_call}
  0x0000019f8088d6e4: 0001 90e8 

  0x0000019f8088d6e8: ; ImmutableOopMap {}
                      ;*invokestatic glDrawElements {reexecute=0 rethrow=0 return_oop=0}
                      ; - org.lwjgl.opengl.GL11::glDrawElements@4 (line 1870)
  0x0000019f8088d6e8: 34fc ffff | 4883 c440 

  0x0000019f8088d6f0: ;   {poll_return}
  0x0000019f8088d6f0: 5d49 3ba7 | 3803 0000 | 0f87 1f00 

  0x0000019f8088d6fc: ;   {metadata({method} {0x0000019f955881f8} 'glDrawElements' '(IIIJ)V' in 'org/lwjgl/opengl/GL11')}
  0x0000019f8088d6fc: 0000 c349 | baf0 8158 | 959f 0100 | 004c 8954 | 2408 48c7 | 0424 ffff 

  0x0000019f8088d714: ;   {runtime_call counter_overflow Runtime1 stub}
  0x0000019f8088d714: ffff e8e5 

  0x0000019f8088d718: ; ImmutableOopMap {}
                      ;*synchronization entry
                      ; - org.lwjgl.opengl.GL11::glDrawElements@-1 (line 1870)
  0x0000019f8088d718: fd86 ffeb 

  0x0000019f8088d71c: ;   {internal_word}
  0x0000019f8088d71c: b749 baf1 | d688 809f | 0100 004d | 8997 5003 

  0x0000019f8088d72c: ;   {runtime_call SafepointBlob}
  0x0000019f8088d72c: 0000 e9cd | 5c7c ff90 | 9049 8b87 | c803 0000 | 49c7 87c8 | 0300 0000 | 0000 0049 | c787 d003 
  0x0000019f8088d74c: 0000 0000 | 0000 4883 

  0x0000019f8088d754: ;   {runtime_call unwind_exception Runtime1 stub}
  0x0000019f8088d754: c440 5de9 | 24bb 7dff | f4f4 f4f4 
[Stub Code]
  0x0000019f8088d760: ;   {no_reloc}
  0x0000019f8088d760: 0f1f 4400 

  0x0000019f8088d764: ;   {static_stub}
  0x0000019f8088d764: 0048 bb00 | 0000 0000 

  0x0000019f8088d76c: ;   {runtime_call}
  0x0000019f8088d76c: 0000 00e9 | fbff ffff 
[Exception Handler]
  0x0000019f8088d774: ;   {runtime_call handle_exception_from_callee Runtime1 stub}
  0x0000019f8088d774: e887 c186 

  0x0000019f8088d778: ;   {external_word}
  0x0000019f8088d778: ff48 b928 | 3f04 15f8 | 7f00 0048 

  0x0000019f8088d784: ;   {runtime_call}
  0x0000019f8088d784: 83e4 f049 | ba80 e1d1 | 14f8 7f00 | 0041 ffd2 

  0x0000019f8088d794: ;   {section_word}
  0x0000019f8088d794: f449 ba95 | d788 809f | 0100 0041 

  0x0000019f8088d7a0: ;   {runtime_call DeoptimizationBlob}
  0x0000019f8088d7a0: 52e9 fa4e | 7cff f4f4 
[/MachCode]


---------------  P R O C E S S  ---------------

Threads class SMR info:
_java_thread_list=0x0000019f9fc76670, length=15, elements={
0x0000019feed836c0, 0x0000019fff597270, 0x0000019fff5997c0, 0x0000019fff5b7bf0,
0x0000019fff5b94b0, 0x0000019fff5ba690, 0x0000019fff5bbea0, 0x0000019fff5cb690,
0x0000019fff5cdba0, 0x0000019fff5e44f0, 0x0000019f991ba860, 0x0000019f991bfd90,
0x0000019fff5bd1e0, 0x0000019fff5bc370, 0x0000019fff5bdb80
}

Java Threads: ( => current thread )
=>0x0000019feed836c0 JavaThread "main" [_thread_in_native, id=17964, stack(0x00000086f1800000,0x00000086f1900000)]
  0x0000019fff597270 JavaThread "Reference Handler" daemon [_thread_blocked, id=17532, stack(0x00000086f1f00000,0x00000086f2000000)]
  0x0000019fff5997c0 JavaThread "Finalizer" daemon [_thread_blocked, id=14720, stack(0x00000086f2000000,0x00000086f2100000)]
  0x0000019fff5b7bf0 JavaThread "Signal Dispatcher" daemon [_thread_blocked, id=13748, stack(0x00000086f2100000,0x00000086f2200000)]
  0x0000019fff5b94b0 JavaThread "Attach Listener" daemon [_thread_blocked, id=1748, stack(0x00000086f2200000,0x00000086f2300000)]
  0x0000019fff5ba690 JavaThread "Service Thread" daemon [_thread_blocked, id=15888, stack(0x00000086f2300000,0x00000086f2400000)]
  0x0000019fff5bbea0 JavaThread "Monitor Deflation Thread" daemon [_thread_blocked, id=15180, stack(0x00000086f2400000,0x00000086f2500000)]
  0x0000019fff5cb690 JavaThread "C2 CompilerThread0" daemon [_thread_blocked, id=8064, stack(0x00000086f2500000,0x00000086f2600000)]
  0x0000019fff5cdba0 JavaThread "C1 CompilerThread0" daemon [_thread_blocked, id=19200, stack(0x00000086f2600000,0x00000086f2700000)]
  0x0000019fff5e44f0 JavaThread "Sweeper thread" daemon [_thread_blocked, id=17784, stack(0x00000086f2700000,0x00000086f2800000)]
  0x0000019f991ba860 JavaThread "C1 CompilerThread1" daemon [_thread_blocked, id=5676, stack(0x00000086f2800000,0x00000086f2900000)]
  0x0000019f991bfd90 JavaThread "C1 CompilerThread2" daemon [_thread_blocked, id=7384, stack(0x00000086f2900000,0x00000086f2a00000)]
  0x0000019fff5bd1e0 JavaThread "Notification Thread" daemon [_thread_blocked, id=19420, stack(0x00000086f2a00000,0x00000086f2b00000)]
  0x0000019fff5bc370 JavaThread "Common-Cleaner" daemon [_thread_blocked, id=15620, stack(0x00000086f2c00000,0x00000086f2d00000)]
  0x0000019fff5bdb80 JavaThread "Java2D Disposer" daemon [_thread_blocked, id=18276, stack(0x00000086f3200000,0x00000086f3300000)]

Other Threads:
  0x0000019fff594610 VMThread "VM Thread" [stack: 0x00000086f1e00000,0x00000086f1f00000] [id=15064]
  0x0000019f991f46f0 WatcherThread "VM Periodic Task Thread" [stack: 0x00000086f2b00000,0x00000086f2c00000] [id=16448]
  0x0000019feedf6050 WorkerThread "GC Thread#0" [stack: 0x00000086f1900000,0x00000086f1a00000] [id=13172]
  0x0000019feee07430 ConcurrentGCThread "G1 Main Marker" [stack: 0x00000086f1a00000,0x00000086f1b00000] [id=5976]
  0x0000019feee07e20 WorkerThread "G1 Conc#0" [stack: 0x00000086f1b00000,0x00000086f1c00000] [id=17016]
  0x0000019feee4ea30 ConcurrentGCThread "G1 Refine#0" [stack: 0x00000086f1c00000,0x00000086f1d00000] [id=13776]
  0x0000019fff44e550 ConcurrentGCThread "G1 Service" [stack: 0x00000086f1d00000,0x00000086f1e00000] [id=7540]

Threads with active compile tasks:

VM state: not at safepoint (normal execution)

VM Mutex/Monitor currently owned by a thread: None

Heap address: 0x0000000702e00000, size: 4050 MB, Compressed Oops mode: Zero based, Oop shift amount: 3

CDS archive(s) mapped at: [0x0000000800000000-0x0000000800ba0000-0x0000000800ba0000), size 12189696, SharedBaseAddress: 0x0000000800000000, ArchiveRelocationMode: 0.
Compressed class space mapped at: 0x0000000800c00000-0x0000000840c00000, reserved size: 1073741824
Narrow klass base: 0x0000000800000000, Narrow klass shift: 0, Narrow klass range: 0x100000000

GC Precious Log:
 CardTable entry size: 512
 Card Set container configuration: InlinePtr #cards 4 size 8 Array Of Cards #cards 16 size 48 Howl #buckets 8 coarsen threshold 3686 Howl Bitmap #cards 512 size 80 coarsen threshold 460 Card regions per heap region 1 cards per card region 4096
 CPUs: 16 total, 16 available
 Memory: 16194M
 Large Page Support: Disabled
 NUMA Support: Disabled
 Compressed Oops: Enabled (Zero based)
 Heap Region Size: 2M
 Heap Min Capacity: 8M
 Heap Initial Capacity: 254M
 Heap Max Capacity: 4050M
 Pre-touch: Disabled
 Parallel Workers: 13
 Concurrent Workers: 3
 Concurrent Refinement Workers: 13
 Periodic GC: Disabled

Heap:
 garbage-first heap   total 260096K, used 14336K [0x0000000702e00000, 0x0000000800000000)
  region size 2048K, 8 young (16384K), 0 survivors (0K)
 Metaspace       used 5117K, committed 5312K, reserved 1114112K
  class space    used 333K, committed 448K, reserved 1048576K

Heap Regions: E=young(eden), S=young(survivor), O=old, HS=humongous(starts), HC=humongous(continues), CS=collection set, F=free, OA=open archive, CA=closed archive, TAMS=top-at-mark-start (previous, next)
|   0|0x0000000702e00000, 0x0000000702e00000, 0x0000000703000000|  0%| F|  |TAMS 0x0000000702e00000, 0x0000000702e00000| Untracked 
|   1|0x0000000703000000, 0x0000000703000000, 0x0000000703200000|  0%| F|  |TAMS 0x0000000703000000, 0x0000000703000000| Untracked 
|   2|0x0000000703200000, 0x0000000703200000, 0x0000000703400000|  0%| F|  |TAMS 0x0000000703200000, 0x0000000703200000| Untracked 
|   3|0x0000000703400000, 0x0000000703400000, 0x0000000703600000|  0%| F|  |TAMS 0x0000000703400000, 0x0000000703400000| Untracked 
|   4|0x0000000703600000, 0x0000000703600000, 0x0000000703800000|  0%| F|  |TAMS 0x0000000703600000, 0x0000000703600000| Untracked 
|   5|0x0000000703800000, 0x0000000703800000, 0x0000000703a00000|  0%| F|  |TAMS 0x0000000703800000, 0x0000000703800000| Untracked 
|   6|0x0000000703a00000, 0x0000000703a00000, 0x0000000703c00000|  0%| F|  |TAMS 0x0000000703a00000, 0x0000000703a00000| Untracked 
|   7|0x0000000703c00000, 0x0000000703c00000, 0x0000000703e00000|  0%| F|  |TAMS 0x0000000703c00000, 0x0000000703c00000| Untracked 
|   8|0x0000000703e00000, 0x0000000703e00000, 0x0000000704000000|  0%| F|  |TAMS 0x0000000703e00000, 0x0000000703e00000| Untracked 
|   9|0x0000000704000000, 0x0000000704000000, 0x0000000704200000|  0%| F|  |TAMS 0x0000000704000000, 0x0000000704000000| Untracked 
|  10|0x0000000704200000, 0x0000000704200000, 0x0000000704400000|  0%| F|  |TAMS 0x0000000704200000, 0x0000000704200000| Untracked 
|  11|0x0000000704400000, 0x0000000704400000, 0x0000000704600000|  0%| F|  |TAMS 0x0000000704400000, 0x0000000704400000| Untracked 
|  12|0x0000000704600000, 0x0000000704600000, 0x0000000704800000|  0%| F|  |TAMS 0x0000000704600000, 0x0000000704600000| Untracked 
|  13|0x0000000704800000, 0x0000000704800000, 0x0000000704a00000|  0%| F|  |TAMS 0x0000000704800000, 0x0000000704800000| Untracked 
|  14|0x0000000704a00000, 0x0000000704a00000, 0x0000000704c00000|  0%| F|  |TAMS 0x0000000704a00000, 0x0000000704a00000| Untracked 
|  15|0x0000000704c00000, 0x0000000704c00000, 0x0000000704e00000|  0%| F|  |TAMS 0x0000000704c00000, 0x0000000704c00000| Untracked 
|  16|0x0000000704e00000, 0x0000000704e00000, 0x0000000705000000|  0%| F|  |TAMS 0x0000000704e00000, 0x0000000704e00000| Untracked 
|  17|0x0000000705000000, 0x0000000705000000, 0x0000000705200000|  0%| F|  |TAMS 0x0000000705000000, 0x0000000705000000| Untracked 
|  18|0x0000000705200000, 0x0000000705200000, 0x0000000705400000|  0%| F|  |TAMS 0x0000000705200000, 0x0000000705200000| Untracked 
|  19|0x0000000705400000, 0x0000000705400000, 0x0000000705600000|  0%| F|  |TAMS 0x0000000705400000, 0x0000000705400000| Untracked 
|  20|0x0000000705600000, 0x0000000705600000, 0x0000000705800000|  0%| F|  |TAMS 0x0000000705600000, 0x0000000705600000| Untracked 
|  21|0x0000000705800000, 0x0000000705800000, 0x0000000705a00000|  0%| F|  |TAMS 0x0000000705800000, 0x0000000705800000| Untracked 
|  22|0x0000000705a00000, 0x0000000705a00000, 0x0000000705c00000|  0%| F|  |TAMS 0x0000000705a00000, 0x0000000705a00000| Untracked 
|  23|0x0000000705c00000, 0x0000000705c00000, 0x0000000705e00000|  0%| F|  |TAMS 0x0000000705c00000, 0x0000000705c00000| Untracked 
|  24|0x0000000705e00000, 0x0000000705e00000, 0x0000000706000000|  0%| F|  |TAMS 0x0000000705e00000, 0x0000000705e00000| Untracked 
|  25|0x0000000706000000, 0x0000000706000000, 0x0000000706200000|  0%| F|  |TAMS 0x0000000706000000, 0x0000000706000000| Untracked 
|  26|0x0000000706200000, 0x0000000706200000, 0x0000000706400000|  0%| F|  |TAMS 0x0000000706200000, 0x0000000706200000| Untracked 
|  27|0x0000000706400000, 0x0000000706400000, 0x0000000706600000|  0%| F|  |TAMS 0x0000000706400000, 0x0000000706400000| Untracked 
|  28|0x0000000706600000, 0x0000000706600000, 0x0000000706800000|  0%| F|  |TAMS 0x0000000706600000, 0x0000000706600000| Untracked 
|  29|0x0000000706800000, 0x0000000706800000, 0x0000000706a00000|  0%| F|  |TAMS 0x0000000706800000, 0x0000000706800000| Untracked 
|  30|0x0000000706a00000, 0x0000000706a00000, 0x0000000706c00000|  0%| F|  |TAMS 0x0000000706a00000, 0x0000000706a00000| Untracked 
|  31|0x0000000706c00000, 0x0000000706c00000, 0x0000000706e00000|  0%| F|  |TAMS 0x0000000706c00000, 0x0000000706c00000| Untracked 
|  32|0x0000000706e00000, 0x0000000706e00000, 0x0000000707000000|  0%| F|  |TAMS 0x0000000706e00000, 0x0000000706e00000| Untracked 
|  33|0x0000000707000000, 0x0000000707000000, 0x0000000707200000|  0%| F|  |TAMS 0x0000000707000000, 0x0000000707000000| Untracked 
|  34|0x0000000707200000, 0x0000000707200000, 0x0000000707400000|  0%| F|  |TAMS 0x0000000707200000, 0x0000000707200000| Untracked 
|  35|0x0000000707400000, 0x0000000707400000, 0x0000000707600000|  0%| F|  |TAMS 0x0000000707400000, 0x0000000707400000| Untracked 
|  36|0x0000000707600000, 0x0000000707600000, 0x0000000707800000|  0%| F|  |TAMS 0x0000000707600000, 0x0000000707600000| Untracked 
|  37|0x0000000707800000, 0x0000000707800000, 0x0000000707a00000|  0%| F|  |TAMS 0x0000000707800000, 0x0000000707800000| Untracked 
|  38|0x0000000707a00000, 0x0000000707a00000, 0x0000000707c00000|  0%| F|  |TAMS 0x0000000707a00000, 0x0000000707a00000| Untracked 
|  39|0x0000000707c00000, 0x0000000707c00000, 0x0000000707e00000|  0%| F|  |TAMS 0x0000000707c00000, 0x0000000707c00000| Untracked 
|  40|0x0000000707e00000, 0x0000000707e00000, 0x0000000708000000|  0%| F|  |TAMS 0x0000000707e00000, 0x0000000707e00000| Untracked 
|  41|0x0000000708000000, 0x0000000708000000, 0x0000000708200000|  0%| F|  |TAMS 0x0000000708000000, 0x0000000708000000| Untracked 
|  42|0x0000000708200000, 0x0000000708200000, 0x0000000708400000|  0%| F|  |TAMS 0x0000000708200000, 0x0000000708200000| Untracked 
|  43|0x0000000708400000, 0x0000000708400000, 0x0000000708600000|  0%| F|  |TAMS 0x0000000708400000, 0x0000000708400000| Untracked 
|  44|0x0000000708600000, 0x0000000708600000, 0x0000000708800000|  0%| F|  |TAMS 0x0000000708600000, 0x0000000708600000| Untracked 
|  45|0x0000000708800000, 0x0000000708800000, 0x0000000708a00000|  0%| F|  |TAMS 0x0000000708800000, 0x0000000708800000| Untracked 
|  46|0x0000000708a00000, 0x0000000708a00000, 0x0000000708c00000|  0%| F|  |TAMS 0x0000000708a00000, 0x0000000708a00000| Untracked 
|  47|0x0000000708c00000, 0x0000000708c00000, 0x0000000708e00000|  0%| F|  |TAMS 0x0000000708c00000, 0x0000000708c00000| Untracked 
|  48|0x0000000708e00000, 0x0000000708e00000, 0x0000000709000000|  0%| F|  |TAMS 0x0000000708e00000, 0x0000000708e00000| Untracked 
|  49|0x0000000709000000, 0x0000000709000000, 0x0000000709200000|  0%| F|  |TAMS 0x0000000709000000, 0x0000000709000000| Untracked 
|  50|0x0000000709200000, 0x0000000709200000, 0x0000000709400000|  0%| F|  |TAMS 0x0000000709200000, 0x0000000709200000| Untracked 
|  51|0x0000000709400000, 0x0000000709400000, 0x0000000709600000|  0%| F|  |TAMS 0x0000000709400000, 0x0000000709400000| Untracked 
|  52|0x0000000709600000, 0x0000000709600000, 0x0000000709800000|  0%| F|  |TAMS 0x0000000709600000, 0x0000000709600000| Untracked 
|  53|0x0000000709800000, 0x0000000709800000, 0x0000000709a00000|  0%| F|  |TAMS 0x0000000709800000, 0x0000000709800000| Untracked 
|  54|0x0000000709a00000, 0x0000000709a00000, 0x0000000709c00000|  0%| F|  |TAMS 0x0000000709a00000, 0x0000000709a00000| Untracked 
|  55|0x0000000709c00000, 0x0000000709c00000, 0x0000000709e00000|  0%| F|  |TAMS 0x0000000709c00000, 0x0000000709c00000| Untracked 
|  56|0x0000000709e00000, 0x0000000709e00000, 0x000000070a000000|  0%| F|  |TAMS 0x0000000709e00000, 0x0000000709e00000| Untracked 
|  57|0x000000070a000000, 0x000000070a000000, 0x000000070a200000|  0%| F|  |TAMS 0x000000070a000000, 0x000000070a000000| Untracked 
|  58|0x000000070a200000, 0x000000070a200000, 0x000000070a400000|  0%| F|  |TAMS 0x000000070a200000, 0x000000070a200000| Untracked 
|  59|0x000000070a400000, 0x000000070a400000, 0x000000070a600000|  0%| F|  |TAMS 0x000000070a400000, 0x000000070a400000| Untracked 
|  60|0x000000070a600000, 0x000000070a600000, 0x000000070a800000|  0%| F|  |TAMS 0x000000070a600000, 0x000000070a600000| Untracked 
|  61|0x000000070a800000, 0x000000070a800000, 0x000000070aa00000|  0%| F|  |TAMS 0x000000070a800000, 0x000000070a800000| Untracked 
|  62|0x000000070aa00000, 0x000000070aa00000, 0x000000070ac00000|  0%| F|  |TAMS 0x000000070aa00000, 0x000000070aa00000| Untracked 
|  63|0x000000070ac00000, 0x000000070ac00000, 0x000000070ae00000|  0%| F|  |TAMS 0x000000070ac00000, 0x000000070ac00000| Untracked 
|  64|0x000000070ae00000, 0x000000070ae00000, 0x000000070b000000|  0%| F|  |TAMS 0x000000070ae00000, 0x000000070ae00000| Untracked 
|  65|0x000000070b000000, 0x000000070b000000, 0x000000070b200000|  0%| F|  |TAMS 0x000000070b000000, 0x000000070b000000| Untracked 
|  66|0x000000070b200000, 0x000000070b200000, 0x000000070b400000|  0%| F|  |TAMS 0x000000070b200000, 0x000000070b200000| Untracked 
|  67|0x000000070b400000, 0x000000070b400000, 0x000000070b600000|  0%| F|  |TAMS 0x000000070b400000, 0x000000070b400000| Untracked 
|  68|0x000000070b600000, 0x000000070b600000, 0x000000070b800000|  0%| F|  |TAMS 0x000000070b600000, 0x000000070b600000| Untracked 
|  69|0x000000070b800000, 0x000000070b800000, 0x000000070ba00000|  0%| F|  |TAMS 0x000000070b800000, 0x000000070b800000| Untracked 
|  70|0x000000070ba00000, 0x000000070ba00000, 0x000000070bc00000|  0%| F|  |TAMS 0x000000070ba00000, 0x000000070ba00000| Untracked 
|  71|0x000000070bc00000, 0x000000070bc00000, 0x000000070be00000|  0%| F|  |TAMS 0x000000070bc00000, 0x000000070bc00000| Untracked 
|  72|0x000000070be00000, 0x000000070be00000, 0x000000070c000000|  0%| F|  |TAMS 0x000000070be00000, 0x000000070be00000| Untracked 
|  73|0x000000070c000000, 0x000000070c000000, 0x000000070c200000|  0%| F|  |TAMS 0x000000070c000000, 0x000000070c000000| Untracked 
|  74|0x000000070c200000, 0x000000070c200000, 0x000000070c400000|  0%| F|  |TAMS 0x000000070c200000, 0x000000070c200000| Untracked 
|  75|0x000000070c400000, 0x000000070c400000, 0x000000070c600000|  0%| F|  |TAMS 0x000000070c400000, 0x000000070c400000| Untracked 
|  76|0x000000070c600000, 0x000000070c600000, 0x000000070c800000|  0%| F|  |TAMS 0x000000070c600000, 0x000000070c600000| Untracked 
|  77|0x000000070c800000, 0x000000070c800000, 0x000000070ca00000|  0%| F|  |TAMS 0x000000070c800000, 0x000000070c800000| Untracked 
|  78|0x000000070ca00000, 0x000000070ca00000, 0x000000070cc00000|  0%| F|  |TAMS 0x000000070ca00000, 0x000000070ca00000| Untracked 
|  79|0x000000070cc00000, 0x000000070cc00000, 0x000000070ce00000|  0%| F|  |TAMS 0x000000070cc00000, 0x000000070cc00000| Untracked 
|  80|0x000000070ce00000, 0x000000070ce00000, 0x000000070d000000|  0%| F|  |TAMS 0x000000070ce00000, 0x000000070ce00000| Untracked 
|  81|0x000000070d000000, 0x000000070d000000, 0x000000070d200000|  0%| F|  |TAMS 0x000000070d000000, 0x000000070d000000| Untracked 
|  82|0x000000070d200000, 0x000000070d200000, 0x000000070d400000|  0%| F|  |TAMS 0x000000070d200000, 0x000000070d200000| Untracked 
|  83|0x000000070d400000, 0x000000070d400000, 0x000000070d600000|  0%| F|  |TAMS 0x000000070d400000, 0x000000070d400000| Untracked 
|  84|0x000000070d600000, 0x000000070d600000, 0x000000070d800000|  0%| F|  |TAMS 0x000000070d600000, 0x000000070d600000| Untracked 
|  85|0x000000070d800000, 0x000000070d800000, 0x000000070da00000|  0%| F|  |TAMS 0x000000070d800000, 0x000000070d800000| Untracked 
|  86|0x000000070da00000, 0x000000070da00000, 0x000000070dc00000|  0%| F|  |TAMS 0x000000070da00000, 0x000000070da00000| Untracked 
|  87|0x000000070dc00000, 0x000000070dc00000, 0x000000070de00000|  0%| F|  |TAMS 0x000000070dc00000, 0x000000070dc00000| Untracked 
|  88|0x000000070de00000, 0x000000070de00000, 0x000000070e000000|  0%| F|  |TAMS 0x000000070de00000, 0x000000070de00000| Untracked 
|  89|0x000000070e000000, 0x000000070e000000, 0x000000070e200000|  0%| F|  |TAMS 0x000000070e000000, 0x000000070e000000| Untracked 
|  90|0x000000070e200000, 0x000000070e200000, 0x000000070e400000|  0%| F|  |TAMS 0x000000070e200000, 0x000000070e200000| Untracked 
|  91|0x000000070e400000, 0x000000070e400000, 0x000000070e600000|  0%| F|  |TAMS 0x000000070e400000, 0x000000070e400000| Untracked 
|  92|0x000000070e600000, 0x000000070e600000, 0x000000070e800000|  0%| F|  |TAMS 0x000000070e600000, 0x000000070e600000| Untracked 
|  93|0x000000070e800000, 0x000000070e800000, 0x000000070ea00000|  0%| F|  |TAMS 0x000000070e800000, 0x000000070e800000| Untracked 
|  94|0x000000070ea00000, 0x000000070ea00000, 0x000000070ec00000|  0%| F|  |TAMS 0x000000070ea00000, 0x000000070ea00000| Untracked 
|  95|0x000000070ec00000, 0x000000070ec00000, 0x000000070ee00000|  0%| F|  |TAMS 0x000000070ec00000, 0x000000070ec00000| Untracked 
|  96|0x000000070ee00000, 0x000000070ee00000, 0x000000070f000000|  0%| F|  |TAMS 0x000000070ee00000, 0x000000070ee00000| Untracked 
|  97|0x000000070f000000, 0x000000070f000000, 0x000000070f200000|  0%| F|  |TAMS 0x000000070f000000, 0x000000070f000000| Untracked 
|  98|0x000000070f200000, 0x000000070f200000, 0x000000070f400000|  0%| F|  |TAMS 0x000000070f200000, 0x000000070f200000| Untracked 
|  99|0x000000070f400000, 0x000000070f400000, 0x000000070f600000|  0%| F|  |TAMS 0x000000070f400000, 0x000000070f400000| Untracked 
| 100|0x000000070f600000, 0x000000070f600000, 0x000000070f800000|  0%| F|  |TAMS 0x000000070f600000, 0x000000070f600000| Untracked 
| 101|0x000000070f800000, 0x000000070f800000, 0x000000070fa00000|  0%| F|  |TAMS 0x000000070f800000, 0x000000070f800000| Untracked 
| 102|0x000000070fa00000, 0x000000070fa00000, 0x000000070fc00000|  0%| F|  |TAMS 0x000000070fa00000, 0x000000070fa00000| Untracked 
| 103|0x000000070fc00000, 0x000000070fc00000, 0x000000070fe00000|  0%| F|  |TAMS 0x000000070fc00000, 0x000000070fc00000| Untracked 
| 104|0x000000070fe00000, 0x000000070fe00000, 0x0000000710000000|  0%| F|  |TAMS 0x000000070fe00000, 0x000000070fe00000| Untracked 
| 105|0x0000000710000000, 0x0000000710000000, 0x0000000710200000|  0%| F|  |TAMS 0x0000000710000000, 0x0000000710000000| Untracked 
| 106|0x0000000710200000, 0x0000000710200000, 0x0000000710400000|  0%| F|  |TAMS 0x0000000710200000, 0x0000000710200000| Untracked 
| 107|0x0000000710400000, 0x0000000710400000, 0x0000000710600000|  0%| F|  |TAMS 0x0000000710400000, 0x0000000710400000| Untracked 
| 108|0x0000000710600000, 0x0000000710600000, 0x0000000710800000|  0%| F|  |TAMS 0x0000000710600000, 0x0000000710600000| Untracked 
| 109|0x0000000710800000, 0x0000000710800000, 0x0000000710a00000|  0%| F|  |TAMS 0x0000000710800000, 0x0000000710800000| Untracked 
| 110|0x0000000710a00000, 0x0000000710a00000, 0x0000000710c00000|  0%| F|  |TAMS 0x0000000710a00000, 0x0000000710a00000| Untracked 
| 111|0x0000000710c00000, 0x0000000710c00000, 0x0000000710e00000|  0%| F|  |TAMS 0x0000000710c00000, 0x0000000710c00000| Untracked 
| 112|0x0000000710e00000, 0x0000000710e00000, 0x0000000711000000|  0%| F|  |TAMS 0x0000000710e00000, 0x0000000710e00000| Untracked 
| 113|0x0000000711000000, 0x0000000711000000, 0x0000000711200000|  0%| F|  |TAMS 0x0000000711000000, 0x0000000711000000| Untracked 
| 114|0x0000000711200000, 0x0000000711200000, 0x0000000711400000|  0%| F|  |TAMS 0x0000000711200000, 0x0000000711200000| Untracked 
| 115|0x0000000711400000, 0x0000000711400000, 0x0000000711600000|  0%| F|  |TAMS 0x0000000711400000, 0x0000000711400000| Untracked 
| 116|0x0000000711600000, 0x0000000711600000, 0x0000000711800000|  0%| F|  |TAMS 0x0000000711600000, 0x0000000711600000| Untracked 
| 117|0x0000000711800000, 0x0000000711800000, 0x0000000711a00000|  0%| F|  |TAMS 0x0000000711800000, 0x0000000711800000| Untracked 
| 118|0x0000000711a00000, 0x0000000711a00000, 0x0000000711c00000|  0%| F|  |TAMS 0x0000000711a00000, 0x0000000711a00000| Untracked 
| 119|0x0000000711c00000, 0x0000000711dcc6a0, 0x0000000711e00000| 89%| E|  |TAMS 0x0000000711c00000, 0x0000000711c00000| Complete 
| 120|0x0000000711e00000, 0x0000000712000000, 0x0000000712000000|100%| E|CS|TAMS 0x0000000711e00000, 0x0000000711e00000| Complete 
| 121|0x0000000712000000, 0x0000000712200000, 0x0000000712200000|100%| E|CS|TAMS 0x0000000712000000, 0x0000000712000000| Complete 
| 122|0x0000000712200000, 0x0000000712400000, 0x0000000712400000|100%| E|CS|TAMS 0x0000000712200000, 0x0000000712200000| Complete 
| 123|0x0000000712400000, 0x0000000712600000, 0x0000000712600000|100%| E|CS|TAMS 0x0000000712400000, 0x0000000712400000| Complete 
| 124|0x0000000712600000, 0x0000000712800000, 0x0000000712800000|100%| E|CS|TAMS 0x0000000712600000, 0x0000000712600000| Complete 
| 125|0x0000000712800000, 0x0000000712a00000, 0x0000000712a00000|100%| E|CS|TAMS 0x0000000712800000, 0x0000000712800000| Complete 
| 126|0x0000000712a00000, 0x0000000712c00000, 0x0000000712c00000|100%| E|CS|TAMS 0x0000000712a00000, 0x0000000712a00000| Complete 

Card table byte_map: [0x0000019ff9660000,0x0000019ff9e50000] _byte_map_base: 0x0000019ff5e49000

Marking Bits (Prev, Next): (CMBitMap*) 0x0000019feedf6650, (CMBitMap*) 0x0000019feedf6690
 Prev Bits: [0x0000019ffa640000, 0x0000019ffe588000)
 Next Bits: [0x0000019f8f000000, 0x0000019f92f48000)

Polling page: 0x0000019feee50000

Metaspace:

Usage:
  Non-class:      4.67 MB used.
      Class:    333.61 KB used.
       Both:      5.00 MB used.

Virtual space:
  Non-class space:       64.00 MB reserved,       4.75 MB (  7%) committed,  1 nodes.
      Class space:        1.00 GB reserved,     448.00 KB ( <1%) committed,  1 nodes.
             Both:        1.06 GB reserved,       5.19 MB ( <1%) committed. 

Chunk freelists:
   Non-Class:  1.77 MB
       Class:  3.60 MB
        Both:  5.37 MB

MaxMetaspaceSize: unlimited
CompressedClassSpaceSize: 1.00 GB
Initial GC threshold: 21.00 MB
Current GC threshold: 21.00 MB
CDS: on
MetaspaceReclaimPolicy: balanced
 - commit_granule_bytes: 65536.
 - commit_granule_words: 8192.
 - virtual_space_node_default_size: 8388608.
 - enlarge_chunks_in_place: 1.
 - new_chunks_are_fully_committed: 0.
 - uncommit_free_chunks: 1.
 - use_allocation_guard: 0.


Internal statistics:

num_allocs_failed_limit: 0.
num_arena_births: 118.
num_arena_deaths: 0.
num_vsnodes_births: 2.
num_vsnodes_deaths: 0.
num_space_committed: 81.
num_space_uncommitted: 0.
num_chunks_returned_to_freelist: 0.
num_chunks_taken_from_freelist: 226.
num_chunk_merges: 0.
num_chunk_splits: 145.
num_chunks_enlarged: 94.
num_inconsistent_stats: 0.

CodeHeap 'non-profiled nmethods': size=119168Kb used=271Kb max_used=271Kb free=118896Kb
 bounds [0x0000019f87ba0000, 0x0000019f87e10000, 0x0000019f8f000000]
CodeHeap 'profiled nmethods': size=119104Kb used=1287Kb max_used=1287Kb free=117816Kb
 bounds [0x0000019f80750000, 0x0000019f809c0000, 0x0000019f87ba0000]
CodeHeap 'non-nmethods': size=7488Kb used=2744Kb max_used=2779Kb free=4743Kb
 bounds [0x0000019f80000000, 0x0000019f802c0000, 0x0000019f80750000]
 total_blobs=1910 nmethods=868 adapters=953
 compilation: enabled
              stopped_count=0, restarted_count=0
 full_count=0

Compilation events (20 events):
Event: 2.095 Thread 0x0000019f991bfd90  859       3       rpgrts.gui.Button::render (153 bytes)
Event: 2.095 Thread 0x0000019f991bfd90 nmethod 859 0x0000019f8088dc10 code [0x0000019f8088dec0, 0x0000019f8088e738]
Event: 2.112 Thread 0x0000019f991bfd90  860       3       rpgrts.gui.Button::update (180 bytes)
Event: 2.112 Thread 0x0000019f991bfd90 nmethod 860 0x0000019f8088eb10 code [0x0000019f8088ed00, 0x0000019f8088f288]
Event: 2.468 Thread 0x0000019fff5cb690  861       4       java.lang.StringLatin1::newString (24 bytes)
Event: 2.474 Thread 0x0000019fff5cb690 nmethod 861 0x0000019f87be2b90 code [0x0000019f87be2d20, 0x0000019f87be3198]
Event: 2.483 Thread 0x0000019fff5cb690  862       4       java.lang.AbstractStringBuilder::append (45 bytes)
Event: 2.486 Thread 0x0000019fff5cb690 nmethod 862 0x0000019f87be3390 code [0x0000019f87be3540, 0x0000019f87be3c58]
Event: 2.497 Thread 0x0000019f991ba860  863       3       rpgrts.world.World::createChunk (25 bytes)
Event: 2.497 Thread 0x0000019fff5cdba0  864       3       rpgrts.world.Chunk::<init> (25 bytes)
Event: 2.497 Thread 0x0000019f991bfd90  865       3       rpgrts.world.World::replaceChunk (10 bytes)
Event: 2.497 Thread 0x0000019fff5cdba0 nmethod 864 0x0000019f8088f410 code [0x0000019f8088f5c0, 0x0000019f8088f7b8]
Event: 2.497 Thread 0x0000019f991bfd90 nmethod 865 0x0000019f8088f890 code [0x0000019f8088fa40, 0x0000019f8088fd38]
Event: 2.497 Thread 0x0000019fff5cdba0  866       3       rpgrts.world.Chunk::setTile (10 bytes)
Event: 2.497 Thread 0x0000019f991ba860 nmethod 863 0x0000019f8088fe90 code [0x0000019f80890060, 0x0000019f80890598]
Event: 2.497 Thread 0x0000019fff5cdba0 nmethod 866 0x0000019f80890810 code [0x0000019f808909a0, 0x0000019f80890b18]
Event: 2.498 Thread 0x0000019fff5cdba0  867       3       java.lang.String::indexOf (18 bytes)
Event: 2.498 Thread 0x0000019f991bfd90  868       3       java.lang.String::indexOf (113 bytes)
Event: 2.498 Thread 0x0000019fff5cdba0 nmethod 867 0x0000019f80890c90 code [0x0000019f80890e60, 0x0000019f80891128]
Event: 2.498 Thread 0x0000019f991bfd90 nmethod 868 0x0000019f80891290 code [0x0000019f808914c0, 0x0000019f80891ae8]

GC Heap History (0 events):
No events

Deoptimization events (20 events):
Event: 0.330 Thread 0x0000019feed836c0 DEOPT PACKING pc=0x0000019f8085fd43 sp=0x00000086f18feab0
Event: 0.330 Thread 0x0000019feed836c0 DEOPT UNPACKING pc=0x0000019f80052b43 sp=0x00000086f18fdf40 mode 0
Event: 0.333 Thread 0x0000019feed836c0 DEOPT PACKING pc=0x0000019f8085fd43 sp=0x00000086f18fea00
Event: 0.333 Thread 0x0000019feed836c0 DEOPT UNPACKING pc=0x0000019f80052b43 sp=0x00000086f18fde90 mode 0
Event: 0.333 Thread 0x0000019feed836c0 DEOPT PACKING pc=0x0000019f8085fd43 sp=0x00000086f18fea00
Event: 0.333 Thread 0x0000019feed836c0 DEOPT UNPACKING pc=0x0000019f80052b43 sp=0x00000086f18fde90 mode 0
Event: 0.333 Thread 0x0000019feed836c0 DEOPT PACKING pc=0x0000019f8085fd43 sp=0x00000086f18fea00
Event: 0.333 Thread 0x0000019feed836c0 DEOPT UNPACKING pc=0x0000019f80052b43 sp=0x00000086f18fde90 mode 0
Event: 0.333 Thread 0x0000019feed836c0 DEOPT PACKING pc=0x0000019f8085fd43 sp=0x00000086f18fea00
Event: 0.333 Thread 0x0000019feed836c0 DEOPT UNPACKING pc=0x0000019f80052b43 sp=0x00000086f18fde90 mode 0
Event: 0.333 Thread 0x0000019feed836c0 DEOPT PACKING pc=0x0000019f8085fd43 sp=0x00000086f18fea00
Event: 0.333 Thread 0x0000019feed836c0 DEOPT UNPACKING pc=0x0000019f80052b43 sp=0x00000086f18fde90 mode 0
Event: 0.333 Thread 0x0000019feed836c0 DEOPT PACKING pc=0x0000019f8085fd43 sp=0x00000086f18fea00
Event: 0.333 Thread 0x0000019feed836c0 DEOPT UNPACKING pc=0x0000019f80052b43 sp=0x00000086f18fde90 mode 0
Event: 0.333 Thread 0x0000019feed836c0 DEOPT PACKING pc=0x0000019f8085fd43 sp=0x00000086f18fea00
Event: 0.333 Thread 0x0000019feed836c0 DEOPT UNPACKING pc=0x0000019f80052b43 sp=0x00000086f18fde90 mode 0
Event: 0.334 Thread 0x0000019feed836c0 DEOPT PACKING pc=0x0000019f8085fd43 sp=0x00000086f18fea00
Event: 0.334 Thread 0x0000019feed836c0 DEOPT UNPACKING pc=0x0000019f80052b43 sp=0x00000086f18fde90 mode 0
Event: 0.334 Thread 0x0000019feed836c0 DEOPT PACKING pc=0x0000019f8085d370 sp=0x00000086f18fe7c0
Event: 0.334 Thread 0x0000019feed836c0 DEOPT UNPACKING pc=0x0000019f80052b43 sp=0x00000086f18fdc98 mode 0

Classes loaded (20 events):
Event: 0.301 Loading class java/awt/Image$1
Event: 0.301 Loading class sun/awt/image/SurfaceManager$ImageAccessor
Event: 0.301 Loading class sun/awt/image/SurfaceManager$ImageAccessor done
Event: 0.301 Loading class java/awt/Image$1 done
Event: 0.301 Loading class sun/awt/image/SurfaceManager
Event: 0.301 Loading class sun/awt/image/SurfaceManager done
Event: 0.301 Loading class java/awt/image/BufferedImage$1
Event: 0.301 Loading class java/awt/image/BufferedImage$1 done
Event: 0.301 Loading class sun/awt/image/IntegerComponentRaster
Event: 0.301 Loading class sun/awt/image/IntegerComponentRaster done
Event: 0.301 Loading class java/awt/image/IndexColorModel
Event: 0.301 Loading class java/awt/image/IndexColorModel done
Event: 0.301 Loading class sun/awt/image/ShortComponentRaster
Event: 0.301 Loading class sun/awt/image/ShortComponentRaster done
Event: 0.301 Loading class com/sun/imageio/plugins/common/ReaderUtil
Event: 0.301 Loading class com/sun/imageio/plugins/common/ReaderUtil done
Event: 2.495 Loading class java/lang/Throwable$WrappedPrintStream
Event: 2.495 Loading class java/lang/Throwable$PrintStreamOrWriter
Event: 2.495 Loading class java/lang/Throwable$PrintStreamOrWriter done
Event: 2.495 Loading class java/lang/Throwable$WrappedPrintStream done

Classes unloaded (0 events):
No events

Classes redefined (0 events):
No events

Internal exceptions (20 events):
Event: 0.092 Thread 0x0000019feed836c0 Exception <a 'sun/nio/fs/WindowsException'{0x0000000712659ac8}> (0x0000000712659ac8) 
thrown [s\open\src\hotspot\share\prims\jni.cpp, line 516]
Event: 0.092 Thread 0x0000019feed836c0 Exception <a 'sun/nio/fs/WindowsException'{0x000000071265a048}> (0x000000071265a048) 
thrown [s\open\src\hotspot\share\prims\jni.cpp, line 516]
Event: 0.102 Thread 0x0000019feed836c0 Exception <a 'sun/nio/fs/WindowsException'{0x00000007126bb788}> (0x00000007126bb788) 
thrown [s\open\src\hotspot\share\prims\jni.cpp, line 516]
Event: 0.102 Thread 0x0000019feed836c0 Exception <a 'sun/nio/fs/WindowsException'{0x00000007126bbb18}> (0x00000007126bbb18) 
thrown [s\open\src\hotspot\share\prims\jni.cpp, line 516]
Event: 0.105 Thread 0x0000019feed836c0 Exception <a 'java/lang/NoSuchMethodError'{0x00000007126ed620}: 'java.lang.Object java.lang.invoke.DirectMethodHandle$Holder.invokeStaticInit(java.lang.Object)'> (0x00000007126ed620) 
thrown [s\open\src\hotspot\share\interpreter\linkResolver.cpp, line 759]
Event: 0.108 Thread 0x0000019feed836c0 Exception <a 'java/lang/NoSuchMethodError'{0x000000071270e058}: 'int java.lang.invoke.DirectMethodHandle$Holder.invokeStaticInit(java.lang.Object, java.lang.Object, int, long)'> (0x000000071270e058) 
thrown [s\open\src\hotspot\share\interpreter\linkResolver.cpp, line 759]
Event: 0.108 Thread 0x0000019feed836c0 Exception <a 'java/lang/NoSuchMethodError'{0x0000000712713920}: 'java.lang.Object java.lang.invoke.DirectMethodHandle$Holder.newInvokeSpecial(java.lang.Object, java.lang.Object, int)'> (0x0000000712713920) 
thrown [s\open\src\hotspot\share\interpreter\linkResolver.cpp, line 759]
Event: 0.109 Thread 0x0000019feed836c0 Exception <a 'java/lang/NoSuchMethodError'{0x0000000712722268}: 'int java.lang.invoke.DirectMethodHandle$Holder.invokeStaticInit(java.lang.Object, java.lang.Object, long, long)'> (0x0000000712722268) 
thrown [s\open\src\hotspot\share\interpreter\linkResolver.cpp, line 759]
Event: 0.110 Thread 0x0000019feed836c0 Exception <a 'java/lang/NoSuchMethodError'{0x0000000712728378}: 'java.lang.Object java.lang.invoke.DirectMethodHandle$Holder.newInvokeSpecial(java.lang.Object, java.lang.Object, long)'> (0x0000000712728378) 
thrown [s\open\src\hotspot\share\interpreter\linkResolver.cpp, line 759]
Event: 0.110 Thread 0x0000019feed836c0 Exception <a 'java/lang/NoSuchMethodError'{0x000000071272c678}: 'java.lang.Object java.lang.invoke.Invokers$Holder.linkToTargetMethod(java.lang.Object, long, java.lang.Object)'> (0x000000071272c678) 
thrown [s\open\src\hotspot\share\interpreter\linkResolver.cpp, line 759]
Event: 0.110 Thread 0x0000019feed836c0 Exception <a 'java/lang/NoSuchMethodError'{0x0000000712733c20}: 'int java.lang.invoke.DirectMethodHandle$Holder.invokeStaticInit(java.lang.Object, java.lang.Object, java.lang.Object, long)'> (0x0000000712733c20) 
thrown [s\open\src\hotspot\share\interpreter\linkResolver.cpp, line 759]
Event: 0.238 Thread 0x0000019feed836c0 Exception <a 'java/lang/NoSuchMethodError'{0x00000007127fc8c0}: 'void java.lang.System.load(java.lang.String, java.lang.Class)'> (0x00000007127fc8c0) 
thrown [s\open\src\hotspot\share\interpreter\linkResolver.cpp, line 759]
Event: 0.238 Thread 0x0000019feed836c0 Exception <a 'java/lang/NoSuchMethodError'{0x00000007127ff750}: 'void java.lang.System.loadLibrary(java.lang.String, java.lang.Class)'> (0x00000007127ff750) 
thrown [s\open\src\hotspot\share\interpreter\linkResolver.cpp, line 759]
Event: 0.241 Thread 0x0000019feed836c0 Exception <a 'sun/nio/fs/WindowsException'{0x000000071240fc30}> (0x000000071240fc30) 
thrown [s\open\src\hotspot\share\prims\jni.cpp, line 516]
Event: 0.241 Thread 0x0000019feed836c0 Exception <a 'sun/nio/fs/WindowsException'{0x0000000712410008}> (0x0000000712410008) 
thrown [s\open\src\hotspot\share\prims\jni.cpp, line 516]
Event: 0.243 Thread 0x0000019feed836c0 Exception <a 'sun/nio/fs/WindowsException'{0x0000000712415738}> (0x0000000712415738) 
thrown [s\open\src\hotspot\share\prims\jni.cpp, line 516]
Event: 0.243 Thread 0x0000019feed836c0 Exception <a 'sun/nio/fs/WindowsException'{0x0000000712415a48}> (0x0000000712415a48) 
thrown [s\open\src\hotspot\share\prims\jni.cpp, line 516]
Event: 0.276 Thread 0x0000019feed836c0 Exception <a 'java/lang/ClassNotFoundException'{0x0000000712527290}: sun/awt/resources/spi/awtProvider> (0x0000000712527290) 
thrown [s\open\src\hotspot\share\classfile\systemDictionary.cpp, line 255]
Event: 0.285 Thread 0x0000019feed836c0 Exception <a 'java/io/FileNotFoundException'{0x00000007125763a8}> (0x00000007125763a8) 
thrown [s\open\src\hotspot\share\prims\jni.cpp, line 516]
Event: 0.288 Thread 0x0000019feed836c0 Exception <a 'java/io/FileNotFoundException'{0x00000007125a33f8}> (0x00000007125a33f8) 
thrown [s\open\src\hotspot\share\prims\jni.cpp, line 516]

VM Operations (6 events):
Event: 0.041 Executing VM operation: HandshakeAllThreads
Event: 0.041 Executing VM operation: HandshakeAllThreads done
Event: 0.273 Executing VM operation: HandshakeAllThreads
Event: 0.273 Executing VM operation: HandshakeAllThreads done
Event: 1.273 Executing VM operation: Cleanup
Event: 1.273 Executing VM operation: Cleanup done

Events (20 events):
Event: 0.018 Thread 0x0000019fff5cdba0 Thread added: 0x0000019fff5cdba0
Event: 0.018 Thread 0x0000019fff5e44f0 Thread added: 0x0000019fff5e44f0
Event: 0.031 Thread 0x0000019f991ba860 Thread added: 0x0000019f991ba860
Event: 0.031 Thread 0x0000019f991bfd90 Thread added: 0x0000019f991bfd90
Event: 0.032 Thread 0x0000019fff5bd1e0 Thread added: 0x0000019fff5bd1e0
Event: 0.034 Thread 0x0000019fff5bc370 Thread added: 0x0000019fff5bc370
Event: 0.038 Loaded shared library C:\Program Files\Java\jdk-18.0.2\bin\net.dll
Event: 0.039 Loaded shared library C:\Program Files\Java\jdk-18.0.2\bin\nio.dll
Event: 0.041 Loaded shared library C:\Program Files\Java\jdk-18.0.2\bin\zip.dll
Event: 0.056 Loaded shared library C:\Program Files\Java\jdk-18.0.2\bin\jimage.dll
Event: 0.093 Loaded shared library C:\Users\heikk\AppData\Local\Temp\lwjgl_heikk\3.3.2-snapshot+7\x64\lwjgl.dll
Event: 0.242 Loaded shared library C:\Users\heikk\AppData\Local\Temp\lwjgl_heikk\3.3.2-snapshot+7\x64\lwjgl_opengl.dll
Event: 0.280 Loaded shared library C:\Program Files\Java\jdk-18.0.2\bin\awt.dll
Event: 0.296 Thread 0x0000019fff5bdb80 Thread added: 0x0000019fff5bdb80
Event: 0.313 Thread 0x0000019f99c09010 Thread added: 0x0000019f99c09010
Event: 0.313 Thread 0x0000019f99c09510 Thread added: 0x0000019f99c09510
Event: 0.313 Thread 0x0000019f99be2030 Thread added: 0x0000019f99be2030
Event: 0.645 Thread 0x0000019f99be2030 Thread exited: 0x0000019f99be2030
Event: 0.645 Thread 0x0000019f99c09510 Thread exited: 0x0000019f99c09510
Event: 0.729 Thread 0x0000019f99c09010 Thread exited: 0x0000019f99c09010


Dynamic libraries:
0x00007ff7e3fc0000 - 0x00007ff7e3fd0000 	C:\Program Files\Java\jdk-18.0.2\bin\javaw.exe
0x00007ff886550000 - 0x00007ff886748000 	C:\Windows\SYSTEM32\ntdll.dll
0x00007ff885c80000 - 0x00007ff885d3f000 	C:\Windows\System32\KERNEL32.DLL
0x00007ff883c40000 - 0x00007ff883f12000 	C:\Windows\System32\KERNELBASE.dll
0x00007ff884490000 - 0x00007ff884590000 	C:\Windows\System32\ucrtbase.dll
0x00007ff864720000 - 0x00007ff86473a000 	C:\Program Files\Java\jdk-18.0.2\bin\VCRUNTIME140.dll
0x00007ff864700000 - 0x00007ff864718000 	C:\Program Files\Java\jdk-18.0.2\bin\jli.dll
0x00007ff885b30000 - 0x00007ff885bde000 	C:\Windows\System32\ADVAPI32.dll
0x00007ff884810000 - 0x00007ff8848ae000 	C:\Windows\System32\msvcrt.dll
0x00007ff885be0000 - 0x00007ff885c7c000 	C:\Windows\System32\sechost.dll
0x00007ff884c70000 - 0x00007ff884d95000 	C:\Windows\System32\RPCRT4.dll
0x00007ff884ac0000 - 0x00007ff884c61000 	C:\Windows\System32\USER32.dll
0x00007ff884460000 - 0x00007ff884482000 	C:\Windows\System32\win32u.dll
0x00007ff873a30000 - 0x00007ff873cca000 	C:\Windows\WinSxS\amd64_microsoft.windows.common-controls_6595b64144ccf1df_6.0.19041.1110_none_60b5254171f9507e\COMCTL32.dll
0x00007ff8849e0000 - 0x00007ff884a0b000 	C:\Windows\System32\GDI32.dll
0x00007ff8841c0000 - 0x00007ff8842cf000 	C:\Windows\System32\gdi32full.dll
0x00007ff884120000 - 0x00007ff8841bd000 	C:\Windows\System32\msvcp_win.dll
0x00007ff87dbc0000 - 0x00007ff87dbca000 	C:\Windows\SYSTEM32\VERSION.dll
0x00007ff8858e0000 - 0x00007ff885912000 	C:\Windows\System32\IMM32.DLL
0x00007ff868b30000 - 0x00007ff868b3c000 	C:\Program Files\Java\jdk-18.0.2\bin\vcruntime140_1.dll
0x00007ff8630f0000 - 0x00007ff86317d000 	C:\Program Files\Java\jdk-18.0.2\bin\msvcp140.dll
0x00007ff814750000 - 0x00007ff815361000 	C:\Program Files\Java\jdk-18.0.2\bin\server\jvm.dll
0x00007ff885100000 - 0x00007ff885108000 	C:\Windows\System32\PSAPI.DLL
0x00007ff87afa0000 - 0x00007ff87afc7000 	C:\Windows\SYSTEM32\WINMM.dll
0x00007ff86b600000 - 0x00007ff86b609000 	C:\Windows\SYSTEM32\WSOCK32.dll
0x00007ff885090000 - 0x00007ff8850fb000 	C:\Windows\System32\WS2_32.dll
0x00007ff8824b0000 - 0x00007ff8824c2000 	C:\Windows\SYSTEM32\kernel.appcore.dll
0x00007ff867020000 - 0x00007ff86702a000 	C:\Program Files\Java\jdk-18.0.2\bin\jimage.dll
0x00007ff8822a0000 - 0x00007ff882484000 	C:\Windows\SYSTEM32\DBGHELP.DLL
0x00007ff86cf80000 - 0x00007ff86cfb5000 	C:\Windows\SYSTEM32\dbgcore.DLL
0x00007ff8842d0000 - 0x00007ff884352000 	C:\Windows\System32\bcryptPrimitives.dll
0x00007ff85efc0000 - 0x00007ff85efe5000 	C:\Program Files\Java\jdk-18.0.2\bin\java.dll
0x00007ff85c180000 - 0x00007ff85c256000 	C:\Program Files\Java\jdk-18.0.2\bin\jsvml.dll
0x00007ff885dc0000 - 0x00007ff886504000 	C:\Windows\System32\SHELL32.dll
0x00007ff881a30000 - 0x00007ff8821c2000 	C:\Windows\SYSTEM32\windows.storage.dll
0x00007ff885580000 - 0x00007ff8858d5000 	C:\Windows\System32\combase.dll
0x00007ff8836a0000 - 0x00007ff8836d0000 	C:\Windows\SYSTEM32\Wldp.dll
0x00007ff885a00000 - 0x00007ff885aad000 	C:\Windows\System32\SHCORE.dll
0x00007ff8847b0000 - 0x00007ff884805000 	C:\Windows\System32\shlwapi.dll
0x00007ff883b80000 - 0x00007ff883b9f000 	C:\Windows\SYSTEM32\profapi.dll
0x00007ff8630d0000 - 0x00007ff8630e3000 	C:\Program Files\Java\jdk-18.0.2\bin\net.dll
0x00007ff87d3b0000 - 0x00007ff87d4bc000 	C:\Windows\SYSTEM32\WINHTTP.dll
0x00007ff883400000 - 0x00007ff88346a000 	C:\Windows\system32\mswsock.dll
0x00007ff85f0b0000 - 0x00007ff85f0c6000 	C:\Program Files\Java\jdk-18.0.2\bin\nio.dll
0x00007ff85efa0000 - 0x00007ff85efb8000 	C:\Program Files\Java\jdk-18.0.2\bin\zip.dll
0x00007ff85cd20000 - 0x00007ff85cd98000 	C:\Users\heikk\AppData\Local\Temp\lwjgl_heikk\3.3.2-snapshot+7\x64\lwjgl.dll
0x00007ff85c560000 - 0x00007ff85c5c1000 	C:\Users\heikk\AppData\Local\Temp\lwjgl_heikk\3.3.2-snapshot+7\x64\glfw.dll
0x00007ff8648f0000 - 0x00007ff864935000 	C:\Windows\SYSTEM32\dinput8.dll
0x00007ff85d8d0000 - 0x00007ff85d8e1000 	C:\Windows\SYSTEM32\xinput1_4.dll
0x00007ff884410000 - 0x00007ff88445e000 	C:\Windows\System32\cfgmgr32.dll
0x00007ff883a10000 - 0x00007ff883a3c000 	C:\Windows\SYSTEM32\DEVOBJ.dll
0x00007ff881410000 - 0x00007ff88143f000 	C:\Windows\SYSTEM32\dwmapi.dll
0x00007ff86aaf0000 - 0x00007ff86ac42000 	C:\Windows\SYSTEM32\inputhost.dll
0x00007ff884590000 - 0x00007ff88465d000 	C:\Windows\System32\OLEAUT32.dll
0x00007ff880d70000 - 0x00007ff880e62000 	C:\Windows\SYSTEM32\CoreMessaging.dll
0x00007ff87edc0000 - 0x00007ff87eeb6000 	C:\Windows\SYSTEM32\PROPSYS.dll
0x00007ff87f6b0000 - 0x00007ff87f804000 	C:\Windows\SYSTEM32\wintypes.dll
0x00007ff880a10000 - 0x00007ff880d6e000 	C:\Windows\SYSTEM32\CoreUIComponents.dll
0x00007ff882df0000 - 0x00007ff882e23000 	C:\Windows\SYSTEM32\ntmarta.dll
0x00007ff8810f0000 - 0x00007ff88118e000 	C:\Windows\system32\uxtheme.dll
0x00007ff8848c0000 - 0x00007ff8849d5000 	C:\Windows\System32\MSCTF.dll
0x00007ff840970000 - 0x00007ff840a95000 	C:\Windows\SYSTEM32\opengl32.dll
0x00007ff867340000 - 0x00007ff86736c000 	C:\Windows\SYSTEM32\GLU32.dll
0x00007ff884a10000 - 0x00007ff884abf000 	C:\Windows\System32\clbcatq.dll
0x00007ffff2e20000 - 0x00007ffff5fda000 	C:\Windows\System32\DriverStore\FileRepository\nvle.inf_amd64_75fddface1fba2c4\nvoglv64.dll
0x00007ff885110000 - 0x00007ff885578000 	C:\Windows\System32\SETUPAPI.dll
0x00007ff883f90000 - 0x00007ff883fb7000 	C:\Windows\System32\bcrypt.dll
0x00007ff884da0000 - 0x00007ff884eca000 	C:\Windows\System32\ole32.dll
0x00007ff87f200000 - 0x00007ff87f214000 	C:\Windows\SYSTEM32\WTSAPI32.dll
0x00007ff883610000 - 0x00007ff88361c000 	C:\Windows\SYSTEM32\CRYPTBASE.DLL
0x00007ff883830000 - 0x00007ff883842000 	C:\Windows\SYSTEM32\msasn1.dll
0x00007ff87da00000 - 0x00007ff87da31000 	C:\Windows\SYSTEM32\cryptnet.dll
0x00007ff883fc0000 - 0x00007ff884116000 	C:\Windows\System32\CRYPT32.dll
0x00007ff87d8b0000 - 0x00007ff87d9f8000 	C:\Windows\SYSTEM32\drvstore.dll
0x00007ff883f20000 - 0x00007ff883f89000 	C:\Windows\System32\WINTRUST.dll
0x00007ff87d350000 - 0x00007ff87d38b000 	C:\Windows\SYSTEM32\dxcore.dll
0x00007ff828fa0000 - 0x00007ff829267000 	C:\Windows\system32\nvspcap64.dll
0x00007ff883210000 - 0x00007ff88325b000 	C:\Windows\SYSTEM32\powrprof.dll
0x00007ff883080000 - 0x00007ff883092000 	C:\Windows\SYSTEM32\UMPDC.dll
0x00007ff882980000 - 0x00007ff8829e4000 	C:\Windows\SYSTEM32\WINSTA.dll
0x00007ff869580000 - 0x00007ff869679000 	C:\Windows\SYSTEM32\textinputframework.dll
0x00007ff873920000 - 0x00007ff873986000 	C:\Windows\system32\Oleacc.dll
0x00007ff85e1d0000 - 0x00007ff85e22d000 	C:\Users\heikk\AppData\Local\Temp\lwjgl_heikk\3.3.2-snapshot+7\x64\lwjgl_opengl.dll
0x00007ff818560000 - 0x00007ff8186ef000 	C:\Program Files\Java\jdk-18.0.2\bin\awt.dll
0x00007ff880fa0000 - 0x00007ff881031000 	C:\Windows\SYSTEM32\apphelp.dll

dbghelp: loaded successfully - version: 4.0.5 - missing functions: none
symbol engine: initialized successfully - sym options: 0x614 - pdb path: .;C:\Program Files\Java\jdk-18.0.2\bin;C:\Windows\SYSTEM32;C:\Windows\WinSxS\amd64_microsoft.windows.common-controls_6595b64144ccf1df_6.0.19041.1110_none_60b5254171f9507e;C:\Program Files\Java\jdk-18.0.2\bin\server;C:\Users\heikk\AppData\Local\Temp\lwjgl_heikk\3.3.2-snapshot+7\x64;C:\Windows\System32\DriverStore\FileRepository\nvle.inf_amd64_75fddface1fba2c4

VM Arguments:
jvm_args: -Dfile.encoding=UTF-8 -XX:+ShowCodeDetailsInExceptionMessages 
java_command: rpgrts.main.Main
java_class_path (initial): C:\Users\heikk\Desktop\racismproject\rpgrts\bin;C:\Users\heikk\Desktop\racismproject\lwjgl\lib\lwjgl\lwjgl.jar;C:\Users\heikk\Desktop\racismproject\lwjgl\lib\lwjgl\lwjgl-javadoc.jar;C:\Users\heikk\Desktop\racismproject\lwjgl\lib\lwjgl-glfw\lwjgl-glfw.jar;C:\Users\heikk\Desktop\racismproject\lwjgl\lib\lwjgl-glfw\lwjgl-glfw-javadoc.jar;C:\Users\heikk\Desktop\racismproject\lwjgl\lib\lwjgl-glfw\lwjgl-glfw-natives-windows-x86.jar;C:\Users\heikk\Desktop\racismproject\lwjgl\lib\lwjgl\lwjgl-natives-windows.jar;C:\Users\heikk\Desktop\racismproject\lwjgl\lib\lwjgl-glfw\lwjgl-glfw-natives-windows.jar;C:\Users\heikk\Desktop\racismproject\lwjgl\lib\lwjgl-glfw\lwjgl-glfw-natives-windows-arm64.jar;C:\Users\heikk\Desktop\racismproject\lwjgl\lib\lwjgl-opengl\lwjgl-opengl.jar;C:\Users\heikk\Desktop\racismproject\lwjgl\lib\lwjgl-opengl\lwjgl-opengl-javadoc.jar;C:\Users\heikk\Desktop\racismproject\lwjgl\lib\lwjgl-opengl\lwjgl-opengl-natives-linux.jar;C:\Users\heikk\Desktop\racismproject\lwjgl\lib\lwjgl-opengl\lwjgl-opengl-natives-linux-arm32.jar;C:\Users\heikk\Desktop\racismproject\lwjgl\lib\lwjgl-opengl\lwjgl-opengl-natives-linux-arm64.jar;C:\Users\heikk\Desktop\racismproject\lwjgl\lib\lwjgl-opengl\lwjgl-opengl-natives-macos.jar;C:\Users\heikk\Desktop\racismproject\lwjgl\lib\lwjgl-opengl\lwjgl-opengl-natives-macos-arm64.jar;C:\Users\heikk\Desktop\racismproject\lwjgl\lib\lwjgl-opengl\lwjgl-opengl-natives-windows.jar;C:\Users\heikk\Desktop\racismproject\lwjgl\lib\lwjgl-opengl\lwjgl-opengl-natives-windows-arm64.jar;C:\Users\heikk\Desktop\racismproject\lwjgl\lib\lwjgl-opengl\lwjgl-opengl-natives-windows-x86.jar
Launcher Type: SUN_STANDARD

[Global flags]
     intx CICompilerCount                          = 12                                        {product} {ergonomic}
     uint ConcGCThreads                            = 3                                         {product} {ergonomic}
     uint G1ConcRefinementThreads                  = 13                                        {product} {ergonomic}
   size_t G1HeapRegionSize                         = 2097152                                   {product} {ergonomic}
    uintx GCDrainStackTargetSize                   = 64                                        {product} {ergonomic}
   size_t InitialHeapSize                          = 266338304                                 {product} {ergonomic}
   size_t MarkStackSize                            = 4194304                                   {product} {ergonomic}
   size_t MaxHeapSize                              = 4246732800                                {product} {ergonomic}
   size_t MaxNewSize                               = 2548039680                                {product} {ergonomic}
   size_t MinHeapDeltaBytes                        = 2097152                                   {product} {ergonomic}
   size_t MinHeapSize                              = 8388608                                   {product} {ergonomic}
    uintx NonNMethodCodeHeapSize                   = 7602480                                {pd product} {ergonomic}
    uintx NonProfiledCodeHeapSize                  = 122027880                              {pd product} {ergonomic}
    uintx ProfiledCodeHeapSize                     = 122027880                              {pd product} {ergonomic}
    uintx ReservedCodeCacheSize                    = 251658240                              {pd product} {ergonomic}
     bool SegmentedCodeCache                       = true                                      {product} {ergonomic}
     bool ShowCodeDetailsInExceptionMessages       = true                                   {manageable} {command line}
   size_t SoftMaxHeapSize                          = 4246732800                             {manageable} {ergonomic}
     bool UseCompressedClassPointers               = true                           {product lp64_product} {ergonomic}
     bool UseCompressedOops                        = true                           {product lp64_product} {ergonomic}
     bool UseG1GC                                  = true                                      {product} {ergonomic}
     bool UseLargePagesIndividualAllocation        = false                                  {pd product} {ergonomic}

Logging:
Log output configuration:
 #0: stdout all=warning uptime,level,tags foldmultilines=false
 #1: stderr all=off uptime,level,tags foldmultilines=false

Environment Variables:
JAVA_HOME=C:\Program Files\Java\jdk-18.0.2
PATH=C:\VulkanSDK\1.3.231.1\Bin;C:\Program Files\Oculus\Support\oculus-runtime;C:\Program Files\Common Files\Oracle\Java\javapath;C:\Program Files (x86)\Common Files\Oracle\Java\javapath;C:\Windows\system32;C:\Windows;C:\Windows\System32\Wbem;C:\Windows\System32\WindowsPowerShell\v1.0\;C:\Windows\System32\OpenSSH\;C:\Program Files (x86)\NVIDIA Corporation\PhysX\Common;C:\Program Files\NVIDIA Corporation\NVIDIA NvDLISR;C:\Program Files\dotnet\;C:\Program Files\CMake\bin;C:\MinGW\bin;C:\Program Files (x86)\Microsoft Visual Studio\2019\BuildTools\VC\Tools\MSVC\14.29.30133\bin;C:\Program Files (x86)\GnuWin32\bin;C:\Program Files\Java\jdk-17.0.1\bin;C:\Program Files\Git\cmd;C:\Program Files (x86)\Windows Kits\10\Windows Performance Toolkit\;C:\Users\heikk\AppData\Local\Microsoft\WindowsApps;C:\Users\heikk\.dotnet\tools;C:\Users\heikk\Desktop\waf-master;
USERNAME=heikk
OS=Windows_NT
PROCESSOR_IDENTIFIER=Intel64 Family 6 Model 165 Stepping 5, GenuineIntel



---------------  S Y S T E M  ---------------

OS:
 Windows 10 , 64 bit Build 19041 (10.0.19041.2364)
OS uptime: 0 days 5:00 hours

CPU: total 16 (initial active 16) (8 cores per cpu, 2 threads per core) family 6 model 165 stepping 5 microcode 0xe2, cx8, cmov, fxsr, ht, mmx, 3dnowpref, sse, sse2, sse3, ssse3, sse4.1, sse4.2, popcnt, lzcnt, tsc, tscinvbit, avx, avx2, aes, erms, clmul, bmi1, bmi2, adx, fma, vzeroupper, clflush, clflushopt

Memory: 4k page, system-wide physical 16194M (8175M free)
TotalPageFile size 21570M (AvailPageFile size 11117M)
current process WorkingSet (physical memory assigned to process): 135M, peak: 135M
current process commit charge ("private bytes"): 463M, peak: 464M

vm_info: Java HotSpot(TM) 64-Bit Server VM (18.0.2+9-61) for windows-amd64 JRE (18.0.2+9-61), built on Jun  7 2022 13:09:01 by "mach5one" with MS VC++ 16.8 / 16.9 (VS2019)

END.
