#
# A fatal error has been detected by the Java Runtime Environment:
#
#  EXCEPTION_ACCESS_VIOLATION (0xc0000005) at pc=0x00007ffe6a7fe047, pid=8988, tid=12744
#
# JRE version: Java(TM) SE Runtime Environment (18.0.2+9) (build 18.0.2+9-61)
# Java VM: Java HotSpot(TM) 64-Bit Server VM (18.0.2+9-61, mixed mode, sharing, tiered, compressed oops, compressed class ptrs, g1 gc, windows-amd64)
# Problematic frame:
# C  [lwjgl_opengl.dll+0xe047]
#
# No core dump will be written. Minidumps are not enabled by default on client versions of Windows
#
# If you would like to submit a bug report, please visit:
#   https://bugreport.java.com/bugreport/crash.jsp
# The crash happened outside the Java Virtual Machine in native code.
# See problematic frame for where to report the bug.
#

---------------  S U M M A R Y ------------

Command Line: -Dfile.encoding=UTF-8 -XX:+ShowCodeDetailsInExceptionMessages rpgrts.main

Host: Intel(R) Core(TM) i7-10700K CPU @ 3.80GHz, 16 cores, 15G,  Windows 10 , 64 bit Build 19041 (10.0.19041.2364)
Time: Mon Jan 30 23:40:43 2023 FLE Standard Time elapsed time: 0.245172 seconds (0d 0h 0m 0s)

---------------  T H R E A D  ---------------

Current thread (0x0000021f1cfe5a90):  JavaThread "main" [_thread_in_native, id=12744, stack(0x000000e7f8800000,0x000000e7f8900000)]

Stack: [0x000000e7f8800000,0x000000e7f8900000],  sp=0x000000e7f88fef38,  free space=1019k
Native frames: (J=compiled Java code, j=interpreted, Vv=VM code, C=native code)
C  [lwjgl_opengl.dll+0xe047]

Java frames: (J=compiled Java code, j=interpreted, Vv=VM code)
j  org.lwjgl.opengl.GL20C.glCreateProgram()I+0
j  org.lwjgl.opengl.GL20.glCreateProgram()I+0
j  rpgrts.ShaderLoader.createProgram()V+1
j  rpgrts.main.init()V+34
j  rpgrts.main.<init>()V+10
j  rpgrts.main.main([Ljava/lang/String;)V+3
v  ~StubRoutines::call_stub

siginfo: EXCEPTION_ACCESS_VIOLATION (0xc0000005), reading address 0x0000000000000e20


Register to memory mapping:

RIP=0x00007ffe6a7fe047 lwjgl_opengl.dll
RAX=0x0000021f44fadb80 points into unknown readable memory: 0x0000000000000000 | 00 00 00 00 00 00 00 00
RBX={method} {0x0000021f4113c710} 'glCreateProgram' '()I' in 'org/lwjgl/opengl/GL20C'
RCX=0x0 is NULL
RDX=0x000000e7f88fefb8 is pointing into the stack for thread: 0x0000021f1cfe5a90
RSP=0x000000e7f88fef38 is pointing into the stack for thread: 0x0000021f1cfe5a90
RBP=0x000000e7f88fefa8 is pointing into the stack for thread: 0x0000021f1cfe5a90
RSI=0x0 is NULL
RDI=0x0000021f249295cd is at code_begin+1325 in an Interpreter codelet
return entry points  [0x0000021f249290a0, 0x0000021f24929ba0]  2816 bytes
R8 =0x0000000000000002 is an unknown value
R9 =0x0000000000000002 is an unknown value
R10=0x0000021f2492d5f2 is at code_begin+946 in an Interpreter codelet
method entry point (kind = native)  [0x0000021f2492d240, 0x0000021f2492dbc0]  2432 bytes
R11=0x0000000712460c70 is an oop: java.lang.Class 
{0x0000000712460c70} - klass: 'java/lang/Class'
 - ---- fields (total size 54 words):
 - private volatile transient 'classRedefinedCount' 'I' @12  0
 - abstract internal 'klass' 'J' @16  34372413408 (c167e0 8)
 - abstract internal 'array_klass' 'J' @24  0 (0 0)
 - abstract internal 'oop_size' 'I' @32  54 (36)
 - abstract internal 'static_oop_field_count' 'I' @36  0
 - private volatile transient 'cachedConstructor' 'Ljava/lang/reflect/Constructor;' @40  NULL (0)
 - private transient 'name' 'Ljava/lang/String;' @44  "org.lwjgl.opengl.GL20C"{0x0000000712460e30} (e248c1c6)
 - private transient 'module' 'Ljava/lang/Module;' @48  a 'java/lang/Module'{0x0000000712afaa50} (e255f54a)
 - private final 'classLoader' 'Ljava/lang/ClassLoader;' @52  a 'jdk/internal/loader/ClassLoaders$AppClassLoader'{0x0000000712afa890} (e255f512)
 - private transient 'classData' 'Ljava/lang/Object;' @56  NULL (0)
 - private transient 'packageName' 'Ljava/lang/String;' @60  "org.lwjgl.opengl"{0x0000000712715ef0} (e24e2bde)
 - private final 'componentType' 'Ljava/lang/Class;' @64  NULL (0)
 - private volatile transient 'reflectionData' 'Ljava/lang/ref/SoftReference;' @68  NULL (0)
 - private volatile transient 'genericInfo' 'Lsun/reflect/generics/repository/ClassRepository;' @72  NULL (0)
 - private volatile transient 'enumConstants' '[Ljava/lang/Object;' @76  NULL (0)
 - private volatile transient 'enumConstantDirectory' 'Ljava/util/Map;' @80  NULL (0)
 - private volatile transient 'annotationData' 'Ljava/lang/Class$AnnotationData;' @84  NULL (0)
 - private volatile transient 'annotationType' 'Lsun/reflect/annotation/AnnotationType;' @88  NULL (0)
 - transient 'classValueMap' 'Ljava/lang/ClassValue$ClassValueMap;' @92  NULL (0)
 - abstract internal 'protection_domain' 'Ljava/lang/Object;' @96  a 'java/security/ProtectionDomain'{0x00000007127395f8} (e24e72bf)
 - abstract internal 'signers_name' 'Ljava/lang/Object;' @100  NULL (0)
 - abstract internal 'source_file' 'Ljava/lang/Object;' @104  NULL (0)
 - signature: Lorg/lwjgl/opengl/GL20C;
 - ---- static fields (0):
 - public static final 'GL_SHADING_LANGUAGE_VERSION' 'I' @112  35724 (8b8c)
 - public static final 'GL_CURRENT_PROGRAM' 'I' @116  35725 (8b8d)
 - public static final 'GL_SHADER_TYPE' 'I' @120  35663 (8b4f)
 - public static final 'GL_DELETE_STATUS' 'I' @124  35712 (8b80)
 - public static final 'GL_COMPILE_STATUS' 'I' @128  35713 (8b81)
 - public static final 'GL_LINK_STATUS' 'I' @132  35714 (8b82)
 - public static final 'GL_VALIDATE_STATUS' 'I' @136  35715 (8b83)
 - public static final 'GL_INFO_LOG_LENGTH' 'I' @140  35716 (8b84)
 - public static final 'GL_ATTACHED_SHADERS' 'I' @144  35717 (8b85)
 - public static final 'GL_ACTIVE_UNIFORMS' 'I' @148  35718 (8b86)
 - public static final 'GL_ACTIVE_UNIFORM_MAX_LENGTH' 'I' @152  35719 (8b87)
 - public static final 'GL_ACTIVE_ATTRIBUTES' 'I' @156  35721 (8b89)
 - public static final 'GL_ACTIVE_ATTRIBUTE_MAX_LENGTH' 'I' @160  35722 (8b8a)
 - public static final 'GL_SHADER_SOURCE_LENGTH' 'I' @164  35720 (8b88)
 - public static final 'GL_FLOAT_VEC2' 'I' @168  35664 (8b50)
 - public static final 'GL_FLOAT_VEC3' 'I' @172  35665 (8b51)
 - public static final 'GL_FLOAT_VEC4' 'I' @176  35666 (8b52)
 - public static final 'GL_INT_VEC2' 'I' @180  35667 (8b53)
 - public static final 'GL_INT_VEC3' 'I' @184  35668 (8b54)
 - public static final 'GL_INT_VEC4' 'I' @188  35669 (8b55)
 - public static final 'GL_BOOL' 'I' @192  35670 (8b56)
 - public static final 'GL_BOOL_VEC2' 'I' @196  35671 (8b57)
 - public static final 'GL_BOOL_VEC3' 'I' @200  35672 (8b58)
 - public static final 'GL_BOOL_VEC4' 'I' @204  35673 (8b59)
 - public static final 'GL_FLOAT_MAT2' 'I' @208  35674 (8b5a)
 - public static final 'GL_FLOAT_MAT3' 'I' @212  35675 (8b5b)
 - public static final 'GL_FLOAT_MAT4' 'I' @216  35676 (8b5c)
 - public static final 'GL_SAMPLER_1D' 'I' @220  35677 (8b5d)
 - public static final 'GL_SAMPLER_2D' 'I' @224  35678 (8b5e)
 - public static final 'GL_SAMPLER_3D' 'I' @228  35679 (8b5f)
 - public static final 'GL_SAMPLER_CUBE' 'I' @232  35680 (8b60)
 - public static final 'GL_SAMPLER_1D_SHADOW' 'I' @236  35681 (8b61)
 - public static final 'GL_SAMPLER_2D_SHADOW' 'I' @240  35682 (8b62)
 - public static final 'GL_VERTEX_SHADER' 'I' @244  35633 (8b31)
 - public static final 'GL_MAX_VERTEX_UNIFORM_COMPONENTS' 'I' @248  35658 (8b4a)
 - public static final 'GL_MAX_VARYING_FLOATS' 'I' @252  35659 (8b4b)
 - public static final 'GL_MAX_VERTEX_ATTRIBS' 'I' @256  34921 (8869)
 - public static final 'GL_MAX_TEXTURE_IMAGE_UNITS' 'I' @260  34930 (8872)
 - public static final 'GL_MAX_VERTEX_TEXTURE_IMAGE_UNITS' 'I' @264  35660 (8b4c)
 - public static final 'GL_MAX_COMBINED_TEXTURE_IMAGE_UNITS' 'I' @268  35661 (8b4d)
 - public static final 'GL_VERTEX_PROGRAM_POINT_SIZE' 'I' @272  34370 (8642)
 - public static final 'GL_VERTEX_ATTRIB_ARRAY_ENABLED' 'I' @276  34338 (8622)
 - public static final 'GL_VERTEX_ATTRIB_ARRAY_SIZE' 'I' @280  34339 (8623)
 - public static final 'GL_VERTEX_ATTRIB_ARRAY_STRIDE' 'I' @284  34340 (8624)
 - public static final 'GL_VERTEX_ATTRIB_ARRAY_TYPE' 'I' @288  34341 (8625)
 - public static final 'GL_VERTEX_ATTRIB_ARRAY_NORMALIZED' 'I' @292  34922 (886a)
 - public static final 'GL_CURRENT_VERTEX_ATTRIB' 'I' @296  34342 (8626)
 - public static final 'GL_VERTEX_ATTRIB_ARRAY_POINTER' 'I' @300  34373 (8645)
 - public static final 'GL_FRAGMENT_SHADER' 'I' @304  35632 (8b30)
 - public static final 'GL_MAX_FRAGMENT_UNIFORM_COMPONENTS' 'I' @308  35657 (8b49)
 - public static final 'GL_FRAGMENT_SHADER_DERIVATIVE_HINT' 'I' @312  35723 (8b8b)
 - public static final 'GL_MAX_DRAW_BUFFERS' 'I' @316  34852 (8824)
 - public static final 'GL_DRAW_BUFFER0' 'I' @320  34853 (8825)
 - public static final 'GL_DRAW_BUFFER1' 'I' @324  34854 (8826)
 - public static final 'GL_DRAW_BUFFER2' 'I' @328  34855 (8827)
 - public static final 'GL_DRAW_BUFFER3' 'I' @332  34856 (8828)
 - public static final 'GL_DRAW_BUFFER4' 'I' @336  34857 (8829)
 - public static final 'GL_DRAW_BUFFER5' 'I' @340  34858 (882a)
 - public static final 'GL_DRAW_BUFFER6' 'I' @344  34859 (882b)
 - public static final 'GL_DRAW_BUFFER7' 'I' @348  34860 (882c)
 - public static final 'GL_DRAW_BUFFER8' 'I' @352  34861 (882d)
 - public static final 'GL_DRAW_BUFFER9' 'I' @356  34862 (882e)
 - public static final 'GL_DRAW_BUFFER10' 'I' @360  34863 (882f)
 - public static final 'GL_DRAW_BUFFER11' 'I' @364  34864 (8830)
 - public static final 'GL_DRAW_BUFFER12' 'I' @368  34865 (8831)
 - public static final 'GL_DRAW_BUFFER13' 'I' @372  34866 (8832)
 - public static final 'GL_DRAW_BUFFER14' 'I' @376  34867 (8833)
 - public static final 'GL_DRAW_BUFFER15' 'I' @380  34868 (8834)
 - public static final 'GL_POINT_SPRITE_COORD_ORIGIN' 'I' @384  36000 (8ca0)
 - public static final 'GL_LOWER_LEFT' 'I' @388  36001 (8ca1)
 - public static final 'GL_UPPER_LEFT' 'I' @392  36002 (8ca2)
 - public static final 'GL_BLEND_EQUATION_RGB' 'I' @396  32777 (8009)
 - public static final 'GL_BLEND_EQUATION_ALPHA' 'I' @400  34877 (883d)
 - public static final 'GL_STENCIL_BACK_FUNC' 'I' @404  34816 (8800)
 - public static final 'GL_STENCIL_BACK_FAIL' 'I' @408  34817 (8801)
 - public static final 'GL_STENCIL_BACK_PASS_DEPTH_FAIL' 'I' @412  34818 (8802)
 - public static final 'GL_STENCIL_BACK_PASS_DEPTH_PASS' 'I' @416  34819 (8803)
 - public static final 'GL_STENCIL_BACK_REF' 'I' @420  36003 (8ca3)
 - public static final 'GL_STENCIL_BACK_VALUE_MASK' 'I' @424  36004 (8ca4)
 - public static final 'GL_STENCIL_BACK_WRITEMASK' 'I' @428  36005 (8ca5)
R12=0x0 is NULL
R13=0x0000021f4113c700 is pointing into metadata
R14=0x000000e7f88fefc0 is pointing into the stack for thread: 0x0000021f1cfe5a90
R15=0x0000021f1cfe5a90 is a thread


Registers:
RAX=0x0000021f44fadb80, RBX=0x0000021f4113c708, RCX=0x0000000000000000, RDX=0x000000e7f88fefb8
RSP=0x000000e7f88fef38, RBP=0x000000e7f88fefa8, RSI=0x0000000000000000, RDI=0x0000021f249295cd
R8 =0x0000000000000002, R9 =0x0000000000000002, R10=0x0000021f2492d5f2, R11=0x0000000712460c70
R12=0x0000000000000000, R13=0x0000021f4113c700, R14=0x000000e7f88fefc0, R15=0x0000021f1cfe5a90
RIP=0x00007ffe6a7fe047, EFLAGS=0x0000000000010202

Top of Stack: (sp=0x000000e7f88fef38)
0x000000e7f88fef38:   0000021f2492d621 0000021f410cc608
0x000000e7f88fef48:   0000021f1cfe5a90 0000021f1cfe5a90
0x000000e7f88fef58:   0000021f2492d2f6 000000e7f88fef60
0x000000e7f88fef68:   0000021f4113c700 000000e7f88fefc0
0x000000e7f88fef78:   0000021f41168000 0000000000000000
0x000000e7f88fef88:   0000000712460c70 0000021f4113c708
0x000000e7f88fef98:   0000000000000000 000000e7f88fefc8
0x000000e7f88fefa8:   000000e7f88ff010 0000021f24929612
0x000000e7f88fefb8:   0000000712460c70 0000021f2492af76
0x000000e7f88fefc8:   000000e7f88fefc8 0000021f410cc5f0
0x000000e7f88fefd8:   000000e7f88ff018 0000021f4112ba60
0x000000e7f88fefe8:   0000000000000000 00000007127ad0e8
0x000000e7f88feff8:   0000021f410cc608 000000e7f88fefc8
0x000000e7f88ff008:   000000e7f88ff020 000000e7f88ff070
0x000000e7f88ff018:   0000021f24929612 0000000712714ef8
0x000000e7f88ff028:   000000e7f88ff028 0000021f410c9259 

Instructions: (pc=0x00007ffe6a7fe047)
0x00007ffe6a7fdf47:   8b c8 4c 8b 50 18 49 ff a2 e0 0d 00 00 cc cc cc
0x00007ffe6a7fdf57:   cc cc cc cc cc cc cc cc cc 48 8b 01 49 8b d1 41
0x00007ffe6a7fdf67:   8b c8 4c 8b 50 18 49 ff a2 e8 0d 00 00 cc cc cc
0x00007ffe6a7fdf77:   cc cc cc cc cc cc cc cc cc 48 8b 01 48 8b 48 18
0x00007ffe6a7fdf87:   48 8b 81 f0 0d 00 00 41 8b c8 48 ff e0 cc cc cc
0x00007ffe6a7fdf97:   cc cc cc cc cc cc cc cc cc 48 8b 01 41 8b d1 41
0x00007ffe6a7fdfa7:   8b c8 4c 8b 50 18 49 ff a2 f8 0d 00 00 cc cc cc
0x00007ffe6a7fdfb7:   cc cc cc cc cc cc cc cc cc 48 8b 01 41 8b c8 48
0x00007ffe6a7fdfc7:   8b 50 18 48 ff a2 00 0e 00 00 cc cc cc cc cc cc
0x00007ffe6a7fdfd7:   cc cc cc cc cc cc cc cc cc 48 8b 01 45 8b d8 4c
0x00007ffe6a7fdfe7:   8b 44 24 28 41 8b d1 41 8b cb 4c 8b 50 18 49 ff
0x00007ffe6a7fdff7:   a2 08 0e 00 00 cc cc cc cc 48 8b 01 45 8b d8 4c
0x00007ffe6a7fe007:   8b 44 24 28 41 8b d1 41 8b cb 4c 8b 50 18 49 ff
0x00007ffe6a7fe017:   a2 10 0e 00 00 cc cc cc cc 48 8b 01 45 8b d8 4c
0x00007ffe6a7fe027:   8b 44 24 28 41 8b d1 41 8b cb 4c 8b 50 18 49 ff
0x00007ffe6a7fe037:   a2 18 0e 00 00 cc cc cc cc 48 8b 01 48 8b 48 18
0x00007ffe6a7fe047:   48 8b 81 20 0e 00 00 48 ff e0 cc cc cc cc cc cc
0x00007ffe6a7fe057:   cc cc cc cc cc cc cc cc cc 48 8b 01 41 8b c8 48
0x00007ffe6a7fe067:   8b 50 18 48 ff a2 28 0e 00 00 cc cc cc cc cc cc
0x00007ffe6a7fe077:   cc cc cc cc cc cc cc cc cc 48 8b 01 48 8b 48 18
0x00007ffe6a7fe087:   48 8b 81 30 0e 00 00 41 8b c8 48 ff e0 cc cc cc
0x00007ffe6a7fe097:   cc cc cc cc cc cc cc cc cc 48 8b 01 48 8b 48 18
0x00007ffe6a7fe0a7:   48 8b 81 38 0e 00 00 41 8b c8 48 ff e0 cc cc cc
0x00007ffe6a7fe0b7:   cc cc cc cc cc cc cc cc cc 48 8b 01 41 8b c8 48
0x00007ffe6a7fe0c7:   8b 50 18 48 ff a2 40 0e 00 00 cc cc cc cc cc cc
0x00007ffe6a7fe0d7:   cc cc cc cc cc cc cc cc cc 48 8b 01 48 8b 48 18
0x00007ffe6a7fe0e7:   48 8b 81 48 0e 00 00 41 8b c8 48 ff e0 cc cc cc
0x00007ffe6a7fe0f7:   cc cc cc cc cc cc cc cc cc 48 8b 01 41 8b d1 41
0x00007ffe6a7fe107:   8b c8 4c 8b 50 18 49 ff a2 50 0e 00 00 cc cc cc
0x00007ffe6a7fe117:   cc cc cc cc cc cc cc cc cc 48 8b 01 41 8b d1 41
0x00007ffe6a7fe127:   8b c8 4c 8b 50 18 49 ff a2 58 0e 00 00 cc cc cc
0x00007ffe6a7fe137:   cc cc cc cc cc cc cc cc cc 40 53 48 8b 01 41 8b 


Stack slot to memory mapping:
stack at sp + 0 slots: 0x0000021f2492d621 is at code_begin+993 in an Interpreter codelet
method entry point (kind = native)  [0x0000021f2492d240, 0x0000021f2492dbc0]  2432 bytes
stack at sp + 1 slots: {method} {0x0000021f410cc610} 'glCreateProgram' '()I' in 'org/lwjgl/opengl/GL20'
stack at sp + 2 slots: 0x0000021f1cfe5a90 is a thread
stack at sp + 3 slots: 0x0000021f1cfe5a90 is a thread
stack at sp + 4 slots: 0x0000021f2492d2f6 is at code_begin+182 in an Interpreter codelet
method entry point (kind = native)  [0x0000021f2492d240, 0x0000021f2492dbc0]  2432 bytes
stack at sp + 5 slots: 0x000000e7f88fef60 is pointing into the stack for thread: 0x0000021f1cfe5a90
stack at sp + 6 slots: 0x0000021f4113c700 is pointing into metadata
stack at sp + 7 slots: 0x000000e7f88fefc0 is pointing into the stack for thread: 0x0000021f1cfe5a90


---------------  P R O C E S S  ---------------

Threads class SMR info:
_java_thread_list=0x0000021f44c9e120, length=14, elements={
0x0000021f1cfe5a90, 0x0000021f40813ad0, 0x0000021f40814f20, 0x0000021f408321a0,
0x0000021f40832a50, 0x0000021f40833aa0, 0x0000021f40835510, 0x0000021f4083bee0,
0x0000021f4083f0c0, 0x0000021f40853930, 0x0000021f44ca5a50, 0x0000021f44cb5fa0,
0x0000021f44cd34e0, 0x0000021f44cd85e0
}

Java Threads: ( => current thread )
=>0x0000021f1cfe5a90 JavaThread "main" [_thread_in_native, id=12744, stack(0x000000e7f8800000,0x000000e7f8900000)]
  0x0000021f40813ad0 JavaThread "Reference Handler" daemon [_thread_blocked, id=3508, stack(0x000000e7f8f00000,0x000000e7f9000000)]
  0x0000021f40814f20 JavaThread "Finalizer" daemon [_thread_blocked, id=676, stack(0x000000e7f9000000,0x000000e7f9100000)]
  0x0000021f408321a0 JavaThread "Signal Dispatcher" daemon [_thread_blocked, id=14128, stack(0x000000e7f9100000,0x000000e7f9200000)]
  0x0000021f40832a50 JavaThread "Attach Listener" daemon [_thread_blocked, id=10004, stack(0x000000e7f9200000,0x000000e7f9300000)]
  0x0000021f40833aa0 JavaThread "Service Thread" daemon [_thread_blocked, id=6656, stack(0x000000e7f9300000,0x000000e7f9400000)]
  0x0000021f40835510 JavaThread "Monitor Deflation Thread" daemon [_thread_blocked, id=9148, stack(0x000000e7f9400000,0x000000e7f9500000)]
  0x0000021f4083bee0 JavaThread "C2 CompilerThread0" daemon [_thread_blocked, id=14760, stack(0x000000e7f9500000,0x000000e7f9600000)]
  0x0000021f4083f0c0 JavaThread "C1 CompilerThread0" daemon [_thread_blocked, id=4156, stack(0x000000e7f9600000,0x000000e7f9700000)]
  0x0000021f40853930 JavaThread "Sweeper thread" daemon [_thread_blocked, id=2136, stack(0x000000e7f9700000,0x000000e7f9800000)]
  0x0000021f44ca5a50 JavaThread "C1 CompilerThread1" daemon [_thread_blocked, id=8500, stack(0x000000e7f9800000,0x000000e7f9900000)]
  0x0000021f44cb5fa0 JavaThread "C1 CompilerThread2" daemon [_thread_blocked, id=13592, stack(0x000000e7f9900000,0x000000e7f9a00000)]
  0x0000021f44cd34e0 JavaThread "Notification Thread" daemon [_thread_blocked, id=3188, stack(0x000000e7f9a00000,0x000000e7f9b00000)]
  0x0000021f44cd85e0 JavaThread "Common-Cleaner" daemon [_thread_blocked, id=1888, stack(0x000000e7f9c00000,0x000000e7f9d00000)]

Other Threads:
  0x0000021f40810420 VMThread "VM Thread" [stack: 0x000000e7f8e00000,0x000000e7f8f00000] [id=1464]
  0x0000021f44cd7dc0 WatcherThread "VM Periodic Task Thread" [stack: 0x000000e7f9b00000,0x000000e7f9c00000] [id=15004]
  0x0000021f1d0537f0 WorkerThread "GC Thread#0" [stack: 0x000000e7f8900000,0x000000e7f8a00000] [id=4660]
  0x0000021f1d066b00 ConcurrentGCThread "G1 Main Marker" [stack: 0x000000e7f8a00000,0x000000e7f8b00000] [id=16952]
  0x0000021f1d068410 WorkerThread "G1 Conc#0" [stack: 0x000000e7f8b00000,0x000000e7f8c00000] [id=2648]
  0x0000021f406ce160 ConcurrentGCThread "G1 Refine#0" [stack: 0x000000e7f8c00000,0x000000e7f8d00000] [id=15328]
  0x0000021f406ce820 ConcurrentGCThread "G1 Service" [stack: 0x000000e7f8d00000,0x000000e7f8e00000] [id=14352]

Threads with active compile tasks:

VM state: not at safepoint (normal execution)

VM Mutex/Monitor currently owned by a thread: None

Heap address: 0x0000000702e00000, size: 4050 MB, Compressed Oops mode: Zero based, Oop shift amount: 3

CDS archive(s) mapped at: [0x0000000800000000-0x0000000800ba0000-0x0000000800ba0000), size 12189696, SharedBaseAddress: 0x0000000800000000, ArchiveRelocationMode: 0.
Compressed class space mapped at: 0x0000000800c00000-0x0000000840c00000, reserved size: 1073741824
Narrow klass base: 0x0000000800000000, Narrow klass shift: 0, Narrow klass range: 0x100000000

GC Precious Log:
 CardTable entry size: 512
 Card Set container configuration: InlinePtr #cards 4 size 8 Array Of Cards #cards 16 size 48 Howl #buckets 8 coarsen threshold 3686 Howl Bitmap #cards 512 size 80 coarsen threshold 460 Card regions per heap region 1 cards per card region 4096
 CPUs: 16 total, 16 available
 Memory: 16194M
 Large Page Support: Disabled
 NUMA Support: Disabled
 Compressed Oops: Enabled (Zero based)
 Heap Region Size: 2M
 Heap Min Capacity: 8M
 Heap Initial Capacity: 254M
 Heap Max Capacity: 4050M
 Pre-touch: Disabled
 Parallel Workers: 13
 Concurrent Workers: 3
 Concurrent Refinement Workers: 13
 Periodic GC: Disabled

Heap:
 garbage-first heap   total 260096K, used 6144K [0x0000000702e00000, 0x0000000800000000)
  region size 2048K, 4 young (8192K), 0 survivors (0K)
 Metaspace       used 2569K, committed 2752K, reserved 1114112K
  class space    used 138K, committed 256K, reserved 1048576K

Heap Regions: E=young(eden), S=young(survivor), O=old, HS=humongous(starts), HC=humongous(continues), CS=collection set, F=free, OA=open archive, CA=closed archive, TAMS=top-at-mark-start (previous, next)
|   0|0x0000000702e00000, 0x0000000702e00000, 0x0000000703000000|  0%| F|  |TAMS 0x0000000702e00000, 0x0000000702e00000| Untracked 
|   1|0x0000000703000000, 0x0000000703000000, 0x0000000703200000|  0%| F|  |TAMS 0x0000000703000000, 0x0000000703000000| Untracked 
|   2|0x0000000703200000, 0x0000000703200000, 0x0000000703400000|  0%| F|  |TAMS 0x0000000703200000, 0x0000000703200000| Untracked 
|   3|0x0000000703400000, 0x0000000703400000, 0x0000000703600000|  0%| F|  |TAMS 0x0000000703400000, 0x0000000703400000| Untracked 
|   4|0x0000000703600000, 0x0000000703600000, 0x0000000703800000|  0%| F|  |TAMS 0x0000000703600000, 0x0000000703600000| Untracked 
|   5|0x0000000703800000, 0x0000000703800000, 0x0000000703a00000|  0%| F|  |TAMS 0x0000000703800000, 0x0000000703800000| Untracked 
|   6|0x0000000703a00000, 0x0000000703a00000, 0x0000000703c00000|  0%| F|  |TAMS 0x0000000703a00000, 0x0000000703a00000| Untracked 
|   7|0x0000000703c00000, 0x0000000703c00000, 0x0000000703e00000|  0%| F|  |TAMS 0x0000000703c00000, 0x0000000703c00000| Untracked 
|   8|0x0000000703e00000, 0x0000000703e00000, 0x0000000704000000|  0%| F|  |TAMS 0x0000000703e00000, 0x0000000703e00000| Untracked 
|   9|0x0000000704000000, 0x0000000704000000, 0x0000000704200000|  0%| F|  |TAMS 0x0000000704000000, 0x0000000704000000| Untracked 
|  10|0x0000000704200000, 0x0000000704200000, 0x0000000704400000|  0%| F|  |TAMS 0x0000000704200000, 0x0000000704200000| Untracked 
|  11|0x0000000704400000, 0x0000000704400000, 0x0000000704600000|  0%| F|  |TAMS 0x0000000704400000, 0x0000000704400000| Untracked 
|  12|0x0000000704600000, 0x0000000704600000, 0x0000000704800000|  0%| F|  |TAMS 0x0000000704600000, 0x0000000704600000| Untracked 
|  13|0x0000000704800000, 0x0000000704800000, 0x0000000704a00000|  0%| F|  |TAMS 0x0000000704800000, 0x0000000704800000| Untracked 
|  14|0x0000000704a00000, 0x0000000704a00000, 0x0000000704c00000|  0%| F|  |TAMS 0x0000000704a00000, 0x0000000704a00000| Untracked 
|  15|0x0000000704c00000, 0x0000000704c00000, 0x0000000704e00000|  0%| F|  |TAMS 0x0000000704c00000, 0x0000000704c00000| Untracked 
|  16|0x0000000704e00000, 0x0000000704e00000, 0x0000000705000000|  0%| F|  |TAMS 0x0000000704e00000, 0x0000000704e00000| Untracked 
|  17|0x0000000705000000, 0x0000000705000000, 0x0000000705200000|  0%| F|  |TAMS 0x0000000705000000, 0x0000000705000000| Untracked 
|  18|0x0000000705200000, 0x0000000705200000, 0x0000000705400000|  0%| F|  |TAMS 0x0000000705200000, 0x0000000705200000| Untracked 
|  19|0x0000000705400000, 0x0000000705400000, 0x0000000705600000|  0%| F|  |TAMS 0x0000000705400000, 0x0000000705400000| Untracked 
|  20|0x0000000705600000, 0x0000000705600000, 0x0000000705800000|  0%| F|  |TAMS 0x0000000705600000, 0x0000000705600000| Untracked 
|  21|0x0000000705800000, 0x0000000705800000, 0x0000000705a00000|  0%| F|  |TAMS 0x0000000705800000, 0x0000000705800000| Untracked 
|  22|0x0000000705a00000, 0x0000000705a00000, 0x0000000705c00000|  0%| F|  |TAMS 0x0000000705a00000, 0x0000000705a00000| Untracked 
|  23|0x0000000705c00000, 0x0000000705c00000, 0x0000000705e00000|  0%| F|  |TAMS 0x0000000705c00000, 0x0000000705c00000| Untracked 
|  24|0x0000000705e00000, 0x0000000705e00000, 0x0000000706000000|  0%| F|  |TAMS 0x0000000705e00000, 0x0000000705e00000| Untracked 
|  25|0x0000000706000000, 0x0000000706000000, 0x0000000706200000|  0%| F|  |TAMS 0x0000000706000000, 0x0000000706000000| Untracked 
|  26|0x0000000706200000, 0x0000000706200000, 0x0000000706400000|  0%| F|  |TAMS 0x0000000706200000, 0x0000000706200000| Untracked 
|  27|0x0000000706400000, 0x0000000706400000, 0x0000000706600000|  0%| F|  |TAMS 0x0000000706400000, 0x0000000706400000| Untracked 
|  28|0x0000000706600000, 0x0000000706600000, 0x0000000706800000|  0%| F|  |TAMS 0x0000000706600000, 0x0000000706600000| Untracked 
|  29|0x0000000706800000, 0x0000000706800000, 0x0000000706a00000|  0%| F|  |TAMS 0x0000000706800000, 0x0000000706800000| Untracked 
|  30|0x0000000706a00000, 0x0000000706a00000, 0x0000000706c00000|  0%| F|  |TAMS 0x0000000706a00000, 0x0000000706a00000| Untracked 
|  31|0x0000000706c00000, 0x0000000706c00000, 0x0000000706e00000|  0%| F|  |TAMS 0x0000000706c00000, 0x0000000706c00000| Untracked 
|  32|0x0000000706e00000, 0x0000000706e00000, 0x0000000707000000|  0%| F|  |TAMS 0x0000000706e00000, 0x0000000706e00000| Untracked 
|  33|0x0000000707000000, 0x0000000707000000, 0x0000000707200000|  0%| F|  |TAMS 0x0000000707000000, 0x0000000707000000| Untracked 
|  34|0x0000000707200000, 0x0000000707200000, 0x0000000707400000|  0%| F|  |TAMS 0x0000000707200000, 0x0000000707200000| Untracked 
|  35|0x0000000707400000, 0x0000000707400000, 0x0000000707600000|  0%| F|  |TAMS 0x0000000707400000, 0x0000000707400000| Untracked 
|  36|0x0000000707600000, 0x0000000707600000, 0x0000000707800000|  0%| F|  |TAMS 0x0000000707600000, 0x0000000707600000| Untracked 
|  37|0x0000000707800000, 0x0000000707800000, 0x0000000707a00000|  0%| F|  |TAMS 0x0000000707800000, 0x0000000707800000| Untracked 
|  38|0x0000000707a00000, 0x0000000707a00000, 0x0000000707c00000|  0%| F|  |TAMS 0x0000000707a00000, 0x0000000707a00000| Untracked 
|  39|0x0000000707c00000, 0x0000000707c00000, 0x0000000707e00000|  0%| F|  |TAMS 0x0000000707c00000, 0x0000000707c00000| Untracked 
|  40|0x0000000707e00000, 0x0000000707e00000, 0x0000000708000000|  0%| F|  |TAMS 0x0000000707e00000, 0x0000000707e00000| Untracked 
|  41|0x0000000708000000, 0x0000000708000000, 0x0000000708200000|  0%| F|  |TAMS 0x0000000708000000, 0x0000000708000000| Untracked 
|  42|0x0000000708200000, 0x0000000708200000, 0x0000000708400000|  0%| F|  |TAMS 0x0000000708200000, 0x0000000708200000| Untracked 
|  43|0x0000000708400000, 0x0000000708400000, 0x0000000708600000|  0%| F|  |TAMS 0x0000000708400000, 0x0000000708400000| Untracked 
|  44|0x0000000708600000, 0x0000000708600000, 0x0000000708800000|  0%| F|  |TAMS 0x0000000708600000, 0x0000000708600000| Untracked 
|  45|0x0000000708800000, 0x0000000708800000, 0x0000000708a00000|  0%| F|  |TAMS 0x0000000708800000, 0x0000000708800000| Untracked 
|  46|0x0000000708a00000, 0x0000000708a00000, 0x0000000708c00000|  0%| F|  |TAMS 0x0000000708a00000, 0x0000000708a00000| Untracked 
|  47|0x0000000708c00000, 0x0000000708c00000, 0x0000000708e00000|  0%| F|  |TAMS 0x0000000708c00000, 0x0000000708c00000| Untracked 
|  48|0x0000000708e00000, 0x0000000708e00000, 0x0000000709000000|  0%| F|  |TAMS 0x0000000708e00000, 0x0000000708e00000| Untracked 
|  49|0x0000000709000000, 0x0000000709000000, 0x0000000709200000|  0%| F|  |TAMS 0x0000000709000000, 0x0000000709000000| Untracked 
|  50|0x0000000709200000, 0x0000000709200000, 0x0000000709400000|  0%| F|  |TAMS 0x0000000709200000, 0x0000000709200000| Untracked 
|  51|0x0000000709400000, 0x0000000709400000, 0x0000000709600000|  0%| F|  |TAMS 0x0000000709400000, 0x0000000709400000| Untracked 
|  52|0x0000000709600000, 0x0000000709600000, 0x0000000709800000|  0%| F|  |TAMS 0x0000000709600000, 0x0000000709600000| Untracked 
|  53|0x0000000709800000, 0x0000000709800000, 0x0000000709a00000|  0%| F|  |TAMS 0x0000000709800000, 0x0000000709800000| Untracked 
|  54|0x0000000709a00000, 0x0000000709a00000, 0x0000000709c00000|  0%| F|  |TAMS 0x0000000709a00000, 0x0000000709a00000| Untracked 
|  55|0x0000000709c00000, 0x0000000709c00000, 0x0000000709e00000|  0%| F|  |TAMS 0x0000000709c00000, 0x0000000709c00000| Untracked 
|  56|0x0000000709e00000, 0x0000000709e00000, 0x000000070a000000|  0%| F|  |TAMS 0x0000000709e00000, 0x0000000709e00000| Untracked 
|  57|0x000000070a000000, 0x000000070a000000, 0x000000070a200000|  0%| F|  |TAMS 0x000000070a000000, 0x000000070a000000| Untracked 
|  58|0x000000070a200000, 0x000000070a200000, 0x000000070a400000|  0%| F|  |TAMS 0x000000070a200000, 0x000000070a200000| Untracked 
|  59|0x000000070a400000, 0x000000070a400000, 0x000000070a600000|  0%| F|  |TAMS 0x000000070a400000, 0x000000070a400000| Untracked 
|  60|0x000000070a600000, 0x000000070a600000, 0x000000070a800000|  0%| F|  |TAMS 0x000000070a600000, 0x000000070a600000| Untracked 
|  61|0x000000070a800000, 0x000000070a800000, 0x000000070aa00000|  0%| F|  |TAMS 0x000000070a800000, 0x000000070a800000| Untracked 
|  62|0x000000070aa00000, 0x000000070aa00000, 0x000000070ac00000|  0%| F|  |TAMS 0x000000070aa00000, 0x000000070aa00000| Untracked 
|  63|0x000000070ac00000, 0x000000070ac00000, 0x000000070ae00000|  0%| F|  |TAMS 0x000000070ac00000, 0x000000070ac00000| Untracked 
|  64|0x000000070ae00000, 0x000000070ae00000, 0x000000070b000000|  0%| F|  |TAMS 0x000000070ae00000, 0x000000070ae00000| Untracked 
|  65|0x000000070b000000, 0x000000070b000000, 0x000000070b200000|  0%| F|  |TAMS 0x000000070b000000, 0x000000070b000000| Untracked 
|  66|0x000000070b200000, 0x000000070b200000, 0x000000070b400000|  0%| F|  |TAMS 0x000000070b200000, 0x000000070b200000| Untracked 
|  67|0x000000070b400000, 0x000000070b400000, 0x000000070b600000|  0%| F|  |TAMS 0x000000070b400000, 0x000000070b400000| Untracked 
|  68|0x000000070b600000, 0x000000070b600000, 0x000000070b800000|  0%| F|  |TAMS 0x000000070b600000, 0x000000070b600000| Untracked 
|  69|0x000000070b800000, 0x000000070b800000, 0x000000070ba00000|  0%| F|  |TAMS 0x000000070b800000, 0x000000070b800000| Untracked 
|  70|0x000000070ba00000, 0x000000070ba00000, 0x000000070bc00000|  0%| F|  |TAMS 0x000000070ba00000, 0x000000070ba00000| Untracked 
|  71|0x000000070bc00000, 0x000000070bc00000, 0x000000070be00000|  0%| F|  |TAMS 0x000000070bc00000, 0x000000070bc00000| Untracked 
|  72|0x000000070be00000, 0x000000070be00000, 0x000000070c000000|  0%| F|  |TAMS 0x000000070be00000, 0x000000070be00000| Untracked 
|  73|0x000000070c000000, 0x000000070c000000, 0x000000070c200000|  0%| F|  |TAMS 0x000000070c000000, 0x000000070c000000| Untracked 
|  74|0x000000070c200000, 0x000000070c200000, 0x000000070c400000|  0%| F|  |TAMS 0x000000070c200000, 0x000000070c200000| Untracked 
|  75|0x000000070c400000, 0x000000070c400000, 0x000000070c600000|  0%| F|  |TAMS 0x000000070c400000, 0x000000070c400000| Untracked 
|  76|0x000000070c600000, 0x000000070c600000, 0x000000070c800000|  0%| F|  |TAMS 0x000000070c600000, 0x000000070c600000| Untracked 
|  77|0x000000070c800000, 0x000000070c800000, 0x000000070ca00000|  0%| F|  |TAMS 0x000000070c800000, 0x000000070c800000| Untracked 
|  78|0x000000070ca00000, 0x000000070ca00000, 0x000000070cc00000|  0%| F|  |TAMS 0x000000070ca00000, 0x000000070ca00000| Untracked 
|  79|0x000000070cc00000, 0x000000070cc00000, 0x000000070ce00000|  0%| F|  |TAMS 0x000000070cc00000, 0x000000070cc00000| Untracked 
|  80|0x000000070ce00000, 0x000000070ce00000, 0x000000070d000000|  0%| F|  |TAMS 0x000000070ce00000, 0x000000070ce00000| Untracked 
|  81|0x000000070d000000, 0x000000070d000000, 0x000000070d200000|  0%| F|  |TAMS 0x000000070d000000, 0x000000070d000000| Untracked 
|  82|0x000000070d200000, 0x000000070d200000, 0x000000070d400000|  0%| F|  |TAMS 0x000000070d200000, 0x000000070d200000| Untracked 
|  83|0x000000070d400000, 0x000000070d400000, 0x000000070d600000|  0%| F|  |TAMS 0x000000070d400000, 0x000000070d400000| Untracked 
|  84|0x000000070d600000, 0x000000070d600000, 0x000000070d800000|  0%| F|  |TAMS 0x000000070d600000, 0x000000070d600000| Untracked 
|  85|0x000000070d800000, 0x000000070d800000, 0x000000070da00000|  0%| F|  |TAMS 0x000000070d800000, 0x000000070d800000| Untracked 
|  86|0x000000070da00000, 0x000000070da00000, 0x000000070dc00000|  0%| F|  |TAMS 0x000000070da00000, 0x000000070da00000| Untracked 
|  87|0x000000070dc00000, 0x000000070dc00000, 0x000000070de00000|  0%| F|  |TAMS 0x000000070dc00000, 0x000000070dc00000| Untracked 
|  88|0x000000070de00000, 0x000000070de00000, 0x000000070e000000|  0%| F|  |TAMS 0x000000070de00000, 0x000000070de00000| Untracked 
|  89|0x000000070e000000, 0x000000070e000000, 0x000000070e200000|  0%| F|  |TAMS 0x000000070e000000, 0x000000070e000000| Untracked 
|  90|0x000000070e200000, 0x000000070e200000, 0x000000070e400000|  0%| F|  |TAMS 0x000000070e200000, 0x000000070e200000| Untracked 
|  91|0x000000070e400000, 0x000000070e400000, 0x000000070e600000|  0%| F|  |TAMS 0x000000070e400000, 0x000000070e400000| Untracked 
|  92|0x000000070e600000, 0x000000070e600000, 0x000000070e800000|  0%| F|  |TAMS 0x000000070e600000, 0x000000070e600000| Untracked 
|  93|0x000000070e800000, 0x000000070e800000, 0x000000070ea00000|  0%| F|  |TAMS 0x000000070e800000, 0x000000070e800000| Untracked 
|  94|0x000000070ea00000, 0x000000070ea00000, 0x000000070ec00000|  0%| F|  |TAMS 0x000000070ea00000, 0x000000070ea00000| Untracked 
|  95|0x000000070ec00000, 0x000000070ec00000, 0x000000070ee00000|  0%| F|  |TAMS 0x000000070ec00000, 0x000000070ec00000| Untracked 
|  96|0x000000070ee00000, 0x000000070ee00000, 0x000000070f000000|  0%| F|  |TAMS 0x000000070ee00000, 0x000000070ee00000| Untracked 
|  97|0x000000070f000000, 0x000000070f000000, 0x000000070f200000|  0%| F|  |TAMS 0x000000070f000000, 0x000000070f000000| Untracked 
|  98|0x000000070f200000, 0x000000070f200000, 0x000000070f400000|  0%| F|  |TAMS 0x000000070f200000, 0x000000070f200000| Untracked 
|  99|0x000000070f400000, 0x000000070f400000, 0x000000070f600000|  0%| F|  |TAMS 0x000000070f400000, 0x000000070f400000| Untracked 
| 100|0x000000070f600000, 0x000000070f600000, 0x000000070f800000|  0%| F|  |TAMS 0x000000070f600000, 0x000000070f600000| Untracked 
| 101|0x000000070f800000, 0x000000070f800000, 0x000000070fa00000|  0%| F|  |TAMS 0x000000070f800000, 0x000000070f800000| Untracked 
| 102|0x000000070fa00000, 0x000000070fa00000, 0x000000070fc00000|  0%| F|  |TAMS 0x000000070fa00000, 0x000000070fa00000| Untracked 
| 103|0x000000070fc00000, 0x000000070fc00000, 0x000000070fe00000|  0%| F|  |TAMS 0x000000070fc00000, 0x000000070fc00000| Untracked 
| 104|0x000000070fe00000, 0x000000070fe00000, 0x0000000710000000|  0%| F|  |TAMS 0x000000070fe00000, 0x000000070fe00000| Untracked 
| 105|0x0000000710000000, 0x0000000710000000, 0x0000000710200000|  0%| F|  |TAMS 0x0000000710000000, 0x0000000710000000| Untracked 
| 106|0x0000000710200000, 0x0000000710200000, 0x0000000710400000|  0%| F|  |TAMS 0x0000000710200000, 0x0000000710200000| Untracked 
| 107|0x0000000710400000, 0x0000000710400000, 0x0000000710600000|  0%| F|  |TAMS 0x0000000710400000, 0x0000000710400000| Untracked 
| 108|0x0000000710600000, 0x0000000710600000, 0x0000000710800000|  0%| F|  |TAMS 0x0000000710600000, 0x0000000710600000| Untracked 
| 109|0x0000000710800000, 0x0000000710800000, 0x0000000710a00000|  0%| F|  |TAMS 0x0000000710800000, 0x0000000710800000| Untracked 
| 110|0x0000000710a00000, 0x0000000710a00000, 0x0000000710c00000|  0%| F|  |TAMS 0x0000000710a00000, 0x0000000710a00000| Untracked 
| 111|0x0000000710c00000, 0x0000000710c00000, 0x0000000710e00000|  0%| F|  |TAMS 0x0000000710c00000, 0x0000000710c00000| Untracked 
| 112|0x0000000710e00000, 0x0000000710e00000, 0x0000000711000000|  0%| F|  |TAMS 0x0000000710e00000, 0x0000000710e00000| Untracked 
| 113|0x0000000711000000, 0x0000000711000000, 0x0000000711200000|  0%| F|  |TAMS 0x0000000711000000, 0x0000000711000000| Untracked 
| 114|0x0000000711200000, 0x0000000711200000, 0x0000000711400000|  0%| F|  |TAMS 0x0000000711200000, 0x0000000711200000| Untracked 
| 115|0x0000000711400000, 0x0000000711400000, 0x0000000711600000|  0%| F|  |TAMS 0x0000000711400000, 0x0000000711400000| Untracked 
| 116|0x0000000711600000, 0x0000000711600000, 0x0000000711800000|  0%| F|  |TAMS 0x0000000711600000, 0x0000000711600000| Untracked 
| 117|0x0000000711800000, 0x0000000711800000, 0x0000000711a00000|  0%| F|  |TAMS 0x0000000711800000, 0x0000000711800000| Untracked 
| 118|0x0000000711a00000, 0x0000000711a00000, 0x0000000711c00000|  0%| F|  |TAMS 0x0000000711a00000, 0x0000000711a00000| Untracked 
| 119|0x0000000711c00000, 0x0000000711c00000, 0x0000000711e00000|  0%| F|  |TAMS 0x0000000711c00000, 0x0000000711c00000| Untracked 
| 120|0x0000000711e00000, 0x0000000711e00000, 0x0000000712000000|  0%| F|  |TAMS 0x0000000711e00000, 0x0000000711e00000| Untracked 
| 121|0x0000000712000000, 0x0000000712000000, 0x0000000712200000|  0%| F|  |TAMS 0x0000000712000000, 0x0000000712000000| Untracked 
| 122|0x0000000712200000, 0x0000000712200000, 0x0000000712400000|  0%| F|  |TAMS 0x0000000712200000, 0x0000000712200000| Untracked 
| 123|0x0000000712400000, 0x0000000712476258, 0x0000000712600000| 23%| E|  |TAMS 0x0000000712400000, 0x0000000712400000| Complete 
| 124|0x0000000712600000, 0x0000000712800000, 0x0000000712800000|100%| E|CS|TAMS 0x0000000712600000, 0x0000000712600000| Complete 
| 125|0x0000000712800000, 0x0000000712a00000, 0x0000000712a00000|100%| E|CS|TAMS 0x0000000712800000, 0x0000000712800000| Complete 
| 126|0x0000000712a00000, 0x0000000712c00000, 0x0000000712c00000|100%| E|CS|TAMS 0x0000000712a00000, 0x0000000712a00000| Complete 

Card table byte_map: [0x0000021f34990000,0x0000021f35180000] _byte_map_base: 0x0000021f31179000

Marking Bits (Prev, Next): (CMBitMap*) 0x0000021f1d055d20, (CMBitMap*) 0x0000021f1d055d60
 Prev Bits: [0x0000021f35970000, 0x0000021f398b8000)
 Next Bits: [0x0000021f398c0000, 0x0000021f3d808000)

Polling page: 0x0000021f1ae90000

Metaspace:

Usage:
  Non-class:      2.37 MB used.
      Class:    138.76 KB used.
       Both:      2.51 MB used.

Virtual space:
  Non-class space:       64.00 MB reserved,       2.44 MB (  4%) committed,  1 nodes.
      Class space:        1.00 GB reserved,     256.00 KB ( <1%) committed,  1 nodes.
             Both:        1.06 GB reserved,       2.69 MB ( <1%) committed. 

Chunk freelists:
   Non-Class:  2.58 MB
       Class:  3.67 MB
        Both:  6.24 MB

MaxMetaspaceSize: unlimited
CompressedClassSpaceSize: 1.00 GB
Initial GC threshold: 21.00 MB
Current GC threshold: 21.00 MB
CDS: on
MetaspaceReclaimPolicy: balanced
 - commit_granule_bytes: 65536.
 - commit_granule_words: 8192.
 - virtual_space_node_default_size: 8388608.
 - enlarge_chunks_in_place: 1.
 - new_chunks_are_fully_committed: 0.
 - uncommit_free_chunks: 1.
 - use_allocation_guard: 0.


Internal statistics:

num_allocs_failed_limit: 0.
num_arena_births: 64.
num_arena_deaths: 0.
num_vsnodes_births: 2.
num_vsnodes_deaths: 0.
num_space_committed: 43.
num_space_uncommitted: 0.
num_chunks_returned_to_freelist: 0.
num_chunks_taken_from_freelist: 138.
num_chunk_merges: 0.
num_chunk_splits: 89.
num_chunks_enlarged: 63.
num_inconsistent_stats: 0.

CodeHeap 'non-profiled nmethods': size=119168Kb used=124Kb max_used=124Kb free=119043Kb
 bounds [0x0000021f2c4c0000, 0x0000021f2c730000, 0x0000021f33920000]
CodeHeap 'profiled nmethods': size=119104Kb used=692Kb max_used=692Kb free=118411Kb
 bounds [0x0000021f25070000, 0x0000021f252e0000, 0x0000021f2c4c0000]
CodeHeap 'non-nmethods': size=7488Kb used=2703Kb max_used=2718Kb free=4784Kb
 bounds [0x0000021f24920000, 0x0000021f24bd0000, 0x0000021f25070000]
 total_blobs=1459 nmethods=468 adapters=902
 compilation: enabled
              stopped_count=0, restarted_count=0
 full_count=0

Compilation events (20 events):
Event: 0.227 Thread 0x0000021f4083f0c0 nmethod 458 0x0000021f25117790 code [0x0000021f25117920, 0x0000021f25117a38]
Event: 0.227 Thread 0x0000021f4083f0c0  459       3       java.lang.String::concat (15 bytes)
Event: 0.227 Thread 0x0000021f44ca5a50  460       3       java.lang.StringConcatHelper::simpleConcat (94 bytes)
Event: 0.227 Thread 0x0000021f44cb5fa0  461       3       java.lang.StringConcatHelper::newString (67 bytes)
Event: 0.228 Thread 0x0000021f44cb5fa0 nmethod 461 0x0000021f25117a90 code [0x0000021f25117d00, 0x0000021f25118788]
Event: 0.228 Thread 0x0000021f44ca5a50 nmethod 460 0x0000021f25118b10 code [0x0000021f25118e20, 0x0000021f2511a098]
Event: 0.228 Thread 0x0000021f4083f0c0 nmethod 459 0x0000021f2511a710 code [0x0000021f2511aa40, 0x0000021f2511bd18]
Event: 0.228 Thread 0x0000021f4083f0c0  463       3       sun.misc.Unsafe::putLong (11 bytes)
Event: 0.228 Thread 0x0000021f44cb5fa0  464       3       org.lwjgl.system.MemoryUtil::memPutAddress (29 bytes)
Event: 0.228 Thread 0x0000021f4083f0c0 nmethod 463 0x0000021f2511c390 code [0x0000021f2511c520, 0x0000021f2511c638]
Event: 0.228 Thread 0x0000021f44cb5fa0 nmethod 464 0x0000021f2511c710 code [0x0000021f2511c8c0, 0x0000021f2511cab8]
Event: 0.228 Thread 0x0000021f4083bee0 nmethod 442 0x0000021f2c4de210 code [0x0000021f2c4de3a0, 0x0000021f2c4de698]
Event: 0.228 Thread 0x0000021f4083bee0  465       4       java.lang.Integer::toUnsignedLong (7 bytes)
Event: 0.228 Thread 0x0000021f44cb5fa0  466       3       java.util.zip.ZipUtils::CENLEN (9 bytes)
Event: 0.228 Thread 0x0000021f4083bee0 nmethod 465 0x0000021f2c4de810 code [0x0000021f2c4de980, 0x0000021f2c4de9d8]
Event: 0.229 Thread 0x0000021f44cb5fa0 nmethod 466 0x0000021f2511cb90 code [0x0000021f2511cd40, 0x0000021f2511d018]
Event: 0.229 Thread 0x0000021f44cb5fa0  467       1       java.security.CodeSource::getLocation (5 bytes)
Event: 0.229 Thread 0x0000021f44cb5fa0 nmethod 467 0x0000021f2c4deb10 code [0x0000021f2c4deca0, 0x0000021f2c4ded78]
Event: 0.230 Thread 0x0000021f4083bee0  468       4       java.lang.StringLatin1::lastIndexOf (40 bytes)
Event: 0.231 Thread 0x0000021f4083bee0 nmethod 468 0x0000021f2c4dee10 code [0x0000021f2c4def80, 0x0000021f2c4df138]

GC Heap History (0 events):
No events

Deoptimization events (4 events):
Event: 0.099 Thread 0x0000021f1cfe5a90 DEOPT PACKING pc=0x0000021f250892e7 sp=0x000000e7f88fb880
Event: 0.099 Thread 0x0000021f1cfe5a90 DEOPT UNPACKING pc=0x0000021f24972b43 sp=0x000000e7f88faca0 mode 0
Event: 0.224 Thread 0x0000021f1cfe5a90 DEOPT PACKING pc=0x0000021f250789d1 sp=0x000000e7f88fc960
Event: 0.224 Thread 0x0000021f1cfe5a90 DEOPT UNPACKING pc=0x0000021f24972b43 sp=0x000000e7f88fbdd8 mode 0

Classes loaded (20 events):
Event: 0.094 Loading class java/nio/DirectCharBufferU
Event: 0.094 Loading class java/nio/DirectCharBufferU done
Event: 0.094 Loading class java/nio/DirectFloatBufferU
Event: 0.094 Loading class java/nio/DirectFloatBufferU done
Event: 0.094 Loading class java/nio/DirectDoubleBufferU
Event: 0.094 Loading class java/nio/DirectDoubleBufferU done
Event: 0.094 Loading class sun/misc/Unsafe
Event: 0.095 Loading class sun/misc/Unsafe done
Event: 0.095 Loading class java/lang/invoke/DirectMethodHandle$StaticAccessor
Event: 0.095 Loading class java/lang/invoke/DirectMethodHandle$StaticAccessor done
Event: 0.096 Loading class java/util/function/LongPredicate
Event: 0.096 Loading class java/util/function/LongPredicate done
Event: 0.097 Loading class jdk/internal/access/foreign/MemorySegmentProxy
Event: 0.097 Loading class jdk/internal/access/foreign/MemorySegmentProxy done
Event: 0.099 Loading class java/nio/InvalidMarkException
Event: 0.099 Loading class java/nio/InvalidMarkException done
Event: 0.099 Loading class java/nio/BufferUnderflowException
Event: 0.099 Loading class java/nio/BufferUnderflowException done
Event: 0.100 Loading class java/lang/IndexOutOfBoundsException
Event: 0.100 Loading class java/lang/IndexOutOfBoundsException done

Classes unloaded (0 events):
No events

Classes redefined (0 events):
No events

Internal exceptions (20 events):
Event: 0.061 Thread 0x0000021f1cfe5a90 Exception <a 'java/lang/NoSuchMethodError'{0x000000071295a708}: 'void java.lang.invoke.DelegatingMethodHandle$Holder.delegate(java.lang.Object, java.lang.Object, int, java.lang.Object)'> (0x000000071295a708) 
thrown [s\open\src\hotspot\share\interpreter\linkResolver.cpp, line 759]
Event: 0.061 Thread 0x0000021f1cfe5a90 Exception <a 'java/lang/NoSuchMethodError'{0x000000071295e950}: 'int java.lang.invoke.DirectMethodHandle$Holder.invokeSpecial(java.lang.Object, java.lang.Object, java.lang.Object)'> (0x000000071295e950) 
thrown [s\open\src\hotspot\share\interpreter\linkResolver.cpp, line 759]
Event: 0.063 Thread 0x0000021f1cfe5a90 Exception <a 'java/lang/NoSuchMethodError'{0x000000071297abf8}: 'void java.lang.System.loadLibrary(java.lang.String, java.lang.Class)'> (0x000000071297abf8) 
thrown [s\open\src\hotspot\share\interpreter\linkResolver.cpp, line 759]
Event: 0.079 Thread 0x0000021f1cfe5a90 Exception <a 'sun/nio/fs/WindowsException'{0x00000007129d19e0}> (0x00000007129d19e0) 
thrown [s\open\src\hotspot\share\prims\jni.cpp, line 516]
Event: 0.079 Thread 0x0000021f1cfe5a90 Exception <a 'sun/nio/fs/WindowsException'{0x00000007129d1f60}> (0x00000007129d1f60) 
thrown [s\open\src\hotspot\share\prims\jni.cpp, line 516]
Event: 0.091 Thread 0x0000021f1cfe5a90 Exception <a 'sun/nio/fs/WindowsException'{0x0000000712636c28}> (0x0000000712636c28) 
thrown [s\open\src\hotspot\share\prims\jni.cpp, line 516]
Event: 0.091 Thread 0x0000021f1cfe5a90 Exception <a 'sun/nio/fs/WindowsException'{0x0000000712636fb8}> (0x0000000712636fb8) 
thrown [s\open\src\hotspot\share\prims\jni.cpp, line 516]
Event: 0.093 Thread 0x0000021f1cfe5a90 Exception <a 'java/lang/NoSuchMethodError'{0x0000000712668ee8}: 'java.lang.Object java.lang.invoke.DirectMethodHandle$Holder.invokeStaticInit(java.lang.Object)'> (0x0000000712668ee8) 
thrown [s\open\src\hotspot\share\interpreter\linkResolver.cpp, line 759]
Event: 0.096 Thread 0x0000021f1cfe5a90 Exception <a 'java/lang/NoSuchMethodError'{0x0000000712689d10}: 'int java.lang.invoke.DirectMethodHandle$Holder.invokeStaticInit(java.lang.Object, java.lang.Object, int, long)'> (0x0000000712689d10) 
thrown [s\open\src\hotspot\share\interpreter\linkResolver.cpp, line 759]
Event: 0.096 Thread 0x0000021f1cfe5a90 Exception <a 'java/lang/NoSuchMethodError'{0x000000071268f5d8}: 'java.lang.Object java.lang.invoke.DirectMethodHandle$Holder.newInvokeSpecial(java.lang.Object, java.lang.Object, int)'> (0x000000071268f5d8) 
thrown [s\open\src\hotspot\share\interpreter\linkResolver.cpp, line 759]
Event: 0.098 Thread 0x0000021f1cfe5a90 Exception <a 'java/lang/NoSuchMethodError'{0x000000071269df20}: 'int java.lang.invoke.DirectMethodHandle$Holder.invokeStaticInit(java.lang.Object, java.lang.Object, long, long)'> (0x000000071269df20) 
thrown [s\open\src\hotspot\share\interpreter\linkResolver.cpp, line 759]
Event: 0.098 Thread 0x0000021f1cfe5a90 Exception <a 'java/lang/NoSuchMethodError'{0x00000007126a4030}: 'java.lang.Object java.lang.invoke.DirectMethodHandle$Holder.newInvokeSpecial(java.lang.Object, java.lang.Object, long)'> (0x00000007126a4030) 
thrown [s\open\src\hotspot\share\interpreter\linkResolver.cpp, line 759]
Event: 0.098 Thread 0x0000021f1cfe5a90 Exception <a 'java/lang/NoSuchMethodError'{0x00000007126a8330}: 'java.lang.Object java.lang.invoke.Invokers$Holder.linkToTargetMethod(java.lang.Object, long, java.lang.Object)'> (0x00000007126a8330) 
thrown [s\open\src\hotspot\share\interpreter\linkResolver.cpp, line 759]
Event: 0.099 Thread 0x0000021f1cfe5a90 Exception <a 'java/lang/NoSuchMethodError'{0x00000007126af8d8}: 'int java.lang.invoke.DirectMethodHandle$Holder.invokeStaticInit(java.lang.Object, java.lang.Object, java.lang.Object, long)'> (0x00000007126af8d8) 
thrown [s\open\src\hotspot\share\interpreter\linkResolver.cpp, line 759]
Event: 0.221 Thread 0x0000021f1cfe5a90 Exception <a 'java/lang/NoSuchMethodError'{0x00000007127c3400}: 'void java.lang.System.load(java.lang.String, java.lang.Class)'> (0x00000007127c3400) 
thrown [s\open\src\hotspot\share\interpreter\linkResolver.cpp, line 759]
Event: 0.221 Thread 0x0000021f1cfe5a90 Exception <a 'java/lang/NoSuchMethodError'{0x00000007127c6290}: 'void java.lang.System.loadLibrary(java.lang.String, java.lang.Class)'> (0x00000007127c6290) 
thrown [s\open\src\hotspot\share\interpreter\linkResolver.cpp, line 759]
Event: 0.224 Thread 0x0000021f1cfe5a90 Exception <a 'sun/nio/fs/WindowsException'{0x00000007127d64c0}> (0x00000007127d64c0) 
thrown [s\open\src\hotspot\share\prims\jni.cpp, line 516]
Event: 0.224 Thread 0x0000021f1cfe5a90 Exception <a 'sun/nio/fs/WindowsException'{0x00000007127d6898}> (0x00000007127d6898) 
thrown [s\open\src\hotspot\share\prims\jni.cpp, line 516]
Event: 0.226 Thread 0x0000021f1cfe5a90 Exception <a 'sun/nio/fs/WindowsException'{0x00000007127dbfc8}> (0x00000007127dbfc8) 
thrown [s\open\src\hotspot\share\prims\jni.cpp, line 516]
Event: 0.226 Thread 0x0000021f1cfe5a90 Exception <a 'sun/nio/fs/WindowsException'{0x00000007127dc2d8}> (0x00000007127dc2d8) 
thrown [s\open\src\hotspot\share\prims\jni.cpp, line 516]

VM Operations (2 events):
Event: 0.041 Executing VM operation: HandshakeAllThreads
Event: 0.041 Executing VM operation: HandshakeAllThreads done

Events (20 events):
Event: 0.009 Thread 0x0000021f1cfe5a90 Thread added: 0x0000021f1cfe5a90
Event: 0.010 Thread 0x0000021f40813ad0 Thread added: 0x0000021f40813ad0
Event: 0.010 Thread 0x0000021f40814f20 Thread added: 0x0000021f40814f20
Event: 0.018 Thread 0x0000021f408321a0 Thread added: 0x0000021f408321a0
Event: 0.018 Thread 0x0000021f40832a50 Thread added: 0x0000021f40832a50
Event: 0.018 Thread 0x0000021f40833aa0 Thread added: 0x0000021f40833aa0
Event: 0.018 Thread 0x0000021f40835510 Thread added: 0x0000021f40835510
Event: 0.018 Thread 0x0000021f4083bee0 Thread added: 0x0000021f4083bee0
Event: 0.018 Thread 0x0000021f4083f0c0 Thread added: 0x0000021f4083f0c0
Event: 0.018 Thread 0x0000021f40853930 Thread added: 0x0000021f40853930
Event: 0.031 Thread 0x0000021f44ca5a50 Thread added: 0x0000021f44ca5a50
Event: 0.031 Thread 0x0000021f44cb5fa0 Thread added: 0x0000021f44cb5fa0
Event: 0.032 Thread 0x0000021f44cd34e0 Thread added: 0x0000021f44cd34e0
Event: 0.033 Thread 0x0000021f44cd85e0 Thread added: 0x0000021f44cd85e0
Event: 0.037 Loaded shared library C:\Program Files\Java\jdk-18.0.2\bin\net.dll
Event: 0.038 Loaded shared library C:\Program Files\Java\jdk-18.0.2\bin\nio.dll
Event: 0.040 Loaded shared library C:\Program Files\Java\jdk-18.0.2\bin\zip.dll
Event: 0.066 Loaded shared library C:\Program Files\Java\jdk-18.0.2\bin\jimage.dll
Event: 0.080 Loaded shared library C:\Users\heikk\AppData\Local\Temp\lwjgl_heikk\3.3.2-snapshot+7\x64\lwjgl.dll
Event: 0.225 Loaded shared library C:\Users\heikk\AppData\Local\Temp\lwjgl_heikk\3.3.2-snapshot+7\x64\lwjgl_opengl.dll


Dynamic libraries:
0x00007ff6aee10000 - 0x00007ff6aee20000 	C:\Program Files\Java\jdk-18.0.2\bin\javaw.exe
0x00007ffe9a290000 - 0x00007ffe9a488000 	C:\Windows\SYSTEM32\ntdll.dll
0x00007ffe99b00000 - 0x00007ffe99bbf000 	C:\Windows\System32\KERNEL32.DLL
0x00007ffe97ef0000 - 0x00007ffe981c2000 	C:\Windows\System32\KERNELBASE.dll
0x00007ffe981d0000 - 0x00007ffe982d0000 	C:\Windows\System32\ucrtbase.dll
0x00007ffe93240000 - 0x00007ffe93258000 	C:\Program Files\Java\jdk-18.0.2\bin\jli.dll
0x00007ffe931f0000 - 0x00007ffe9320a000 	C:\Program Files\Java\jdk-18.0.2\bin\VCRUNTIME140.dll
0x00007ffe99a50000 - 0x00007ffe99afe000 	C:\Windows\System32\ADVAPI32.dll
0x00007ffe982d0000 - 0x00007ffe9836e000 	C:\Windows\System32\msvcrt.dll
0x00007ffe9a010000 - 0x00007ffe9a0ac000 	C:\Windows\System32\sechost.dll
0x00007ffe99650000 - 0x00007ffe99775000 	C:\Windows\System32\RPCRT4.dll
0x00007ffe99e60000 - 0x00007ffe9a001000 	C:\Windows\System32\USER32.dll
0x00007ffe97ec0000 - 0x00007ffe97ee2000 	C:\Windows\System32\win32u.dll
0x00007ffe82be0000 - 0x00007ffe82e7a000 	C:\Windows\WinSxS\amd64_microsoft.windows.common-controls_6595b64144ccf1df_6.0.19041.1110_none_60b5254171f9507e\COMCTL32.dll
0x00007ffe98b40000 - 0x00007ffe98b6b000 	C:\Windows\System32\GDI32.dll
0x00007ffe97aa0000 - 0x00007ffe97baf000 	C:\Windows\System32\gdi32full.dll
0x00007ffe97c40000 - 0x00007ffe97cdd000 	C:\Windows\System32\msvcp_win.dll
0x00007ffe917a0000 - 0x00007ffe917aa000 	C:\Windows\SYSTEM32\VERSION.dll
0x00007ffe98ca0000 - 0x00007ffe98cd2000 	C:\Windows\System32\IMM32.DLL
0x00007ffe932e0000 - 0x00007ffe932ec000 	C:\Program Files\Java\jdk-18.0.2\bin\vcruntime140_1.dll
0x00007ffe7c800000 - 0x00007ffe7c88d000 	C:\Program Files\Java\jdk-18.0.2\bin\msvcp140.dll
0x00007ffe57a80000 - 0x00007ffe58691000 	C:\Program Files\Java\jdk-18.0.2\bin\server\jvm.dll
0x00007ffe997f0000 - 0x00007ffe997f8000 	C:\Windows\System32\PSAPI.DLL
0x00007ffe8fc20000 - 0x00007ffe8fc47000 	C:\Windows\SYSTEM32\WINMM.dll
0x00007ffe81fd0000 - 0x00007ffe81fd9000 	C:\Windows\SYSTEM32\WSOCK32.dll
0x00007ffe99780000 - 0x00007ffe997eb000 	C:\Windows\System32\ws2_32.DLL
0x00007ffe961f0000 - 0x00007ffe96202000 	C:\Windows\SYSTEM32\kernel.appcore.dll
0x00007ffe93230000 - 0x00007ffe9323a000 	C:\Program Files\Java\jdk-18.0.2\bin\jimage.dll
0x00007ffe95fe0000 - 0x00007ffe961c4000 	C:\Windows\SYSTEM32\DBGHELP.DLL
0x00007ffe7cb50000 - 0x00007ffe7cb85000 	C:\Windows\SYSTEM32\dbgcore.DLL
0x00007ffe97bb0000 - 0x00007ffe97c32000 	C:\Windows\System32\bcryptPrimitives.dll
0x00007ffe8cda0000 - 0x00007ffe8cdc5000 	C:\Program Files\Java\jdk-18.0.2\bin\java.dll
0x00007ffe6eb20000 - 0x00007ffe6ebf6000 	C:\Program Files\Java\jdk-18.0.2\bin\jsvml.dll
0x00007ffe983f0000 - 0x00007ffe98b34000 	C:\Windows\System32\SHELL32.dll
0x00007ffe95770000 - 0x00007ffe95f02000 	C:\Windows\SYSTEM32\windows.storage.dll
0x00007ffe98ce0000 - 0x00007ffe99035000 	C:\Windows\System32\combase.dll
0x00007ffe973e0000 - 0x00007ffe97410000 	C:\Windows\SYSTEM32\Wldp.dll
0x00007ffe9a1a0000 - 0x00007ffe9a24d000 	C:\Windows\System32\SHCORE.dll
0x00007ffe995f0000 - 0x00007ffe99645000 	C:\Windows\System32\shlwapi.dll
0x00007ffe978c0000 - 0x00007ffe978df000 	C:\Windows\SYSTEM32\profapi.dll
0x00007ffe8ddb0000 - 0x00007ffe8ddc3000 	C:\Program Files\Java\jdk-18.0.2\bin\net.dll
0x00007ffe91b20000 - 0x00007ffe91c2c000 	C:\Windows\SYSTEM32\WINHTTP.dll
0x00007ffe97140000 - 0x00007ffe971aa000 	C:\Windows\system32\mswsock.dll
0x00007ffe8cd80000 - 0x00007ffe8cd96000 	C:\Program Files\Java\jdk-18.0.2\bin\nio.dll
0x00007ffe8cd60000 - 0x00007ffe8cd78000 	C:\Program Files\Java\jdk-18.0.2\bin\zip.dll
0x00007ffe6de60000 - 0x00007ffe6ded8000 	C:\Users\heikk\AppData\Local\Temp\lwjgl_heikk\3.3.2-snapshot+7\x64\lwjgl.dll
0x00007ffe6a850000 - 0x00007ffe6a8b1000 	C:\Users\heikk\AppData\Local\Temp\lwjgl_heikk\3.3.2-snapshot+7\x64\glfw.dll
0x00007ffe6ea60000 - 0x00007ffe6eaa5000 	C:\Windows\SYSTEM32\dinput8.dll
0x00007ffe93210000 - 0x00007ffe93221000 	C:\Windows\SYSTEM32\xinput1_4.dll
0x00007ffe97d10000 - 0x00007ffe97d5e000 	C:\Windows\System32\cfgmgr32.dll
0x00007ffe97750000 - 0x00007ffe9777c000 	C:\Windows\SYSTEM32\DEVOBJ.dll
0x00007ffe95230000 - 0x00007ffe9525f000 	C:\Windows\SYSTEM32\dwmapi.dll
0x00007ffe8f080000 - 0x00007ffe8f1d2000 	C:\Windows\SYSTEM32\inputhost.dll
0x00007ffe99980000 - 0x00007ffe99a4d000 	C:\Windows\System32\OLEAUT32.dll
0x00007ffe94ab0000 - 0x00007ffe94ba2000 	C:\Windows\SYSTEM32\CoreMessaging.dll
0x00007ffe92c20000 - 0x00007ffe92d16000 	C:\Windows\SYSTEM32\PROPSYS.dll
0x00007ffe94080000 - 0x00007ffe941d4000 	C:\Windows\SYSTEM32\wintypes.dll
0x00007ffe94750000 - 0x00007ffe94aae000 	C:\Windows\SYSTEM32\CoreUIComponents.dll
0x00007ffe96b10000 - 0x00007ffe96b43000 	C:\Windows\SYSTEM32\ntmarta.dll
0x00007ffe94e30000 - 0x00007ffe94ece000 	C:\Windows\system32\uxtheme.dll
0x00007ffe99800000 - 0x00007ffe99915000 	C:\Windows\System32\MSCTF.dll
0x00007ffe62c10000 - 0x00007ffe62d35000 	C:\Windows\SYSTEM32\opengl32.dll
0x00007ffe771d0000 - 0x00007ffe771fc000 	C:\Windows\SYSTEM32\GLU32.dll
0x00007ffe990d0000 - 0x00007ffe9917f000 	C:\Windows\System32\clbcatq.dll
0x00007ffe16780000 - 0x00007ffe1993a000 	C:\Windows\System32\DriverStore\FileRepository\nvle.inf_amd64_75fddface1fba2c4\nvoglv64.dll
0x00007ffe99180000 - 0x00007ffe995e8000 	C:\Windows\System32\SETUPAPI.dll
0x00007ffe97ce0000 - 0x00007ffe97d07000 	C:\Windows\System32\bcrypt.dll
0x00007ffe98b70000 - 0x00007ffe98c9a000 	C:\Windows\System32\ole32.dll
0x00007ffe92f40000 - 0x00007ffe92f54000 	C:\Windows\SYSTEM32\WTSAPI32.dll
0x00007ffe97350000 - 0x00007ffe9735c000 	C:\Windows\SYSTEM32\CRYPTBASE.DLL
0x00007ffe97570000 - 0x00007ffe97582000 	C:\Windows\SYSTEM32\msasn1.dll
0x00007ffe915e0000 - 0x00007ffe91611000 	C:\Windows\SYSTEM32\cryptnet.dll
0x00007ffe97d60000 - 0x00007ffe97eb6000 	C:\Windows\System32\CRYPT32.dll
0x00007ffe91200000 - 0x00007ffe91348000 	C:\Windows\SYSTEM32\drvstore.dll
0x00007ffe97a30000 - 0x00007ffe97a99000 	C:\Windows\System32\WINTRUST.dll
0x00007ffe90470000 - 0x00007ffe904ab000 	C:\Windows\SYSTEM32\dxcore.dll
0x00007ffe1ece0000 - 0x00007ffe1efa7000 	C:\Windows\system32\nvspcap64.dll
0x00007ffe96f50000 - 0x00007ffe96f9b000 	C:\Windows\SYSTEM32\powrprof.dll
0x00007ffe96dc0000 - 0x00007ffe96dd2000 	C:\Windows\SYSTEM32\UMPDC.dll
0x00007ffe966c0000 - 0x00007ffe96724000 	C:\Windows\SYSTEM32\WINSTA.dll
0x00007ffe8f3b0000 - 0x00007ffe8f4a9000 	C:\Windows\SYSTEM32\textinputframework.dll
0x00007ffe82ad0000 - 0x00007ffe82b36000 	C:\Windows\system32\Oleacc.dll
0x00007ffe6a7f0000 - 0x00007ffe6a84d000 	C:\Users\heikk\AppData\Local\Temp\lwjgl_heikk\3.3.2-snapshot+7\x64\lwjgl_opengl.dll

dbghelp: loaded successfully - version: 4.0.5 - missing functions: none
symbol engine: initialized successfully - sym options: 0x614 - pdb path: .;C:\Program Files\Java\jdk-18.0.2\bin;C:\Windows\SYSTEM32;C:\Windows\WinSxS\amd64_microsoft.windows.common-controls_6595b64144ccf1df_6.0.19041.1110_none_60b5254171f9507e;C:\Program Files\Java\jdk-18.0.2\bin\server;C:\Users\heikk\AppData\Local\Temp\lwjgl_heikk\3.3.2-snapshot+7\x64;C:\Windows\System32\DriverStore\FileRepository\nvle.inf_amd64_75fddface1fba2c4

VM Arguments:
jvm_args: -Dfile.encoding=UTF-8 -XX:+ShowCodeDetailsInExceptionMessages 
java_command: rpgrts.main
java_class_path (initial): C:\Users\heikk\Desktop\racismproject\rpgrts\bin;C:\Users\heikk\Desktop\racismproject\lwjgl\lib\lwjgl\lwjgl.jar;C:\Users\heikk\Desktop\racismproject\lwjgl\lib\lwjgl\lwjgl-javadoc.jar;C:\Users\heikk\Desktop\racismproject\lwjgl\lib\lwjgl-glfw\lwjgl-glfw.jar;C:\Users\heikk\Desktop\racismproject\lwjgl\lib\lwjgl-glfw\lwjgl-glfw-javadoc.jar;C:\Users\heikk\Desktop\racismproject\lwjgl\lib\lwjgl-glfw\lwjgl-glfw-natives-windows-x86.jar;C:\Users\heikk\Desktop\racismproject\lwjgl\lib\lwjgl\lwjgl-natives-windows.jar;C:\Users\heikk\Desktop\racismproject\lwjgl\lib\lwjgl-glfw\lwjgl-glfw-natives-windows.jar;C:\Users\heikk\Desktop\racismproject\lwjgl\lib\lwjgl-glfw\lwjgl-glfw-natives-windows-arm64.jar;C:\Users\heikk\Desktop\racismproject\lwjgl\lib\lwjgl-opengl\lwjgl-opengl.jar;C:\Users\heikk\Desktop\racismproject\lwjgl\lib\lwjgl-opengl\lwjgl-opengl-javadoc.jar;C:\Users\heikk\Desktop\racismproject\lwjgl\lib\lwjgl-opengl\lwjgl-opengl-natives-linux.jar;C:\Users\heikk\Desktop\racismproject\lwjgl\lib\lwjgl-opengl\lwjgl-opengl-natives-linux-arm32.jar;C:\Users\heikk\Desktop\racismproject\lwjgl\lib\lwjgl-opengl\lwjgl-opengl-natives-linux-arm64.jar;C:\Users\heikk\Desktop\racismproject\lwjgl\lib\lwjgl-opengl\lwjgl-opengl-natives-macos.jar;C:\Users\heikk\Desktop\racismproject\lwjgl\lib\lwjgl-opengl\lwjgl-opengl-natives-macos-arm64.jar;C:\Users\heikk\Desktop\racismproject\lwjgl\lib\lwjgl-opengl\lwjgl-opengl-natives-windows.jar;C:\Users\heikk\Desktop\racismproject\lwjgl\lib\lwjgl-opengl\lwjgl-opengl-natives-windows-arm64.jar;C:\Users\heikk\Desktop\racismproject\lwjgl\lib\lwjgl-opengl\lwjgl-opengl-natives-windows-x86.jar
Launcher Type: SUN_STANDARD

[Global flags]
     intx CICompilerCount                          = 12                                        {product} {ergonomic}
     uint ConcGCThreads                            = 3                                         {product} {ergonomic}
     uint G1ConcRefinementThreads                  = 13                                        {product} {ergonomic}
   size_t G1HeapRegionSize                         = 2097152                                   {product} {ergonomic}
    uintx GCDrainStackTargetSize                   = 64                                        {product} {ergonomic}
   size_t InitialHeapSize                          = 266338304                                 {product} {ergonomic}
   size_t MarkStackSize                            = 4194304                                   {product} {ergonomic}
   size_t MaxHeapSize                              = 4246732800                                {product} {ergonomic}
   size_t MaxNewSize                               = 2548039680                                {product} {ergonomic}
   size_t MinHeapDeltaBytes                        = 2097152                                   {product} {ergonomic}
   size_t MinHeapSize                              = 8388608                                   {product} {ergonomic}
    uintx NonNMethodCodeHeapSize                   = 7602480                                {pd product} {ergonomic}
    uintx NonProfiledCodeHeapSize                  = 122027880                              {pd product} {ergonomic}
    uintx ProfiledCodeHeapSize                     = 122027880                              {pd product} {ergonomic}
    uintx ReservedCodeCacheSize                    = 251658240                              {pd product} {ergonomic}
     bool SegmentedCodeCache                       = true                                      {product} {ergonomic}
     bool ShowCodeDetailsInExceptionMessages       = true                                   {manageable} {command line}
   size_t SoftMaxHeapSize                          = 4246732800                             {manageable} {ergonomic}
     bool UseCompressedClassPointers               = true                           {product lp64_product} {ergonomic}
     bool UseCompressedOops                        = true                           {product lp64_product} {ergonomic}
     bool UseG1GC                                  = true                                      {product} {ergonomic}
     bool UseLargePagesIndividualAllocation        = false                                  {pd product} {ergonomic}

Logging:
Log output configuration:
 #0: stdout all=warning uptime,level,tags foldmultilines=false
 #1: stderr all=off uptime,level,tags foldmultilines=false

Environment Variables:
JAVA_HOME=C:\Program Files\Java\jdk-18.0.2
PATH=C:\VulkanSDK\1.3.231.1\Bin;C:\Program Files\Oculus\Support\oculus-runtime;C:\Program Files\Common Files\Oracle\Java\javapath;C:\Program Files (x86)\Common Files\Oracle\Java\javapath;C:\Windows\system32;C:\Windows;C:\Windows\System32\Wbem;C:\Windows\System32\WindowsPowerShell\v1.0\;C:\Windows\System32\OpenSSH\;C:\Program Files (x86)\NVIDIA Corporation\PhysX\Common;C:\Program Files\NVIDIA Corporation\NVIDIA NvDLISR;C:\Program Files\dotnet\;C:\Program Files\CMake\bin;C:\MinGW\bin;C:\Program Files (x86)\Microsoft Visual Studio\2019\BuildTools\VC\Tools\MSVC\14.29.30133\bin;C:\Program Files (x86)\GnuWin32\bin;C:\Program Files\Java\jdk-17.0.1\bin;C:\Program Files\Git\cmd;C:\Program Files (x86)\Windows Kits\10\Windows Performance Toolkit\;C:\Users\heikk\AppData\Local\Microsoft\WindowsApps;C:\Users\heikk\.dotnet\tools;C:\Users\heikk\Desktop\waf-master;
USERNAME=heikk
OS=Windows_NT
PROCESSOR_IDENTIFIER=Intel64 Family 6 Model 165 Stepping 5, GenuineIntel



---------------  S Y S T E M  ---------------

OS:
 Windows 10 , 64 bit Build 19041 (10.0.19041.2364)
OS uptime: 0 days 10:06 hours

CPU: total 16 (initial active 16) (8 cores per cpu, 2 threads per core) family 6 model 165 stepping 5 microcode 0xe2, cx8, cmov, fxsr, ht, mmx, 3dnowpref, sse, sse2, sse3, ssse3, sse4.1, sse4.2, popcnt, lzcnt, tsc, tscinvbit, avx, avx2, aes, erms, clmul, bmi1, bmi2, adx, fma, vzeroupper, clflush, clflushopt

Memory: 4k page, system-wide physical 16194M (9976M free)
TotalPageFile size 22082M (AvailPageFile size 12172M)
current process WorkingSet (physical memory assigned to process): 67M, peak: 67M
current process commit charge ("private bytes"): 379M, peak: 379M

vm_info: Java HotSpot(TM) 64-Bit Server VM (18.0.2+9-61) for windows-amd64 JRE (18.0.2+9-61), built on Jun  7 2022 13:09:01 by "mach5one" with MS VC++ 16.8 / 16.9 (VS2019)

END.
