#
# A fatal error has been detected by the Java Runtime Environment:
#
#  EXCEPTION_ACCESS_VIOLATION (0xc0000005) at pc=0x000001befe27ff6e, pid=10396, tid=808
#
# JRE version: Java(TM) SE Runtime Environment (18.0.2+9) (build 18.0.2+9-61)
# Java VM: Java HotSpot(TM) 64-Bit Server VM (18.0.2+9-61, mixed mode, sharing, tiered, compressed oops, compressed class ptrs, g1 gc, windows-amd64)
# Problematic frame:
# C  0x000001befe27ff6e
#
# No core dump will be written. Minidumps are not enabled by default on client versions of Windows
#
# If you would like to submit a bug report, please visit:
#   https://bugreport.java.com/bugreport/crash.jsp
# The crash happened outside the Java Virtual Machine in native code.
# See problematic frame for where to report the bug.
#

---------------  S U M M A R Y ------------

Command Line: -Dfile.encoding=UTF-8 -XX:+ShowCodeDetailsInExceptionMessages rpgrts.main

Host: Intel(R) Core(TM) i7-10700K CPU @ 3.80GHz, 16 cores, 15G,  Windows 10 , 64 bit Build 19041 (10.0.19041.2364)
Time: Tue Jan 31 07:16:35 2023 FLE Standard Time elapsed time: 0.310120 seconds (0d 0h 0m 0s)

---------------  T H R E A D  ---------------

Current thread (0x000001bed09f1b00):  JavaThread "main" [_thread_in_native, id=808, stack(0x000000a44e200000,0x000000a44e300000)]

Stack: [0x000000a44e200000,0x000000a44e300000],  sp=0x000000a44e2fdee8,  free space=1015k
Native frames: (J=compiled Java code, j=interpreted, Vv=VM code, C=native code)
C  0x000001befe27ff6e

Java frames: (J=compiled Java code, j=interpreted, Vv=VM code)
j  org.lwjgl.opengl.GL11C.nglTexImage2D(IIIIIIIIJ)V+0
j  org.lwjgl.opengl.GL11C.glTexImage2D(IIIIIIIILjava/nio/IntBuffer;)V+17
j  org.lwjgl.opengl.GL11.glTexImage2D(IIIIIIIILjava/nio/IntBuffer;)V+14
j  rpgrts.Loader.loadTextureAtlas(Ljava/lang/String;II)V+174
j  rpgrts.main.init()V+69
j  rpgrts.main.<init>()V+10
j  rpgrts.main.main([Ljava/lang/String;)V+3
v  ~StubRoutines::call_stub

siginfo: EXCEPTION_ACCESS_VIOLATION (0xc0000005), reading address 0x0000000000001012


Register to memory mapping:

RIP=0x000001befe27ff6e points into unknown readable memory: 0f b6
RAX=0x000001befe27ff40 points into unknown readable memory: 0x4c575653ec8b4855 | 55 48 8b ec 53 56 57 4c
RBX=0x000001bef9ff8750 points into unknown readable memory: 0x0000000000000000 | 00 00 00 00 00 00 00 00
RCX=0x0000000000000003 is an unknown value
RDX=0x000001bef9ff8750 points into unknown readable memory: 0x0000000000000000 | 00 00 00 00 00 00 00 00
RSP=0x000000a44e2fdee8 is pointing into the stack for thread: 0x000001bed09f1b00
RBP=0x0000000000000100 is an unknown value
RSI=0x0000000000001010 is an unknown value
RDI=0x000001bef9ff8750 points into unknown readable memory: 0x0000000000000000 | 00 00 00 00 00 00 00 00
R8 =0x0000000000000100 is an unknown value
R9 =0x000001bef9ff8750 points into unknown readable memory: 0x0000000000000000 | 00 00 00 00 00 00 00 00
R10=0x0000000000001010 is an unknown value
R11=0x000001bef9ff8750 points into unknown readable memory: 0x0000000000000000 | 00 00 00 00 00 00 00 00
R12=0x0000000000000400 is an unknown value
R13=0x00007ffa00d5de40 nvoglv64.dll
R14=0x000001bef94603d0 points into unknown readable memory: 0x0000000000003000 | 00 30 00 00 00 00 00 00
R15=0x0000000000000300 is an unknown value


Registers:
RAX=0x000001befe27ff40, RBX=0x000001bef9ff8750, RCX=0x0000000000000003, RDX=0x000001bef9ff8750
RSP=0x000000a44e2fdee8, RBP=0x0000000000000100, RSI=0x0000000000001010, RDI=0x000001bef9ff8750
R8 =0x0000000000000100, R9 =0x000001bef9ff8750, R10=0x0000000000001010, R11=0x000001bef9ff8750
R12=0x0000000000000400, R13=0x00007ffa00d5de40, R14=0x000001bef94603d0, R15=0x0000000000000300
RIP=0x000001befe27ff6e, EFLAGS=0x0000000000010206

Top of Stack: (sp=0x000000a44e2fdee8)
0x000000a44e2fdee8:   0000000000001010 000000a44e2fec20
0x000000a44e2fdef8:   000001bef9ff8750 000000000000007f
0x000000a44e2fdf08:   00007ffa00d5e503 0000000000000000
0x000000a44e2fdf18:   000000a44e2fe4a0 000001bef916c680
0x000000a44e2fdf28:   00007ffa009bdc6e 000001bef9771930
0x000000a44e2fdf38:   0000000000000000 000001bef9771930
0x000000a44e2fdf48:   00000000cafe0019 000001bef9621450
0x000000a44e2fdf58:   000001bef918ccc0 000001bef918ccc0
0x000000a44e2fdf68:   0000000000000000 00000000000000c1
0x000000a44e2fdf78:   000000a44e2fe4a0 00007ffa00d5de40
0x000000a44e2fdf88:   0000000000000100 000000a400000000
0x000000a44e2fdf98:   0000000000000400 0000007f0000007f
0x000000a44e2fdfa8:   000001bef9ff8750 0000000000040000
0x000000a44e2fdfb8:   0000000000000000 0000000004830000
0x000000a44e2fdfc8:   00000000047f0000 0000000000000000
0x000000a44e2fdfd8:   000001bef9622d20 0000010000000000 

Instructions: (pc=0x000001befe27ff6e)
0x000001befe27fe6e:   00 00 00 00 00 00 00 00 00 00 00 00 00 00 00 00
0x000001befe27fe7e:   00 00 00 00 00 00 00 00 00 00 00 00 00 00 00 00
0x000001befe27fe8e:   00 00 00 00 00 00 00 00 00 00 00 00 00 00 00 00
0x000001befe27fe9e:   00 00 00 00 00 00 00 00 00 00 00 00 00 00 00 00
0x000001befe27feae:   00 00 00 00 00 00 00 00 00 00 00 00 00 00 00 00
0x000001befe27febe:   00 00 00 00 00 00 00 00 00 00 00 00 00 00 00 00
0x000001befe27fece:   00 00 00 00 00 00 00 00 00 00 00 00 00 00 00 00
0x000001befe27fede:   00 00 00 00 00 00 00 00 00 00 00 00 00 00 00 00
0x000001befe27feee:   00 00 00 00 00 00 00 00 00 00 00 00 00 00 00 00
0x000001befe27fefe:   00 00 00 00 00 00 00 00 00 00 00 00 00 00 00 00
0x000001befe27ff0e:   00 00 00 00 00 00 00 00 00 00 00 00 00 00 00 00
0x000001befe27ff1e:   00 00 00 00 00 00 00 00 00 00 00 00 00 00 00 00
0x000001befe27ff2e:   00 00 00 00 00 00 00 00 00 00 80 ff ff ff 00 ff
0x000001befe27ff3e:   00 00 55 48 8b ec 53 56 57 4c 8b da 4c 8b d1 49
0x000001befe27ff4e:   8b f2 49 8b fb 41 8b e8 85 ed 0f 84 30 00 00 00
0x000001befe27ff5e:   b9 03 00 00 00 0f 8f 05 00 00 00 48 f7 d9 f7 dd
0x000001befe27ff6e:   0f b6 5e 02 c1 e3 10 0f b7 16 0b da 48 03 f1 48
0x000001befe27ff7e:   83 c7 04 81 e3 ff ff ff 00 ff cd 89 5f fc 75 e0
0x000001befe27ff8e:   5f 5e 5b 5d c3 00 00 00 00 00 00 00 00 00 00 00
0x000001befe27ff9e:   00 00 00 00 00 00 00 00 00 00 00 00 00 00 00 00
0x000001befe27ffae:   00 00 00 00 00 00 00 00 00 00 c0 ff ff ff 80 00
0x000001befe27ffbe:   00 00 48 b8 e0 96 f7 fb be 01 00 00 48 8b 00 49
0x000001befe27ffce:   ba 08 d9 f2 fb be 01 00 00 48 83 ec 28 48 83 c4
0x000001befe27ffde:   28 c3 00 00 00 00 00 00 00 00 00 00 00 00 00 00
0x000001befe27ffee:   00 00 00 00 00 00 00 00 00 00 00 00 ff ff 40 00
0x000001befe27fffe:   00 00 00 00 00 00 00 00 00 00 00 00 00 00 00 00
0x000001befe28000e:   00 00 00 00 00 00 00 00 00 00 00 00 00 00 00 00
0x000001befe28001e:   00 00 00 00 00 00 00 00 00 00 00 00 00 00 00 00
0x000001befe28002e:   00 00 00 00 00 00 00 00 00 00 00 00 00 00 00 00
0x000001befe28003e:   00 00 00 00 00 00 00 00 00 00 00 00 00 00 00 00
0x000001befe28004e:   00 00 00 00 00 00 00 00 00 00 00 00 00 00 00 00
0x000001befe28005e:   00 00 00 00 00 00 00 00 00 00 00 00 00 00 00 00 


Stack slot to memory mapping:
stack at sp + 0 slots: 0x0000000000001010 is an unknown value
stack at sp + 1 slots: 0x000000a44e2fec20 is pointing into the stack for thread: 0x000001bed09f1b00
stack at sp + 2 slots: 0x000001bef9ff8750 points into unknown readable memory: 0x0000000000000000 | 00 00 00 00 00 00 00 00
stack at sp + 3 slots: 0x000000000000007f is an unknown value
stack at sp + 4 slots: 0x00007ffa00d5e503 nvoglv64.dll
stack at sp + 5 slots: 0x0 is NULL
stack at sp + 6 slots: 0x000000a44e2fe4a0 is pointing into the stack for thread: 0x000001bed09f1b00
stack at sp + 7 slots: 0x000001bef916c680 points into unknown readable memory: 0x000001bef9458f70 | 70 8f 45 f9 be 01 00 00


---------------  P R O C E S S  ---------------

Threads class SMR info:
_java_thread_list=0x000001bef976fa10, length=15, elements={
0x000001bed09f1b00, 0x000001bef42266a0, 0x000001bef4227440, 0x000001bef4247a10,
0x000001bef42492d0, 0x000001bef424bdc0, 0x000001bef424fda0, 0x000001bef4250bb0,
0x000001bef42516d0, 0x000001bef4269900, 0x000001bef84b02c0, 0x000001bef84b67e0,
0x000001bef84d9140, 0x000001bef84dba80, 0x000001bef981f240
}

Java Threads: ( => current thread )
=>0x000001bed09f1b00 JavaThread "main" [_thread_in_native, id=808, stack(0x000000a44e200000,0x000000a44e300000)]
  0x000001bef42266a0 JavaThread "Reference Handler" daemon [_thread_blocked, id=4316, stack(0x000000a44e900000,0x000000a44ea00000)]
  0x000001bef4227440 JavaThread "Finalizer" daemon [_thread_blocked, id=14576, stack(0x000000a44ea00000,0x000000a44eb00000)]
  0x000001bef4247a10 JavaThread "Signal Dispatcher" daemon [_thread_blocked, id=11020, stack(0x000000a44eb00000,0x000000a44ec00000)]
  0x000001bef42492d0 JavaThread "Attach Listener" daemon [_thread_blocked, id=17436, stack(0x000000a44ec00000,0x000000a44ed00000)]
  0x000001bef424bdc0 JavaThread "Service Thread" daemon [_thread_blocked, id=6232, stack(0x000000a44ed00000,0x000000a44ee00000)]
  0x000001bef424fda0 JavaThread "Monitor Deflation Thread" daemon [_thread_blocked, id=9964, stack(0x000000a44ee00000,0x000000a44ef00000)]
  0x000001bef4250bb0 JavaThread "C2 CompilerThread0" daemon [_thread_blocked, id=10580, stack(0x000000a44ef00000,0x000000a44f000000)]
  0x000001bef42516d0 JavaThread "C1 CompilerThread0" daemon [_thread_blocked, id=13620, stack(0x000000a44f000000,0x000000a44f100000)]
  0x000001bef4269900 JavaThread "Sweeper thread" daemon [_thread_blocked, id=3796, stack(0x000000a44f100000,0x000000a44f200000)]
  0x000001bef84b02c0 JavaThread "C1 CompilerThread1" daemon [_thread_blocked, id=9312, stack(0x000000a44f200000,0x000000a44f300000)]
  0x000001bef84b67e0 JavaThread "C1 CompilerThread2" daemon [_thread_blocked, id=14340, stack(0x000000a44f300000,0x000000a44f400000)]
  0x000001bef84d9140 JavaThread "Notification Thread" daemon [_thread_blocked, id=6372, stack(0x000000a44f400000,0x000000a44f500000)]
  0x000001bef84dba80 JavaThread "Common-Cleaner" daemon [_thread_blocked, id=14080, stack(0x000000a44f600000,0x000000a44f700000)]
  0x000001bef981f240 JavaThread "Java2D Disposer" daemon [_thread_blocked, id=1488, stack(0x000000a44fc00000,0x000000a44fd00000)]

Other Threads:
  0x000001bed0a80a60 VMThread "VM Thread" [stack: 0x000000a44e800000,0x000000a44e900000] [id=11604]
  0x000001bef84da840 WatcherThread "VM Periodic Task Thread" [stack: 0x000000a44f500000,0x000000a44f600000] [id=13504]
  0x000001bed0a63820 WorkerThread "GC Thread#0" [stack: 0x000000a44e300000,0x000000a44e400000] [id=14188]
  0x000001bed0a74c00 ConcurrentGCThread "G1 Main Marker" [stack: 0x000000a44e400000,0x000000a44e500000] [id=5748]
  0x000001bed0a76600 WorkerThread "G1 Conc#0" [stack: 0x000000a44e500000,0x000000a44e600000] [id=3088]
  0x000001bed0abecc0 ConcurrentGCThread "G1 Refine#0" [stack: 0x000000a44e600000,0x000000a44e700000] [id=1656]
  0x000001bef40dd790 ConcurrentGCThread "G1 Service" [stack: 0x000000a44e700000,0x000000a44e800000] [id=2268]

Threads with active compile tasks:

VM state: not at safepoint (normal execution)

VM Mutex/Monitor currently owned by a thread: None

Heap address: 0x0000000702e00000, size: 4050 MB, Compressed Oops mode: Zero based, Oop shift amount: 3

CDS archive(s) mapped at: [0x0000000800000000-0x0000000800ba0000-0x0000000800ba0000), size 12189696, SharedBaseAddress: 0x0000000800000000, ArchiveRelocationMode: 0.
Compressed class space mapped at: 0x0000000800c00000-0x0000000840c00000, reserved size: 1073741824
Narrow klass base: 0x0000000800000000, Narrow klass shift: 0, Narrow klass range: 0x100000000

GC Precious Log:
 CardTable entry size: 512
 Card Set container configuration: InlinePtr #cards 4 size 8 Array Of Cards #cards 16 size 48 Howl #buckets 8 coarsen threshold 3686 Howl Bitmap #cards 512 size 80 coarsen threshold 460 Card regions per heap region 1 cards per card region 4096
 CPUs: 16 total, 16 available
 Memory: 16194M
 Large Page Support: Disabled
 NUMA Support: Disabled
 Compressed Oops: Enabled (Zero based)
 Heap Region Size: 2M
 Heap Min Capacity: 8M
 Heap Initial Capacity: 254M
 Heap Max Capacity: 4050M
 Pre-touch: Disabled
 Parallel Workers: 13
 Concurrent Workers: 3
 Concurrent Refinement Workers: 13
 Periodic GC: Disabled

Heap:
 garbage-first heap   total 260096K, used 6144K [0x0000000702e00000, 0x0000000800000000)
  region size 2048K, 5 young (10240K), 0 survivors (0K)
 Metaspace       used 4545K, committed 4736K, reserved 1114112K
  class space    used 283K, committed 384K, reserved 1048576K

Heap Regions: E=young(eden), S=young(survivor), O=old, HS=humongous(starts), HC=humongous(continues), CS=collection set, F=free, OA=open archive, CA=closed archive, TAMS=top-at-mark-start (previous, next)
|   0|0x0000000702e00000, 0x0000000702e00000, 0x0000000703000000|  0%| F|  |TAMS 0x0000000702e00000, 0x0000000702e00000| Untracked 
|   1|0x0000000703000000, 0x0000000703000000, 0x0000000703200000|  0%| F|  |TAMS 0x0000000703000000, 0x0000000703000000| Untracked 
|   2|0x0000000703200000, 0x0000000703200000, 0x0000000703400000|  0%| F|  |TAMS 0x0000000703200000, 0x0000000703200000| Untracked 
|   3|0x0000000703400000, 0x0000000703400000, 0x0000000703600000|  0%| F|  |TAMS 0x0000000703400000, 0x0000000703400000| Untracked 
|   4|0x0000000703600000, 0x0000000703600000, 0x0000000703800000|  0%| F|  |TAMS 0x0000000703600000, 0x0000000703600000| Untracked 
|   5|0x0000000703800000, 0x0000000703800000, 0x0000000703a00000|  0%| F|  |TAMS 0x0000000703800000, 0x0000000703800000| Untracked 
|   6|0x0000000703a00000, 0x0000000703a00000, 0x0000000703c00000|  0%| F|  |TAMS 0x0000000703a00000, 0x0000000703a00000| Untracked 
|   7|0x0000000703c00000, 0x0000000703c00000, 0x0000000703e00000|  0%| F|  |TAMS 0x0000000703c00000, 0x0000000703c00000| Untracked 
|   8|0x0000000703e00000, 0x0000000703e00000, 0x0000000704000000|  0%| F|  |TAMS 0x0000000703e00000, 0x0000000703e00000| Untracked 
|   9|0x0000000704000000, 0x0000000704000000, 0x0000000704200000|  0%| F|  |TAMS 0x0000000704000000, 0x0000000704000000| Untracked 
|  10|0x0000000704200000, 0x0000000704200000, 0x0000000704400000|  0%| F|  |TAMS 0x0000000704200000, 0x0000000704200000| Untracked 
|  11|0x0000000704400000, 0x0000000704400000, 0x0000000704600000|  0%| F|  |TAMS 0x0000000704400000, 0x0000000704400000| Untracked 
|  12|0x0000000704600000, 0x0000000704600000, 0x0000000704800000|  0%| F|  |TAMS 0x0000000704600000, 0x0000000704600000| Untracked 
|  13|0x0000000704800000, 0x0000000704800000, 0x0000000704a00000|  0%| F|  |TAMS 0x0000000704800000, 0x0000000704800000| Untracked 
|  14|0x0000000704a00000, 0x0000000704a00000, 0x0000000704c00000|  0%| F|  |TAMS 0x0000000704a00000, 0x0000000704a00000| Untracked 
|  15|0x0000000704c00000, 0x0000000704c00000, 0x0000000704e00000|  0%| F|  |TAMS 0x0000000704c00000, 0x0000000704c00000| Untracked 
|  16|0x0000000704e00000, 0x0000000704e00000, 0x0000000705000000|  0%| F|  |TAMS 0x0000000704e00000, 0x0000000704e00000| Untracked 
|  17|0x0000000705000000, 0x0000000705000000, 0x0000000705200000|  0%| F|  |TAMS 0x0000000705000000, 0x0000000705000000| Untracked 
|  18|0x0000000705200000, 0x0000000705200000, 0x0000000705400000|  0%| F|  |TAMS 0x0000000705200000, 0x0000000705200000| Untracked 
|  19|0x0000000705400000, 0x0000000705400000, 0x0000000705600000|  0%| F|  |TAMS 0x0000000705400000, 0x0000000705400000| Untracked 
|  20|0x0000000705600000, 0x0000000705600000, 0x0000000705800000|  0%| F|  |TAMS 0x0000000705600000, 0x0000000705600000| Untracked 
|  21|0x0000000705800000, 0x0000000705800000, 0x0000000705a00000|  0%| F|  |TAMS 0x0000000705800000, 0x0000000705800000| Untracked 
|  22|0x0000000705a00000, 0x0000000705a00000, 0x0000000705c00000|  0%| F|  |TAMS 0x0000000705a00000, 0x0000000705a00000| Untracked 
|  23|0x0000000705c00000, 0x0000000705c00000, 0x0000000705e00000|  0%| F|  |TAMS 0x0000000705c00000, 0x0000000705c00000| Untracked 
|  24|0x0000000705e00000, 0x0000000705e00000, 0x0000000706000000|  0%| F|  |TAMS 0x0000000705e00000, 0x0000000705e00000| Untracked 
|  25|0x0000000706000000, 0x0000000706000000, 0x0000000706200000|  0%| F|  |TAMS 0x0000000706000000, 0x0000000706000000| Untracked 
|  26|0x0000000706200000, 0x0000000706200000, 0x0000000706400000|  0%| F|  |TAMS 0x0000000706200000, 0x0000000706200000| Untracked 
|  27|0x0000000706400000, 0x0000000706400000, 0x0000000706600000|  0%| F|  |TAMS 0x0000000706400000, 0x0000000706400000| Untracked 
|  28|0x0000000706600000, 0x0000000706600000, 0x0000000706800000|  0%| F|  |TAMS 0x0000000706600000, 0x0000000706600000| Untracked 
|  29|0x0000000706800000, 0x0000000706800000, 0x0000000706a00000|  0%| F|  |TAMS 0x0000000706800000, 0x0000000706800000| Untracked 
|  30|0x0000000706a00000, 0x0000000706a00000, 0x0000000706c00000|  0%| F|  |TAMS 0x0000000706a00000, 0x0000000706a00000| Untracked 
|  31|0x0000000706c00000, 0x0000000706c00000, 0x0000000706e00000|  0%| F|  |TAMS 0x0000000706c00000, 0x0000000706c00000| Untracked 
|  32|0x0000000706e00000, 0x0000000706e00000, 0x0000000707000000|  0%| F|  |TAMS 0x0000000706e00000, 0x0000000706e00000| Untracked 
|  33|0x0000000707000000, 0x0000000707000000, 0x0000000707200000|  0%| F|  |TAMS 0x0000000707000000, 0x0000000707000000| Untracked 
|  34|0x0000000707200000, 0x0000000707200000, 0x0000000707400000|  0%| F|  |TAMS 0x0000000707200000, 0x0000000707200000| Untracked 
|  35|0x0000000707400000, 0x0000000707400000, 0x0000000707600000|  0%| F|  |TAMS 0x0000000707400000, 0x0000000707400000| Untracked 
|  36|0x0000000707600000, 0x0000000707600000, 0x0000000707800000|  0%| F|  |TAMS 0x0000000707600000, 0x0000000707600000| Untracked 
|  37|0x0000000707800000, 0x0000000707800000, 0x0000000707a00000|  0%| F|  |TAMS 0x0000000707800000, 0x0000000707800000| Untracked 
|  38|0x0000000707a00000, 0x0000000707a00000, 0x0000000707c00000|  0%| F|  |TAMS 0x0000000707a00000, 0x0000000707a00000| Untracked 
|  39|0x0000000707c00000, 0x0000000707c00000, 0x0000000707e00000|  0%| F|  |TAMS 0x0000000707c00000, 0x0000000707c00000| Untracked 
|  40|0x0000000707e00000, 0x0000000707e00000, 0x0000000708000000|  0%| F|  |TAMS 0x0000000707e00000, 0x0000000707e00000| Untracked 
|  41|0x0000000708000000, 0x0000000708000000, 0x0000000708200000|  0%| F|  |TAMS 0x0000000708000000, 0x0000000708000000| Untracked 
|  42|0x0000000708200000, 0x0000000708200000, 0x0000000708400000|  0%| F|  |TAMS 0x0000000708200000, 0x0000000708200000| Untracked 
|  43|0x0000000708400000, 0x0000000708400000, 0x0000000708600000|  0%| F|  |TAMS 0x0000000708400000, 0x0000000708400000| Untracked 
|  44|0x0000000708600000, 0x0000000708600000, 0x0000000708800000|  0%| F|  |TAMS 0x0000000708600000, 0x0000000708600000| Untracked 
|  45|0x0000000708800000, 0x0000000708800000, 0x0000000708a00000|  0%| F|  |TAMS 0x0000000708800000, 0x0000000708800000| Untracked 
|  46|0x0000000708a00000, 0x0000000708a00000, 0x0000000708c00000|  0%| F|  |TAMS 0x0000000708a00000, 0x0000000708a00000| Untracked 
|  47|0x0000000708c00000, 0x0000000708c00000, 0x0000000708e00000|  0%| F|  |TAMS 0x0000000708c00000, 0x0000000708c00000| Untracked 
|  48|0x0000000708e00000, 0x0000000708e00000, 0x0000000709000000|  0%| F|  |TAMS 0x0000000708e00000, 0x0000000708e00000| Untracked 
|  49|0x0000000709000000, 0x0000000709000000, 0x0000000709200000|  0%| F|  |TAMS 0x0000000709000000, 0x0000000709000000| Untracked 
|  50|0x0000000709200000, 0x0000000709200000, 0x0000000709400000|  0%| F|  |TAMS 0x0000000709200000, 0x0000000709200000| Untracked 
|  51|0x0000000709400000, 0x0000000709400000, 0x0000000709600000|  0%| F|  |TAMS 0x0000000709400000, 0x0000000709400000| Untracked 
|  52|0x0000000709600000, 0x0000000709600000, 0x0000000709800000|  0%| F|  |TAMS 0x0000000709600000, 0x0000000709600000| Untracked 
|  53|0x0000000709800000, 0x0000000709800000, 0x0000000709a00000|  0%| F|  |TAMS 0x0000000709800000, 0x0000000709800000| Untracked 
|  54|0x0000000709a00000, 0x0000000709a00000, 0x0000000709c00000|  0%| F|  |TAMS 0x0000000709a00000, 0x0000000709a00000| Untracked 
|  55|0x0000000709c00000, 0x0000000709c00000, 0x0000000709e00000|  0%| F|  |TAMS 0x0000000709c00000, 0x0000000709c00000| Untracked 
|  56|0x0000000709e00000, 0x0000000709e00000, 0x000000070a000000|  0%| F|  |TAMS 0x0000000709e00000, 0x0000000709e00000| Untracked 
|  57|0x000000070a000000, 0x000000070a000000, 0x000000070a200000|  0%| F|  |TAMS 0x000000070a000000, 0x000000070a000000| Untracked 
|  58|0x000000070a200000, 0x000000070a200000, 0x000000070a400000|  0%| F|  |TAMS 0x000000070a200000, 0x000000070a200000| Untracked 
|  59|0x000000070a400000, 0x000000070a400000, 0x000000070a600000|  0%| F|  |TAMS 0x000000070a400000, 0x000000070a400000| Untracked 
|  60|0x000000070a600000, 0x000000070a600000, 0x000000070a800000|  0%| F|  |TAMS 0x000000070a600000, 0x000000070a600000| Untracked 
|  61|0x000000070a800000, 0x000000070a800000, 0x000000070aa00000|  0%| F|  |TAMS 0x000000070a800000, 0x000000070a800000| Untracked 
|  62|0x000000070aa00000, 0x000000070aa00000, 0x000000070ac00000|  0%| F|  |TAMS 0x000000070aa00000, 0x000000070aa00000| Untracked 
|  63|0x000000070ac00000, 0x000000070ac00000, 0x000000070ae00000|  0%| F|  |TAMS 0x000000070ac00000, 0x000000070ac00000| Untracked 
|  64|0x000000070ae00000, 0x000000070ae00000, 0x000000070b000000|  0%| F|  |TAMS 0x000000070ae00000, 0x000000070ae00000| Untracked 
|  65|0x000000070b000000, 0x000000070b000000, 0x000000070b200000|  0%| F|  |TAMS 0x000000070b000000, 0x000000070b000000| Untracked 
|  66|0x000000070b200000, 0x000000070b200000, 0x000000070b400000|  0%| F|  |TAMS 0x000000070b200000, 0x000000070b200000| Untracked 
|  67|0x000000070b400000, 0x000000070b400000, 0x000000070b600000|  0%| F|  |TAMS 0x000000070b400000, 0x000000070b400000| Untracked 
|  68|0x000000070b600000, 0x000000070b600000, 0x000000070b800000|  0%| F|  |TAMS 0x000000070b600000, 0x000000070b600000| Untracked 
|  69|0x000000070b800000, 0x000000070b800000, 0x000000070ba00000|  0%| F|  |TAMS 0x000000070b800000, 0x000000070b800000| Untracked 
|  70|0x000000070ba00000, 0x000000070ba00000, 0x000000070bc00000|  0%| F|  |TAMS 0x000000070ba00000, 0x000000070ba00000| Untracked 
|  71|0x000000070bc00000, 0x000000070bc00000, 0x000000070be00000|  0%| F|  |TAMS 0x000000070bc00000, 0x000000070bc00000| Untracked 
|  72|0x000000070be00000, 0x000000070be00000, 0x000000070c000000|  0%| F|  |TAMS 0x000000070be00000, 0x000000070be00000| Untracked 
|  73|0x000000070c000000, 0x000000070c000000, 0x000000070c200000|  0%| F|  |TAMS 0x000000070c000000, 0x000000070c000000| Untracked 
|  74|0x000000070c200000, 0x000000070c200000, 0x000000070c400000|  0%| F|  |TAMS 0x000000070c200000, 0x000000070c200000| Untracked 
|  75|0x000000070c400000, 0x000000070c400000, 0x000000070c600000|  0%| F|  |TAMS 0x000000070c400000, 0x000000070c400000| Untracked 
|  76|0x000000070c600000, 0x000000070c600000, 0x000000070c800000|  0%| F|  |TAMS 0x000000070c600000, 0x000000070c600000| Untracked 
|  77|0x000000070c800000, 0x000000070c800000, 0x000000070ca00000|  0%| F|  |TAMS 0x000000070c800000, 0x000000070c800000| Untracked 
|  78|0x000000070ca00000, 0x000000070ca00000, 0x000000070cc00000|  0%| F|  |TAMS 0x000000070ca00000, 0x000000070ca00000| Untracked 
|  79|0x000000070cc00000, 0x000000070cc00000, 0x000000070ce00000|  0%| F|  |TAMS 0x000000070cc00000, 0x000000070cc00000| Untracked 
|  80|0x000000070ce00000, 0x000000070ce00000, 0x000000070d000000|  0%| F|  |TAMS 0x000000070ce00000, 0x000000070ce00000| Untracked 
|  81|0x000000070d000000, 0x000000070d000000, 0x000000070d200000|  0%| F|  |TAMS 0x000000070d000000, 0x000000070d000000| Untracked 
|  82|0x000000070d200000, 0x000000070d200000, 0x000000070d400000|  0%| F|  |TAMS 0x000000070d200000, 0x000000070d200000| Untracked 
|  83|0x000000070d400000, 0x000000070d400000, 0x000000070d600000|  0%| F|  |TAMS 0x000000070d400000, 0x000000070d400000| Untracked 
|  84|0x000000070d600000, 0x000000070d600000, 0x000000070d800000|  0%| F|  |TAMS 0x000000070d600000, 0x000000070d600000| Untracked 
|  85|0x000000070d800000, 0x000000070d800000, 0x000000070da00000|  0%| F|  |TAMS 0x000000070d800000, 0x000000070d800000| Untracked 
|  86|0x000000070da00000, 0x000000070da00000, 0x000000070dc00000|  0%| F|  |TAMS 0x000000070da00000, 0x000000070da00000| Untracked 
|  87|0x000000070dc00000, 0x000000070dc00000, 0x000000070de00000|  0%| F|  |TAMS 0x000000070dc00000, 0x000000070dc00000| Untracked 
|  88|0x000000070de00000, 0x000000070de00000, 0x000000070e000000|  0%| F|  |TAMS 0x000000070de00000, 0x000000070de00000| Untracked 
|  89|0x000000070e000000, 0x000000070e000000, 0x000000070e200000|  0%| F|  |TAMS 0x000000070e000000, 0x000000070e000000| Untracked 
|  90|0x000000070e200000, 0x000000070e200000, 0x000000070e400000|  0%| F|  |TAMS 0x000000070e200000, 0x000000070e200000| Untracked 
|  91|0x000000070e400000, 0x000000070e400000, 0x000000070e600000|  0%| F|  |TAMS 0x000000070e400000, 0x000000070e400000| Untracked 
|  92|0x000000070e600000, 0x000000070e600000, 0x000000070e800000|  0%| F|  |TAMS 0x000000070e600000, 0x000000070e600000| Untracked 
|  93|0x000000070e800000, 0x000000070e800000, 0x000000070ea00000|  0%| F|  |TAMS 0x000000070e800000, 0x000000070e800000| Untracked 
|  94|0x000000070ea00000, 0x000000070ea00000, 0x000000070ec00000|  0%| F|  |TAMS 0x000000070ea00000, 0x000000070ea00000| Untracked 
|  95|0x000000070ec00000, 0x000000070ec00000, 0x000000070ee00000|  0%| F|  |TAMS 0x000000070ec00000, 0x000000070ec00000| Untracked 
|  96|0x000000070ee00000, 0x000000070ee00000, 0x000000070f000000|  0%| F|  |TAMS 0x000000070ee00000, 0x000000070ee00000| Untracked 
|  97|0x000000070f000000, 0x000000070f000000, 0x000000070f200000|  0%| F|  |TAMS 0x000000070f000000, 0x000000070f000000| Untracked 
|  98|0x000000070f200000, 0x000000070f200000, 0x000000070f400000|  0%| F|  |TAMS 0x000000070f200000, 0x000000070f200000| Untracked 
|  99|0x000000070f400000, 0x000000070f400000, 0x000000070f600000|  0%| F|  |TAMS 0x000000070f400000, 0x000000070f400000| Untracked 
| 100|0x000000070f600000, 0x000000070f600000, 0x000000070f800000|  0%| F|  |TAMS 0x000000070f600000, 0x000000070f600000| Untracked 
| 101|0x000000070f800000, 0x000000070f800000, 0x000000070fa00000|  0%| F|  |TAMS 0x000000070f800000, 0x000000070f800000| Untracked 
| 102|0x000000070fa00000, 0x000000070fa00000, 0x000000070fc00000|  0%| F|  |TAMS 0x000000070fa00000, 0x000000070fa00000| Untracked 
| 103|0x000000070fc00000, 0x000000070fc00000, 0x000000070fe00000|  0%| F|  |TAMS 0x000000070fc00000, 0x000000070fc00000| Untracked 
| 104|0x000000070fe00000, 0x000000070fe00000, 0x0000000710000000|  0%| F|  |TAMS 0x000000070fe00000, 0x000000070fe00000| Untracked 
| 105|0x0000000710000000, 0x0000000710000000, 0x0000000710200000|  0%| F|  |TAMS 0x0000000710000000, 0x0000000710000000| Untracked 
| 106|0x0000000710200000, 0x0000000710200000, 0x0000000710400000|  0%| F|  |TAMS 0x0000000710200000, 0x0000000710200000| Untracked 
| 107|0x0000000710400000, 0x0000000710400000, 0x0000000710600000|  0%| F|  |TAMS 0x0000000710400000, 0x0000000710400000| Untracked 
| 108|0x0000000710600000, 0x0000000710600000, 0x0000000710800000|  0%| F|  |TAMS 0x0000000710600000, 0x0000000710600000| Untracked 
| 109|0x0000000710800000, 0x0000000710800000, 0x0000000710a00000|  0%| F|  |TAMS 0x0000000710800000, 0x0000000710800000| Untracked 
| 110|0x0000000710a00000, 0x0000000710a00000, 0x0000000710c00000|  0%| F|  |TAMS 0x0000000710a00000, 0x0000000710a00000| Untracked 
| 111|0x0000000710c00000, 0x0000000710c00000, 0x0000000710e00000|  0%| F|  |TAMS 0x0000000710c00000, 0x0000000710c00000| Untracked 
| 112|0x0000000710e00000, 0x0000000710e00000, 0x0000000711000000|  0%| F|  |TAMS 0x0000000710e00000, 0x0000000710e00000| Untracked 
| 113|0x0000000711000000, 0x0000000711000000, 0x0000000711200000|  0%| F|  |TAMS 0x0000000711000000, 0x0000000711000000| Untracked 
| 114|0x0000000711200000, 0x0000000711200000, 0x0000000711400000|  0%| F|  |TAMS 0x0000000711200000, 0x0000000711200000| Untracked 
| 115|0x0000000711400000, 0x0000000711400000, 0x0000000711600000|  0%| F|  |TAMS 0x0000000711400000, 0x0000000711400000| Untracked 
| 116|0x0000000711600000, 0x0000000711600000, 0x0000000711800000|  0%| F|  |TAMS 0x0000000711600000, 0x0000000711600000| Untracked 
| 117|0x0000000711800000, 0x0000000711800000, 0x0000000711a00000|  0%| F|  |TAMS 0x0000000711800000, 0x0000000711800000| Untracked 
| 118|0x0000000711a00000, 0x0000000711a00000, 0x0000000711c00000|  0%| F|  |TAMS 0x0000000711a00000, 0x0000000711a00000| Untracked 
| 119|0x0000000711c00000, 0x0000000711c00000, 0x0000000711e00000|  0%| F|  |TAMS 0x0000000711c00000, 0x0000000711c00000| Untracked 
| 120|0x0000000711e00000, 0x0000000711e00000, 0x0000000712000000|  0%| F|  |TAMS 0x0000000711e00000, 0x0000000711e00000| Untracked 
| 121|0x0000000712000000, 0x0000000712000000, 0x0000000712200000|  0%| F|  |TAMS 0x0000000712000000, 0x0000000712000000| Untracked 
| 122|0x0000000712200000, 0x00000007123224a0, 0x0000000712400000| 56%| E|  |TAMS 0x0000000712200000, 0x0000000712200000| Complete 
| 123|0x0000000712400000, 0x0000000712600000, 0x0000000712600000|100%| E|CS|TAMS 0x0000000712400000, 0x0000000712400000| Complete 
| 124|0x0000000712600000, 0x0000000712800000, 0x0000000712800000|100%| E|  |TAMS 0x0000000712600000, 0x0000000712600000| Complete 
| 125|0x0000000712800000, 0x0000000712a00000, 0x0000000712a00000|100%| E|CS|TAMS 0x0000000712800000, 0x0000000712800000| Complete 
| 126|0x0000000712a00000, 0x0000000712c00000, 0x0000000712c00000|100%| E|CS|TAMS 0x0000000712a00000, 0x0000000712a00000| Complete 

Card table byte_map: [0x000001bee83a0000,0x000001bee8b90000] _byte_map_base: 0x000001bee4b89000

Marking Bits (Prev, Next): (CMBitMap*) 0x000001bed0a63e20, (CMBitMap*) 0x000001bed0a63e60
 Prev Bits: [0x000001bee9380000, 0x000001beed2c8000)
 Next Bits: [0x000001beed2d0000, 0x000001bef1218000)

Polling page: 0x000001bed01c0000

Metaspace:

Usage:
  Non-class:      4.16 MB used.
      Class:    283.48 KB used.
       Both:      4.44 MB used.

Virtual space:
  Non-class space:       64.00 MB reserved,       4.25 MB (  7%) committed,  1 nodes.
      Class space:        1.00 GB reserved,     384.00 KB ( <1%) committed,  1 nodes.
             Both:        1.06 GB reserved,       4.62 MB ( <1%) committed. 

Chunk freelists:
   Non-Class:  2.09 MB
       Class:  3.64 MB
        Both:  5.73 MB

MaxMetaspaceSize: unlimited
CompressedClassSpaceSize: 1.00 GB
Initial GC threshold: 21.00 MB
Current GC threshold: 21.00 MB
CDS: on
MetaspaceReclaimPolicy: balanced
 - commit_granule_bytes: 65536.
 - commit_granule_words: 8192.
 - virtual_space_node_default_size: 8388608.
 - enlarge_chunks_in_place: 1.
 - new_chunks_are_fully_committed: 0.
 - uncommit_free_chunks: 1.
 - use_allocation_guard: 0.


Internal statistics:

num_allocs_failed_limit: 0.
num_arena_births: 116.
num_arena_deaths: 0.
num_vsnodes_births: 2.
num_vsnodes_deaths: 0.
num_space_committed: 72.
num_space_uncommitted: 0.
num_chunks_returned_to_freelist: 0.
num_chunks_taken_from_freelist: 205.
num_chunk_merges: 0.
num_chunk_splits: 132.
num_chunks_enlarged: 84.
num_inconsistent_stats: 0.

CodeHeap 'non-profiled nmethods': size=119168Kb used=199Kb max_used=199Kb free=118968Kb
 bounds [0x000001bedfed0000, 0x000001bee0140000, 0x000001bee7330000]
CodeHeap 'profiled nmethods': size=119104Kb used=1085Kb max_used=1085Kb free=118018Kb
 bounds [0x000001bed8a80000, 0x000001bed8cf0000, 0x000001bedfed0000]
CodeHeap 'non-nmethods': size=7488Kb used=2728Kb max_used=2743Kb free=4759Kb
 bounds [0x000001bed8330000, 0x000001bed85f0000, 0x000001bed8a80000]
 total_blobs=1754 nmethods=731 adapters=934
 compilation: enabled
              stopped_count=0, restarted_count=0
 full_count=0

Compilation events (20 events):
Event: 0.295 Thread 0x000001bef42516d0  722       3       java.nio.Buffer::nextPutIndex (30 bytes)
Event: 0.295 Thread 0x000001bef84b02c0  723       3       java.awt.image.BufferedImage::getRGB (18 bytes)
Event: 0.295 Thread 0x000001bef42516d0 nmethod 722 0x000001bed8b89010 code [0x000001bed8b891c0, 0x000001bed8b893e8]
Event: 0.295 Thread 0x000001bef84b02c0 nmethod 723 0x000001bed8b89510 code [0x000001bed8b896c0, 0x000001bed8b89978]
Event: 0.295 Thread 0x000001bef42516d0  725       3       java.awt.image.ComponentColorModel::getRGB (161 bytes)
Event: 0.295 Thread 0x000001bef84b02c0  726       3       java.awt.image.ComponentColorModel::getAlpha (238 bytes)
Event: 0.295 Thread 0x000001bef84b67e0 nmethod 721 0x000001bed8b89a90 code [0x000001bed8b89de0, 0x000001bed8b8b1d8]
Event: 0.295 Thread 0x000001bef84b67e0  727       3       java.awt.image.ComponentColorModel::getRed (7 bytes)
Event: 0.295 Thread 0x000001bef84b67e0 nmethod 727 0x000001bed8b8b710 code [0x000001bed8b8b8a0, 0x000001bed8b8b9e8]
Event: 0.295 Thread 0x000001bef84b02c0 nmethod 726 0x000001bed8b8ba90 code [0x000001bed8b8bd60, 0x000001bed8b8ca18]
Event: 0.295 Thread 0x000001bef42516d0 nmethod 725 0x000001bed8b8ce10 code [0x000001bed8b8d0c0, 0x000001bed8b8d8f8]
Event: 0.295 Thread 0x000001bef84b02c0  728       3       java.awt.image.ComponentColorModel::getGreen (7 bytes)
Event: 0.295 Thread 0x000001bef84b67e0  729       3       java.awt.image.ComponentColorModel::getBlue (7 bytes)
Event: 0.295 Thread 0x000001bef42516d0  730       3       java.nio.HeapIntBuffer::put (16 bytes)
Event: 0.295 Thread 0x000001bef84b02c0 nmethod 728 0x000001bed8b8dc10 code [0x000001bed8b8dda0, 0x000001bed8b8dee8]
Event: 0.295 Thread 0x000001bef84b02c0  731       3       java.nio.HeapIntBuffer::ix (7 bytes)
Event: 0.295 Thread 0x000001bef84b67e0 nmethod 729 0x000001bed8b8df90 code [0x000001bed8b8e120, 0x000001bed8b8e268]
Event: 0.295 Thread 0x000001bef84b67e0  718       3       sun.awt.image.ByteInterleavedRaster::setRect (187 bytes)
Event: 0.295 Thread 0x000001bef84b02c0 nmethod 731 0x000001bed8b8e310 code [0x000001bed8b8e4a0, 0x000001bed8b8e5b8]
Event: 0.295 Thread 0x000001bef42516d0 nmethod 730 0x000001bed8b8e690 code [0x000001bed8b8e860, 0x000001bed8b8eba8]

GC Heap History (0 events):
No events

Deoptimization events (12 events):
Event: 0.098 Thread 0x000001bed09f1b00 DEOPT PACKING pc=0x000001bed8a98d67 sp=0x000000a44e2fbd80
Event: 0.098 Thread 0x000001bed09f1b00 DEOPT UNPACKING pc=0x000001bed8382b43 sp=0x000000a44e2fb1a0 mode 0
Event: 0.218 Thread 0x000001bed09f1b00 DEOPT PACKING pc=0x000001bed8a889d1 sp=0x000000a44e2fd2c0
Event: 0.218 Thread 0x000001bed09f1b00 DEOPT UNPACKING pc=0x000001bed8382b43 sp=0x000000a44e2fc738 mode 0
Event: 0.222 Thread 0x000001bed09f1b00 Uncommon trap: trap_request=0xffffff54 fr.pc=0x000001bedfef0660 relative=0x0000000000000060
Event: 0.222 Thread 0x000001bed09f1b00 Uncommon trap: reason=speculate_null_assert action=make_not_entrant pc=0x000001bedfef0660 method=sun.misc.Unsafe.putLong(Ljava/lang/Object;JJ)V @ 7 c2
Event: 0.222 Thread 0x000001bed09f1b00 DEOPT PACKING pc=0x000001bedfef0660 sp=0x000000a44e2ff170
Event: 0.222 Thread 0x000001bed09f1b00 DEOPT UNPACKING pc=0x000001bed83823a3 sp=0x000000a44e2ff0e8 mode 2
Event: 0.235 Thread 0x000001bed09f1b00 Uncommon trap: trap_request=0xffffff54 fr.pc=0x000001bedfef0c5c relative=0x000000000000005c
Event: 0.235 Thread 0x000001bed09f1b00 Uncommon trap: reason=speculate_null_assert action=make_not_entrant pc=0x000001bedfef0c5c method=sun.misc.Unsafe.getLong(Ljava/lang/Object;J)J @ 5 c2
Event: 0.235 Thread 0x000001bed09f1b00 DEOPT PACKING pc=0x000001bedfef0c5c sp=0x000000a44e2ff0c0
Event: 0.235 Thread 0x000001bed09f1b00 DEOPT UNPACKING pc=0x000001bed83823a3 sp=0x000000a44e2ff048 mode 2

Classes loaded (20 events):
Event: 0.288 Loading class java/awt/ImageCapabilities
Event: 0.288 Loading class java/awt/ImageCapabilities done
Event: 0.288 Loading class java/awt/Image$1
Event: 0.288 Loading class sun/awt/image/SurfaceManager$ImageAccessor
Event: 0.288 Loading class sun/awt/image/SurfaceManager$ImageAccessor done
Event: 0.288 Loading class java/awt/Image$1 done
Event: 0.288 Loading class sun/awt/image/SurfaceManager
Event: 0.288 Loading class sun/awt/image/SurfaceManager done
Event: 0.288 Loading class java/awt/image/BufferedImage$1
Event: 0.288 Loading class java/awt/image/BufferedImage$1 done
Event: 0.288 Loading class sun/awt/image/IntegerComponentRaster
Event: 0.288 Loading class sun/awt/image/IntegerComponentRaster done
Event: 0.288 Loading class java/awt/image/IndexColorModel
Event: 0.288 Loading class java/awt/image/IndexColorModel done
Event: 0.288 Loading class sun/awt/image/ShortComponentRaster
Event: 0.288 Loading class sun/awt/image/ShortComponentRaster done
Event: 0.289 Loading class com/sun/imageio/plugins/common/ReaderUtil
Event: 0.289 Loading class com/sun/imageio/plugins/common/ReaderUtil done
Event: 0.294 Loading class java/nio/HeapIntBuffer
Event: 0.294 Loading class java/nio/HeapIntBuffer done

Classes unloaded (0 events):
No events

Classes redefined (0 events):
No events

Internal exceptions (20 events):
Event: 0.078 Thread 0x000001bed09f1b00 Exception <a 'sun/nio/fs/WindowsException'{0x00000007129d19a0}> (0x00000007129d19a0) 
thrown [s\open\src\hotspot\share\prims\jni.cpp, line 516]
Event: 0.078 Thread 0x000001bed09f1b00 Exception <a 'sun/nio/fs/WindowsException'{0x00000007129d1f20}> (0x00000007129d1f20) 
thrown [s\open\src\hotspot\share\prims\jni.cpp, line 516]
Event: 0.090 Thread 0x000001bed09f1b00 Exception <a 'sun/nio/fs/WindowsException'{0x0000000712636bf0}> (0x0000000712636bf0) 
thrown [s\open\src\hotspot\share\prims\jni.cpp, line 516]
Event: 0.090 Thread 0x000001bed09f1b00 Exception <a 'sun/nio/fs/WindowsException'{0x0000000712636f80}> (0x0000000712636f80) 
thrown [s\open\src\hotspot\share\prims\jni.cpp, line 516]
Event: 0.092 Thread 0x000001bed09f1b00 Exception <a 'java/lang/NoSuchMethodError'{0x0000000712668eb0}: 'java.lang.Object java.lang.invoke.DirectMethodHandle$Holder.invokeStaticInit(java.lang.Object)'> (0x0000000712668eb0) 
thrown [s\open\src\hotspot\share\interpreter\linkResolver.cpp, line 759]
Event: 0.095 Thread 0x000001bed09f1b00 Exception <a 'java/lang/NoSuchMethodError'{0x0000000712689cd8}: 'int java.lang.invoke.DirectMethodHandle$Holder.invokeStaticInit(java.lang.Object, java.lang.Object, int, long)'> (0x0000000712689cd8) 
thrown [s\open\src\hotspot\share\interpreter\linkResolver.cpp, line 759]
Event: 0.096 Thread 0x000001bed09f1b00 Exception <a 'java/lang/NoSuchMethodError'{0x000000071268f5a0}: 'java.lang.Object java.lang.invoke.DirectMethodHandle$Holder.newInvokeSpecial(java.lang.Object, java.lang.Object, int)'> (0x000000071268f5a0) 
thrown [s\open\src\hotspot\share\interpreter\linkResolver.cpp, line 759]
Event: 0.097 Thread 0x000001bed09f1b00 Exception <a 'java/lang/NoSuchMethodError'{0x000000071269dee8}: 'int java.lang.invoke.DirectMethodHandle$Holder.invokeStaticInit(java.lang.Object, java.lang.Object, long, long)'> (0x000000071269dee8) 
thrown [s\open\src\hotspot\share\interpreter\linkResolver.cpp, line 759]
Event: 0.097 Thread 0x000001bed09f1b00 Exception <a 'java/lang/NoSuchMethodError'{0x00000007126a3ff8}: 'java.lang.Object java.lang.invoke.DirectMethodHandle$Holder.newInvokeSpecial(java.lang.Object, java.lang.Object, long)'> (0x00000007126a3ff8) 
thrown [s\open\src\hotspot\share\interpreter\linkResolver.cpp, line 759]
Event: 0.097 Thread 0x000001bed09f1b00 Exception <a 'java/lang/NoSuchMethodError'{0x00000007126a82f8}: 'java.lang.Object java.lang.invoke.Invokers$Holder.linkToTargetMethod(java.lang.Object, long, java.lang.Object)'> (0x00000007126a82f8) 
thrown [s\open\src\hotspot\share\interpreter\linkResolver.cpp, line 759]
Event: 0.098 Thread 0x000001bed09f1b00 Exception <a 'java/lang/NoSuchMethodError'{0x00000007126af8a0}: 'int java.lang.invoke.DirectMethodHandle$Holder.invokeStaticInit(java.lang.Object, java.lang.Object, java.lang.Object, long)'> (0x00000007126af8a0) 
thrown [s\open\src\hotspot\share\interpreter\linkResolver.cpp, line 759]
Event: 0.212 Thread 0x000001bed09f1b00 Exception <a 'java/lang/NoSuchMethodError'{0x000000071272cee8}: 'void java.lang.System.load(java.lang.String, java.lang.Class)'> (0x000000071272cee8) 
thrown [s\open\src\hotspot\share\interpreter\linkResolver.cpp, line 759]
Event: 0.212 Thread 0x000001bed09f1b00 Exception <a 'java/lang/NoSuchMethodError'{0x000000071272fd78}: 'void java.lang.System.loadLibrary(java.lang.String, java.lang.Class)'> (0x000000071272fd78) 
thrown [s\open\src\hotspot\share\interpreter\linkResolver.cpp, line 759]
Event: 0.216 Thread 0x000001bed09f1b00 Exception <a 'sun/nio/fs/WindowsException'{0x000000071273fcd0}> (0x000000071273fcd0) 
thrown [s\open\src\hotspot\share\prims\jni.cpp, line 516]
Event: 0.216 Thread 0x000001bed09f1b00 Exception <a 'sun/nio/fs/WindowsException'{0x00000007127400a8}> (0x00000007127400a8) 
thrown [s\open\src\hotspot\share\prims\jni.cpp, line 516]
Event: 0.218 Thread 0x000001bed09f1b00 Exception <a 'sun/nio/fs/WindowsException'{0x0000000712745b68}> (0x0000000712745b68) 
thrown [s\open\src\hotspot\share\prims\jni.cpp, line 516]
Event: 0.218 Thread 0x000001bed09f1b00 Exception <a 'sun/nio/fs/WindowsException'{0x0000000712745e78}> (0x0000000712745e78) 
thrown [s\open\src\hotspot\share\prims\jni.cpp, line 516]
Event: 0.264 Thread 0x000001bed09f1b00 Exception <a 'java/lang/ClassNotFoundException'{0x0000000712595628}: sun/awt/resources/spi/awtProvider> (0x0000000712595628) 
thrown [s\open\src\hotspot\share\classfile\systemDictionary.cpp, line 255]
Event: 0.273 Thread 0x000001bed09f1b00 Exception <a 'java/io/FileNotFoundException'{0x00000007125e5ef0}> (0x00000007125e5ef0) 
thrown [s\open\src\hotspot\share\prims\jni.cpp, line 516]
Event: 0.276 Thread 0x000001bed09f1b00 Exception <a 'java/io/FileNotFoundException'{0x00000007122133e8}> (0x00000007122133e8) 
thrown [s\open\src\hotspot\share\prims\jni.cpp, line 516]

VM Operations (8 events):
Event: 0.040 Executing VM operation: HandshakeAllThreads
Event: 0.040 Executing VM operation: HandshakeAllThreads done
Event: 0.260 Executing VM operation: HandshakeAllThreads
Event: 0.260 Executing VM operation: HandshakeAllThreads done
Event: 0.263 Executing VM operation: HandshakeAllThreads
Event: 0.263 Executing VM operation: HandshakeAllThreads done
Event: 0.294 Executing VM operation: HandshakeAllThreads
Event: 0.294 Executing VM operation: HandshakeAllThreads done

Events (20 events):
Event: 0.010 Thread 0x000001bef4227440 Thread added: 0x000001bef4227440
Event: 0.018 Thread 0x000001bef4247a10 Thread added: 0x000001bef4247a10
Event: 0.018 Thread 0x000001bef42492d0 Thread added: 0x000001bef42492d0
Event: 0.018 Thread 0x000001bef424bdc0 Thread added: 0x000001bef424bdc0
Event: 0.018 Thread 0x000001bef424fda0 Thread added: 0x000001bef424fda0
Event: 0.018 Thread 0x000001bef4250bb0 Thread added: 0x000001bef4250bb0
Event: 0.018 Thread 0x000001bef42516d0 Thread added: 0x000001bef42516d0
Event: 0.018 Thread 0x000001bef4269900 Thread added: 0x000001bef4269900
Event: 0.030 Thread 0x000001bef84b02c0 Thread added: 0x000001bef84b02c0
Event: 0.031 Thread 0x000001bef84b67e0 Thread added: 0x000001bef84b67e0
Event: 0.032 Thread 0x000001bef84d9140 Thread added: 0x000001bef84d9140
Event: 0.033 Thread 0x000001bef84dba80 Thread added: 0x000001bef84dba80
Event: 0.037 Loaded shared library C:\Program Files\Java\jdk-18.0.2\bin\net.dll
Event: 0.038 Loaded shared library C:\Program Files\Java\jdk-18.0.2\bin\nio.dll
Event: 0.040 Loaded shared library C:\Program Files\Java\jdk-18.0.2\bin\zip.dll
Event: 0.065 Loaded shared library C:\Program Files\Java\jdk-18.0.2\bin\jimage.dll
Event: 0.079 Loaded shared library C:\Users\heikk\AppData\Local\Temp\lwjgl_heikk\3.3.2-snapshot+7\x64\lwjgl.dll
Event: 0.217 Loaded shared library C:\Users\heikk\AppData\Local\Temp\lwjgl_heikk\3.3.2-snapshot+7\x64\lwjgl_opengl.dll
Event: 0.268 Loaded shared library C:\Program Files\Java\jdk-18.0.2\bin\awt.dll
Event: 0.284 Thread 0x000001bef981f240 Thread added: 0x000001bef981f240


Dynamic libraries:
0x00007ff71c3d0000 - 0x00007ff71c3e0000 	C:\Program Files\Java\jdk-18.0.2\bin\javaw.exe
0x00007ffa5e3f0000 - 0x00007ffa5e5e8000 	C:\Windows\SYSTEM32\ntdll.dll
0x00007ffa5ddf0000 - 0x00007ffa5deaf000 	C:\Windows\System32\KERNEL32.DLL
0x00007ffa5bff0000 - 0x00007ffa5c2c2000 	C:\Windows\System32\KERNELBASE.dll
0x00007ffa5bcb0000 - 0x00007ffa5bdb0000 	C:\Windows\System32\ucrtbase.dll
0x00007ff9e4500000 - 0x00007ff9e451a000 	C:\Program Files\Java\jdk-18.0.2\bin\VCRUNTIME140.dll
0x00007ff9e4520000 - 0x00007ff9e4538000 	C:\Program Files\Java\jdk-18.0.2\bin\jli.dll
0x00007ffa5d1e0000 - 0x00007ffa5d28e000 	C:\Windows\System32\ADVAPI32.dll
0x00007ffa5d9a0000 - 0x00007ffa5da3e000 	C:\Windows\System32\msvcrt.dll
0x00007ffa5def0000 - 0x00007ffa5df8c000 	C:\Windows\System32\sechost.dll
0x00007ffa5cd50000 - 0x00007ffa5ce75000 	C:\Windows\System32\RPCRT4.dll
0x00007ffa5df90000 - 0x00007ffa5e131000 	C:\Windows\System32\USER32.dll
0x00007ffa5bfc0000 - 0x00007ffa5bfe2000 	C:\Windows\System32\win32u.dll
0x00007ffa4b810000 - 0x00007ffa4baaa000 	C:\Windows\WinSxS\amd64_microsoft.windows.common-controls_6595b64144ccf1df_6.0.19041.1110_none_60b5254171f9507e\COMCTL32.dll
0x00007ffa5e2f0000 - 0x00007ffa5e31b000 	C:\Windows\System32\GDI32.dll
0x00007ffa5beb0000 - 0x00007ffa5bfbf000 	C:\Windows\System32\gdi32full.dll
0x00007ffa5bb50000 - 0x00007ffa5bbed000 	C:\Windows\System32\msvcp_win.dll
0x00007ffa559b0000 - 0x00007ffa559ba000 	C:\Windows\SYSTEM32\VERSION.dll
0x00007ffa5deb0000 - 0x00007ffa5dee2000 	C:\Windows\System32\IMM32.DLL
0x00007ff9e45b0000 - 0x00007ff9e45bc000 	C:\Program Files\Java\jdk-18.0.2\bin\vcruntime140_1.dll
0x00007ff9e4470000 - 0x00007ff9e44fd000 	C:\Program Files\Java\jdk-18.0.2\bin\msvcp140.dll
0x00007ff9e3850000 - 0x00007ff9e4461000 	C:\Program Files\Java\jdk-18.0.2\bin\server\jvm.dll
0x00007ffa5e320000 - 0x00007ffa5e328000 	C:\Windows\System32\PSAPI.DLL
0x00007ffa42fd0000 - 0x00007ffa42fd9000 	C:\Windows\SYSTEM32\WSOCK32.dll
0x00007ffa52e40000 - 0x00007ffa52e67000 	C:\Windows\SYSTEM32\WINMM.dll
0x00007ffa5c4d0000 - 0x00007ffa5c53b000 	C:\Windows\System32\WS2_32.dll
0x00007ffa5a350000 - 0x00007ffa5a362000 	C:\Windows\SYSTEM32\kernel.appcore.dll
0x00007ff9e3840000 - 0x00007ff9e384a000 	C:\Program Files\Java\jdk-18.0.2\bin\jimage.dll
0x00007ffa5a140000 - 0x00007ffa5a324000 	C:\Windows\SYSTEM32\DBGHELP.DLL
0x00007ffa45490000 - 0x00007ffa454c5000 	C:\Windows\SYSTEM32\dbgcore.DLL
0x00007ffa5bbf0000 - 0x00007ffa5bc72000 	C:\Windows\System32\bcryptPrimitives.dll
0x00007ff9e3810000 - 0x00007ff9e3835000 	C:\Program Files\Java\jdk-18.0.2\bin\java.dll
0x00007ff9e3730000 - 0x00007ff9e3806000 	C:\Program Files\Java\jdk-18.0.2\bin\jsvml.dll
0x00007ffa5c540000 - 0x00007ffa5cc84000 	C:\Windows\System32\SHELL32.dll
0x00007ffa598d0000 - 0x00007ffa5a062000 	C:\Windows\SYSTEM32\windows.storage.dll
0x00007ffa5ce80000 - 0x00007ffa5d1d5000 	C:\Windows\System32\combase.dll
0x00007ffa5b540000 - 0x00007ffa5b570000 	C:\Windows\SYSTEM32\Wldp.dll
0x00007ffa5d8f0000 - 0x00007ffa5d99d000 	C:\Windows\System32\SHCORE.dll
0x00007ffa5da40000 - 0x00007ffa5da95000 	C:\Windows\System32\shlwapi.dll
0x00007ffa5ba20000 - 0x00007ffa5ba3f000 	C:\Windows\SYSTEM32\profapi.dll
0x00007ff9e3590000 - 0x00007ff9e35a3000 	C:\Program Files\Java\jdk-18.0.2\bin\net.dll
0x00007ffa55200000 - 0x00007ffa5530c000 	C:\Windows\SYSTEM32\WINHTTP.dll
0x00007ffa5b2a0000 - 0x00007ffa5b30a000 	C:\Windows\system32\mswsock.dll
0x00007ff9e3570000 - 0x00007ff9e3586000 	C:\Program Files\Java\jdk-18.0.2\bin\nio.dll
0x00007ff9e3550000 - 0x00007ff9e3568000 	C:\Program Files\Java\jdk-18.0.2\bin\zip.dll
0x00007ffa3de20000 - 0x00007ffa3de98000 	C:\Users\heikk\AppData\Local\Temp\lwjgl_heikk\3.3.2-snapshot+7\x64\lwjgl.dll
0x00007ffa3ddb0000 - 0x00007ffa3de11000 	C:\Users\heikk\AppData\Local\Temp\lwjgl_heikk\3.3.2-snapshot+7\x64\glfw.dll
0x00007ffa3dc90000 - 0x00007ffa3dcd5000 	C:\Windows\SYSTEM32\dinput8.dll
0x00007ffa1da80000 - 0x00007ffa1da91000 	C:\Windows\SYSTEM32\xinput1_4.dll
0x00007ffa5bdb0000 - 0x00007ffa5bdfe000 	C:\Windows\System32\cfgmgr32.dll
0x00007ffa5b8b0000 - 0x00007ffa5b8dc000 	C:\Windows\SYSTEM32\DEVOBJ.dll
0x00007ffa592b0000 - 0x00007ffa592df000 	C:\Windows\SYSTEM32\dwmapi.dll
0x00007ffa42e50000 - 0x00007ffa42fa2000 	C:\Windows\SYSTEM32\inputhost.dll
0x00007ffa5dab0000 - 0x00007ffa5db7d000 	C:\Windows\System32\OLEAUT32.dll
0x00007ffa58c10000 - 0x00007ffa58d02000 	C:\Windows\SYSTEM32\CoreMessaging.dll
0x00007ffa56d00000 - 0x00007ffa56df6000 	C:\Windows\SYSTEM32\PROPSYS.dll
0x00007ffa57550000 - 0x00007ffa576a4000 	C:\Windows\SYSTEM32\wintypes.dll
0x00007ffa588b0000 - 0x00007ffa58c0e000 	C:\Windows\SYSTEM32\CoreUIComponents.dll
0x00007ffa5ac70000 - 0x00007ffa5aca3000 	C:\Windows\SYSTEM32\ntmarta.dll
0x00007ffa58f90000 - 0x00007ffa5902e000 	C:\Windows\system32\uxtheme.dll
0x00007ffa5db80000 - 0x00007ffa5dc95000 	C:\Windows\System32\MSCTF.dll
0x00007ffa367c0000 - 0x00007ffa368e5000 	C:\Windows\SYSTEM32\opengl32.dll
0x00007ffa3dc60000 - 0x00007ffa3dc8c000 	C:\Windows\SYSTEM32\GLU32.dll
0x00007ffa5d370000 - 0x00007ffa5d41f000 	C:\Windows\System32\clbcatq.dll
0x00007ff9fff20000 - 0x00007ffa030da000 	C:\Windows\System32\DriverStore\FileRepository\nvle.inf_amd64_75fddface1fba2c4\nvoglv64.dll
0x00007ffa5d480000 - 0x00007ffa5d8e8000 	C:\Windows\System32\SETUPAPI.dll
0x00007ffa5bc80000 - 0x00007ffa5bca7000 	C:\Windows\System32\bcrypt.dll
0x00007ffa5dca0000 - 0x00007ffa5ddca000 	C:\Windows\System32\ole32.dll
0x00007ffa570a0000 - 0x00007ffa570b4000 	C:\Windows\SYSTEM32\WTSAPI32.dll
0x00007ffa5b4b0000 - 0x00007ffa5b4bc000 	C:\Windows\SYSTEM32\CRYPTBASE.DLL
0x00007ffa5b6d0000 - 0x00007ffa5b6e2000 	C:\Windows\SYSTEM32\msasn1.dll
0x00007ffa55970000 - 0x00007ffa559a1000 	C:\Windows\SYSTEM32\cryptnet.dll
0x00007ffa5c2d0000 - 0x00007ffa5c426000 	C:\Windows\System32\CRYPT32.dll
0x00007ffa55720000 - 0x00007ffa55868000 	C:\Windows\SYSTEM32\drvstore.dll
0x00007ffa5bae0000 - 0x00007ffa5bb49000 	C:\Windows\System32\WINTRUST.dll
0x00007ffa54580000 - 0x00007ffa545bb000 	C:\Windows\SYSTEM32\dxcore.dll
0x00007ff9e4c40000 - 0x00007ff9e4f07000 	C:\Windows\system32\nvspcap64.dll
0x00007ffa5b060000 - 0x00007ffa5b0ab000 	C:\Windows\SYSTEM32\powrprof.dll
0x00007ffa5af20000 - 0x00007ffa5af32000 	C:\Windows\SYSTEM32\UMPDC.dll
0x00007ffa5a820000 - 0x00007ffa5a884000 	C:\Windows\SYSTEM32\WINSTA.dll
0x00007ffa420e0000 - 0x00007ffa421d9000 	C:\Windows\SYSTEM32\textinputframework.dll
0x00007ffa4b700000 - 0x00007ffa4b766000 	C:\Windows\system32\Oleacc.dll
0x00007ffa3c5b0000 - 0x00007ffa3c60d000 	C:\Users\heikk\AppData\Local\Temp\lwjgl_heikk\3.3.2-snapshot+7\x64\lwjgl_opengl.dll
0x00007ffa33d40000 - 0x00007ffa33ecf000 	C:\Program Files\Java\jdk-18.0.2\bin\awt.dll
0x00007ffa58e40000 - 0x00007ffa58ed1000 	C:\Windows\SYSTEM32\apphelp.dll

dbghelp: loaded successfully - version: 4.0.5 - missing functions: none
symbol engine: initialized successfully - sym options: 0x614 - pdb path: .;C:\Program Files\Java\jdk-18.0.2\bin;C:\Windows\SYSTEM32;C:\Windows\WinSxS\amd64_microsoft.windows.common-controls_6595b64144ccf1df_6.0.19041.1110_none_60b5254171f9507e;C:\Program Files\Java\jdk-18.0.2\bin\server;C:\Users\heikk\AppData\Local\Temp\lwjgl_heikk\3.3.2-snapshot+7\x64;C:\Windows\System32\DriverStore\FileRepository\nvle.inf_amd64_75fddface1fba2c4

VM Arguments:
jvm_args: -Dfile.encoding=UTF-8 -XX:+ShowCodeDetailsInExceptionMessages 
java_command: rpgrts.main
java_class_path (initial): C:\Users\heikk\Desktop\racismproject\rpgrts\bin;C:\Users\heikk\Desktop\racismproject\lwjgl\lib\lwjgl\lwjgl.jar;C:\Users\heikk\Desktop\racismproject\lwjgl\lib\lwjgl\lwjgl-javadoc.jar;C:\Users\heikk\Desktop\racismproject\lwjgl\lib\lwjgl-glfw\lwjgl-glfw.jar;C:\Users\heikk\Desktop\racismproject\lwjgl\lib\lwjgl-glfw\lwjgl-glfw-javadoc.jar;C:\Users\heikk\Desktop\racismproject\lwjgl\lib\lwjgl-glfw\lwjgl-glfw-natives-windows-x86.jar;C:\Users\heikk\Desktop\racismproject\lwjgl\lib\lwjgl\lwjgl-natives-windows.jar;C:\Users\heikk\Desktop\racismproject\lwjgl\lib\lwjgl-glfw\lwjgl-glfw-natives-windows.jar;C:\Users\heikk\Desktop\racismproject\lwjgl\lib\lwjgl-glfw\lwjgl-glfw-natives-windows-arm64.jar;C:\Users\heikk\Desktop\racismproject\lwjgl\lib\lwjgl-opengl\lwjgl-opengl.jar;C:\Users\heikk\Desktop\racismproject\lwjgl\lib\lwjgl-opengl\lwjgl-opengl-javadoc.jar;C:\Users\heikk\Desktop\racismproject\lwjgl\lib\lwjgl-opengl\lwjgl-opengl-natives-linux.jar;C:\Users\heikk\Desktop\racismproject\lwjgl\lib\lwjgl-opengl\lwjgl-opengl-natives-linux-arm32.jar;C:\Users\heikk\Desktop\racismproject\lwjgl\lib\lwjgl-opengl\lwjgl-opengl-natives-linux-arm64.jar;C:\Users\heikk\Desktop\racismproject\lwjgl\lib\lwjgl-opengl\lwjgl-opengl-natives-macos.jar;C:\Users\heikk\Desktop\racismproject\lwjgl\lib\lwjgl-opengl\lwjgl-opengl-natives-macos-arm64.jar;C:\Users\heikk\Desktop\racismproject\lwjgl\lib\lwjgl-opengl\lwjgl-opengl-natives-windows.jar;C:\Users\heikk\Desktop\racismproject\lwjgl\lib\lwjgl-opengl\lwjgl-opengl-natives-windows-arm64.jar;C:\Users\heikk\Desktop\racismproject\lwjgl\lib\lwjgl-opengl\lwjgl-opengl-natives-windows-x86.jar
Launcher Type: SUN_STANDARD

[Global flags]
     intx CICompilerCount                          = 12                                        {product} {ergonomic}
     uint ConcGCThreads                            = 3                                         {product} {ergonomic}
     uint G1ConcRefinementThreads                  = 13                                        {product} {ergonomic}
   size_t G1HeapRegionSize                         = 2097152                                   {product} {ergonomic}
    uintx GCDrainStackTargetSize                   = 64                                        {product} {ergonomic}
   size_t InitialHeapSize                          = 266338304                                 {product} {ergonomic}
   size_t MarkStackSize                            = 4194304                                   {product} {ergonomic}
   size_t MaxHeapSize                              = 4246732800                                {product} {ergonomic}
   size_t MaxNewSize                               = 2548039680                                {product} {ergonomic}
   size_t MinHeapDeltaBytes                        = 2097152                                   {product} {ergonomic}
   size_t MinHeapSize                              = 8388608                                   {product} {ergonomic}
    uintx NonNMethodCodeHeapSize                   = 7602480                                {pd product} {ergonomic}
    uintx NonProfiledCodeHeapSize                  = 122027880                              {pd product} {ergonomic}
    uintx ProfiledCodeHeapSize                     = 122027880                              {pd product} {ergonomic}
    uintx ReservedCodeCacheSize                    = 251658240                              {pd product} {ergonomic}
     bool SegmentedCodeCache                       = true                                      {product} {ergonomic}
     bool ShowCodeDetailsInExceptionMessages       = true                                   {manageable} {command line}
   size_t SoftMaxHeapSize                          = 4246732800                             {manageable} {ergonomic}
     bool UseCompressedClassPointers               = true                           {product lp64_product} {ergonomic}
     bool UseCompressedOops                        = true                           {product lp64_product} {ergonomic}
     bool UseG1GC                                  = true                                      {product} {ergonomic}
     bool UseLargePagesIndividualAllocation        = false                                  {pd product} {ergonomic}

Logging:
Log output configuration:
 #0: stdout all=warning uptime,level,tags foldmultilines=false
 #1: stderr all=off uptime,level,tags foldmultilines=false

Environment Variables:
JAVA_HOME=C:\Program Files\Java\jdk-18.0.2
PATH=C:\VulkanSDK\1.3.231.1\Bin;C:\Program Files\Oculus\Support\oculus-runtime;C:\Program Files\Common Files\Oracle\Java\javapath;C:\Program Files (x86)\Common Files\Oracle\Java\javapath;C:\Windows\system32;C:\Windows;C:\Windows\System32\Wbem;C:\Windows\System32\WindowsPowerShell\v1.0\;C:\Windows\System32\OpenSSH\;C:\Program Files (x86)\NVIDIA Corporation\PhysX\Common;C:\Program Files\NVIDIA Corporation\NVIDIA NvDLISR;C:\Program Files\dotnet\;C:\Program Files\CMake\bin;C:\MinGW\bin;C:\Program Files (x86)\Microsoft Visual Studio\2019\BuildTools\VC\Tools\MSVC\14.29.30133\bin;C:\Program Files (x86)\GnuWin32\bin;C:\Program Files\Java\jdk-17.0.1\bin;C:\Program Files\Git\cmd;C:\Program Files (x86)\Windows Kits\10\Windows Performance Toolkit\;C:\Users\heikk\AppData\Local\Microsoft\WindowsApps;C:\Users\heikk\.dotnet\tools;C:\Users\heikk\Desktop\waf-master;
USERNAME=heikk
OS=Windows_NT
PROCESSOR_IDENTIFIER=Intel64 Family 6 Model 165 Stepping 5, GenuineIntel



---------------  S Y S T E M  ---------------

OS:
 Windows 10 , 64 bit Build 19041 (10.0.19041.2364)
OS uptime: 0 days 0:39 hours

CPU: total 16 (initial active 16) (8 cores per cpu, 2 threads per core) family 6 model 165 stepping 5 microcode 0xe2, cx8, cmov, fxsr, ht, mmx, 3dnowpref, sse, sse2, sse3, ssse3, sse4.1, sse4.2, popcnt, lzcnt, tsc, tscinvbit, avx, avx2, aes, erms, clmul, bmi1, bmi2, adx, fma, vzeroupper, clflush, clflushopt

Memory: 4k page, system-wide physical 16194M (9496M free)
TotalPageFile size 22082M (AvailPageFile size 13042M)
current process WorkingSet (physical memory assigned to process): 74M, peak: 74M
current process commit charge ("private bytes"): 382M, peak: 382M

vm_info: Java HotSpot(TM) 64-Bit Server VM (18.0.2+9-61) for windows-amd64 JRE (18.0.2+9-61), built on Jun  7 2022 13:09:01 by "mach5one" with MS VC++ 16.8 / 16.9 (VS2019)

END.
