#
# A fatal error has been detected by the Java Runtime Environment:
#
#  EXCEPTION_ACCESS_VIOLATION (0xc0000005) at pc=0x0000022a7905fec4, pid=2816, tid=9328
#
# JRE version: Java(TM) SE Runtime Environment (18.0.2+9) (build 18.0.2+9-61)
# Java VM: Java HotSpot(TM) 64-Bit Server VM (18.0.2+9-61, mixed mode, sharing, tiered, compressed oops, compressed class ptrs, g1 gc, windows-amd64)
# Problematic frame:
# C  0x0000022a7905fec4
#
# No core dump will be written. Minidumps are not enabled by default on client versions of Windows
#
# If you would like to submit a bug report, please visit:
#   https://bugreport.java.com/bugreport/crash.jsp
# The crash happened outside the Java Virtual Machine in native code.
# See problematic frame for where to report the bug.
#

---------------  S U M M A R Y ------------

Command Line: -Dfile.encoding=UTF-8 -XX:+ShowCodeDetailsInExceptionMessages rpgrts.main.Main

Host: Intel(R) Core(TM) i7-10700K CPU @ 3.80GHz, 16 cores, 15G,  Windows 10 , 64 bit Build 19041 (10.0.19041.2364)
Time: Sun Feb  5 15:54:34 2023 FLE Standard Time elapsed time: 1.462192 seconds (0d 0h 0m 1s)

---------------  T H R E A D  ---------------

Current thread (0x0000022a48fc2160):  JavaThread "main" [_thread_in_native, id=9328, stack(0x00000045dab00000,0x00000045dac00000)]

Stack: [0x00000045dab00000,0x00000045dac00000],  sp=0x00000045dabfebb0,  free space=1018k
Native frames: (J=compiled Java code, j=interpreted, Vv=VM code, C=native code)
C  0x0000022a7905fec4

Java frames: (J=compiled Java code, j=interpreted, Vv=VM code)
J 855  org.lwjgl.opengl.GL11C.nglDrawElements(IIIJ)V (0 bytes) @ 0x0000022a59cb2576 [0x0000022a59cb2520+0x0000000000000056]
J 854 c1 org.lwjgl.opengl.GL11C.glDrawElements(IIIJ)V (8 bytes) @ 0x0000022a5295db6c [0x0000022a5295db20+0x000000000000004c]
J 853 c1 org.lwjgl.opengl.GL11.glDrawElements(IIIJ)V (8 bytes) @ 0x0000022a5295d7ec [0x0000022a5295d7a0+0x000000000000004c]
j  rpgrts.world.Chunk.render(Lrpgrts/GameInfo;)V+151
j  rpgrts.world.World.render(Lrpgrts/Camera;Lrpgrts/GameInfo;)V+27
j  rpgrts.Game.render()V+37
j  rpgrts.main.Main.<init>()V+260
j  rpgrts.main.Main.main([Ljava/lang/String;)V+3
v  ~StubRoutines::call_stub

siginfo: EXCEPTION_ACCESS_VIOLATION (0xc0000005), reading address 0x0000000000000020


Register to memory mapping:

RIP=0x0000022a7905fec4 points into unknown readable memory: 8b 3e 8b 6e
RAX=0x0000022a745ea980 points into unknown readable memory: 0x000000003f800000 | 00 00 80 3f 00 00 00 00
RBX=0x0000022a76440000 points into unknown readable memory: 0x0000022a72e5ecc0 | c0 ec e5 72 2a 02 00 00
RCX=0x0000000000000002 is an unknown value
RDX=0x0000022a73314104 points into unknown readable memory: 00 00 00 00
RSP=0x00000045dabfebb0 is pointing into the stack for thread: 0x0000022a48fc2160
RBP=0x0 is NULL
RSI=0x0000000000000020 is an unknown value
RDI=0x0000000000000020 is an unknown value
R8 =0x0000022a73314100 points into unknown readable memory: 0x0000000000000002 | 02 00 00 00 00 00 00 00
R9 =0x0000000000000006 is an unknown value
R10=0x0000022a764bf048 points into unknown readable memory: 0x0000000000000000 | 00 00 00 00 00 00 00 00
R11=0x0000022a73314118 points into unknown readable memory: 0x0000000000000000 | 00 00 00 00 00 00 00 00
R12=0x0000000000000090 is an unknown value
R13=0x0000022a745ea980 points into unknown readable memory: 0x000000003f800000 | 00 00 80 3f 00 00 00 00
R14=0x0 is NULL
R15=0x0000000000000006 is an unknown value


Registers:
RAX=0x0000022a745ea980, RBX=0x0000022a76440000, RCX=0x0000000000000002, RDX=0x0000022a73314104
RSP=0x00000045dabfebb0, RBP=0x0000000000000000, RSI=0x0000000000000020, RDI=0x0000000000000020
R8 =0x0000022a73314100, R9 =0x0000000000000006, R10=0x0000022a764bf048, R11=0x0000022a73314118
R12=0x0000000000000090, R13=0x0000022a745ea980, R14=0x0000000000000000, R15=0x0000000000000006
RIP=0x0000022a7905fec4, EFLAGS=0x0000000000010202

Top of Stack: (sp=0x00000045dabfebb0)
0x00000045dabfebb0:   0000022a00000006 0000022a7303b2a0
0x00000045dabfebc0:   0000022a76440000 0000000000000006
0x00000045dabfebd0:   0000000000000000 00007ffff664b265
0x00000045dabfebe0:   0000000000000090 0000000000000000
0x00000045dabfebf0:   0000022a76440000 0000000000000090
0x00000045dabfec00:   00000045dabfec90 00007ffff665e33e
0x00000045dabfec10:   0000000000000000 0000000000000000
0x00000045dabfec20:   0000022a00000000 0000022a745ea980
0x00000045dabfec30:   00007fff00000000 0000000000000000
0x00000045dabfec40:   0000022a73314100 0000022a72a91b18
0x00000045dabfec50:   0000000000000006 0000022a7905fe40
0x00000045dabfec60:   0000000000000000 0000000000000000
0x00000045dabfec70:   00007ffff665f670 0000022a7648c5f8
0x00000045dabfec80:   00000045dabfecc0 00000045dabfee00
0x00000045dabfec90:   0000000000000006 00000045dabfee00
0x00000045dabfeca0:   00000000e283cdd0 0000000000000000 

Instructions: (pc=0x0000022a7905fec4)
0x0000022a7905fdc4:   00 00 00 00 00 00 00 00 00 00 00 00 00 00 00 00
0x0000022a7905fdd4:   00 00 00 00 00 00 00 00 00 00 00 00 00 00 00 00
0x0000022a7905fde4:   00 00 00 00 00 00 00 00 00 00 00 00 00 00 00 00
0x0000022a7905fdf4:   00 00 00 00 00 00 00 00 00 00 00 00 00 00 00 00
0x0000022a7905fe04:   00 00 00 00 00 00 00 00 00 00 00 00 00 00 00 00
0x0000022a7905fe14:   00 00 00 00 00 00 00 00 00 00 00 00 00 00 00 00
0x0000022a7905fe24:   00 00 00 00 00 00 00 00 00 00 00 00 00 00 00 00
0x0000022a7905fe34:   00 00 00 00 00 ff ff ff 00 fe 00 00 48 83 ec 28
0x0000022a7905fe44:   48 89 6c 24 20 48 89 5c 24 18 48 89 74 24 10 48
0x0000022a7905fe54:   89 7c 24 08 48 8b d9 48 8b c2 49 8b e9 49 8b d0
0x0000022a7905fe64:   48 8d 2c aa 4c 8b dd 8b 0a 49 ba 48 f0 4b 76 2a
0x0000022a7905fe74:   02 00 00 41 03 0a 48 83 c2 04 48 be 28 8e 49 76
0x0000022a7905fe84:   2a 02 00 00 48 8b 36 48 8b b6 08 03 00 00 48 8b
0x0000022a7905fe94:   f9 48 c1 e7 04 48 03 f7 8b 3e 8b 6e 04 89 38 89
0x0000022a7905fea4:   68 04 48 be 28 8e 49 76 2a 02 00 00 48 8b 36 48
0x0000022a7905feb4:   8b b6 38 03 00 00 48 8b f9 48 c1 e7 04 48 03 f7
0x0000022a7905fec4:   8b 3e 8b 6e 04 89 78 08 89 68 0c 8b 7e 08 8b 6e
0x0000022a7905fed4:   0c 89 78 10 89 68 14 48 83 c0 18 49 3b d3 75 87
0x0000022a7905fee4:   48 8b 7c 24 08 48 8b 74 24 10 48 8b 5c 24 18 48
0x0000022a7905fef4:   8b 6c 24 20 48 83 c4 28 c3 00 00 00 00 00 00 00
0x0000022a7905ff04:   00 00 00 00 00 00 00 00 00 00 00 00 00 00 00 00
0x0000022a7905ff14:   00 00 00 00 00 00 00 00 00 00 00 00 00 00 00 00
0x0000022a7905ff24:   00 00 00 00 00 00 00 00 00 00 00 00 00 00 00 00
0x0000022a7905ff34:   00 00 00 00 80 ff ff ff 00 01 00 00 55 48 8b ec
0x0000022a7905ff44:   53 56 57 4c 8b da 4c 8b d1 49 8b f2 49 8b fb 41
0x0000022a7905ff54:   8b e8 85 ed 0f 84 30 00 00 00 b9 04 00 00 00 0f
0x0000022a7905ff64:   8f 05 00 00 00 48 f7 d9 f7 dd 8b 1e 48 03 f1 48
0x0000022a7905ff74:   83 c7 04 8b c3 81 e3 ff ff ff 00 81 e0 00 00 00
0x0000022a7905ff84:   ff 0b d8 ff cd 89 5f fc 75 e0 5f 5e 5b 5d c3 00
0x0000022a7905ff94:   00 00 00 00 00 00 00 00 00 00 00 00 00 00 00 00
0x0000022a7905ffa4:   00 00 00 00 00 00 00 00 00 00 00 00 00 00 00 00
0x0000022a7905ffb4:   00 00 00 00 c0 ff ff ff 80 00 00 00 48 b8 e0 96 


Stack slot to memory mapping:
stack at sp + 0 slots: 0x0000022a00000006 is an unknown value
stack at sp + 1 slots: 0x0000022a7303b2a0 points into unknown readable memory: 0x0000000000003000 | 00 30 00 00 00 00 00 00
stack at sp + 2 slots: 0x0000022a76440000 points into unknown readable memory: 0x0000022a72e5ecc0 | c0 ec e5 72 2a 02 00 00
stack at sp + 3 slots: 0x0000000000000006 is an unknown value
stack at sp + 4 slots: 0x0 is NULL
stack at sp + 5 slots: 0x00007ffff664b265 nvoglv64.dll
stack at sp + 6 slots: 0x0000000000000090 is an unknown value
stack at sp + 7 slots: 0x0 is NULL


Compiled method (n/a)    1488  855     n 0       org.lwjgl.opengl.GL11C::nglDrawElements (native)
 total in heap  [0x0000022a59cb2390,0x0000022a59cb2758] = 968
 relocation     [0x0000022a59cb24e8,0x0000022a59cb2518] = 48
 main code      [0x0000022a59cb2520,0x0000022a59cb2750] = 560
 oops           [0x0000022a59cb2750,0x0000022a59cb2758] = 8

[Constant Pool (empty)]

[MachCode]
[Entry Point]
  # {method} {0x0000022a6edbc3c0} 'nglDrawElements' '(IIIJ)V' in 'org/lwjgl/opengl/GL11C'
  # parm0:    rdx       = int
  # parm1:    r8        = int
  # parm2:    r9        = int
  # parm3:    rdi:rdi   = long
  #           [sp+0x80]  (sp of caller)
  0x0000022a59cb2520: 448b 5208 | 49bb 0000 | 0000 0800 | 0000 4d03 | d349 3bc2 | 0f84 0600 

  0x0000022a59cb2538: ;   {runtime_call ic_miss_stub}
  0x0000022a59cb2538: 0000 e941 | a546 f890 
[Verified Entry Point]
  0x0000022a59cb2540: 8984 2400 | 90ff ff55 | 488b ec48 | 83ec 7048 | 897c 2428 | 4c89 4c24 | 204d 8bc8 

  0x0000022a59cb255c: ;   {oop(a 'java/lang/Class'{0x0000000712069778} = 'org/lwjgl/opengl/GL11C')}
  0x0000022a59cb255c: 4c8b c249 | be78 9706 | 1207 0000 | 004c 8974 | 2460 4c8d | 7424 6049 | 8bd6 c5f8 

  0x0000022a59cb2578: ;   {internal_word}
  0x0000022a59cb2578: 7749 ba76 | 25cb 592a | 0200 004d | 8997 7802 | 0000 4989 | a770 0200 

  0x0000022a59cb2590: ;   {external_word}
  0x0000022a59cb2590: 0049 ba9d | 3c28 15f8 | 7f00 0041 | 803a 000f | 8452 0000 | 0052 4150 

  0x0000022a59cb25a8: ;   {metadata({method} {0x0000022a6edbc3c0} 'nglDrawElements' '(IIIJ)V' in 'org/lwjgl/opengl/GL11C')}
  0x0000022a59cb25a8: 4151 48ba | b8c3 db6e | 2a02 0000 | 498b cf48 | 83ec 20f7 | c40f 0000 | 000f 841a | 0000 0048 
  0x0000022a59cb25c8: ;   {runtime_call}
  0x0000022a59cb25c8: 83ec 0849 | ba90 d4e4 | 14f8 7f00 | 0041 ffd2 | 4883 c408 | e90d 0000 

  0x0000022a59cb25e0: ;   {runtime_call}
  0x0000022a59cb25e0: 0049 ba90 | d4e4 14f8 | 7f00 0041 | ffd2 4883 | c420 4159 | 4158 5a49 | 8d8f 9002 | 0000 41c7 
  0x0000022a59cb2600: 8730 0300 | 0004 0000 

  0x0000022a59cb2608: ;   {runtime_call}
  0x0000022a59cb2608: 0049 bad0 | c58e 64f8 | 7f00 0041 | ffd2 c5f8 | 7741 c787 | 3003 0000 | 0500 0000 | f083 4424 
  0x0000022a59cb2628: c000 493b | af38 0300 | 000f 8711 | 0000 0041 | 81bf 2003 | 0000 0000 | 0000 0f84 | 2400 0000 
  0x0000022a59cb2648: c5f8 7749 | 8bcf 4c8b | e448 83ec | 2048 83e4 

  0x0000022a59cb2658: ;   {runtime_call}
  0x0000022a59cb2658: f049 ba50 | 16ef 14f8 | 7f00 0041 | ffd2 498b | e44d 33e4 | 41c7 8730 | 0300 0008 | 0000 0041 
  0x0000022a59cb2678: 81bf a003 | 0000 0200 | 0000 0f84 | 9b00 0000 

  0x0000022a59cb2688: ;   {external_word}
  0x0000022a59cb2688: 49ba 9d3c | 2815 f87f | 0000 4180 | 3a00 0f84 | 4800 0000 

  0x0000022a59cb269c: ;   {metadata({method} {0x0000022a6edbc3c0} 'nglDrawElements' '(IIIJ)V' in 'org/lwjgl/opengl/GL11C')}
  0x0000022a59cb269c: 48ba b8c3 | db6e 2a02 | 0000 498b | cf48 83ec | 20f7 c40f | 0000 000f | 841a 0000 | 0048 83ec 
  0x0000022a59cb26bc: ;   {runtime_call}
  0x0000022a59cb26bc: 0849 ba90 | d4e4 14f8 | 7f00 0041 | ffd2 4883 | c408 e90d 

  0x0000022a59cb26d0: ;   {runtime_call}
  0x0000022a59cb26d0: 0000 0049 | ba90 d4e4 | 14f8 7f00 | 0041 ffd2 | 4883 c420 | 49c7 8770 | 0200 0000 | 0000 0049 
  0x0000022a59cb26f0: c787 7802 | 0000 0000 | 0000 c5f8 | 7749 8b8f | 0003 0000 | c781 0001 | 0000 0000 | 0000 c949 
  0x0000022a59cb2710: 817f 0800 | 0000 000f | 8501 0000 

  0x0000022a59cb271c: ;   {runtime_call StubRoutines (1)}
  0x0000022a59cb271c: 00c3 e9dd | e741 f8c5 | f877 4c8b | e448 83ec | 2048 83e4 

  0x0000022a59cb2730: ;   {runtime_call}
  0x0000022a59cb2730: f049 ba50 | 04e5 14f8 | 7f00 0041 | ffd2 498b | e44d 33e4 | e93f ffff | fff4 f4f4 | f4f4 f4f4 
[/MachCode]


Compiled method (c1)    1492  854       3       org.lwjgl.opengl.GL11C::glDrawElements (8 bytes)
 total in heap  [0x0000022a5295d990,0x0000022a5295dca8] = 792
 relocation     [0x0000022a5295dae8,0x0000022a5295db20] = 56
 main code      [0x0000022a5295db20,0x0000022a5295dbe0] = 192
 stub code      [0x0000022a5295dbe0,0x0000022a5295dc28] = 72
 oops           [0x0000022a5295dc28,0x0000022a5295dc30] = 8
 metadata       [0x0000022a5295dc30,0x0000022a5295dc38] = 8
 scopes data    [0x0000022a5295dc38,0x0000022a5295dc60] = 40
 scopes pcs     [0x0000022a5295dc60,0x0000022a5295dca0] = 64
 dependencies   [0x0000022a5295dca0,0x0000022a5295dca8] = 8

[Constant Pool (empty)]

[MachCode]
[Verified Entry Point]
  # {method} {0x0000022a6edbc4a0} 'glDrawElements' '(IIIJ)V' in 'org/lwjgl/opengl/GL11C'
  # parm0:    rdx       = int
  # parm1:    r8        = int
  # parm2:    r9        = int
  # parm3:    rdi:rdi   = long
  #           [sp+0x50]  (sp of caller)
  0x0000022a5295db20: 8984 2400 | 90ff ff55 | 4883 ec40 

  0x0000022a5295db2c: ;   {metadata(method data for {method} {0x0000022a6edbc4a0} 'glDrawElements' '(IIIJ)V' in 'org/lwjgl/opengl/GL11C')}
  0x0000022a5295db2c: 48be e032 | e36e 2a02 | 0000 8b9e | cc00 0000 | 83c3 0289 | 9ecc 0000 | 0081 e3fe | 0700 0083 
  0x0000022a5295db4c: fb00 0f84 | 2b00 0000 

  0x0000022a5295db54: ;   {metadata(method data for {method} {0x0000022a6edbc4a0} 'glDrawElements' '(IIIJ)V' in 'org/lwjgl/opengl/GL11C')}
  0x0000022a5295db54: 48be e032 | e36e 2a02 | 0000 4883 | 8610 0100 

  0x0000022a5295db64: ;   {static_call}
  0x0000022a5295db64: 0001 90e8 

  0x0000022a5295db68: ; ImmutableOopMap {}
                      ;*invokestatic nglDrawElements {reexecute=0 rethrow=0 return_oop=0}
                      ; - org.lwjgl.opengl.GL11C::glDrawElements@4 (line 543)
  0x0000022a5295db68: d449 3507 | 4883 c440 

  0x0000022a5295db70: ;   {poll_return}
  0x0000022a5295db70: 5d49 3ba7 | 3803 0000 | 0f87 1f00 

  0x0000022a5295db7c: ;   {metadata({method} {0x0000022a6edbc4a0} 'glDrawElements' '(IIIJ)V' in 'org/lwjgl/opengl/GL11C')}
  0x0000022a5295db7c: 0000 c349 | ba98 c4db | 6e2a 0200 | 004c 8954 | 2408 48c7 | 0424 ffff 

  0x0000022a5295db94: ;   {runtime_call counter_overflow Runtime1 stub}
  0x0000022a5295db94: ffff e865 

  0x0000022a5295db98: ; ImmutableOopMap {}
                      ;*synchronization entry
                      ; - org.lwjgl.opengl.GL11C::glDrawElements@-1 (line 543)
  0x0000022a5295db98: f986 ffeb 

  0x0000022a5295db9c: ;   {internal_word}
  0x0000022a5295db9c: b749 ba71 | db95 522a | 0200 004d | 8997 5003 

  0x0000022a5295dbac: ;   {runtime_call SafepointBlob}
  0x0000022a5295dbac: 0000 e94d | 587c ff90 | 9049 8b87 | c803 0000 | 49c7 87c8 | 0300 0000 | 0000 0049 | c787 d003 
  0x0000022a5295dbcc: 0000 0000 | 0000 4883 

  0x0000022a5295dbd4: ;   {runtime_call unwind_exception Runtime1 stub}
  0x0000022a5295dbd4: c440 5de9 | 2484 86ff | f4f4 f4f4 
[Stub Code]
  0x0000022a5295dbe0: ;   {no_reloc}
  0x0000022a5295dbe0: 0f1f 4400 

  0x0000022a5295dbe4: ;   {static_stub}
  0x0000022a5295dbe4: 0048 bb00 | 0000 0000 

  0x0000022a5295dbec: ;   {runtime_call}
  0x0000022a5295dbec: 0000 00e9 | fbff ffff 
[Exception Handler]
  0x0000022a5295dbf4: ;   {runtime_call handle_exception_from_callee Runtime1 stub}
  0x0000022a5295dbf4: e807 bd86 

  0x0000022a5295dbf8: ;   {external_word}
  0x0000022a5295dbf8: ff48 b928 | 3f04 15f8 | 7f00 0048 

  0x0000022a5295dc04: ;   {runtime_call}
  0x0000022a5295dc04: 83e4 f049 | ba80 e1d1 | 14f8 7f00 | 0041 ffd2 

  0x0000022a5295dc14: ;   {section_word}
  0x0000022a5295dc14: f449 ba15 | dc95 522a | 0200 0041 

  0x0000022a5295dc20: ;   {runtime_call DeoptimizationBlob}
  0x0000022a5295dc20: 52e9 7a4a | 7cff f4f4 
[/MachCode]


Compiled method (c1)    1494  853       3       org.lwjgl.opengl.GL11::glDrawElements (8 bytes)
 total in heap  [0x0000022a5295d610,0x0000022a5295d928] = 792
 relocation     [0x0000022a5295d768,0x0000022a5295d7a0] = 56
 main code      [0x0000022a5295d7a0,0x0000022a5295d860] = 192
 stub code      [0x0000022a5295d860,0x0000022a5295d8a8] = 72
 oops           [0x0000022a5295d8a8,0x0000022a5295d8b0] = 8
 metadata       [0x0000022a5295d8b0,0x0000022a5295d8b8] = 8
 scopes data    [0x0000022a5295d8b8,0x0000022a5295d8e0] = 40
 scopes pcs     [0x0000022a5295d8e0,0x0000022a5295d920] = 64
 dependencies   [0x0000022a5295d920,0x0000022a5295d928] = 8

[Constant Pool (empty)]

[MachCode]
[Verified Entry Point]
  # {method} {0x0000022a6ed88148} 'glDrawElements' '(IIIJ)V' in 'org/lwjgl/opengl/GL11'
  # parm0:    rdx       = int
  # parm1:    r8        = int
  # parm2:    r9        = int
  # parm3:    rdi:rdi   = long
  #           [sp+0x50]  (sp of caller)
  0x0000022a5295d7a0: 8984 2400 | 90ff ff55 | 4883 ec40 

  0x0000022a5295d7ac: ;   {metadata(method data for {method} {0x0000022a6ed88148} 'glDrawElements' '(IIIJ)V' in 'org/lwjgl/opengl/GL11')}
  0x0000022a5295d7ac: 48be 6031 | e36e 2a02 | 0000 8b9e | cc00 0000 | 83c3 0289 | 9ecc 0000 | 0081 e3fe | 0700 0083 
  0x0000022a5295d7cc: fb00 0f84 | 2b00 0000 

  0x0000022a5295d7d4: ;   {metadata(method data for {method} {0x0000022a6ed88148} 'glDrawElements' '(IIIJ)V' in 'org/lwjgl/opengl/GL11')}
  0x0000022a5295d7d4: 48be 6031 | e36e 2a02 | 0000 4883 | 8610 0100 

  0x0000022a5295d7e4: ;   {static_call}
  0x0000022a5295d7e4: 0001 90e8 

  0x0000022a5295d7e8: ; ImmutableOopMap {}
                      ;*invokestatic glDrawElements {reexecute=0 rethrow=0 return_oop=0}
                      ; - org.lwjgl.opengl.GL11::glDrawElements@4 (line 1870)
  0x0000022a5295d7e8: 3403 0000 | 4883 c440 

  0x0000022a5295d7f0: ;   {poll_return}
  0x0000022a5295d7f0: 5d49 3ba7 | 3803 0000 | 0f87 1f00 

  0x0000022a5295d7fc: ;   {metadata({method} {0x0000022a6ed88148} 'glDrawElements' '(IIIJ)V' in 'org/lwjgl/opengl/GL11')}
  0x0000022a5295d7fc: 0000 c349 | ba40 81d8 | 6e2a 0200 | 004c 8954 | 2408 48c7 | 0424 ffff 

  0x0000022a5295d814: ;   {runtime_call counter_overflow Runtime1 stub}
  0x0000022a5295d814: ffff e8e5 

  0x0000022a5295d818: ; ImmutableOopMap {}
                      ;*synchronization entry
                      ; - org.lwjgl.opengl.GL11::glDrawElements@-1 (line 1870)
  0x0000022a5295d818: fc86 ffeb 

  0x0000022a5295d81c: ;   {internal_word}
  0x0000022a5295d81c: b749 baf1 | d795 522a | 0200 004d | 8997 5003 

  0x0000022a5295d82c: ;   {runtime_call SafepointBlob}
  0x0000022a5295d82c: 0000 e9cd | 5b7c ff90 | 9049 8b87 | c803 0000 | 49c7 87c8 | 0300 0000 | 0000 0049 | c787 d003 
  0x0000022a5295d84c: 0000 0000 | 0000 4883 

  0x0000022a5295d854: ;   {runtime_call unwind_exception Runtime1 stub}
  0x0000022a5295d854: c440 5de9 | a487 86ff | f4f4 f4f4 
[Stub Code]
  0x0000022a5295d860: ;   {no_reloc}
  0x0000022a5295d860: 0f1f 4400 

  0x0000022a5295d864: ;   {static_stub}
  0x0000022a5295d864: 0048 bb00 | 0000 0000 

  0x0000022a5295d86c: ;   {runtime_call}
  0x0000022a5295d86c: 0000 00e9 | fbff ffff 
[Exception Handler]
  0x0000022a5295d874: ;   {runtime_call handle_exception_from_callee Runtime1 stub}
  0x0000022a5295d874: e887 c086 

  0x0000022a5295d878: ;   {external_word}
  0x0000022a5295d878: ff48 b928 | 3f04 15f8 | 7f00 0048 

  0x0000022a5295d884: ;   {runtime_call}
  0x0000022a5295d884: 83e4 f049 | ba80 e1d1 | 14f8 7f00 | 0041 ffd2 

  0x0000022a5295d894: ;   {section_word}
  0x0000022a5295d894: f449 ba95 | d895 522a | 0200 0041 

  0x0000022a5295d8a0: ;   {runtime_call DeoptimizationBlob}
  0x0000022a5295d8a0: 52e9 fa4d | 7cff f4f4 
[/MachCode]


---------------  P R O C E S S  ---------------

Threads class SMR info:
_java_thread_list=0x0000022a73227710, length=15, elements={
0x0000022a48fc2160, 0x0000022a6da658d0, 0x0000022a6da663b0, 0x0000022a6da82090,
0x0000022a6da82a30, 0x0000022a6da837e0, 0x0000022a6da842e0, 0x0000022a6da98c90,
0x0000022a6da99280, 0x0000022a6daab6a0, 0x0000022a729c6aa0, 0x0000022a729d6440,
0x0000022a729d6910, 0x0000022a733e4f70, 0x0000022a729d5aa0
}

Java Threads: ( => current thread )
=>0x0000022a48fc2160 JavaThread "main" [_thread_in_native, id=9328, stack(0x00000045dab00000,0x00000045dac00000)]
  0x0000022a6da658d0 JavaThread "Reference Handler" daemon [_thread_blocked, id=15940, stack(0x00000045db200000,0x00000045db300000)]
  0x0000022a6da663b0 JavaThread "Finalizer" daemon [_thread_blocked, id=1444, stack(0x00000045db300000,0x00000045db400000)]
  0x0000022a6da82090 JavaThread "Signal Dispatcher" daemon [_thread_blocked, id=19196, stack(0x00000045db400000,0x00000045db500000)]
  0x0000022a6da82a30 JavaThread "Attach Listener" daemon [_thread_blocked, id=8248, stack(0x00000045db500000,0x00000045db600000)]
  0x0000022a6da837e0 JavaThread "Service Thread" daemon [_thread_blocked, id=17476, stack(0x00000045db600000,0x00000045db700000)]
  0x0000022a6da842e0 JavaThread "Monitor Deflation Thread" daemon [_thread_blocked, id=10136, stack(0x00000045db700000,0x00000045db800000)]
  0x0000022a6da98c90 JavaThread "C2 CompilerThread0" daemon [_thread_blocked, id=16060, stack(0x00000045db800000,0x00000045db900000)]
  0x0000022a6da99280 JavaThread "C1 CompilerThread0" daemon [_thread_blocked, id=10876, stack(0x00000045db900000,0x00000045dba00000)]
  0x0000022a6daab6a0 JavaThread "Sweeper thread" daemon [_thread_blocked, id=14540, stack(0x00000045dba00000,0x00000045dbb00000)]
  0x0000022a729c6aa0 JavaThread "C1 CompilerThread1" daemon [_thread_blocked, id=15064, stack(0x00000045dbb00000,0x00000045dbc00000)]
  0x0000022a729d6440 JavaThread "Notification Thread" daemon [_thread_blocked, id=196, stack(0x00000045dbc00000,0x00000045dbd00000)]
  0x0000022a729d6910 JavaThread "Common-Cleaner" daemon [_thread_blocked, id=4760, stack(0x00000045dbe00000,0x00000045dbf00000)]
  0x0000022a733e4f70 JavaThread "C1 CompilerThread2" daemon [_thread_blocked, id=16624, stack(0x00000045dc500000,0x00000045dc600000)]
  0x0000022a729d5aa0 JavaThread "Java2D Disposer" daemon [_thread_blocked, id=17036, stack(0x00000045dc600000,0x00000045dc700000)]

Other Threads:
  0x0000022a6da62a30 VMThread "VM Thread" [stack: 0x00000045db100000,0x00000045db200000] [id=19048]
  0x0000022a729dca80 WatcherThread "VM Periodic Task Thread" [stack: 0x00000045dbd00000,0x00000045dbe00000] [id=16916]
  0x0000022a49034dc0 WorkerThread "GC Thread#0" [stack: 0x00000045dac00000,0x00000045dad00000] [id=11188]
  0x0000022a49084010 ConcurrentGCThread "G1 Main Marker" [stack: 0x00000045dad00000,0x00000045dae00000] [id=16004]
  0x0000022a49085a10 WorkerThread "G1 Conc#0" [stack: 0x00000045dae00000,0x00000045daf00000] [id=16824]
  0x0000022a6d921440 ConcurrentGCThread "G1 Refine#0" [stack: 0x00000045daf00000,0x00000045db000000] [id=9476]
  0x0000022a6d922b10 ConcurrentGCThread "G1 Service" [stack: 0x00000045db000000,0x00000045db100000] [id=16112]

Threads with active compile tasks:

VM state: not at safepoint (normal execution)

VM Mutex/Monitor currently owned by a thread: None

Heap address: 0x0000000702e00000, size: 4050 MB, Compressed Oops mode: Zero based, Oop shift amount: 3

CDS archive(s) mapped at: [0x0000000800000000-0x0000000800ba0000-0x0000000800ba0000), size 12189696, SharedBaseAddress: 0x0000000800000000, ArchiveRelocationMode: 0.
Compressed class space mapped at: 0x0000000800c00000-0x0000000840c00000, reserved size: 1073741824
Narrow klass base: 0x0000000800000000, Narrow klass shift: 0, Narrow klass range: 0x100000000

GC Precious Log:
 CardTable entry size: 512
 Card Set container configuration: InlinePtr #cards 4 size 8 Array Of Cards #cards 16 size 48 Howl #buckets 8 coarsen threshold 3686 Howl Bitmap #cards 512 size 80 coarsen threshold 460 Card regions per heap region 1 cards per card region 4096
 CPUs: 16 total, 16 available
 Memory: 16194M
 Large Page Support: Disabled
 NUMA Support: Disabled
 Compressed Oops: Enabled (Zero based)
 Heap Region Size: 2M
 Heap Min Capacity: 8M
 Heap Initial Capacity: 254M
 Heap Max Capacity: 4050M
 Pre-touch: Disabled
 Parallel Workers: 13
 Concurrent Workers: 3
 Concurrent Refinement Workers: 13
 Periodic GC: Disabled

Heap:
 garbage-first heap   total 260096K, used 14336K [0x0000000702e00000, 0x0000000800000000)
  region size 2048K, 8 young (16384K), 0 survivors (0K)
 Metaspace       used 5112K, committed 5312K, reserved 1114112K
  class space    used 332K, committed 448K, reserved 1048576K

Heap Regions: E=young(eden), S=young(survivor), O=old, HS=humongous(starts), HC=humongous(continues), CS=collection set, F=free, OA=open archive, CA=closed archive, TAMS=top-at-mark-start (previous, next)
|   0|0x0000000702e00000, 0x0000000702e00000, 0x0000000703000000|  0%| F|  |TAMS 0x0000000702e00000, 0x0000000702e00000| Untracked 
|   1|0x0000000703000000, 0x0000000703000000, 0x0000000703200000|  0%| F|  |TAMS 0x0000000703000000, 0x0000000703000000| Untracked 
|   2|0x0000000703200000, 0x0000000703200000, 0x0000000703400000|  0%| F|  |TAMS 0x0000000703200000, 0x0000000703200000| Untracked 
|   3|0x0000000703400000, 0x0000000703400000, 0x0000000703600000|  0%| F|  |TAMS 0x0000000703400000, 0x0000000703400000| Untracked 
|   4|0x0000000703600000, 0x0000000703600000, 0x0000000703800000|  0%| F|  |TAMS 0x0000000703600000, 0x0000000703600000| Untracked 
|   5|0x0000000703800000, 0x0000000703800000, 0x0000000703a00000|  0%| F|  |TAMS 0x0000000703800000, 0x0000000703800000| Untracked 
|   6|0x0000000703a00000, 0x0000000703a00000, 0x0000000703c00000|  0%| F|  |TAMS 0x0000000703a00000, 0x0000000703a00000| Untracked 
|   7|0x0000000703c00000, 0x0000000703c00000, 0x0000000703e00000|  0%| F|  |TAMS 0x0000000703c00000, 0x0000000703c00000| Untracked 
|   8|0x0000000703e00000, 0x0000000703e00000, 0x0000000704000000|  0%| F|  |TAMS 0x0000000703e00000, 0x0000000703e00000| Untracked 
|   9|0x0000000704000000, 0x0000000704000000, 0x0000000704200000|  0%| F|  |TAMS 0x0000000704000000, 0x0000000704000000| Untracked 
|  10|0x0000000704200000, 0x0000000704200000, 0x0000000704400000|  0%| F|  |TAMS 0x0000000704200000, 0x0000000704200000| Untracked 
|  11|0x0000000704400000, 0x0000000704400000, 0x0000000704600000|  0%| F|  |TAMS 0x0000000704400000, 0x0000000704400000| Untracked 
|  12|0x0000000704600000, 0x0000000704600000, 0x0000000704800000|  0%| F|  |TAMS 0x0000000704600000, 0x0000000704600000| Untracked 
|  13|0x0000000704800000, 0x0000000704800000, 0x0000000704a00000|  0%| F|  |TAMS 0x0000000704800000, 0x0000000704800000| Untracked 
|  14|0x0000000704a00000, 0x0000000704a00000, 0x0000000704c00000|  0%| F|  |TAMS 0x0000000704a00000, 0x0000000704a00000| Untracked 
|  15|0x0000000704c00000, 0x0000000704c00000, 0x0000000704e00000|  0%| F|  |TAMS 0x0000000704c00000, 0x0000000704c00000| Untracked 
|  16|0x0000000704e00000, 0x0000000704e00000, 0x0000000705000000|  0%| F|  |TAMS 0x0000000704e00000, 0x0000000704e00000| Untracked 
|  17|0x0000000705000000, 0x0000000705000000, 0x0000000705200000|  0%| F|  |TAMS 0x0000000705000000, 0x0000000705000000| Untracked 
|  18|0x0000000705200000, 0x0000000705200000, 0x0000000705400000|  0%| F|  |TAMS 0x0000000705200000, 0x0000000705200000| Untracked 
|  19|0x0000000705400000, 0x0000000705400000, 0x0000000705600000|  0%| F|  |TAMS 0x0000000705400000, 0x0000000705400000| Untracked 
|  20|0x0000000705600000, 0x0000000705600000, 0x0000000705800000|  0%| F|  |TAMS 0x0000000705600000, 0x0000000705600000| Untracked 
|  21|0x0000000705800000, 0x0000000705800000, 0x0000000705a00000|  0%| F|  |TAMS 0x0000000705800000, 0x0000000705800000| Untracked 
|  22|0x0000000705a00000, 0x0000000705a00000, 0x0000000705c00000|  0%| F|  |TAMS 0x0000000705a00000, 0x0000000705a00000| Untracked 
|  23|0x0000000705c00000, 0x0000000705c00000, 0x0000000705e00000|  0%| F|  |TAMS 0x0000000705c00000, 0x0000000705c00000| Untracked 
|  24|0x0000000705e00000, 0x0000000705e00000, 0x0000000706000000|  0%| F|  |TAMS 0x0000000705e00000, 0x0000000705e00000| Untracked 
|  25|0x0000000706000000, 0x0000000706000000, 0x0000000706200000|  0%| F|  |TAMS 0x0000000706000000, 0x0000000706000000| Untracked 
|  26|0x0000000706200000, 0x0000000706200000, 0x0000000706400000|  0%| F|  |TAMS 0x0000000706200000, 0x0000000706200000| Untracked 
|  27|0x0000000706400000, 0x0000000706400000, 0x0000000706600000|  0%| F|  |TAMS 0x0000000706400000, 0x0000000706400000| Untracked 
|  28|0x0000000706600000, 0x0000000706600000, 0x0000000706800000|  0%| F|  |TAMS 0x0000000706600000, 0x0000000706600000| Untracked 
|  29|0x0000000706800000, 0x0000000706800000, 0x0000000706a00000|  0%| F|  |TAMS 0x0000000706800000, 0x0000000706800000| Untracked 
|  30|0x0000000706a00000, 0x0000000706a00000, 0x0000000706c00000|  0%| F|  |TAMS 0x0000000706a00000, 0x0000000706a00000| Untracked 
|  31|0x0000000706c00000, 0x0000000706c00000, 0x0000000706e00000|  0%| F|  |TAMS 0x0000000706c00000, 0x0000000706c00000| Untracked 
|  32|0x0000000706e00000, 0x0000000706e00000, 0x0000000707000000|  0%| F|  |TAMS 0x0000000706e00000, 0x0000000706e00000| Untracked 
|  33|0x0000000707000000, 0x0000000707000000, 0x0000000707200000|  0%| F|  |TAMS 0x0000000707000000, 0x0000000707000000| Untracked 
|  34|0x0000000707200000, 0x0000000707200000, 0x0000000707400000|  0%| F|  |TAMS 0x0000000707200000, 0x0000000707200000| Untracked 
|  35|0x0000000707400000, 0x0000000707400000, 0x0000000707600000|  0%| F|  |TAMS 0x0000000707400000, 0x0000000707400000| Untracked 
|  36|0x0000000707600000, 0x0000000707600000, 0x0000000707800000|  0%| F|  |TAMS 0x0000000707600000, 0x0000000707600000| Untracked 
|  37|0x0000000707800000, 0x0000000707800000, 0x0000000707a00000|  0%| F|  |TAMS 0x0000000707800000, 0x0000000707800000| Untracked 
|  38|0x0000000707a00000, 0x0000000707a00000, 0x0000000707c00000|  0%| F|  |TAMS 0x0000000707a00000, 0x0000000707a00000| Untracked 
|  39|0x0000000707c00000, 0x0000000707c00000, 0x0000000707e00000|  0%| F|  |TAMS 0x0000000707c00000, 0x0000000707c00000| Untracked 
|  40|0x0000000707e00000, 0x0000000707e00000, 0x0000000708000000|  0%| F|  |TAMS 0x0000000707e00000, 0x0000000707e00000| Untracked 
|  41|0x0000000708000000, 0x0000000708000000, 0x0000000708200000|  0%| F|  |TAMS 0x0000000708000000, 0x0000000708000000| Untracked 
|  42|0x0000000708200000, 0x0000000708200000, 0x0000000708400000|  0%| F|  |TAMS 0x0000000708200000, 0x0000000708200000| Untracked 
|  43|0x0000000708400000, 0x0000000708400000, 0x0000000708600000|  0%| F|  |TAMS 0x0000000708400000, 0x0000000708400000| Untracked 
|  44|0x0000000708600000, 0x0000000708600000, 0x0000000708800000|  0%| F|  |TAMS 0x0000000708600000, 0x0000000708600000| Untracked 
|  45|0x0000000708800000, 0x0000000708800000, 0x0000000708a00000|  0%| F|  |TAMS 0x0000000708800000, 0x0000000708800000| Untracked 
|  46|0x0000000708a00000, 0x0000000708a00000, 0x0000000708c00000|  0%| F|  |TAMS 0x0000000708a00000, 0x0000000708a00000| Untracked 
|  47|0x0000000708c00000, 0x0000000708c00000, 0x0000000708e00000|  0%| F|  |TAMS 0x0000000708c00000, 0x0000000708c00000| Untracked 
|  48|0x0000000708e00000, 0x0000000708e00000, 0x0000000709000000|  0%| F|  |TAMS 0x0000000708e00000, 0x0000000708e00000| Untracked 
|  49|0x0000000709000000, 0x0000000709000000, 0x0000000709200000|  0%| F|  |TAMS 0x0000000709000000, 0x0000000709000000| Untracked 
|  50|0x0000000709200000, 0x0000000709200000, 0x0000000709400000|  0%| F|  |TAMS 0x0000000709200000, 0x0000000709200000| Untracked 
|  51|0x0000000709400000, 0x0000000709400000, 0x0000000709600000|  0%| F|  |TAMS 0x0000000709400000, 0x0000000709400000| Untracked 
|  52|0x0000000709600000, 0x0000000709600000, 0x0000000709800000|  0%| F|  |TAMS 0x0000000709600000, 0x0000000709600000| Untracked 
|  53|0x0000000709800000, 0x0000000709800000, 0x0000000709a00000|  0%| F|  |TAMS 0x0000000709800000, 0x0000000709800000| Untracked 
|  54|0x0000000709a00000, 0x0000000709a00000, 0x0000000709c00000|  0%| F|  |TAMS 0x0000000709a00000, 0x0000000709a00000| Untracked 
|  55|0x0000000709c00000, 0x0000000709c00000, 0x0000000709e00000|  0%| F|  |TAMS 0x0000000709c00000, 0x0000000709c00000| Untracked 
|  56|0x0000000709e00000, 0x0000000709e00000, 0x000000070a000000|  0%| F|  |TAMS 0x0000000709e00000, 0x0000000709e00000| Untracked 
|  57|0x000000070a000000, 0x000000070a000000, 0x000000070a200000|  0%| F|  |TAMS 0x000000070a000000, 0x000000070a000000| Untracked 
|  58|0x000000070a200000, 0x000000070a200000, 0x000000070a400000|  0%| F|  |TAMS 0x000000070a200000, 0x000000070a200000| Untracked 
|  59|0x000000070a400000, 0x000000070a400000, 0x000000070a600000|  0%| F|  |TAMS 0x000000070a400000, 0x000000070a400000| Untracked 
|  60|0x000000070a600000, 0x000000070a600000, 0x000000070a800000|  0%| F|  |TAMS 0x000000070a600000, 0x000000070a600000| Untracked 
|  61|0x000000070a800000, 0x000000070a800000, 0x000000070aa00000|  0%| F|  |TAMS 0x000000070a800000, 0x000000070a800000| Untracked 
|  62|0x000000070aa00000, 0x000000070aa00000, 0x000000070ac00000|  0%| F|  |TAMS 0x000000070aa00000, 0x000000070aa00000| Untracked 
|  63|0x000000070ac00000, 0x000000070ac00000, 0x000000070ae00000|  0%| F|  |TAMS 0x000000070ac00000, 0x000000070ac00000| Untracked 
|  64|0x000000070ae00000, 0x000000070ae00000, 0x000000070b000000|  0%| F|  |TAMS 0x000000070ae00000, 0x000000070ae00000| Untracked 
|  65|0x000000070b000000, 0x000000070b000000, 0x000000070b200000|  0%| F|  |TAMS 0x000000070b000000, 0x000000070b000000| Untracked 
|  66|0x000000070b200000, 0x000000070b200000, 0x000000070b400000|  0%| F|  |TAMS 0x000000070b200000, 0x000000070b200000| Untracked 
|  67|0x000000070b400000, 0x000000070b400000, 0x000000070b600000|  0%| F|  |TAMS 0x000000070b400000, 0x000000070b400000| Untracked 
|  68|0x000000070b600000, 0x000000070b600000, 0x000000070b800000|  0%| F|  |TAMS 0x000000070b600000, 0x000000070b600000| Untracked 
|  69|0x000000070b800000, 0x000000070b800000, 0x000000070ba00000|  0%| F|  |TAMS 0x000000070b800000, 0x000000070b800000| Untracked 
|  70|0x000000070ba00000, 0x000000070ba00000, 0x000000070bc00000|  0%| F|  |TAMS 0x000000070ba00000, 0x000000070ba00000| Untracked 
|  71|0x000000070bc00000, 0x000000070bc00000, 0x000000070be00000|  0%| F|  |TAMS 0x000000070bc00000, 0x000000070bc00000| Untracked 
|  72|0x000000070be00000, 0x000000070be00000, 0x000000070c000000|  0%| F|  |TAMS 0x000000070be00000, 0x000000070be00000| Untracked 
|  73|0x000000070c000000, 0x000000070c000000, 0x000000070c200000|  0%| F|  |TAMS 0x000000070c000000, 0x000000070c000000| Untracked 
|  74|0x000000070c200000, 0x000000070c200000, 0x000000070c400000|  0%| F|  |TAMS 0x000000070c200000, 0x000000070c200000| Untracked 
|  75|0x000000070c400000, 0x000000070c400000, 0x000000070c600000|  0%| F|  |TAMS 0x000000070c400000, 0x000000070c400000| Untracked 
|  76|0x000000070c600000, 0x000000070c600000, 0x000000070c800000|  0%| F|  |TAMS 0x000000070c600000, 0x000000070c600000| Untracked 
|  77|0x000000070c800000, 0x000000070c800000, 0x000000070ca00000|  0%| F|  |TAMS 0x000000070c800000, 0x000000070c800000| Untracked 
|  78|0x000000070ca00000, 0x000000070ca00000, 0x000000070cc00000|  0%| F|  |TAMS 0x000000070ca00000, 0x000000070ca00000| Untracked 
|  79|0x000000070cc00000, 0x000000070cc00000, 0x000000070ce00000|  0%| F|  |TAMS 0x000000070cc00000, 0x000000070cc00000| Untracked 
|  80|0x000000070ce00000, 0x000000070ce00000, 0x000000070d000000|  0%| F|  |TAMS 0x000000070ce00000, 0x000000070ce00000| Untracked 
|  81|0x000000070d000000, 0x000000070d000000, 0x000000070d200000|  0%| F|  |TAMS 0x000000070d000000, 0x000000070d000000| Untracked 
|  82|0x000000070d200000, 0x000000070d200000, 0x000000070d400000|  0%| F|  |TAMS 0x000000070d200000, 0x000000070d200000| Untracked 
|  83|0x000000070d400000, 0x000000070d400000, 0x000000070d600000|  0%| F|  |TAMS 0x000000070d400000, 0x000000070d400000| Untracked 
|  84|0x000000070d600000, 0x000000070d600000, 0x000000070d800000|  0%| F|  |TAMS 0x000000070d600000, 0x000000070d600000| Untracked 
|  85|0x000000070d800000, 0x000000070d800000, 0x000000070da00000|  0%| F|  |TAMS 0x000000070d800000, 0x000000070d800000| Untracked 
|  86|0x000000070da00000, 0x000000070da00000, 0x000000070dc00000|  0%| F|  |TAMS 0x000000070da00000, 0x000000070da00000| Untracked 
|  87|0x000000070dc00000, 0x000000070dc00000, 0x000000070de00000|  0%| F|  |TAMS 0x000000070dc00000, 0x000000070dc00000| Untracked 
|  88|0x000000070de00000, 0x000000070de00000, 0x000000070e000000|  0%| F|  |TAMS 0x000000070de00000, 0x000000070de00000| Untracked 
|  89|0x000000070e000000, 0x000000070e000000, 0x000000070e200000|  0%| F|  |TAMS 0x000000070e000000, 0x000000070e000000| Untracked 
|  90|0x000000070e200000, 0x000000070e200000, 0x000000070e400000|  0%| F|  |TAMS 0x000000070e200000, 0x000000070e200000| Untracked 
|  91|0x000000070e400000, 0x000000070e400000, 0x000000070e600000|  0%| F|  |TAMS 0x000000070e400000, 0x000000070e400000| Untracked 
|  92|0x000000070e600000, 0x000000070e600000, 0x000000070e800000|  0%| F|  |TAMS 0x000000070e600000, 0x000000070e600000| Untracked 
|  93|0x000000070e800000, 0x000000070e800000, 0x000000070ea00000|  0%| F|  |TAMS 0x000000070e800000, 0x000000070e800000| Untracked 
|  94|0x000000070ea00000, 0x000000070ea00000, 0x000000070ec00000|  0%| F|  |TAMS 0x000000070ea00000, 0x000000070ea00000| Untracked 
|  95|0x000000070ec00000, 0x000000070ec00000, 0x000000070ee00000|  0%| F|  |TAMS 0x000000070ec00000, 0x000000070ec00000| Untracked 
|  96|0x000000070ee00000, 0x000000070ee00000, 0x000000070f000000|  0%| F|  |TAMS 0x000000070ee00000, 0x000000070ee00000| Untracked 
|  97|0x000000070f000000, 0x000000070f000000, 0x000000070f200000|  0%| F|  |TAMS 0x000000070f000000, 0x000000070f000000| Untracked 
|  98|0x000000070f200000, 0x000000070f200000, 0x000000070f400000|  0%| F|  |TAMS 0x000000070f200000, 0x000000070f200000| Untracked 
|  99|0x000000070f400000, 0x000000070f400000, 0x000000070f600000|  0%| F|  |TAMS 0x000000070f400000, 0x000000070f400000| Untracked 
| 100|0x000000070f600000, 0x000000070f600000, 0x000000070f800000|  0%| F|  |TAMS 0x000000070f600000, 0x000000070f600000| Untracked 
| 101|0x000000070f800000, 0x000000070f800000, 0x000000070fa00000|  0%| F|  |TAMS 0x000000070f800000, 0x000000070f800000| Untracked 
| 102|0x000000070fa00000, 0x000000070fa00000, 0x000000070fc00000|  0%| F|  |TAMS 0x000000070fa00000, 0x000000070fa00000| Untracked 
| 103|0x000000070fc00000, 0x000000070fc00000, 0x000000070fe00000|  0%| F|  |TAMS 0x000000070fc00000, 0x000000070fc00000| Untracked 
| 104|0x000000070fe00000, 0x000000070fe00000, 0x0000000710000000|  0%| F|  |TAMS 0x000000070fe00000, 0x000000070fe00000| Untracked 
| 105|0x0000000710000000, 0x0000000710000000, 0x0000000710200000|  0%| F|  |TAMS 0x0000000710000000, 0x0000000710000000| Untracked 
| 106|0x0000000710200000, 0x0000000710200000, 0x0000000710400000|  0%| F|  |TAMS 0x0000000710200000, 0x0000000710200000| Untracked 
| 107|0x0000000710400000, 0x0000000710400000, 0x0000000710600000|  0%| F|  |TAMS 0x0000000710400000, 0x0000000710400000| Untracked 
| 108|0x0000000710600000, 0x0000000710600000, 0x0000000710800000|  0%| F|  |TAMS 0x0000000710600000, 0x0000000710600000| Untracked 
| 109|0x0000000710800000, 0x0000000710800000, 0x0000000710a00000|  0%| F|  |TAMS 0x0000000710800000, 0x0000000710800000| Untracked 
| 110|0x0000000710a00000, 0x0000000710a00000, 0x0000000710c00000|  0%| F|  |TAMS 0x0000000710a00000, 0x0000000710a00000| Untracked 
| 111|0x0000000710c00000, 0x0000000710c00000, 0x0000000710e00000|  0%| F|  |TAMS 0x0000000710c00000, 0x0000000710c00000| Untracked 
| 112|0x0000000710e00000, 0x0000000710e00000, 0x0000000711000000|  0%| F|  |TAMS 0x0000000710e00000, 0x0000000710e00000| Untracked 
| 113|0x0000000711000000, 0x0000000711000000, 0x0000000711200000|  0%| F|  |TAMS 0x0000000711000000, 0x0000000711000000| Untracked 
| 114|0x0000000711200000, 0x0000000711200000, 0x0000000711400000|  0%| F|  |TAMS 0x0000000711200000, 0x0000000711200000| Untracked 
| 115|0x0000000711400000, 0x0000000711400000, 0x0000000711600000|  0%| F|  |TAMS 0x0000000711400000, 0x0000000711400000| Untracked 
| 116|0x0000000711600000, 0x0000000711600000, 0x0000000711800000|  0%| F|  |TAMS 0x0000000711600000, 0x0000000711600000| Untracked 
| 117|0x0000000711800000, 0x0000000711800000, 0x0000000711a00000|  0%| F|  |TAMS 0x0000000711800000, 0x0000000711800000| Untracked 
| 118|0x0000000711a00000, 0x0000000711a00000, 0x0000000711c00000|  0%| F|  |TAMS 0x0000000711a00000, 0x0000000711a00000| Untracked 
| 119|0x0000000711c00000, 0x0000000711dcc6d8, 0x0000000711e00000| 89%| E|  |TAMS 0x0000000711c00000, 0x0000000711c00000| Complete 
| 120|0x0000000711e00000, 0x0000000712000000, 0x0000000712000000|100%| E|CS|TAMS 0x0000000711e00000, 0x0000000711e00000| Complete 
| 121|0x0000000712000000, 0x0000000712200000, 0x0000000712200000|100%| E|CS|TAMS 0x0000000712000000, 0x0000000712000000| Complete 
| 122|0x0000000712200000, 0x0000000712400000, 0x0000000712400000|100%| E|CS|TAMS 0x0000000712200000, 0x0000000712200000| Complete 
| 123|0x0000000712400000, 0x0000000712600000, 0x0000000712600000|100%| E|CS|TAMS 0x0000000712400000, 0x0000000712400000| Complete 
| 124|0x0000000712600000, 0x0000000712800000, 0x0000000712800000|100%| E|CS|TAMS 0x0000000712600000, 0x0000000712600000| Complete 
| 125|0x0000000712800000, 0x0000000712a00000, 0x0000000712a00000|100%| E|CS|TAMS 0x0000000712800000, 0x0000000712800000| Complete 
| 126|0x0000000712a00000, 0x0000000712c00000, 0x0000000712c00000|100%| E|CS|TAMS 0x0000000712a00000, 0x0000000712a00000| Complete 

Card table byte_map: [0x0000022a62890000,0x0000022a63080000] _byte_map_base: 0x0000022a5f079000

Marking Bits (Prev, Next): (CMBitMap*) 0x0000022a490353c0, (CMBitMap*) 0x0000022a49035400
 Prev Bits: [0x0000022a63870000, 0x0000022a677b8000)
 Next Bits: [0x0000022a677c0000, 0x0000022a6b708000)

Polling page: 0x0000022a520b0000

Metaspace:

Usage:
  Non-class:      4.67 MB used.
      Class:    332.59 KB used.
       Both:      4.99 MB used.

Virtual space:
  Non-class space:       64.00 MB reserved,       4.75 MB (  7%) committed,  1 nodes.
      Class space:        1.00 GB reserved,     448.00 KB ( <1%) committed,  1 nodes.
             Both:        1.06 GB reserved,       5.19 MB ( <1%) committed. 

Chunk freelists:
   Non-Class:  1.77 MB
       Class:  3.60 MB
        Both:  5.37 MB

MaxMetaspaceSize: unlimited
CompressedClassSpaceSize: 1.00 GB
Initial GC threshold: 21.00 MB
Current GC threshold: 21.00 MB
CDS: on
MetaspaceReclaimPolicy: balanced
 - commit_granule_bytes: 65536.
 - commit_granule_words: 8192.
 - virtual_space_node_default_size: 8388608.
 - enlarge_chunks_in_place: 1.
 - new_chunks_are_fully_committed: 0.
 - uncommit_free_chunks: 1.
 - use_allocation_guard: 0.


Internal statistics:

num_allocs_failed_limit: 0.
num_arena_births: 118.
num_arena_deaths: 0.
num_vsnodes_births: 2.
num_vsnodes_deaths: 0.
num_space_committed: 81.
num_space_uncommitted: 0.
num_chunks_returned_to_freelist: 0.
num_chunks_taken_from_freelist: 226.
num_chunk_merges: 0.
num_chunk_splits: 145.
num_chunks_enlarged: 94.
num_inconsistent_stats: 0.

CodeHeap 'non-profiled nmethods': size=119168Kb used=270Kb max_used=270Kb free=118897Kb
 bounds [0x0000022a59c70000, 0x0000022a59ee0000, 0x0000022a610d0000]
CodeHeap 'profiled nmethods': size=119104Kb used=1281Kb max_used=1281Kb free=117822Kb
 bounds [0x0000022a52820000, 0x0000022a52a90000, 0x0000022a59c70000]
CodeHeap 'non-nmethods': size=7488Kb used=2743Kb max_used=2764Kb free=4744Kb
 bounds [0x0000022a520d0000, 0x0000022a52390000, 0x0000022a52820000]
 total_blobs=1904 nmethods=863 adapters=952
 compilation: enabled
              stopped_count=0, restarted_count=0
 full_count=0

Compilation events (20 events):
Event: 1.366 Thread 0x0000022a729c6aa0 nmethod 851 0x0000022a5295d290 code [0x0000022a5295d420, 0x0000022a5295d528]
Event: 1.382 Thread 0x0000022a729c6aa0  853       3       org.lwjgl.opengl.GL11::glDrawElements (8 bytes)
Event: 1.382 Thread 0x0000022a733e4f70  854       3       org.lwjgl.opengl.GL11C::glDrawElements (8 bytes)
Event: 1.383 Thread 0x0000022a729c6aa0 nmethod 853 0x0000022a5295d610 code [0x0000022a5295d7a0, 0x0000022a5295d8a8]
Event: 1.383 Thread 0x0000022a733e4f70 nmethod 854 0x0000022a5295d990 code [0x0000022a5295db20, 0x0000022a5295dc28]
Event: 1.420 Thread 0x0000022a6da98c90  856       4       java.lang.StringLatin1::newString (24 bytes)
Event: 1.422 Thread 0x0000022a6da98c90 nmethod 856 0x0000022a59cb2790 code [0x0000022a59cb2920, 0x0000022a59cb2d98]
Event: 1.422 Thread 0x0000022a6da98c90  857       4       java.lang.AbstractStringBuilder::append (45 bytes)
Event: 1.422 Thread 0x0000022a729c6aa0  858       3       rpgrts.world.World::createChunk (25 bytes)
Event: 1.422 Thread 0x0000022a6da99280  859       3       rpgrts.world.Chunk::<init> (25 bytes)
Event: 1.422 Thread 0x0000022a733e4f70  860       3       rpgrts.world.World::replaceChunk (10 bytes)
Event: 1.422 Thread 0x0000022a733e4f70 nmethod 860 0x0000022a5295dd10 code [0x0000022a5295dec0, 0x0000022a5295e1b8]
Event: 1.422 Thread 0x0000022a6da99280 nmethod 859 0x0000022a5295e310 code [0x0000022a5295e4c0, 0x0000022a5295e6b8]
Event: 1.422 Thread 0x0000022a733e4f70  861       3       rpgrts.world.Chunk::setTile (10 bytes)
Event: 1.422 Thread 0x0000022a729c6aa0 nmethod 858 0x0000022a5295e790 code [0x0000022a5295e960, 0x0000022a5295ee98]
Event: 1.422 Thread 0x0000022a733e4f70 nmethod 861 0x0000022a5295f110 code [0x0000022a5295f2a0, 0x0000022a5295f418]
Event: 1.423 Thread 0x0000022a729c6aa0  862       3       java.lang.String::indexOf (18 bytes)
Event: 1.423 Thread 0x0000022a6da99280  863       3       java.lang.String::indexOf (113 bytes)
Event: 1.423 Thread 0x0000022a729c6aa0 nmethod 862 0x0000022a5295f590 code [0x0000022a5295f760, 0x0000022a5295fa28]
Event: 1.423 Thread 0x0000022a6da99280 nmethod 863 0x0000022a5295fb90 code [0x0000022a5295fdc0, 0x0000022a529603e8]

GC Heap History (0 events):
No events

Deoptimization events (20 events):
Event: 0.343 Thread 0x0000022a48fc2160 DEOPT PACKING pc=0x0000022a5292ef43 sp=0x00000045dabfec50
Event: 0.343 Thread 0x0000022a48fc2160 DEOPT UNPACKING pc=0x0000022a52122b43 sp=0x00000045dabfe0e0 mode 0
Event: 0.343 Thread 0x0000022a48fc2160 DEOPT PACKING pc=0x0000022a5292ef43 sp=0x00000045dabfec50
Event: 0.343 Thread 0x0000022a48fc2160 DEOPT UNPACKING pc=0x0000022a52122b43 sp=0x00000045dabfe0e0 mode 0
Event: 0.343 Thread 0x0000022a48fc2160 DEOPT PACKING pc=0x0000022a5292ef43 sp=0x00000045dabfec50
Event: 0.343 Thread 0x0000022a48fc2160 DEOPT UNPACKING pc=0x0000022a52122b43 sp=0x00000045dabfe0e0 mode 0
Event: 0.343 Thread 0x0000022a48fc2160 DEOPT PACKING pc=0x0000022a5292ef43 sp=0x00000045dabfec50
Event: 0.343 Thread 0x0000022a48fc2160 DEOPT UNPACKING pc=0x0000022a52122b43 sp=0x00000045dabfe0e0 mode 0
Event: 0.343 Thread 0x0000022a48fc2160 DEOPT PACKING pc=0x0000022a5292ef43 sp=0x00000045dabfec50
Event: 0.343 Thread 0x0000022a48fc2160 DEOPT UNPACKING pc=0x0000022a52122b43 sp=0x00000045dabfe0e0 mode 0
Event: 0.343 Thread 0x0000022a48fc2160 DEOPT PACKING pc=0x0000022a5292ef43 sp=0x00000045dabfec50
Event: 0.343 Thread 0x0000022a48fc2160 DEOPT UNPACKING pc=0x0000022a52122b43 sp=0x00000045dabfe0e0 mode 0
Event: 0.343 Thread 0x0000022a48fc2160 DEOPT PACKING pc=0x0000022a5292ef43 sp=0x00000045dabfec50
Event: 0.343 Thread 0x0000022a48fc2160 DEOPT UNPACKING pc=0x0000022a52122b43 sp=0x00000045dabfe0e0 mode 0
Event: 0.343 Thread 0x0000022a48fc2160 DEOPT PACKING pc=0x0000022a5292c570 sp=0x00000045dabfea10
Event: 0.343 Thread 0x0000022a48fc2160 DEOPT UNPACKING pc=0x0000022a52122b43 sp=0x00000045dabfdee8 mode 0
Event: 0.343 Thread 0x0000022a48fc2160 DEOPT PACKING pc=0x0000022a5292ef43 sp=0x00000045dabfec50
Event: 0.344 Thread 0x0000022a48fc2160 DEOPT UNPACKING pc=0x0000022a52122b43 sp=0x00000045dabfe0e0 mode 0
Event: 0.344 Thread 0x0000022a48fc2160 DEOPT PACKING pc=0x0000022a5292c570 sp=0x00000045dabfea10
Event: 0.344 Thread 0x0000022a48fc2160 DEOPT UNPACKING pc=0x0000022a52122b43 sp=0x00000045dabfdee8 mode 0

Classes loaded (20 events):
Event: 0.309 Loading class java/awt/Image done
Event: 0.309 Loading class java/awt/image/BufferedImage done
Event: 0.309 Loading class java/awt/ImageCapabilities
Event: 0.309 Loading class java/awt/ImageCapabilities done
Event: 0.309 Loading class java/awt/Image$1
Event: 0.309 Loading class sun/awt/image/SurfaceManager$ImageAccessor
Event: 0.309 Loading class sun/awt/image/SurfaceManager$ImageAccessor done
Event: 0.309 Loading class java/awt/Image$1 done
Event: 0.309 Loading class sun/awt/image/SurfaceManager
Event: 0.309 Loading class sun/awt/image/SurfaceManager done
Event: 0.309 Loading class java/awt/image/BufferedImage$1
Event: 0.309 Loading class java/awt/image/BufferedImage$1 done
Event: 0.309 Loading class sun/awt/image/IntegerComponentRaster
Event: 0.310 Loading class sun/awt/image/IntegerComponentRaster done
Event: 0.310 Loading class java/awt/image/IndexColorModel
Event: 0.310 Loading class java/awt/image/IndexColorModel done
Event: 0.310 Loading class sun/awt/image/ShortComponentRaster
Event: 0.310 Loading class sun/awt/image/ShortComponentRaster done
Event: 0.310 Loading class com/sun/imageio/plugins/common/ReaderUtil
Event: 0.310 Loading class com/sun/imageio/plugins/common/ReaderUtil done

Classes unloaded (0 events):
No events

Classes redefined (0 events):
No events

Internal exceptions (20 events):
Event: 0.091 Thread 0x0000022a48fc2160 Exception <a 'sun/nio/fs/WindowsException'{0x00000007129e9898}> (0x00000007129e9898) 
thrown [s\open\src\hotspot\share\prims\jni.cpp, line 516]
Event: 0.092 Thread 0x0000022a48fc2160 Exception <a 'sun/nio/fs/WindowsException'{0x00000007129e9e18}> (0x00000007129e9e18) 
thrown [s\open\src\hotspot\share\prims\jni.cpp, line 516]
Event: 0.102 Thread 0x0000022a48fc2160 Exception <a 'sun/nio/fs/WindowsException'{0x000000071264b500}> (0x000000071264b500) 
thrown [s\open\src\hotspot\share\prims\jni.cpp, line 516]
Event: 0.102 Thread 0x0000022a48fc2160 Exception <a 'sun/nio/fs/WindowsException'{0x000000071264b890}> (0x000000071264b890) 
thrown [s\open\src\hotspot\share\prims\jni.cpp, line 516]
Event: 0.105 Thread 0x0000022a48fc2160 Exception <a 'java/lang/NoSuchMethodError'{0x000000071267d398}: 'java.lang.Object java.lang.invoke.DirectMethodHandle$Holder.invokeStaticInit(java.lang.Object)'> (0x000000071267d398) 
thrown [s\open\src\hotspot\share\interpreter\linkResolver.cpp, line 759]
Event: 0.108 Thread 0x0000022a48fc2160 Exception <a 'java/lang/NoSuchMethodError'{0x000000071269ddd8}: 'int java.lang.invoke.DirectMethodHandle$Holder.invokeStaticInit(java.lang.Object, java.lang.Object, int, long)'> (0x000000071269ddd8) 
thrown [s\open\src\hotspot\share\interpreter\linkResolver.cpp, line 759]
Event: 0.108 Thread 0x0000022a48fc2160 Exception <a 'java/lang/NoSuchMethodError'{0x00000007126a36a0}: 'java.lang.Object java.lang.invoke.DirectMethodHandle$Holder.newInvokeSpecial(java.lang.Object, java.lang.Object, int)'> (0x00000007126a36a0) 
thrown [s\open\src\hotspot\share\interpreter\linkResolver.cpp, line 759]
Event: 0.109 Thread 0x0000022a48fc2160 Exception <a 'java/lang/NoSuchMethodError'{0x00000007126b1fe8}: 'int java.lang.invoke.DirectMethodHandle$Holder.invokeStaticInit(java.lang.Object, java.lang.Object, long, long)'> (0x00000007126b1fe8) 
thrown [s\open\src\hotspot\share\interpreter\linkResolver.cpp, line 759]
Event: 0.109 Thread 0x0000022a48fc2160 Exception <a 'java/lang/NoSuchMethodError'{0x00000007126b80f8}: 'java.lang.Object java.lang.invoke.DirectMethodHandle$Holder.newInvokeSpecial(java.lang.Object, java.lang.Object, long)'> (0x00000007126b80f8) 
thrown [s\open\src\hotspot\share\interpreter\linkResolver.cpp, line 759]
Event: 0.110 Thread 0x0000022a48fc2160 Exception <a 'java/lang/NoSuchMethodError'{0x00000007126bc3f8}: 'java.lang.Object java.lang.invoke.Invokers$Holder.linkToTargetMethod(java.lang.Object, long, java.lang.Object)'> (0x00000007126bc3f8) 
thrown [s\open\src\hotspot\share\interpreter\linkResolver.cpp, line 759]
Event: 0.110 Thread 0x0000022a48fc2160 Exception <a 'java/lang/NoSuchMethodError'{0x00000007126c39a0}: 'int java.lang.invoke.DirectMethodHandle$Holder.invokeStaticInit(java.lang.Object, java.lang.Object, java.lang.Object, long)'> (0x00000007126c39a0) 
thrown [s\open\src\hotspot\share\interpreter\linkResolver.cpp, line 759]
Event: 0.246 Thread 0x0000022a48fc2160 Exception <a 'java/lang/NoSuchMethodError'{0x000000071278cb70}: 'void java.lang.System.load(java.lang.String, java.lang.Class)'> (0x000000071278cb70) 
thrown [s\open\src\hotspot\share\interpreter\linkResolver.cpp, line 759]
Event: 0.247 Thread 0x0000022a48fc2160 Exception <a 'java/lang/NoSuchMethodError'{0x000000071278fa00}: 'void java.lang.System.loadLibrary(java.lang.String, java.lang.Class)'> (0x000000071278fa00) 
thrown [s\open\src\hotspot\share\interpreter\linkResolver.cpp, line 759]
Event: 0.250 Thread 0x0000022a48fc2160 Exception <a 'sun/nio/fs/WindowsException'{0x000000071279f958}> (0x000000071279f958) 
thrown [s\open\src\hotspot\share\prims\jni.cpp, line 516]
Event: 0.250 Thread 0x0000022a48fc2160 Exception <a 'sun/nio/fs/WindowsException'{0x000000071279fd30}> (0x000000071279fd30) 
thrown [s\open\src\hotspot\share\prims\jni.cpp, line 516]
Event: 0.252 Thread 0x0000022a48fc2160 Exception <a 'sun/nio/fs/WindowsException'{0x00000007127a5460}> (0x00000007127a5460) 
thrown [s\open\src\hotspot\share\prims\jni.cpp, line 516]
Event: 0.252 Thread 0x0000022a48fc2160 Exception <a 'sun/nio/fs/WindowsException'{0x00000007127a5770}> (0x00000007127a5770) 
thrown [s\open\src\hotspot\share\prims\jni.cpp, line 516]
Event: 0.285 Thread 0x0000022a48fc2160 Exception <a 'java/lang/ClassNotFoundException'{0x00000007124b8c88}: sun/awt/resources/spi/awtProvider> (0x00000007124b8c88) 
thrown [s\open\src\hotspot\share\classfile\systemDictionary.cpp, line 255]
Event: 0.294 Thread 0x0000022a48fc2160 Exception <a 'java/io/FileNotFoundException'{0x0000000712507dd0}> (0x0000000712507dd0) 
thrown [s\open\src\hotspot\share\prims\jni.cpp, line 516]
Event: 0.297 Thread 0x0000022a48fc2160 Exception <a 'java/io/FileNotFoundException'{0x0000000712534de0}> (0x0000000712534de0) 
thrown [s\open\src\hotspot\share\prims\jni.cpp, line 516]

VM Operations (6 events):
Event: 0.041 Executing VM operation: HandshakeAllThreads
Event: 0.041 Executing VM operation: HandshakeAllThreads done
Event: 0.282 Executing VM operation: HandshakeAllThreads
Event: 0.282 Executing VM operation: HandshakeAllThreads done
Event: 1.291 Executing VM operation: Cleanup
Event: 1.292 Executing VM operation: Cleanup done

Events (20 events):
Event: 0.018 Thread 0x0000022a6da99280 Thread added: 0x0000022a6da99280
Event: 0.018 Thread 0x0000022a6daab6a0 Thread added: 0x0000022a6daab6a0
Event: 0.031 Thread 0x0000022a729c6aa0 Thread added: 0x0000022a729c6aa0
Event: 0.032 Thread 0x0000022a729d6440 Thread added: 0x0000022a729d6440
Event: 0.034 Thread 0x0000022a729d6910 Thread added: 0x0000022a729d6910
Event: 0.038 Loaded shared library C:\Program Files\Java\jdk-18.0.2\bin\net.dll
Event: 0.039 Loaded shared library C:\Program Files\Java\jdk-18.0.2\bin\nio.dll
Event: 0.041 Loaded shared library C:\Program Files\Java\jdk-18.0.2\bin\zip.dll
Event: 0.056 Loaded shared library C:\Program Files\Java\jdk-18.0.2\bin\jimage.dll
Event: 0.093 Loaded shared library C:\Users\heikk\AppData\Local\Temp\lwjgl_heikk\3.3.2-snapshot+7\x64\lwjgl.dll
Event: 0.251 Loaded shared library C:\Users\heikk\AppData\Local\Temp\lwjgl_heikk\3.3.2-snapshot+7\x64\lwjgl_opengl.dll
Event: 0.255 Thread 0x0000022a73338a10 Thread added: 0x0000022a73338a10
Event: 0.269 Thread 0x0000022a733e4f70 Thread added: 0x0000022a733e4f70
Event: 0.290 Loaded shared library C:\Program Files\Java\jdk-18.0.2\bin\awt.dll
Event: 0.305 Thread 0x0000022a729d5aa0 Thread added: 0x0000022a729d5aa0
Event: 0.322 Thread 0x0000022a7341a9a0 Thread added: 0x0000022a7341a9a0
Event: 0.322 Thread 0x0000022a73406280 Thread added: 0x0000022a73406280
Event: 0.648 Thread 0x0000022a73406280 Thread exited: 0x0000022a73406280
Event: 0.648 Thread 0x0000022a7341a9a0 Thread exited: 0x0000022a7341a9a0
Event: 1.015 Thread 0x0000022a73338a10 Thread exited: 0x0000022a73338a10


Dynamic libraries:
0x00007ff7e3fc0000 - 0x00007ff7e3fd0000 	C:\Program Files\Java\jdk-18.0.2\bin\javaw.exe
0x00007ff886550000 - 0x00007ff886748000 	C:\Windows\SYSTEM32\ntdll.dll
0x00007ff885c80000 - 0x00007ff885d3f000 	C:\Windows\System32\KERNEL32.DLL
0x00007ff883c40000 - 0x00007ff883f12000 	C:\Windows\System32\KERNELBASE.dll
0x00007ff884490000 - 0x00007ff884590000 	C:\Windows\System32\ucrtbase.dll
0x00007ff864720000 - 0x00007ff86473a000 	C:\Program Files\Java\jdk-18.0.2\bin\VCRUNTIME140.dll
0x00007ff864700000 - 0x00007ff864718000 	C:\Program Files\Java\jdk-18.0.2\bin\jli.dll
0x00007ff885b30000 - 0x00007ff885bde000 	C:\Windows\System32\ADVAPI32.dll
0x00007ff884810000 - 0x00007ff8848ae000 	C:\Windows\System32\msvcrt.dll
0x00007ff885be0000 - 0x00007ff885c7c000 	C:\Windows\System32\sechost.dll
0x00007ff884c70000 - 0x00007ff884d95000 	C:\Windows\System32\RPCRT4.dll
0x00007ff884ac0000 - 0x00007ff884c61000 	C:\Windows\System32\USER32.dll
0x00007ff884460000 - 0x00007ff884482000 	C:\Windows\System32\win32u.dll
0x00007ff873a30000 - 0x00007ff873cca000 	C:\Windows\WinSxS\amd64_microsoft.windows.common-controls_6595b64144ccf1df_6.0.19041.1110_none_60b5254171f9507e\COMCTL32.dll
0x00007ff8849e0000 - 0x00007ff884a0b000 	C:\Windows\System32\GDI32.dll
0x00007ff8841c0000 - 0x00007ff8842cf000 	C:\Windows\System32\gdi32full.dll
0x00007ff884120000 - 0x00007ff8841bd000 	C:\Windows\System32\msvcp_win.dll
0x00007ff87dbc0000 - 0x00007ff87dbca000 	C:\Windows\SYSTEM32\VERSION.dll
0x00007ff8858e0000 - 0x00007ff885912000 	C:\Windows\System32\IMM32.DLL
0x00007ff868b30000 - 0x00007ff868b3c000 	C:\Program Files\Java\jdk-18.0.2\bin\vcruntime140_1.dll
0x00007ff8630f0000 - 0x00007ff86317d000 	C:\Program Files\Java\jdk-18.0.2\bin\msvcp140.dll
0x00007ff814750000 - 0x00007ff815361000 	C:\Program Files\Java\jdk-18.0.2\bin\server\jvm.dll
0x00007ff885100000 - 0x00007ff885108000 	C:\Windows\System32\PSAPI.DLL
0x00007ff87afa0000 - 0x00007ff87afc7000 	C:\Windows\SYSTEM32\WINMM.dll
0x00007ff86b600000 - 0x00007ff86b609000 	C:\Windows\SYSTEM32\WSOCK32.dll
0x00007ff885090000 - 0x00007ff8850fb000 	C:\Windows\System32\WS2_32.dll
0x00007ff8824b0000 - 0x00007ff8824c2000 	C:\Windows\SYSTEM32\kernel.appcore.dll
0x00007ff867020000 - 0x00007ff86702a000 	C:\Program Files\Java\jdk-18.0.2\bin\jimage.dll
0x00007ff8822a0000 - 0x00007ff882484000 	C:\Windows\SYSTEM32\DBGHELP.DLL
0x00007ff86cf80000 - 0x00007ff86cfb5000 	C:\Windows\SYSTEM32\dbgcore.DLL
0x00007ff8842d0000 - 0x00007ff884352000 	C:\Windows\System32\bcryptPrimitives.dll
0x00007ff85efc0000 - 0x00007ff85efe5000 	C:\Program Files\Java\jdk-18.0.2\bin\java.dll
0x00007ff85c180000 - 0x00007ff85c256000 	C:\Program Files\Java\jdk-18.0.2\bin\jsvml.dll
0x00007ff885dc0000 - 0x00007ff886504000 	C:\Windows\System32\SHELL32.dll
0x00007ff881a30000 - 0x00007ff8821c2000 	C:\Windows\SYSTEM32\windows.storage.dll
0x00007ff885580000 - 0x00007ff8858d5000 	C:\Windows\System32\combase.dll
0x00007ff8836a0000 - 0x00007ff8836d0000 	C:\Windows\SYSTEM32\Wldp.dll
0x00007ff885a00000 - 0x00007ff885aad000 	C:\Windows\System32\SHCORE.dll
0x00007ff8847b0000 - 0x00007ff884805000 	C:\Windows\System32\shlwapi.dll
0x00007ff883b80000 - 0x00007ff883b9f000 	C:\Windows\SYSTEM32\profapi.dll
0x00007ff8630d0000 - 0x00007ff8630e3000 	C:\Program Files\Java\jdk-18.0.2\bin\net.dll
0x00007ff87d3b0000 - 0x00007ff87d4bc000 	C:\Windows\SYSTEM32\WINHTTP.dll
0x00007ff883400000 - 0x00007ff88346a000 	C:\Windows\system32\mswsock.dll
0x00007ff85f0b0000 - 0x00007ff85f0c6000 	C:\Program Files\Java\jdk-18.0.2\bin\nio.dll
0x00007ff85efa0000 - 0x00007ff85efb8000 	C:\Program Files\Java\jdk-18.0.2\bin\zip.dll
0x00007ff85cd90000 - 0x00007ff85ce08000 	C:\Users\heikk\AppData\Local\Temp\lwjgl_heikk\3.3.2-snapshot+7\x64\lwjgl.dll
0x00007ff87f5e0000 - 0x00007ff87f641000 	C:\Users\heikk\AppData\Local\Temp\lwjgl_heikk\3.3.2-snapshot+7\x64\glfw.dll
0x00007ff87f550000 - 0x00007ff87f595000 	C:\Windows\SYSTEM32\dinput8.dll
0x00007ff85d8d0000 - 0x00007ff85d8e1000 	C:\Windows\SYSTEM32\xinput1_4.dll
0x00007ff884410000 - 0x00007ff88445e000 	C:\Windows\System32\cfgmgr32.dll
0x00007ff883a10000 - 0x00007ff883a3c000 	C:\Windows\SYSTEM32\DEVOBJ.dll
0x00007ff881410000 - 0x00007ff88143f000 	C:\Windows\SYSTEM32\dwmapi.dll
0x00007ff86aaf0000 - 0x00007ff86ac42000 	C:\Windows\SYSTEM32\inputhost.dll
0x00007ff884590000 - 0x00007ff88465d000 	C:\Windows\System32\OLEAUT32.dll
0x00007ff880d70000 - 0x00007ff880e62000 	C:\Windows\SYSTEM32\CoreMessaging.dll
0x00007ff87f6b0000 - 0x00007ff87f804000 	C:\Windows\SYSTEM32\wintypes.dll
0x00007ff87edc0000 - 0x00007ff87eeb6000 	C:\Windows\SYSTEM32\PROPSYS.dll
0x00007ff880a10000 - 0x00007ff880d6e000 	C:\Windows\SYSTEM32\CoreUIComponents.dll
0x00007ff882df0000 - 0x00007ff882e23000 	C:\Windows\SYSTEM32\ntmarta.dll
0x00007ff8810f0000 - 0x00007ff88118e000 	C:\Windows\system32\uxtheme.dll
0x00007ff8848c0000 - 0x00007ff8849d5000 	C:\Windows\System32\MSCTF.dll
0x00007ff85c5d0000 - 0x00007ff85c6f5000 	C:\Windows\SYSTEM32\opengl32.dll
0x00007ff867340000 - 0x00007ff86736c000 	C:\Windows\SYSTEM32\GLU32.dll
0x00007ff884a10000 - 0x00007ff884abf000 	C:\Windows\System32\clbcatq.dll
0x00007ffff56a0000 - 0x00007ffff885a000 	C:\Windows\System32\DriverStore\FileRepository\nvle.inf_amd64_75fddface1fba2c4\nvoglv64.dll
0x00007ff885110000 - 0x00007ff885578000 	C:\Windows\System32\SETUPAPI.dll
0x00007ff883f90000 - 0x00007ff883fb7000 	C:\Windows\System32\bcrypt.dll
0x00007ff884da0000 - 0x00007ff884eca000 	C:\Windows\System32\ole32.dll
0x00007ff87f200000 - 0x00007ff87f214000 	C:\Windows\SYSTEM32\WTSAPI32.dll
0x00007ff883610000 - 0x00007ff88361c000 	C:\Windows\SYSTEM32\CRYPTBASE.DLL
0x00007ff883830000 - 0x00007ff883842000 	C:\Windows\SYSTEM32\msasn1.dll
0x00007ff87da00000 - 0x00007ff87da31000 	C:\Windows\SYSTEM32\cryptnet.dll
0x00007ff883fc0000 - 0x00007ff884116000 	C:\Windows\System32\CRYPT32.dll
0x00007ff87d8b0000 - 0x00007ff87d9f8000 	C:\Windows\SYSTEM32\drvstore.dll
0x00007ff883f20000 - 0x00007ff883f89000 	C:\Windows\System32\WINTRUST.dll
0x00007ff87d350000 - 0x00007ff87d38b000 	C:\Windows\SYSTEM32\dxcore.dll
0x00007ff828fa0000 - 0x00007ff829267000 	C:\Windows\system32\nvspcap64.dll
0x00007ff883210000 - 0x00007ff88325b000 	C:\Windows\SYSTEM32\powrprof.dll
0x00007ff883080000 - 0x00007ff883092000 	C:\Windows\SYSTEM32\UMPDC.dll
0x00007ff882980000 - 0x00007ff8829e4000 	C:\Windows\SYSTEM32\WINSTA.dll
0x00007ff869580000 - 0x00007ff869679000 	C:\Windows\SYSTEM32\textinputframework.dll
0x00007ff873920000 - 0x00007ff873986000 	C:\Windows\system32\Oleacc.dll
0x00007ff8648e0000 - 0x00007ff86493d000 	C:\Users\heikk\AppData\Local\Temp\lwjgl_heikk\3.3.2-snapshot+7\x64\lwjgl_opengl.dll
0x00007ff818560000 - 0x00007ff8186ef000 	C:\Program Files\Java\jdk-18.0.2\bin\awt.dll
0x00007ff880fa0000 - 0x00007ff881031000 	C:\Windows\SYSTEM32\apphelp.dll

dbghelp: loaded successfully - version: 4.0.5 - missing functions: none
symbol engine: initialized successfully - sym options: 0x614 - pdb path: .;C:\Program Files\Java\jdk-18.0.2\bin;C:\Windows\SYSTEM32;C:\Windows\WinSxS\amd64_microsoft.windows.common-controls_6595b64144ccf1df_6.0.19041.1110_none_60b5254171f9507e;C:\Program Files\Java\jdk-18.0.2\bin\server;C:\Users\heikk\AppData\Local\Temp\lwjgl_heikk\3.3.2-snapshot+7\x64;C:\Windows\System32\DriverStore\FileRepository\nvle.inf_amd64_75fddface1fba2c4

VM Arguments:
jvm_args: -Dfile.encoding=UTF-8 -XX:+ShowCodeDetailsInExceptionMessages 
java_command: rpgrts.main.Main
java_class_path (initial): C:\Users\heikk\Desktop\racismproject\rpgrts\bin;C:\Users\heikk\Desktop\racismproject\lwjgl\lib\lwjgl\lwjgl.jar;C:\Users\heikk\Desktop\racismproject\lwjgl\lib\lwjgl\lwjgl-javadoc.jar;C:\Users\heikk\Desktop\racismproject\lwjgl\lib\lwjgl-glfw\lwjgl-glfw.jar;C:\Users\heikk\Desktop\racismproject\lwjgl\lib\lwjgl-glfw\lwjgl-glfw-javadoc.jar;C:\Users\heikk\Desktop\racismproject\lwjgl\lib\lwjgl-glfw\lwjgl-glfw-natives-windows-x86.jar;C:\Users\heikk\Desktop\racismproject\lwjgl\lib\lwjgl\lwjgl-natives-windows.jar;C:\Users\heikk\Desktop\racismproject\lwjgl\lib\lwjgl-glfw\lwjgl-glfw-natives-windows.jar;C:\Users\heikk\Desktop\racismproject\lwjgl\lib\lwjgl-glfw\lwjgl-glfw-natives-windows-arm64.jar;C:\Users\heikk\Desktop\racismproject\lwjgl\lib\lwjgl-opengl\lwjgl-opengl.jar;C:\Users\heikk\Desktop\racismproject\lwjgl\lib\lwjgl-opengl\lwjgl-opengl-javadoc.jar;C:\Users\heikk\Desktop\racismproject\lwjgl\lib\lwjgl-opengl\lwjgl-opengl-natives-linux.jar;C:\Users\heikk\Desktop\racismproject\lwjgl\lib\lwjgl-opengl\lwjgl-opengl-natives-linux-arm32.jar;C:\Users\heikk\Desktop\racismproject\lwjgl\lib\lwjgl-opengl\lwjgl-opengl-natives-linux-arm64.jar;C:\Users\heikk\Desktop\racismproject\lwjgl\lib\lwjgl-opengl\lwjgl-opengl-natives-macos.jar;C:\Users\heikk\Desktop\racismproject\lwjgl\lib\lwjgl-opengl\lwjgl-opengl-natives-macos-arm64.jar;C:\Users\heikk\Desktop\racismproject\lwjgl\lib\lwjgl-opengl\lwjgl-opengl-natives-windows.jar;C:\Users\heikk\Desktop\racismproject\lwjgl\lib\lwjgl-opengl\lwjgl-opengl-natives-windows-arm64.jar;C:\Users\heikk\Desktop\racismproject\lwjgl\lib\lwjgl-opengl\lwjgl-opengl-natives-windows-x86.jar
Launcher Type: SUN_STANDARD

[Global flags]
     intx CICompilerCount                          = 12                                        {product} {ergonomic}
     uint ConcGCThreads                            = 3                                         {product} {ergonomic}
     uint G1ConcRefinementThreads                  = 13                                        {product} {ergonomic}
   size_t G1HeapRegionSize                         = 2097152                                   {product} {ergonomic}
    uintx GCDrainStackTargetSize                   = 64                                        {product} {ergonomic}
   size_t InitialHeapSize                          = 266338304                                 {product} {ergonomic}
   size_t MarkStackSize                            = 4194304                                   {product} {ergonomic}
   size_t MaxHeapSize                              = 4246732800                                {product} {ergonomic}
   size_t MaxNewSize                               = 2548039680                                {product} {ergonomic}
   size_t MinHeapDeltaBytes                        = 2097152                                   {product} {ergonomic}
   size_t MinHeapSize                              = 8388608                                   {product} {ergonomic}
    uintx NonNMethodCodeHeapSize                   = 7602480                                {pd product} {ergonomic}
    uintx NonProfiledCodeHeapSize                  = 122027880                              {pd product} {ergonomic}
    uintx ProfiledCodeHeapSize                     = 122027880                              {pd product} {ergonomic}
    uintx ReservedCodeCacheSize                    = 251658240                              {pd product} {ergonomic}
     bool SegmentedCodeCache                       = true                                      {product} {ergonomic}
     bool ShowCodeDetailsInExceptionMessages       = true                                   {manageable} {command line}
   size_t SoftMaxHeapSize                          = 4246732800                             {manageable} {ergonomic}
     bool UseCompressedClassPointers               = true                           {product lp64_product} {ergonomic}
     bool UseCompressedOops                        = true                           {product lp64_product} {ergonomic}
     bool UseG1GC                                  = true                                      {product} {ergonomic}
     bool UseLargePagesIndividualAllocation        = false                                  {pd product} {ergonomic}

Logging:
Log output configuration:
 #0: stdout all=warning uptime,level,tags foldmultilines=false
 #1: stderr all=off uptime,level,tags foldmultilines=false

Environment Variables:
JAVA_HOME=C:\Program Files\Java\jdk-18.0.2
PATH=C:\VulkanSDK\1.3.231.1\Bin;C:\Program Files\Oculus\Support\oculus-runtime;C:\Program Files\Common Files\Oracle\Java\javapath;C:\Program Files (x86)\Common Files\Oracle\Java\javapath;C:\Windows\system32;C:\Windows;C:\Windows\System32\Wbem;C:\Windows\System32\WindowsPowerShell\v1.0\;C:\Windows\System32\OpenSSH\;C:\Program Files (x86)\NVIDIA Corporation\PhysX\Common;C:\Program Files\NVIDIA Corporation\NVIDIA NvDLISR;C:\Program Files\dotnet\;C:\Program Files\CMake\bin;C:\MinGW\bin;C:\Program Files (x86)\Microsoft Visual Studio\2019\BuildTools\VC\Tools\MSVC\14.29.30133\bin;C:\Program Files (x86)\GnuWin32\bin;C:\Program Files\Java\jdk-17.0.1\bin;C:\Program Files\Git\cmd;C:\Program Files (x86)\Windows Kits\10\Windows Performance Toolkit\;C:\Users\heikk\AppData\Local\Microsoft\WindowsApps;C:\Users\heikk\.dotnet\tools;C:\Users\heikk\Desktop\waf-master;
USERNAME=heikk
OS=Windows_NT
PROCESSOR_IDENTIFIER=Intel64 Family 6 Model 165 Stepping 5, GenuineIntel



---------------  S Y S T E M  ---------------

OS:
 Windows 10 , 64 bit Build 19041 (10.0.19041.2364)
OS uptime: 0 days 4:43 hours

CPU: total 16 (initial active 16) (8 cores per cpu, 2 threads per core) family 6 model 165 stepping 5 microcode 0xe2, cx8, cmov, fxsr, ht, mmx, 3dnowpref, sse, sse2, sse3, ssse3, sse4.1, sse4.2, popcnt, lzcnt, tsc, tscinvbit, avx, avx2, aes, erms, clmul, bmi1, bmi2, adx, fma, vzeroupper, clflush, clflushopt

Memory: 4k page, system-wide physical 16194M (8419M free)
TotalPageFile size 21570M (AvailPageFile size 11580M)
current process WorkingSet (physical memory assigned to process): 95M, peak: 95M
current process commit charge ("private bytes"): 424M, peak: 424M

vm_info: Java HotSpot(TM) 64-Bit Server VM (18.0.2+9-61) for windows-amd64 JRE (18.0.2+9-61), built on Jun  7 2022 13:09:01 by "mach5one" with MS VC++ 16.8 / 16.9 (VS2019)

END.
